2021-10-26T20-35-38___13692___(shell)___INFO___Logger successfully initialized within function definition.
2021-10-26T20-35-38___13692___(shell)___INFO___test
2021-10-26T20-35-41___13692___(shell)___INFO___Server response status code for comp_name:'CREDITPLUS' is code:200 for url:'https://www.creditplus.de/ueber-creditplus/karriere/job-angebote/'.
2021-10-26T20-35-41___13692___(shell)___INFO___For comp_name:'CREDITPLUS' with url:'https://www.creditplus.de/ueber-creditplus/karriere/job-angebote/' the following log is written: No encoding found, defaulting to UTF-8
2021-10-26T20-35-41___13692___(shell)___INFO___[INFO] Invalid encoding NA: defaulting to UTF-8.Compact call stack:  1 tryCatchLog(expr = rvestScraping(response = response, scraper = scraper, name = name, date_today = date_today), er  2 scheduled_Scraping_rvest.R#392: response %>% httr::content(type = "text", encoding = encoding)
2021-10-26T20-35-41___13692___(shell)___INFO___Amount nodes for comp_name:'CREDITPLUS' is amount_nodes:46 for url:'https://www.creditplus.de/ueber-creditplus/karriere/job-angebote/'.
2021-10-26T20-35-41___13692___(shell)___INFO___For comp_name:'CREDITPLUS' with url:'https://www.creditplus.de/ueber-creditplus/karriere/job-angebote/' the following log is written: 15 new jobs were inserted in job_id data base.
2021-10-26T20-35-42___13692___(shell)___INFO___For comp_name:'CREDITPLUS' with url:'https://www.creditplus.de/ueber-creditplus/karriere/job-angebote/' the following log is written: Found 3 new jobs for the given day: 18926 that are not in the time database. Add rows for that with value of 0 for thepast, since they didnt exist back then. This value has to be equal to the amount of new jobs in the id data table..
2021-10-26T20-35-42___13692___(shell)___INFO___For comp_name:'CREDITPLUS' with url:'https://www.creditplus.de/ueber-creditplus/karriere/job-angebote/' the following log is written: 46 new jobs were updated in multi_time data base. 0 of it are duplicates.
2021-10-26T20-35-42___13692___(shell)___INFO___Server response status code for comp_name:'CHECK24' is code:200 for url:'https://jobs.check24.de/search/?search=&initial=true'.
2021-10-26T20-35-43___13692___(shell)___ERROR___Amount nodes for comp_name:'CHECK24' is amount_nodes:0 for url:'https://jobs.check24.de/search/?search=&initial=true'.
2021-10-26T20-35-44___13692___(shell)___INFO___Server response status code for comp_name:'EFSAUTO' is code:200 for url:'https://www.efs-auto.com/karriere/stellenangebote/'.
2021-10-26T20-35-45___13692___(shell)___INFO___Amount nodes for comp_name:'EFSAUTO' is amount_nodes:77 for url:'https://www.efs-auto.com/karriere/stellenangebote/'.
2021-10-26T20-35-45___13692___(shell)___INFO___For comp_name:'EFSAUTO' with url:'https://www.efs-auto.com/karriere/stellenangebote/' the following log is written: 15 new jobs were inserted in job_id data base.
2021-10-26T20-35-45___13692___(shell)___INFO___For comp_name:'EFSAUTO' with url:'https://www.efs-auto.com/karriere/stellenangebote/' the following log is written: Found 3 new jobs for the given day: 18926 that are not in the time database. Add rows for that with value of 0 for thepast, since they didnt exist back then. This value has to be equal to the amount of new jobs in the id data table..
2021-10-26T20-35-45___13692___(shell)___INFO___For comp_name:'EFSAUTO' with url:'https://www.efs-auto.com/karriere/stellenangebote/' the following log is written: 76 new jobs were updated in multi_time data base. 1 of it are duplicates.
2021-10-26T20-35-45___13692___(shell)___INFO___Server response status code for comp_name:'PROSIEBENSAT1' is code:200 for url:'https://jobs.union-investment.de/Jobboerse/Stellenangebote'.
2021-10-26T20-35-45___13692___(shell)___INFO___Amount nodes for comp_name:'PROSIEBENSAT1' is amount_nodes:10 for url:'https://jobs.union-investment.de/Jobboerse/Stellenangebote'.
2021-10-26T20-35-46___13692___(shell)___INFO___For comp_name:'PROSIEBENSAT1' with url:'https://jobs.union-investment.de/Jobboerse/Stellenangebote' the following log is written: 10 new jobs were inserted in job_id data base.
2021-10-26T20-35-46___13692___(shell)___INFO___For comp_name:'PROSIEBENSAT1' with url:'https://jobs.union-investment.de/Jobboerse/Stellenangebote' the following log is written: Found 2 new jobs for the given day: 18926 that are not in the time database. Add rows for that with value of 0 for thepast, since they didnt exist back then. This value has to be equal to the amount of new jobs in the id data table..
2021-10-26T20-35-46___13692___(shell)___INFO___For comp_name:'PROSIEBENSAT1' with url:'https://jobs.union-investment.de/Jobboerse/Stellenangebote' the following log is written: 10 new jobs were updated in multi_time data base. 0 of it are duplicates.
2021-10-26T20-35-46___13692___(shell)___ERROR___Server response status code for comp_name:'TRIVAGO' is code:403 for url:'https://company.trivago.com/careers/open-positions/'.
2021-10-26T20-35-46___13692___(shell)___INFO___For comp_name:'TRIVAGO' with url:'https://company.trivago.com/careers/open-positions/' the following log is written: No encoding found, defaulting to UTF-8
2021-10-26T20-35-47___13692___(shell)___INFO___[INFO] Invalid encoding NA: defaulting to UTF-8.Compact call stack:  1 tryCatchLog(expr = rvestScraping(response = response, scraper = scraper, name = name, date_today = date_today), er  2 scheduled_Scraping_rvest.R#392: response %>% httr::content(type = "text", encoding = encoding)
2021-10-26T20-35-47___13692___(shell)___ERROR___Amount nodes for comp_name:'TRIVAGO' is amount_nodes:0 for url:'https://company.trivago.com/careers/open-positions/'.
2021-10-26T20-35-47___13692___(shell)___ERROR___Server response status code for comp_name:'IDEALO' is code:404 for url:'https://idealo.jobbase.io/'.
2021-10-26T20-35-47___13692___(shell)___INFO___For comp_name:'IDEALO' with url:'https://idealo.jobbase.io/' the following log is written: No encoding found, defaulting to UTF-8
2021-10-26T20-35-47___13692___(shell)___INFO___[INFO] Invalid encoding NA: defaulting to UTF-8.Compact call stack:  1 tryCatchLog(expr = rvestScraping(response = response, scraper = scraper, name = name, date_today = date_today), er  2 scheduled_Scraping_rvest.R#392: response %>% httr::content(type = "text", encoding = encoding)
2021-10-26T20-35-47___13692___(shell)___ERROR___[ERROR] '{"type":"https:\/\/tools.ietf.org\/html\/rfc2616#section-10","title":"An error occurred","status":404,"detail":"Not Found"}' does not exist in current working directory ('C:/Users/User11/Documents/SteveAI').Compact call stack:  1 tryCatchLog(expr = rvestScraping(response = response, scraper = scraper, name = name, date_today = date_today), er  2 scheduled_Scraping_rvest.R#398: content %>% xml2::read_html() %>% rvest::html_nodes(xpath = scraper$jobNameXpath)
2021-10-26T20-35-47___13692___(shell)___ERROR___For comp_name:'IDEALO' with url:'https://idealo.jobbase.io/' the following error was recorded: Scrape for comp_name:'IDEALO' failed for url:'https://idealo.jobbase.io/'. The error reads: Error: '{"type":"https:\/\/tools.ietf.org\/html\/rfc2616#section-10","title":"An error occurred","status":404,"detail":"Not Found"}' does not exist in current working directory ('C:/Users/User11/Documents/SteveAI')..
2021-10-26T20-35-47___13692___(shell)___ERROR___Server response status code for comp_name:'TOUR-RADAR' is code:404 for url:'https://jobs.lever.co/tourradar'.
2021-10-26T20-35-47___13692___(shell)___ERROR___Amount nodes for comp_name:'TOUR-RADAR' is amount_nodes:0 for url:'https://jobs.lever.co/tourradar'.
2021-10-26T20-35-47___13692___(shell)___INFO___Server response status code for comp_name:'SPECTOS' is code:200 for url:'https://www.spectos.com/de/unternehmen/karriere/'.
2021-10-26T20-35-47___13692___(shell)___INFO___Amount nodes for comp_name:'SPECTOS' is amount_nodes:1 for url:'https://www.spectos.com/de/unternehmen/karriere/'.
2021-10-26T20-35-48___13692___(shell)___ERROR___For comp_name:'SPECTOS' with url:'https://www.spectos.com/de/unternehmen/karriere/' the following error was recorded: Lengths of jobNames and links differ. Jobnames: 'Datenschutzerklärung' and links: ''
2021-10-26T20-35-48___13692___(shell)___INFO___For comp_name:'SPECTOS' with url:'https://www.spectos.com/de/unternehmen/karriere/' the following log is written: no new content to insert in data base. Updating time info if necessary Proceeeding,...
2021-10-26T20-35-48___13692___(shell)___WARN___For comp_name:'SPECTOS' with url:'https://www.spectos.com/de/unternehmen/karriere/' the following log is written: 0 new job titles for the time database for the given day: 18926.
2021-10-26T20-35-48___13692___(shell)___INFO___For comp_name:'SPECTOS' with url:'https://www.spectos.com/de/unternehmen/karriere/' the following log is written: 1 new jobs were updated in multi_time data base. 0 of it are duplicates.
2021-10-26T20-35-48___13692___(shell)___INFO___Server response status code for comp_name:'Deutsche-RUECK' is code:200 for url:'https://www.karriere-bei-arag.de/category/kundenversteher/4654'.
2021-10-26T20-35-48___13692___(shell)___INFO___Amount nodes for comp_name:'Deutsche-RUECK' is amount_nodes:21 for url:'https://www.karriere-bei-arag.de/category/kundenversteher/4654'.
2021-10-26T20-35-48___13692___(shell)___ERROR___For comp_name:'Deutsche-RUECK' with url:'https://www.karriere-bei-arag.de/category/kundenversteher/4654' the following error was recorded: Lengths of jobNames and links differ. Jobnames: 'Ergreifen Sie die Initiative!Experte Maklersupport Innendienst (m/w/d) Partnervertrieb - Schwerpunkt PKVFirmenkundenbetreuer (m/w/d) Versicherung Vertrieb' and links: ''
2021-10-26T20-35-48___13692___(shell)___INFO___For comp_name:'Deutsche-RUECK' with url:'https://www.karriere-bei-arag.de/category/kundenversteher/4654' the following log is written: 8 new jobs were inserted in job_id data base.
2021-10-26T20-35-48___13692___(shell)___INFO___For comp_name:'Deutsche-RUECK' with url:'https://www.karriere-bei-arag.de/category/kundenversteher/4654' the following log is written: Found 2 new jobs for the given day: 18926 that are not in the time database. Add rows for that with value of 0 for thepast, since they didnt exist back then. This value has to be equal to the amount of new jobs in the id data table..
2021-10-26T20-35-49___13692___(shell)___INFO___For comp_name:'Deutsche-RUECK' with url:'https://www.karriere-bei-arag.de/category/kundenversteher/4654' the following log is written: 21 new jobs were updated in multi_time data base. 0 of it are duplicates.
2021-10-26T20-35-49___13692___(shell)___WARN___Server response status code for comp_name:'GRUENDERSZENE' is code:503 for url:'https://recruiting.gruenderszene.de/employers/364516-business-insider-deutschland-gmbh'.
2021-10-26T20-35-49___13692___(shell)___ERROR___Amount nodes for comp_name:'GRUENDERSZENE' is amount_nodes:0 for url:'https://recruiting.gruenderszene.de/employers/364516-business-insider-deutschland-gmbh'.
2021-10-26T20-35-49___13692___(shell)___INFO___Server response status code for comp_name:'HEINE' is code:200 for url:'https://www.heine.de/corporate/karriere/jobs-bewerbung/jobsuche/'.
2021-10-26T20-35-49___13692___(shell)___INFO___Amount nodes for comp_name:'HEINE' is amount_nodes:21 for url:'https://www.heine.de/corporate/karriere/jobs-bewerbung/jobsuche/'.
2021-10-26T20-35-49___13692___(shell)___ERROR___For comp_name:'HEINE' with url:'https://www.heine.de/corporate/karriere/jobs-bewerbung/jobsuche/' the following error was recorded: Lengths of jobNames and links differ. Jobnames: 'UnternehmenÜber unsHistorie' and links: 'https://www.heine.de/corporate/unternehmen/https://www.heine.de/corporate/karriere/https://www.heine.de/corporate/nachhaltigkeit/'
2021-10-26T20-35-49___13692___(shell)___INFO___For comp_name:'HEINE' with url:'https://www.heine.de/corporate/karriere/jobs-bewerbung/jobsuche/' the following log is written: no new content to insert in data base. Updating time info if necessary Proceeeding,...
2021-10-26T20-35-49___13692___(shell)___WARN___For comp_name:'HEINE' with url:'https://www.heine.de/corporate/karriere/jobs-bewerbung/jobsuche/' the following log is written: 0 new job titles for the time database for the given day: 18926.
2021-10-26T20-35-49___13692___(shell)___INFO___For comp_name:'HEINE' with url:'https://www.heine.de/corporate/karriere/jobs-bewerbung/jobsuche/' the following log is written: 21 new jobs were updated in multi_time data base. 0 of it are duplicates.
2021-10-26T20-35-49___13692___(shell)___INFO___Server response status code for comp_name:'HOLIDAYCHECK-ITENG' is code:200 for url:'https://www.holidaycheckgroup.com/jobs/it-engineering/'.
2021-10-26T20-35-49___13692___(shell)___ERROR___Amount nodes for comp_name:'HOLIDAYCHECK-ITENG' is amount_nodes:0 for url:'https://www.holidaycheckgroup.com/jobs/it-engineering/'.
2021-10-26T20-35-49___13692___(shell)___INFO___Server response status code for comp_name:'HOLIDAYCHECK-CONTCUST' is code:200 for url:'https://www.holidaycheckgroup.com/jobs/it-engineering/?department=21035'.
2021-10-26T20-35-50___13692___(shell)___ERROR___Amount nodes for comp_name:'HOLIDAYCHECK-CONTCUST' is amount_nodes:0 for url:'https://www.holidaycheckgroup.com/jobs/it-engineering/?department=21035'.
2021-10-26T20-35-50___13692___(shell)___INFO___Server response status code for comp_name:'HOLIDAYCHECK-MARKBUSI' is code:200 for url:'https://www.holidaycheckgroup.com/jobs/it-engineering/?department=20292'.
2021-10-26T20-35-50___13692___(shell)___ERROR___Amount nodes for comp_name:'HOLIDAYCHECK-MARKBUSI' is amount_nodes:0 for url:'https://www.holidaycheckgroup.com/jobs/it-engineering/?department=20292'.
2021-10-26T20-35-50___13692___(shell)___INFO___Server response status code for comp_name:'HOLIDAYCHECK-OPEXC' is code:200 for url:'https://www.holidaycheckgroup.com/jobs/it-engineering/?department=21037'.
2021-10-26T20-35-50___13692___(shell)___ERROR___Amount nodes for comp_name:'HOLIDAYCHECK-OPEXC' is amount_nodes:0 for url:'https://www.holidaycheckgroup.com/jobs/it-engineering/?department=21037'.
2021-10-26T20-35-50___13692___(shell)___INFO___Server response status code for comp_name:'HOLIDAYCHECK-PRODDEV' is code:200 for url:'https://www.holidaycheckgroup.com/jobs/it-engineering/?department=21024'.
2021-10-26T20-35-53___13692___(shell)___ERROR___Amount nodes for comp_name:'HOLIDAYCHECK-PRODDEV' is amount_nodes:0 for url:'https://www.holidaycheckgroup.com/jobs/it-engineering/?department=21024'.
2021-10-26T20-35-53___13692___(shell)___INFO___Server response status code for comp_name:'HOLIDAYCHECK-STUD' is code:200 for url:'https://www.holidaycheckgroup.com/jobs/it-engineering/?department=21248'.
2021-10-26T20-35-53___13692___(shell)___ERROR___Amount nodes for comp_name:'HOLIDAYCHECK-STUD' is amount_nodes:0 for url:'https://www.holidaycheckgroup.com/jobs/it-engineering/?department=21248'.
2021-10-26T20-35-53___13692___(shell)___INFO___Server response status code for comp_name:'HOLIDAYCHECK-SAL' is code:200 for url:'https://www.holidaycheckgroup.com/jobs/it-engineering/?department=21036'.
2021-10-26T20-35-53___13692___(shell)___ERROR___Amount nodes for comp_name:'HOLIDAYCHECK-SAL' is amount_nodes:0 for url:'https://www.holidaycheckgroup.com/jobs/it-engineering/?department=21036'.
2021-10-26T20-35-54___13692___(shell)___INFO___Server response status code for comp_name:'OSP' is code:200 for url:'https://www.osp.de/karriere/jobs/'.
2021-10-26T20-35-54___13692___(shell)___ERROR___Amount nodes for comp_name:'OSP' is amount_nodes:0 for url:'https://www.osp.de/karriere/jobs/'.
2021-10-26T20-35-54___13692___(shell)___INFO___Server response status code for comp_name:'PROJECT-A-ENGINEERING' is code:200 for url:'https://www.project-a.com/de/karriere/jobs?filter=Engineering'.
2021-10-26T20-35-55___13692___(shell)___ERROR___Amount nodes for comp_name:'PROJECT-A-ENGINEERING' is amount_nodes:0 for url:'https://www.project-a.com/de/karriere/jobs?filter=Engineering'.
2021-10-26T20-35-55___13692___(shell)___INFO___Server response status code for comp_name:'SHOPPING24' is code:200 for url:'https://www.s24.com/karriere/'.
2021-10-26T20-35-55___13692___(shell)___ERROR___Amount nodes for comp_name:'SHOPPING24' is amount_nodes:0 for url:'https://www.s24.com/karriere/'.
2021-10-26T20-35-55___13692___(shell)___INFO___Server response status code for comp_name:'PD' is code:200 for url:'https://www.pd-karriere.de/stellenangebote.html'.
2021-10-26T20-35-55___13692___(shell)___INFO___For comp_name:'PD' with url:'https://www.pd-karriere.de/stellenangebote.html' the following log is written: No encoding found, defaulting to UTF-8
2021-10-26T20-35-55___13692___(shell)___INFO___[INFO] Invalid encoding NA: defaulting to UTF-8.Compact call stack:  1 tryCatchLog(expr = rvestScraping(response = response, scraper = scraper, name = name, date_today = date_today), er  2 scheduled_Scraping_rvest.R#392: response %>% httr::content(type = "text", encoding = encoding)
2021-10-26T20-35-56___13692___(shell)___INFO___Amount nodes for comp_name:'PD' is amount_nodes:92 for url:'https://www.pd-karriere.de/stellenangebote.html'.
2021-10-26T20-35-56___13692___(shell)___ERROR___For comp_name:'PD' with url:'https://www.pd-karriere.de/stellenangebote.html' the following error was recorded: Lengths of jobNames and links differ. Jobnames: 'Flexible Nachtzusteller m/w/dZusteller-Betreuer (m/w/d) - DonauwörthMarketing Manager in Teilzeit Schwerpunkt Online & Grafik (m/w/d)' and links: '/stellenangebote_job,-Augsburg-Flexible-Nachtzusteller-mwd-_jobpiid,504.html/stellenangebote_job,-Augsburg-Flexible-Nachtzusteller-mwd-_jobpiid,504.html/stellenangebote_job,-Augsburg-Zusteller-Betreuer-mwd-Donauwoerth-_jobpiid,503.html'
2021-10-26T20-35-56___13692___(shell)___INFO___For comp_name:'PD' with url:'https://www.pd-karriere.de/stellenangebote.html' the following log is written: 8 new jobs were inserted in job_id data base.
2021-10-26T20-35-58___13692___(shell)___INFO___For comp_name:'PD' with url:'https://www.pd-karriere.de/stellenangebote.html' the following log is written: Found 2 new jobs for the given day: 18926 that are not in the time database. Add rows for that with value of 0 for thepast, since they didnt exist back then. This value has to be equal to the amount of new jobs in the id data table..
2021-10-26T20-35-58___13692___(shell)___INFO___For comp_name:'PD' with url:'https://www.pd-karriere.de/stellenangebote.html' the following log is written: 89 new jobs were updated in multi_time data base. 3 of it are duplicates.
2021-10-26T20-35-58___13692___(shell)___INFO___Server response status code for comp_name:'CB2' is code:200 for url:'https://jobs.cb2.com/search-jobs?fl=6252001,6251999'.
2021-10-26T20-35-58___13692___(shell)___INFO___Amount nodes for comp_name:'CB2' is amount_nodes:15 for url:'https://jobs.cb2.com/search-jobs?fl=6252001,6251999'.
2021-10-26T20-35-59___13692___(shell)___INFO___For comp_name:'CB2' with url:'https://jobs.cb2.com/search-jobs?fl=6252001,6251999' the following log is written: 10 new jobs were inserted in job_id data base.
2021-10-26T20-35-59___13692___(shell)___INFO___For comp_name:'CB2' with url:'https://jobs.cb2.com/search-jobs?fl=6252001,6251999' the following log is written: Found 2 new jobs for the given day: 18926 that are not in the time database. Add rows for that with value of 0 for thepast, since they didnt exist back then. This value has to be equal to the amount of new jobs in the id data table..
2021-10-26T20-35-59___13692___(shell)___INFO___For comp_name:'CB2' with url:'https://jobs.cb2.com/search-jobs?fl=6252001,6251999' the following log is written: 5 new jobs were updated in multi_time data base. 10 of it are duplicates.
2021-10-26T20-35-59___13692___(shell)___INFO___Server response status code for comp_name:'DILAX' is code:200 for url:'https://www.dilax.com/de/dilax-group/karriere/'.
2021-10-26T20-35-59___13692___(shell)___ERROR___Amount nodes for comp_name:'DILAX' is amount_nodes:0 for url:'https://www.dilax.com/de/dilax-group/karriere/'.
2021-10-26T20-36-00___13692___(shell)___ERROR___Server response status code for comp_name:'HUK-AUSSEN' is code:404 for url:'https://www.huk.de/karriere/stellen-praktika/stellenangebote-aussenstellen.html'.
2021-10-26T20-36-00___13692___(shell)___INFO___Amount nodes for comp_name:'HUK-AUSSEN' is amount_nodes:289 for url:'https://www.huk.de/karriere/stellen-praktika/stellenangebote-aussenstellen.html'.
2021-10-26T20-36-00___13692___(shell)___ERROR___For comp_name:'HUK-AUSSEN' with url:'https://www.huk.de/karriere/stellen-praktika/stellenangebote-aussenstellen.html' the following error was recorded: Lengths of jobNames and links differ. Jobnames: 'Kfz-VersicherungAuto­versicherungOldtimer & Youngtimer' and links: '/haus-haftung-recht/haus-wohnung/hausratversicherung.html/haus-haftung-recht/haus-wohnung/wohngebaeudeversicherung.html/haus-haftung-recht/haus-wohnung/elementarschadenversicherung.html'
2021-10-26T20-36-00___13692___(shell)___INFO___For comp_name:'HUK-AUSSEN' with url:'https://www.huk.de/karriere/stellen-praktika/stellenangebote-aussenstellen.html' the following log is written: no new content to insert in data base. Updating time info if necessary Proceeeding,...
2021-10-26T20-36-00___13692___(shell)___WARN___For comp_name:'HUK-AUSSEN' with url:'https://www.huk.de/karriere/stellen-praktika/stellenangebote-aussenstellen.html' the following log is written: 0 new job titles for the time database for the given day: 18926.
2021-10-26T20-36-01___13692___(shell)___INFO___For comp_name:'HUK-AUSSEN' with url:'https://www.huk.de/karriere/stellen-praktika/stellenangebote-aussenstellen.html' the following log is written: 150 new jobs were updated in multi_time data base. 139 of it are duplicates.
2021-10-26T20-36-01___13692___(shell)___ERROR___Server response status code for comp_name:'HUK-ZENTRALE' is code:404 for url:'https://www.huk.de/karriere/stellen-praktika/stellenangebote-aussenstellen.html'.
2021-10-26T20-36-02___13692___(shell)___INFO___Amount nodes for comp_name:'HUK-ZENTRALE' is amount_nodes:289 for url:'https://www.huk.de/karriere/stellen-praktika/stellenangebote-aussenstellen.html'.
2021-10-26T20-36-02___13692___(shell)___ERROR___For comp_name:'HUK-ZENTRALE' with url:'https://www.huk.de/karriere/stellen-praktika/stellenangebote-aussenstellen.html' the following error was recorded: Lengths of jobNames and links differ. Jobnames: 'Kfz-VersicherungAuto­versicherungOldtimer & Youngtimer' and links: '/haus-haftung-recht/haus-wohnung/hausratversicherung.html/haus-haftung-recht/haus-wohnung/wohngebaeudeversicherung.html/haus-haftung-recht/haus-wohnung/elementarschadenversicherung.html'
2021-10-26T20-36-02___13692___(shell)___INFO___For comp_name:'HUK-ZENTRALE' with url:'https://www.huk.de/karriere/stellen-praktika/stellenangebote-aussenstellen.html' the following log is written: no new content to insert in data base. Updating time info if necessary Proceeeding,...
2021-10-26T20-36-02___13692___(shell)___WARN___For comp_name:'HUK-ZENTRALE' with url:'https://www.huk.de/karriere/stellen-praktika/stellenangebote-aussenstellen.html' the following log is written: 0 new job titles for the time database for the given day: 18926.
2021-10-26T20-36-03___13692___(shell)___INFO___For comp_name:'HUK-ZENTRALE' with url:'https://www.huk.de/karriere/stellen-praktika/stellenangebote-aussenstellen.html' the following log is written: 150 new jobs were updated in multi_time data base. 139 of it are duplicates.
2021-10-26T20-36-03___13692___(shell)___INFO___Server response status code for comp_name:'VBG' is code:200 for url:'http://www.vbg.de/DE/Header/3_Karriere/3_Stellenboerse/Stellenboerse_node.html'.
2021-10-26T20-36-03___13692___(shell)___INFO___Amount nodes for comp_name:'VBG' is amount_nodes:19 for url:'http://www.vbg.de/DE/Header/3_Karriere/3_Stellenboerse/Stellenboerse_node.html'.
2021-10-26T20-36-03___13692___(shell)___INFO___For comp_name:'VBG' with url:'http://www.vbg.de/DE/Header/3_Karriere/3_Stellenboerse/Stellenboerse_node.html' the following log is written: no new content to insert in data base. Updating time info if necessary Proceeeding,...
2021-10-26T20-36-03___13692___(shell)___WARN___For comp_name:'VBG' with url:'http://www.vbg.de/DE/Header/3_Karriere/3_Stellenboerse/Stellenboerse_node.html' the following log is written: 0 new job titles for the time database for the given day: 18926.
2021-10-26T20-36-03___13692___(shell)___INFO___For comp_name:'VBG' with url:'http://www.vbg.de/DE/Header/3_Karriere/3_Stellenboerse/Stellenboerse_node.html' the following log is written: 19 new jobs were updated in multi_time data base. 0 of it are duplicates.
2021-10-26T20-36-03___13692___(shell)___INFO___Server response status code for comp_name:'TOP-IT' is code:200 for url:'https://www.top-itservices.com/fuer-bewerber/interne-karriere-bei-top-itservices/offene-stellen/'.
2021-10-26T20-36-04___13692___(shell)___ERROR___Amount nodes for comp_name:'TOP-IT' is amount_nodes:0 for url:'https://www.top-itservices.com/fuer-bewerber/interne-karriere-bei-top-itservices/offene-stellen/'.
2021-10-26T20-36-04___13692___(shell)___ERROR___Server response status code for comp_name:'TEAM-FACT' is code:404 for url:'https://www.teamfact.com/de/karriere/stellenausschreibungen/'.
2021-10-26T20-36-04___13692___(shell)___ERROR___Amount nodes for comp_name:'TEAM-FACT' is amount_nodes:0 for url:'https://www.teamfact.com/de/karriere/stellenausschreibungen/'.
2021-10-26T20-36-04___13692___(shell)___INFO___Server response status code for comp_name:'MEDPEX-TECH' is code:200 for url:'https://tech.medpex.de/#jobs'.
2021-10-26T20-36-04___13692___(shell)___ERROR___Amount nodes for comp_name:'MEDPEX-TECH' is amount_nodes:0 for url:'https://tech.medpex.de/#jobs'.
2021-10-26T20-36-04___13692___(shell)___INFO___Server response status code for comp_name:'MEDPEX-MARK' is code:200 for url:'https://jobs.medpex.de/marketing/'.
2021-10-26T20-36-04___13692___(shell)___INFO___Amount nodes for comp_name:'MEDPEX-MARK' is amount_nodes:8 for url:'https://jobs.medpex.de/marketing/'.
2021-10-26T20-36-04___13692___(shell)___ERROR___For comp_name:'MEDPEX-MARK' with url:'https://jobs.medpex.de/marketing/' the following error was recorded: Lengths of jobNames and links differ. Jobnames: 'Werkstudent Dynamic Pricing (m/w/d)Junior SEA Marketing Manager (m/w/d)Performance Marketing Manager (m/w/d)' and links: 'https://jobs.medpex.de/jobs/marketing/https://jobs.medpex.de/jobs/marketing/werkstudent-dynamic-pricing-3537108/https://jobs.medpex.de/jobs/marketing/'
2021-10-26T20-36-04___13692___(shell)___INFO___For comp_name:'MEDPEX-MARK' with url:'https://jobs.medpex.de/marketing/' the following log is written: no new content to insert in data base. Updating time info if necessary Proceeeding,...
2021-10-26T20-36-04___13692___(shell)___WARN___For comp_name:'MEDPEX-MARK' with url:'https://jobs.medpex.de/marketing/' the following log is written: 0 new job titles for the time database for the given day: 18926.
2021-10-26T20-36-04___13692___(shell)___INFO___For comp_name:'MEDPEX-MARK' with url:'https://jobs.medpex.de/marketing/' the following log is written: 8 new jobs were updated in multi_time data base. 0 of it are duplicates.
2021-10-26T20-36-04___13692___(shell)___INFO___Server response status code for comp_name:'CONCEPT' is code:200 for url:'https://concept.ag/karriere/'.
2021-10-26T20-36-05___13692___(shell)___INFO___Amount nodes for comp_name:'CONCEPT' is amount_nodes:9 for url:'https://concept.ag/karriere/'.
2021-10-26T20-36-05___13692___(shell)___ERROR___For comp_name:'CONCEPT' with url:'https://concept.ag/karriere/' the following error was recorded: Lengths of jobNames and links differ. Jobnames: 'Senior Consultant Logistik (m/w/d)Werkstudenten/Praktikant (m/w/d) Data ScientistWerkstudent (m/w/d) Vertriebsinnendienst mit Schwerpunkt Telefonakquise' and links: '/karriere/detail/senior-consultant-logistik-m-w-d-22//karriere/detail/werkstudenten-praktikant-m-w-d-data-scientist-28//karriere/detail/werkstudent-m-w-d-vertriebsinnendienst-mit-schwerpunkt-telefonakquise-27/'
2021-10-26T20-36-05___13692___(shell)___INFO___For comp_name:'CONCEPT' with url:'https://concept.ag/karriere/' the following log is written: no new content to insert in data base. Updating time info if necessary Proceeeding,...
2021-10-26T20-36-05___13692___(shell)___WARN___For comp_name:'CONCEPT' with url:'https://concept.ag/karriere/' the following log is written: 0 new job titles for the time database for the given day: 18926.
2021-10-26T20-36-06___13692___(shell)___INFO___For comp_name:'CONCEPT' with url:'https://concept.ag/karriere/' the following log is written: 9 new jobs were updated in multi_time data base. 0 of it are duplicates.
2021-10-26T20-36-06___13692___(shell)___INFO___Server response status code for comp_name:'IMPLICO' is code:200 for url:'https://jobs.implico.com/'.
2021-10-26T20-36-06___13692___(shell)___ERROR___Amount nodes for comp_name:'IMPLICO' is amount_nodes:0 for url:'https://jobs.implico.com/'.
2021-10-26T20-36-06___13692___(shell)___INFO___Server response status code for comp_name:'ARAG' is code:200 for url:'https://www.arag.com/de/karriere/stellenangebote/'.
2021-10-26T20-36-06___13692___(shell)___ERROR___Amount nodes for comp_name:'ARAG' is amount_nodes:0 for url:'https://www.arag.com/de/karriere/stellenangebote/'.
2021-10-26T20-36-07___13692___(shell)___INFO___Server response status code for comp_name:'DZ-PRIVATBANK' is code:200 for url:'https://www.dz-privatbank.com/dzpb/de/karriere-32.html'.
2021-10-26T20-36-07___13692___(shell)___INFO___Amount nodes for comp_name:'DZ-PRIVATBANK' is amount_nodes:30 for url:'https://www.dz-privatbank.com/dzpb/de/karriere-32.html'.
2021-10-26T20-36-07___13692___(shell)___ERROR___For comp_name:'DZ-PRIVATBANK' with url:'https://www.dz-privatbank.com/dzpb/de/karriere-32.html' the following error was recorded: Lengths of jobNames and links differ. Jobnames: 'Mitarbeiter Reconciliation (m/w/d)Wertpapierspezialist (m/w/d)Mitarbeiter Operative Vermögensverwaltung Disposition (m/w/d)' and links: 'NA'
2021-10-26T20-36-07___13692___(shell)___INFO___For comp_name:'DZ-PRIVATBANK' with url:'https://www.dz-privatbank.com/dzpb/de/karriere-32.html' the following log is written: 4 new jobs were inserted in job_id data base.
2021-10-26T20-36-07___13692___(shell)___INFO___For comp_name:'DZ-PRIVATBANK' with url:'https://www.dz-privatbank.com/dzpb/de/karriere-32.html' the following log is written: Found 1 new jobs for the given day: 18926 that are not in the time database. Add rows for that with value of 0 for thepast, since they didnt exist back then. This value has to be equal to the amount of new jobs in the id data table..
2021-10-26T20-36-07___13692___(shell)___INFO___For comp_name:'DZ-PRIVATBANK' with url:'https://www.dz-privatbank.com/dzpb/de/karriere-32.html' the following log is written: 30 new jobs were updated in multi_time data base. 0 of it are duplicates.
2021-10-26T20-36-08___13692___(shell)___INFO___Server response status code for comp_name:'GP-CONSULT' is code:200 for url:'https://vr.mein-check-in.de/gpconsult'.
2021-10-26T20-36-09___13692___(shell)___ERROR___Amount nodes for comp_name:'GP-CONSULT' is amount_nodes:0 for url:'https://vr.mein-check-in.de/gpconsult'.
2021-10-26T20-36-09___13692___(shell)___INFO___Server response status code for comp_name:'JENZ' is code:200 for url:'https://www.jenz.de/karriere/offene-stellen/'.
2021-10-26T20-36-09___13692___(shell)___INFO___Amount nodes for comp_name:'JENZ' is amount_nodes:2 for url:'https://www.jenz.de/karriere/offene-stellen/'.
2021-10-26T20-36-09___13692___(shell)___INFO___For comp_name:'JENZ' with url:'https://www.jenz.de/karriere/offene-stellen/' the following log is written: no new content to insert in data base. Updating time info if necessary Proceeeding,...
2021-10-26T20-36-09___13692___(shell)___WARN___For comp_name:'JENZ' with url:'https://www.jenz.de/karriere/offene-stellen/' the following log is written: 0 new job titles for the time database for the given day: 18926.
2021-10-26T20-36-09___13692___(shell)___INFO___For comp_name:'JENZ' with url:'https://www.jenz.de/karriere/offene-stellen/' the following log is written: 2 new jobs were updated in multi_time data base. 0 of it are duplicates.
2021-10-26T20-36-09___13692___(shell)___INFO___Server response status code for comp_name:'RATIODATA' is code:200 for url:'https://vr.mein-check-in.de/ratiodata/x/stellenangebote'.
2021-10-26T20-36-10___13692___(shell)___ERROR___Amount nodes for comp_name:'RATIODATA' is amount_nodes:0 for url:'https://vr.mein-check-in.de/ratiodata/x/stellenangebote'.
2021-10-26T20-36-10___13692___(shell)___INFO___Server response status code for comp_name:'SCHMETZ' is code:200 for url:'https://www.schmetz.de/ueber-uns/karriere.html'.
2021-10-26T20-36-10___13692___(shell)___INFO___Amount nodes for comp_name:'SCHMETZ' is amount_nodes:13 for url:'https://www.schmetz.de/ueber-uns/karriere.html'.
2021-10-26T20-36-10___13692___(shell)___ERROR___For comp_name:'SCHMETZ' with url:'https://www.schmetz.de/ueber-uns/karriere.html' the following error was recorded: Lengths of jobNames and links differ. Jobnames: 'IT-Administrator (m/w/d) für Office 365, Teams & AzureFrontend Developer (m/w/d)Technischer Einkäufer (m/w/d)' and links: 'NA'
2021-10-26T20-36-10___13692___(shell)___INFO___For comp_name:'SCHMETZ' with url:'https://www.schmetz.de/ueber-uns/karriere.html' the following log is written: no new content to insert in data base. Updating time info if necessary Proceeeding,...
2021-10-26T20-36-11___13692___(shell)___WARN___For comp_name:'SCHMETZ' with url:'https://www.schmetz.de/ueber-uns/karriere.html' the following log is written: 0 new job titles for the time database for the given day: 18926.
2021-10-26T20-36-11___13692___(shell)___INFO___For comp_name:'SCHMETZ' with url:'https://www.schmetz.de/ueber-uns/karriere.html' the following log is written: 13 new jobs were updated in multi_time data base. 0 of it are duplicates.
2021-10-26T20-36-11___13692___(shell)___INFO___Server response status code for comp_name:'SCHWAEBISCH-HALL' is code:200 for url:'https://www.schwaebisch-hall.de/karriere/stellenangebote/stellenangebote-bausparkasse-schwaebisch-hall.html#'.
2021-10-26T20-36-11___13692___(shell)___INFO___For comp_name:'SCHWAEBISCH-HALL' with url:'https://www.schwaebisch-hall.de/karriere/stellenangebote/stellenangebote-bausparkasse-schwaebisch-hall.html#' the following log is written: No encoding found, defaulting to UTF-8
2021-10-26T20-36-11___13692___(shell)___INFO___[INFO] Invalid encoding NA: defaulting to UTF-8.Compact call stack:  1 tryCatchLog(expr = rvestScraping(response = response, scraper = scraper, name = name, date_today = date_today), er  2 scheduled_Scraping_rvest.R#392: response %>% httr::content(type = "text", encoding = encoding)
2021-10-26T20-36-11___13692___(shell)___ERROR___Amount nodes for comp_name:'SCHWAEBISCH-HALL' is amount_nodes:0 for url:'https://www.schwaebisch-hall.de/karriere/stellenangebote/stellenangebote-bausparkasse-schwaebisch-hall.html#'.
2021-10-26T20-36-11___13692___(shell)___INFO___Server response status code for comp_name:'KÖRBER' is code:200 for url:'https://koerber.digital/#jobs'.
2021-10-26T20-36-11___13692___(shell)___ERROR___Amount nodes for comp_name:'KÖRBER' is amount_nodes:0 for url:'https://koerber.digital/#jobs'.
2021-10-26T20-36-11___13692___(shell)___INFO___Server response status code for comp_name:'EOS-UPTRADE' is code:200 for url:'https://www.eos-uptrade.de/de/offene-stellen'.
2021-10-26T20-36-11___13692___(shell)___INFO___Amount nodes for comp_name:'EOS-UPTRADE' is amount_nodes:40 for url:'https://www.eos-uptrade.de/de/offene-stellen'.
2021-10-26T20-36-12___13692___(shell)___INFO___For comp_name:'EOS-UPTRADE' with url:'https://www.eos-uptrade.de/de/offene-stellen' the following log is written: 5 new jobs were inserted in job_id data base.
2021-10-26T20-36-12___13692___(shell)___INFO___For comp_name:'EOS-UPTRADE' with url:'https://www.eos-uptrade.de/de/offene-stellen' the following log is written: Found 1 new jobs for the given day: 18926 that are not in the time database. Add rows for that with value of 0 for thepast, since they didnt exist back then. This value has to be equal to the amount of new jobs in the id data table..
2021-10-26T20-36-12___13692___(shell)___INFO___For comp_name:'EOS-UPTRADE' with url:'https://www.eos-uptrade.de/de/offene-stellen' the following log is written: 14 new jobs were updated in multi_time data base. 26 of it are duplicates.
2021-10-26T20-36-12___13692___(shell)___INFO___Server response status code for comp_name:'KRUSS' is code:200 for url:'https://www.kruss-scientific.com/de/firma/karriere/'.
2021-10-26T20-36-13___13692___(shell)___ERROR___Amount nodes for comp_name:'KRUSS' is amount_nodes:0 for url:'https://www.kruss-scientific.com/de/firma/karriere/'.
2021-10-26T20-36-13___13692___(shell)___INFO___Server response status code for comp_name:'NOVOMIND' is code:200 for url:'https://www.novomind.com/de/karriere-und-jobs-java-entwickler/'.
2021-10-26T20-36-14___13692___(shell)___INFO___Amount nodes for comp_name:'NOVOMIND' is amount_nodes:22 for url:'https://www.novomind.com/de/karriere-und-jobs-java-entwickler/'.
2021-10-26T20-36-14___13692___(shell)___INFO___For comp_name:'NOVOMIND' with url:'https://www.novomind.com/de/karriere-und-jobs-java-entwickler/' the following log is written: no new content to insert in data base. Updating time info if necessary Proceeeding,...
2021-10-26T20-36-14___13692___(shell)___WARN___For comp_name:'NOVOMIND' with url:'https://www.novomind.com/de/karriere-und-jobs-java-entwickler/' the following log is written: 0 new job titles for the time database for the given day: 18926.
2021-10-26T20-36-14___13692___(shell)___INFO___For comp_name:'NOVOMIND' with url:'https://www.novomind.com/de/karriere-und-jobs-java-entwickler/' the following log is written: 21 new jobs were updated in multi_time data base. 1 of it are duplicates.
2021-10-26T20-36-14___13692___(shell)___INFO___Server response status code for comp_name:'DEGUSSA' is code:200 for url:'https://www.degussa-bank.de/karriere'.
2021-10-26T20-36-15___13692___(shell)___INFO___Amount nodes for comp_name:'DEGUSSA' is amount_nodes:30 for url:'https://www.degussa-bank.de/karriere'.
2021-10-26T20-36-15___13692___(shell)___ERROR___For comp_name:'DEGUSSA' with url:'https://www.degussa-bank.de/karriere' the following error was recorded: Lengths of jobNames and links differ. Jobnames: 'Trainee (m/w/d) Organisationsentwicklung  Digitalisierung, e-Commerce, Skill- & Service Level ManagementTrainee Digitale Transformation (m/w/d)  mit Schwerpunkt E-Commerce und PlattformgeschäftTrainee Digitale Transformation Immobilienkreditprozess (m/w/d)  mit Schwerpunkt Produktions- und Prozesssteuerung' and links: 'NA'
2021-10-26T20-36-15___13692___(shell)___INFO___For comp_name:'DEGUSSA' with url:'https://www.degussa-bank.de/karriere' the following log is written: no new content to insert in data base. Updating time info if necessary Proceeeding,...
2021-10-26T20-36-15___13692___(shell)___WARN___For comp_name:'DEGUSSA' with url:'https://www.degussa-bank.de/karriere' the following log is written: 0 new job titles for the time database for the given day: 18926.
2021-10-26T20-36-15___13692___(shell)___INFO___For comp_name:'DEGUSSA' with url:'https://www.degussa-bank.de/karriere' the following log is written: 30 new jobs were updated in multi_time data base. 0 of it are duplicates.
2021-10-26T20-36-15___13692___(shell)___INFO___Server response status code for comp_name:'DFL' is code:200 for url:'https://www.dfl.de/de/jobs'.
2021-10-26T20-36-15___13692___(shell)___INFO___Amount nodes for comp_name:'DFL' is amount_nodes:4 for url:'https://www.dfl.de/de/jobs'.
2021-10-26T20-36-15___13692___(shell)___ERROR___For comp_name:'DFL' with url:'https://www.dfl.de/de/jobs' the following error was recorded: Lengths of jobNames and links differ. Jobnames: 'Berufseinsteiger (m/w/d) / Young Professionals  Berufserfahrene (m/w/d) / Professionals  Praktikanten / Werkstudenten / Referendare (m/w/d) / Interns  ' and links: 'NA'
2021-10-26T20-36-15___13692___(shell)___INFO___For comp_name:'DFL' with url:'https://www.dfl.de/de/jobs' the following log is written: no new content to insert in data base. Updating time info if necessary Proceeeding,...
2021-10-26T20-36-16___13692___(shell)___WARN___For comp_name:'DFL' with url:'https://www.dfl.de/de/jobs' the following log is written: 0 new job titles for the time database for the given day: 18926.
2021-10-26T20-36-16___13692___(shell)___INFO___For comp_name:'DFL' with url:'https://www.dfl.de/de/jobs' the following log is written: 4 new jobs were updated in multi_time data base. 0 of it are duplicates.
2021-10-26T20-36-16___13692___(shell)___ERROR___Server response status code for comp_name:'PFANDBRIEFBANK' is code:404 for url:'https://www.pfandbriefbank.com/karriere/stellenangebote/professionals.html'.
2021-10-26T20-36-16___13692___(shell)___ERROR___Amount nodes for comp_name:'PFANDBRIEFBANK' is amount_nodes:0 for url:'https://www.pfandbriefbank.com/karriere/stellenangebote/professionals.html'.
2021-10-26T20-36-16___13692___(shell)___INFO___Server response status code for comp_name:'BUSCH' is code:200 for url:'https://www.buschvacuum.com/de/de/company/careers/jobs'.
2021-10-26T20-36-17___13692___(shell)___ERROR___Amount nodes for comp_name:'BUSCH' is amount_nodes:0 for url:'https://www.buschvacuum.com/de/de/company/careers/jobs'.
2021-10-26T20-36-18___13692___(shell)___INFO___Server response status code for comp_name:'CHEMMEDIA' is code:200 for url:'https://www.chemmedia.de/jobs/'.
2021-10-26T20-36-18___13692___(shell)___INFO___For comp_name:'CHEMMEDIA' with url:'https://www.chemmedia.de/jobs/' the following log is written: No encoding found, defaulting to UTF-8
2021-10-26T20-36-18___13692___(shell)___INFO___[INFO] Invalid encoding NA: defaulting to UTF-8.Compact call stack:  1 tryCatchLog(expr = rvestScraping(response = response, scraper = scraper, name = name, date_today = date_today), er  2 scheduled_Scraping_rvest.R#392: response %>% httr::content(type = "text", encoding = encoding)
2021-10-26T20-36-18___13692___(shell)___INFO___Amount nodes for comp_name:'CHEMMEDIA' is amount_nodes:10 for url:'https://www.chemmedia.de/jobs/'.
2021-10-26T20-36-18___13692___(shell)___ERROR___For comp_name:'CHEMMEDIA' with url:'https://www.chemmedia.de/jobs/' the following error was recorded: Lengths of jobNames and links differ. Jobnames: 'E-Learning Consultant (m/w/d)Senior Sales Manager (m/w/d)PHP Entwickler (m/w/d) mit Faible für Frontend' and links: '#job-sc#job-ss#job-se'
2021-10-26T20-36-18___13692___(shell)___INFO___For comp_name:'CHEMMEDIA' with url:'https://www.chemmedia.de/jobs/' the following log is written: no new content to insert in data base. Updating time info if necessary Proceeeding,...
2021-10-26T20-36-18___13692___(shell)___WARN___For comp_name:'CHEMMEDIA' with url:'https://www.chemmedia.de/jobs/' the following log is written: 0 new job titles for the time database for the given day: 18926.
2021-10-26T20-36-19___13692___(shell)___INFO___For comp_name:'CHEMMEDIA' with url:'https://www.chemmedia.de/jobs/' the following log is written: 10 new jobs were updated in multi_time data base. 0 of it are duplicates.
2021-10-26T20-36-19___13692___(shell)___INFO___Server response status code for comp_name:'CROWDSTRIKE' is code:200 for url:'https://www.crowdstrike.com/careers/'.
2021-10-26T20-36-20___13692___(shell)___ERROR___Amount nodes for comp_name:'CROWDSTRIKE' is amount_nodes:0 for url:'https://www.crowdstrike.com/careers/'.
2021-10-26T20-36-20___13692___(shell)___INFO___Server response status code for comp_name:'CONRAD-CONNECT' is code:200 for url:'https://career.conrad.com/job-offers.html'.
2021-10-26T20-36-20___13692___(shell)___INFO___Amount nodes for comp_name:'CONRAD-CONNECT' is amount_nodes:1 for url:'https://career.conrad.com/job-offers.html'.
2021-10-26T20-36-20___13692___(shell)___INFO___For comp_name:'CONRAD-CONNECT' with url:'https://career.conrad.com/job-offers.html' the following log is written: no new content to insert in data base. Updating time info if necessary Proceeeding,...
2021-10-26T20-36-20___13692___(shell)___WARN___For comp_name:'CONRAD-CONNECT' with url:'https://career.conrad.com/job-offers.html' the following log is written: 0 new job titles for the time database for the given day: 18926.
2021-10-26T20-36-20___13692___(shell)___INFO___For comp_name:'CONRAD-CONNECT' with url:'https://career.conrad.com/job-offers.html' the following log is written: 1 new jobs were updated in multi_time data base. 0 of it are duplicates.
2021-10-26T20-36-21___13692___(shell)___INFO___Server response status code for comp_name:'DATAIKU' is code:200 for url:'https://www.dataiku.com/company/careers/'.
2021-10-26T20-36-21___13692___(shell)___ERROR___Amount nodes for comp_name:'DATAIKU' is amount_nodes:0 for url:'https://www.dataiku.com/company/careers/'.
2021-10-26T20-36-21___13692___(shell)___INFO___Server response status code for comp_name:'DEEP-MIND' is code:200 for url:'https://deepmind.com/careers/'.
2021-10-26T20-36-21___13692___(shell)___ERROR___Amount nodes for comp_name:'DEEP-MIND' is amount_nodes:0 for url:'https://deepmind.com/careers/'.
2021-10-26T20-36-21___13692___(shell)___ERROR___[ERROR] The provided response is not of type xml document, but of type character. The download might have failed, check the downloaded doument for validity.Compact call stack:  1 tryCatchLog(expr = rvestScraping(response = response, scraper = scraper, name = name, date_today = date_today), er  2 scheduled_Scraping_rvest.R#363: stop("The provided response is not of type xml document, but of type character. Th
2021-10-26T20-36-21___13692___(shell)___ERROR___For comp_name:'DEFINIENS' with url:'https://jobs.definiens.com/search/?createNewAlert=false&q=&locationsearch=&optionsFacetsDD_country=&optionsFacetsDD_department=&optionsFacetsDD_customfield1=' the following error was recorded: Scrape for comp_name:'DEFINIENS' failed for url:'https://jobs.definiens.com/search/?createNewAlert=false&q=&locationsearch=&optionsFacetsDD_country=&optionsFacetsDD_department=&optionsFacetsDD_customfield1='. The error reads: Error in rvestScraping(response = response, scraper = scraper, name = name, : The provided response is not of type xml document, but of type character. The download might have failed, check the downloaded doument for validity..
2021-10-26T20-36-21___13692___(shell)___ERROR___Server response status code for comp_name:'DHL-CONSULTING' is code:404 for url:'https://dhl-consulting.com/careers/join-us/job-offers/#'.
2021-10-26T20-36-21___13692___(shell)___ERROR___Amount nodes for comp_name:'DHL-CONSULTING' is amount_nodes:0 for url:'https://dhl-consulting.com/careers/join-us/job-offers/#'.
2021-10-26T20-36-21___13692___(shell)___INFO___Server response status code for comp_name:'365FARMNET' is code:200 for url:'https://www.365farmnet.com/unternehmen/karriere/'.
2021-10-26T20-36-39___13692___(shell)___ERROR___Amount nodes for comp_name:'365FARMNET' is amount_nodes:0 for url:'https://www.365farmnet.com/unternehmen/karriere/'.
2021-10-26T20-36-39___13692___(shell)___ERROR___Server response status code for comp_name:'COCUS' is code:404 for url:'https://www.cocus.de/de/ueber-cocus/karriere/aktuelle-stellenausschreibungen/'.
2021-10-26T20-36-48___13692___(shell)___ERROR___Amount nodes for comp_name:'COCUS' is amount_nodes:0 for url:'https://www.cocus.de/de/ueber-cocus/karriere/aktuelle-stellenausschreibungen/'.
2021-10-26T20-36-48___13692___(shell)___INFO___Server response status code for comp_name:'EUFINGER' is code:200 for url:'https://www.eufinger.de/karriere/stellenangebote'.
2021-10-26T20-36-48___13692___(shell)___INFO___Amount nodes for comp_name:'EUFINGER' is amount_nodes:14 for url:'https://www.eufinger.de/karriere/stellenangebote'.
2021-10-26T20-36-48___13692___(shell)___ERROR___For comp_name:'EUFINGER' with url:'https://www.eufinger.de/karriere/stellenangebote' the following error was recorded: Lengths of jobNames and links differ. Jobnames: 'Mitarbeiter (m/w/d) mit IHK-SachkundeunterrichtungEmpfangsmitarbeiter (m/w/d) auf TeilzeitbasisSicherheits-/Empfangsmitarbeiter (m/w/d) ' and links: '/karriere/stellenangebote/mitarbeiter-mit-ihk-sachkunde-amazon/karriere/stellenangebote/mitarbeiter-mit-ihk-sachkunde-amazon/karriere/stellenangebote/empfangsmitarbeiter-ruehl-ag-friedrichsdorf'
2021-10-26T20-36-48___13692___(shell)___INFO___For comp_name:'EUFINGER' with url:'https://www.eufinger.de/karriere/stellenangebote' the following log is written: no new content to insert in data base. Updating time info if necessary Proceeeding,...
2021-10-26T20-36-48___13692___(shell)___WARN___For comp_name:'EUFINGER' with url:'https://www.eufinger.de/karriere/stellenangebote' the following log is written: 0 new job titles for the time database for the given day: 18926.
2021-10-26T20-36-48___13692___(shell)___INFO___For comp_name:'EUFINGER' with url:'https://www.eufinger.de/karriere/stellenangebote' the following log is written: 14 new jobs were updated in multi_time data base. 0 of it are duplicates.
2021-10-26T20-36-48___13692___(shell)___ERROR___Server response status code for comp_name:'AAI' is code:404 for url:'https://jobs.lever.co/automotive-ai'.
2021-10-26T20-36-49___13692___(shell)___ERROR___Amount nodes for comp_name:'AAI' is amount_nodes:0 for url:'https://jobs.lever.co/automotive-ai'.
2021-10-26T20-36-50___13692___(shell)___INFO___Server response status code for comp_name:'STABILO' is code:200 for url:'https://www.stabilo.com/de/ueber-stabilo/karriere/offene-stellen/'.
2021-10-26T20-36-50___13692___(shell)___INFO___Amount nodes for comp_name:'STABILO' is amount_nodes:15 for url:'https://www.stabilo.com/de/ueber-stabilo/karriere/offene-stellen/'.
2021-10-26T20-36-51___13692___(shell)___ERROR___For comp_name:'STABILO' with url:'https://www.stabilo.com/de/ueber-stabilo/karriere/offene-stellen/' the following error was recorded: Lengths of jobNames and links differ. Jobnames: 'Mitarbeiter*in Prozessmanagement & Reporting (m/w/d) - Befristet bis 31.05.2023Disponent (m/w/d) befristetDisponent (m/w/d) befristet' and links: '#content-865https://www.stabilo.com/de/fileadmin/company/jobs/Stellenanzeige_MA_ProzessmanagementReporting_2021_extern.pdf#content-862'
2021-10-26T20-36-51___13692___(shell)___INFO___For comp_name:'STABILO' with url:'https://www.stabilo.com/de/ueber-stabilo/karriere/offene-stellen/' the following log is written: 4 new jobs were inserted in job_id data base.
2021-10-26T20-36-51___13692___(shell)___INFO___For comp_name:'STABILO' with url:'https://www.stabilo.com/de/ueber-stabilo/karriere/offene-stellen/' the following log is written: Found 1 new jobs for the given day: 18926 that are not in the time database. Add rows for that with value of 0 for thepast, since they didnt exist back then. This value has to be equal to the amount of new jobs in the id data table..
2021-10-26T20-36-51___13692___(shell)___INFO___For comp_name:'STABILO' with url:'https://www.stabilo.com/de/ueber-stabilo/karriere/offene-stellen/' the following log is written: 14 new jobs were updated in multi_time data base. 1 of it are duplicates.
2021-10-26T20-36-51___13692___(shell)___INFO___Server response status code for comp_name:'NETTO' is code:200 for url:'https://www.netto-online.de/karriere/Stellenangebote.chtm'.
2021-10-26T20-36-51___13692___(shell)___INFO___Amount nodes for comp_name:'NETTO' is amount_nodes:96 for url:'https://www.netto-online.de/karriere/Stellenangebote.chtm'.
2021-10-26T20-36-51___13692___(shell)___ERROR___For comp_name:'NETTO' with url:'https://www.netto-online.de/karriere/Stellenangebote.chtm' the following error was recorded: Lengths of jobNames and links differ. Jobnames: ' Abteilungsleiter Metzgerei (m/w/d)   Application Manager (m/w/d) E-Commerce   Ausbildung zum Fachlagerist (m/w/d)  ' and links: 'NA'
2021-10-26T20-36-52___13692___(shell)___INFO___For comp_name:'NETTO' with url:'https://www.netto-online.de/karriere/Stellenangebote.chtm' the following log is written: no new content to insert in data base. Updating time info if necessary Proceeeding,...
2021-10-26T20-36-52___13692___(shell)___WARN___For comp_name:'NETTO' with url:'https://www.netto-online.de/karriere/Stellenangebote.chtm' the following log is written: 0 new job titles for the time database for the given day: 18926.
2021-10-26T20-36-52___13692___(shell)___INFO___For comp_name:'NETTO' with url:'https://www.netto-online.de/karriere/Stellenangebote.chtm' the following log is written: 91 new jobs were updated in multi_time data base. 5 of it are duplicates.
2021-10-26T20-36-52___13692___(shell)___INFO___Server response status code for comp_name:'TENGELMANN' is code:200 for url:'https://www.currenta.de/karriere/jobboerse.html'.
2021-10-26T20-36-52___13692___(shell)___INFO___Amount nodes for comp_name:'TENGELMANN' is amount_nodes:43 for url:'https://www.currenta.de/karriere/jobboerse.html'.
2021-10-26T20-36-52___13692___(shell)___INFO___For comp_name:'TENGELMANN' with url:'https://www.currenta.de/karriere/jobboerse.html' the following log is written: 10 new jobs were inserted in job_id data base.
2021-10-26T20-36-52___13692___(shell)___INFO___For comp_name:'TENGELMANN' with url:'https://www.currenta.de/karriere/jobboerse.html' the following log is written: Found 2 new jobs for the given day: 18926 that are not in the time database. Add rows for that with value of 0 for thepast, since they didnt exist back then. This value has to be equal to the amount of new jobs in the id data table..
2021-10-26T20-36-53___13692___(shell)___INFO___For comp_name:'TENGELMANN' with url:'https://www.currenta.de/karriere/jobboerse.html' the following log is written: 43 new jobs were updated in multi_time data base. 0 of it are duplicates.
2021-10-26T20-36-53___13692___(shell)___INFO___Server response status code for comp_name:'BLOCKHOUSE' is code:200 for url:'https://karriere.block-gruppe.de/stellenangebote.html?L=6.'.
2021-10-26T20-36-53___13692___(shell)___INFO___Amount nodes for comp_name:'BLOCKHOUSE' is amount_nodes:100 for url:'https://karriere.block-gruppe.de/stellenangebote.html?L=6.'.
2021-10-26T20-36-53___13692___(shell)___ERROR___For comp_name:'BLOCKHOUSE' with url:'https://karriere.block-gruppe.de/stellenangebote.html?L=6.' the following error was recorded: Lengths of jobNames and links differ. Jobnames: 'Ausbildung zum Fachmann für Systemgastronomie (m/w/d)Ausbildung zum Fachmann für Systemgastronomie (m/w/d)Ausbildung zum Fachmann für Systemgastronomie (m/w/d)' and links: 'NA'
2021-10-26T20-36-53___13692___(shell)___INFO___For comp_name:'BLOCKHOUSE' with url:'https://karriere.block-gruppe.de/stellenangebote.html?L=6.' the following log is written: no new content to insert in data base. Updating time info if necessary Proceeeding,...
2021-10-26T20-36-53___13692___(shell)___WARN___For comp_name:'BLOCKHOUSE' with url:'https://karriere.block-gruppe.de/stellenangebote.html?L=6.' the following log is written: 0 new job titles for the time database for the given day: 18926.
2021-10-26T20-36-53___13692___(shell)___INFO___For comp_name:'BLOCKHOUSE' with url:'https://karriere.block-gruppe.de/stellenangebote.html?L=6.' the following log is written: 31 new jobs were updated in multi_time data base. 69 of it are duplicates.
2021-10-26T20-37-00___13692___(shell)___INFO___Server response status code for comp_name:'SOLOACTIVE' is code:200 for url:'https://www.solactive.com/career/'.
2021-10-26T20-37-00___13692___(shell)___INFO___Amount nodes for comp_name:'SOLOACTIVE' is amount_nodes:52 for url:'https://www.solactive.com/career/'.
2021-10-26T20-37-00___13692___(shell)___INFO___For comp_name:'SOLOACTIVE' with url:'https://www.solactive.com/career/' the following log is written: no new content to insert in data base. Updating time info if necessary Proceeeding,...
2021-10-26T20-37-00___13692___(shell)___WARN___For comp_name:'SOLOACTIVE' with url:'https://www.solactive.com/career/' the following log is written: 0 new job titles for the time database for the given day: 18926.
2021-10-26T20-37-00___13692___(shell)___INFO___For comp_name:'SOLOACTIVE' with url:'https://www.solactive.com/career/' the following log is written: 51 new jobs were updated in multi_time data base. 1 of it are duplicates.
2021-10-26T20-37-00___13692___(shell)___INFO___Server response status code for comp_name:'UNIVERSAL-INVEST-FRANKFURT' is code:200 for url:'https://www.universal-investment.com/de/themen/karriere/jobs-in-frankfurt'.
2021-10-26T20-37-01___13692___(shell)___ERROR___Amount nodes for comp_name:'UNIVERSAL-INVEST-FRANKFURT' is amount_nodes:0 for url:'https://www.universal-investment.com/de/themen/karriere/jobs-in-frankfurt'.
2021-10-26T20-37-01___13692___(shell)___INFO___Server response status code for comp_name:'UNIVERSAL-INVEST-LUXEMBURG' is code:200 for url:'https://www.universal-investment.com/de/themen/karriere/jobs-in-luxemburg'.
2021-10-26T20-37-01___13692___(shell)___ERROR___Amount nodes for comp_name:'UNIVERSAL-INVEST-LUXEMBURG' is amount_nodes:0 for url:'https://www.universal-investment.com/de/themen/karriere/jobs-in-luxemburg'.
2021-10-26T20-37-01___13692___(shell)___INFO___Server response status code for comp_name:'CPS' is code:200 for url:'https://c-p-s.de/karriere/stellenangebote/'.
2021-10-26T20-37-03___13692___(shell)___ERROR___Amount nodes for comp_name:'CPS' is amount_nodes:0 for url:'https://c-p-s.de/karriere/stellenangebote/'.
2021-10-26T20-37-03___13692___(shell)___WARN___Server response status code for comp_name:'SCHWAEBISCH-MEDIA' is code:500 for url:'https://www.schwaebisch-media.de/karriere/offene-stellen'.
2021-10-26T20-37-03___13692___(shell)___ERROR___[ERROR] '' does not exist in current working directory ('C:/Users/User11/Documents/SteveAI').Compact call stack:  1 tryCatchLog(expr = rvestScraping(response = response, scraper = scraper, name = name, date_today = date_today), er  2 scheduled_Scraping_rvest.R#398: content %>% xml2::read_html() %>% rvest::html_nodes(xpath = scraper$jobNameXpath)
2021-10-26T20-37-03___13692___(shell)___ERROR___For comp_name:'SCHWAEBISCH-MEDIA' with url:'https://www.schwaebisch-media.de/karriere/offene-stellen' the following error was recorded: Scrape for comp_name:'SCHWAEBISCH-MEDIA' failed for url:'https://www.schwaebisch-media.de/karriere/offene-stellen'. The error reads: Error: '' does not exist in current working directory ('C:/Users/User11/Documents/SteveAI')..
2021-10-26T20-37-03___13692___(shell)___INFO___Server response status code for comp_name:'SUPERMERCATO24' is code:200 for url:'https://supermercato24.recruitee.com/'.
2021-10-26T20-37-03___13692___(shell)___ERROR___Amount nodes for comp_name:'SUPERMERCATO24' is amount_nodes:0 for url:'https://supermercato24.recruitee.com/'.
2021-10-26T20-37-03___13692___(shell)___INFO___Server response status code for comp_name:'CLARK' is code:200 for url:'https://boards.greenhouse.io/embed/job_board?for=clark71&b=https%3A%2F%2Fwww.clark.de%2Fde%2Fjobs'.
2021-10-26T20-37-03___13692___(shell)___INFO___Amount nodes for comp_name:'CLARK' is amount_nodes:40 for url:'https://boards.greenhouse.io/embed/job_board?for=clark71&b=https%3A%2F%2Fwww.clark.de%2Fde%2Fjobs'.
2021-10-26T20-37-03___13692___(shell)___INFO___For comp_name:'CLARK' with url:'https://boards.greenhouse.io/embed/job_board?for=clark71&b=https%3A%2F%2Fwww.clark.de%2Fde%2Fjobs' the following log is written: no new content to insert in data base. Updating time info if necessary Proceeeding,...
2021-10-26T20-37-03___13692___(shell)___WARN___For comp_name:'CLARK' with url:'https://boards.greenhouse.io/embed/job_board?for=clark71&b=https%3A%2F%2Fwww.clark.de%2Fde%2Fjobs' the following log is written: 0 new job titles for the time database for the given day: 18926.
2021-10-26T20-37-03___13692___(shell)___INFO___For comp_name:'CLARK' with url:'https://boards.greenhouse.io/embed/job_board?for=clark71&b=https%3A%2F%2Fwww.clark.de%2Fde%2Fjobs' the following log is written: 40 new jobs were updated in multi_time data base. 0 of it are duplicates.
2021-10-26T20-37-03___13692___(shell)___INFO___Server response status code for comp_name:'ING-DIBA' is code:200 for url:'https://www.ing.jobs/Deutschland/Stellenangebote.htm?numberOfExtraItems=2000#anchor2000'.
2021-10-26T20-37-03___13692___(shell)___ERROR___Amount nodes for comp_name:'ING-DIBA' is amount_nodes:0 for url:'https://www.ing.jobs/Deutschland/Stellenangebote.htm?numberOfExtraItems=2000#anchor2000'.
2021-10-26T20-37-03___13692___(shell)___INFO___Server response status code for comp_name:'AMERICAN-TOWER' is code:200 for url:'http://www.americantower.com.de/de/karriere/offene-stellen/index.htm'.
2021-10-26T20-37-03___13692___(shell)___INFO___For comp_name:'AMERICAN-TOWER' with url:'http://www.americantower.com.de/de/karriere/offene-stellen/index.htm' the following log is written: No encoding found, defaulting to UTF-8
2021-10-26T20-37-03___13692___(shell)___INFO___[INFO] Invalid encoding NA: defaulting to UTF-8.Compact call stack:  1 tryCatchLog(expr = rvestScraping(response = response, scraper = scraper, name = name, date_today = date_today), er  2 scheduled_Scraping_rvest.R#392: response %>% httr::content(type = "text", encoding = encoding)
2021-10-26T20-37-03___13692___(shell)___ERROR___Amount nodes for comp_name:'AMERICAN-TOWER' is amount_nodes:0 for url:'http://www.americantower.com.de/de/karriere/offene-stellen/index.htm'.
2021-10-26T20-37-03___13692___(shell)___INFO___Server response status code for comp_name:'UPS-DTLD' is code:200 for url:'https://www.ups-job.de/Stellenboerse_AlleJobs.asp'.
2021-10-26T20-37-04___13692___(shell)___ERROR___Amount nodes for comp_name:'UPS-DTLD' is amount_nodes:0 for url:'https://www.ups-job.de/Stellenboerse_AlleJobs.asp'.
2021-10-26T20-37-04___13692___(shell)___INFO___Server response status code for comp_name:'OPEN-TABLE' is code:200 for url:'https://www.opentable.com/careers/alljobs/'.
2021-10-26T20-37-04___13692___(shell)___INFO___For comp_name:'OPEN-TABLE' with url:'https://www.opentable.com/careers/alljobs/' the following log is written: No encoding found, defaulting to UTF-8
2021-10-26T20-37-04___13692___(shell)___INFO___[INFO] Invalid encoding NA: defaulting to UTF-8.Compact call stack:  1 tryCatchLog(expr = rvestScraping(response = response, scraper = scraper, name = name, date_today = date_today), er  2 scheduled_Scraping_rvest.R#392: response %>% httr::content(type = "text", encoding = encoding)
2021-10-26T20-37-04___13692___(shell)___ERROR___Amount nodes for comp_name:'OPEN-TABLE' is amount_nodes:0 for url:'https://www.opentable.com/careers/alljobs/'.
2021-10-26T20-37-04___13692___(shell)___ERROR___Server response status code for comp_name:'MASTERCARD' is code:400 for url:'https://mastercard.jobs/jobs/ajax/joblisting/?num_items=1200&offset=0'.
2021-10-26T20-37-04___13692___(shell)___ERROR___[ERROR] 'Too many items requested' does not exist in current working directory ('C:/Users/User11/Documents/SteveAI').Compact call stack:  1 tryCatchLog(expr = rvestScraping(response = response, scraper = scraper, name = name, date_today = date_today), er  2 scheduled_Scraping_rvest.R#398: content %>% xml2::read_html() %>% rvest::html_nodes(xpath = scraper$jobNameXpath)
2021-10-26T20-37-04___13692___(shell)___ERROR___For comp_name:'MASTERCARD' with url:'https://mastercard.jobs/jobs/ajax/joblisting/?num_items=1200&offset=0' the following error was recorded: Scrape for comp_name:'MASTERCARD' failed for url:'https://mastercard.jobs/jobs/ajax/joblisting/?num_items=1200&offset=0'. The error reads: Error: 'Too many items requested' does not exist in current working directory ('C:/Users/User11/Documents/SteveAI')..
2021-10-26T20-37-04___13692___(shell)___INFO___Server response status code for comp_name:'SWISSCOM' is code:200 for url:'https://swisscom-professionals.prospective.ch/?lang=de'.
2021-10-26T20-37-04___13692___(shell)___INFO___Amount nodes for comp_name:'SWISSCOM' is amount_nodes:199 for url:'https://swisscom-professionals.prospective.ch/?lang=de'.
2021-10-26T20-37-05___13692___(shell)___INFO___For comp_name:'SWISSCOM' with url:'https://swisscom-professionals.prospective.ch/?lang=de' the following log is written: 90 new jobs were inserted in job_id data base.
2021-10-26T20-37-05___13692___(shell)___INFO___For comp_name:'SWISSCOM' with url:'https://swisscom-professionals.prospective.ch/?lang=de' the following log is written: Found 16 new jobs for the given day: 18926 that are not in the time database. Add rows for that with value of 0 for thepast, since they didnt exist back then. This value has to be equal to the amount of new jobs in the id data table..
2021-10-26T20-37-05___13692___(shell)___INFO___For comp_name:'SWISSCOM' with url:'https://swisscom-professionals.prospective.ch/?lang=de' the following log is written: 135 new jobs were updated in multi_time data base. 64 of it are duplicates.
2021-10-26T20-37-05___13692___(shell)___INFO___Server response status code for comp_name:'KLETT' is code:200 for url:'https://www.klett-gruppe.de/karriere/stellenangebote/'.
2021-10-26T20-37-05___13692___(shell)___INFO___Amount nodes for comp_name:'KLETT' is amount_nodes:56 for url:'https://www.klett-gruppe.de/karriere/stellenangebote/'.
2021-10-26T20-37-05___13692___(shell)___ERROR___For comp_name:'KLETT' with url:'https://www.klett-gruppe.de/karriere/stellenangebote/' the following error was recorded: Lengths of jobNames and links differ. Jobnames: 'Gymnasiallehrkraft für Sport (weiblich) (m/w/d)Betreuungskraft (m/w/d)Freiwilliges Soziales Jahr (FSJ)' and links: 'NA'
2021-10-26T20-37-06___13692___(shell)___INFO___For comp_name:'KLETT' with url:'https://www.klett-gruppe.de/karriere/stellenangebote/' the following log is written: 36 new jobs were inserted in job_id data base.
2021-10-26T20-37-06___13692___(shell)___INFO___For comp_name:'KLETT' with url:'https://www.klett-gruppe.de/karriere/stellenangebote/' the following log is written: Found 9 new jobs for the given day: 18926 that are not in the time database. Add rows for that with value of 0 for thepast, since they didnt exist back then. This value has to be equal to the amount of new jobs in the id data table..
2021-10-26T20-37-06___13692___(shell)___INFO___For comp_name:'KLETT' with url:'https://www.klett-gruppe.de/karriere/stellenangebote/' the following log is written: 55 new jobs were updated in multi_time data base. 1 of it are duplicates.
2021-10-26T20-37-06___13692___(shell)___INFO___Server response status code for comp_name:'PHILLIPS66' is code:200 for url:'https://phillips66.jobs/jobs/ajax/joblisting/?num_items=100&offset=0'.
2021-10-26T20-37-06___13692___(shell)___INFO___For comp_name:'PHILLIPS66' with url:'https://phillips66.jobs/jobs/ajax/joblisting/?num_items=100&offset=0' the following log is written: No encoding found, defaulting to UTF-8
2021-10-26T20-37-06___13692___(shell)___INFO___[INFO] Invalid encoding NA: defaulting to UTF-8.Compact call stack:  1 tryCatchLog(expr = rvestScraping(response = response, scraper = scraper, name = name, date_today = date_today), er  2 scheduled_Scraping_rvest.R#392: response %>% httr::content(type = "text", encoding = encoding)
2021-10-26T20-37-06___13692___(shell)___INFO___Amount nodes for comp_name:'PHILLIPS66' is amount_nodes:90 for url:'https://phillips66.jobs/jobs/ajax/joblisting/?num_items=100&offset=0'.
2021-10-26T20-37-07___13692___(shell)___INFO___For comp_name:'PHILLIPS66' with url:'https://phillips66.jobs/jobs/ajax/joblisting/?num_items=100&offset=0' the following log is written: 40 new jobs were inserted in job_id data base.
2021-10-26T20-37-07___13692___(shell)___INFO___For comp_name:'PHILLIPS66' with url:'https://phillips66.jobs/jobs/ajax/joblisting/?num_items=100&offset=0' the following log is written: Found 6 new jobs for the given day: 18926 that are not in the time database. Add rows for that with value of 0 for thepast, since they didnt exist back then. This value has to be equal to the amount of new jobs in the id data table..
2021-10-26T20-37-07___13692___(shell)___INFO___For comp_name:'PHILLIPS66' with url:'https://phillips66.jobs/jobs/ajax/joblisting/?num_items=100&offset=0' the following log is written: 80 new jobs were updated in multi_time data base. 10 of it are duplicates.
2021-10-26T20-37-07___13692___(shell)___INFO___Server response status code for comp_name:'AGAP2' is code:200 for url:'http://www.agap2.de/de/industries/karriere/stellenangebote/'.
2021-10-26T20-37-07___13692___(shell)___INFO___Amount nodes for comp_name:'AGAP2' is amount_nodes:9 for url:'http://www.agap2.de/de/industries/karriere/stellenangebote/'.
2021-10-26T20-37-07___13692___(shell)___INFO___For comp_name:'AGAP2' with url:'http://www.agap2.de/de/industries/karriere/stellenangebote/' the following log is written: no new content to insert in data base. Updating time info if necessary Proceeeding,...
2021-10-26T20-37-07___13692___(shell)___WARN___For comp_name:'AGAP2' with url:'http://www.agap2.de/de/industries/karriere/stellenangebote/' the following log is written: 0 new job titles for the time database for the given day: 18926.
2021-10-26T20-37-08___13692___(shell)___INFO___For comp_name:'AGAP2' with url:'http://www.agap2.de/de/industries/karriere/stellenangebote/' the following log is written: 9 new jobs were updated in multi_time data base. 0 of it are duplicates.
2021-10-26T20-37-08___13692___(shell)___ERROR___Server response status code for comp_name:'WALLGREENS' is code:403 for url:'https://globalbrandscareers.wba.com/vacancies/'.
2021-10-26T20-37-08___13692___(shell)___ERROR___Amount nodes for comp_name:'WALLGREENS' is amount_nodes:0 for url:'https://globalbrandscareers.wba.com/vacancies/'.
2021-10-26T20-37-08___13692___(shell)___INFO___Server response status code for comp_name:'TENNET' is code:200 for url:'https://www.marquard-bahls.com/de/karriere/stellenangebote.html'.
2021-10-26T20-37-08___13692___(shell)___INFO___For comp_name:'TENNET' with url:'https://www.marquard-bahls.com/de/karriere/stellenangebote.html' the following log is written: No encoding found, defaulting to UTF-8
2021-10-26T20-37-08___13692___(shell)___INFO___[INFO] Invalid encoding NA: defaulting to UTF-8.Compact call stack:  1 tryCatchLog(expr = rvestScraping(response = response, scraper = scraper, name = name, date_today = date_today), er  2 scheduled_Scraping_rvest.R#392: response %>% httr::content(type = "text", encoding = encoding)
2021-10-26T20-37-09___13692___(shell)___ERROR___Amount nodes for comp_name:'TENNET' is amount_nodes:0 for url:'https://www.marquard-bahls.com/de/karriere/stellenangebote.html'.
2021-10-26T20-37-09___13692___(shell)___ERROR___[ERROR] The provided response is not of type xml document, but of type character. The download might have failed, check the downloaded doument for validity.Compact call stack:  1 tryCatchLog(expr = rvestScraping(response = response, scraper = scraper, name = name, date_today = date_today), er  2 scheduled_Scraping_rvest.R#363: stop("The provided response is not of type xml document, but of type character. Th
2021-10-26T20-37-09___13692___(shell)___ERROR___For comp_name:'BRENNTAG' with url:'https://bewerbung.brenntag-jobs.de/de/?filter[land][1]=1' the following error was recorded: Scrape for comp_name:'BRENNTAG' failed for url:'https://bewerbung.brenntag-jobs.de/de/?filter[land][1]=1'. The error reads: Error in rvestScraping(response = response, scraper = scraper, name = name, : The provided response is not of type xml document, but of type character. The download might have failed, check the downloaded doument for validity..
2021-10-26T20-37-09___13692___(shell)___INFO___Server response status code for comp_name:'SALZGITTER' is code:200 for url:'https://www.salzgitter-ag.com/de/jobs-karriere/stellenangebote.html'.
2021-10-26T20-37-10___13692___(shell)___ERROR___Amount nodes for comp_name:'SALZGITTER' is amount_nodes:0 for url:'https://www.salzgitter-ag.com/de/jobs-karriere/stellenangebote.html'.
2021-10-26T20-37-10___13692___(shell)___ERROR___Server response status code for comp_name:'FIDA' is code:404 for url:'https://www.fida.de/karriere/stellenangebote/'.
2021-10-26T20-37-10___13692___(shell)___ERROR___[ERROR] '{"reason":"The requested page does not exist"}' does not exist in current working directory ('C:/Users/User11/Documents/SteveAI').Compact call stack:  1 tryCatchLog(expr = rvestScraping(response = response, scraper = scraper, name = name, date_today = date_today), er  2 scheduled_Scraping_rvest.R#398: content %>% xml2::read_html() %>% rvest::html_nodes(xpath = scraper$jobNameXpath)
2021-10-26T20-37-10___13692___(shell)___ERROR___For comp_name:'FIDA' with url:'https://www.fida.de/karriere/stellenangebote/' the following error was recorded: Scrape for comp_name:'FIDA' failed for url:'https://www.fida.de/karriere/stellenangebote/'. The error reads: Error: '{"reason":"The requested page does not exist"}' does not exist in current working directory ('C:/Users/User11/Documents/SteveAI')..
2021-10-26T20-37-10___13692___(shell)___INFO___Server response status code for comp_name:'EWE' is code:200 for url:'https://www.ewe.com/de/karriere/aktuelle-stellenangebote'.
2021-10-26T20-37-10___13692___(shell)___ERROR___Amount nodes for comp_name:'EWE' is amount_nodes:0 for url:'https://www.ewe.com/de/karriere/aktuelle-stellenangebote'.
2021-10-26T20-37-11___13692___(shell)___INFO___Server response status code for comp_name:'50HERTZ' is code:200 for url:'https://50hertz-portal.rexx-recruitment.com/?filter%5btaetigkeit_id%5d%5b2%5d=2&filter%5btaetigkeit_id%5d%5b3%5d=3&filter%5btaetigkeit_id%5d%5b5%5d=5'.
2021-10-26T20-37-11___13692___(shell)___ERROR___Amount nodes for comp_name:'50HERTZ' is amount_nodes:0 for url:'https://50hertz-portal.rexx-recruitment.com/?filter%5btaetigkeit_id%5d%5b2%5d=2&filter%5btaetigkeit_id%5d%5b3%5d=3&filter%5btaetigkeit_id%5d%5b5%5d=5'.
2021-10-26T20-37-11___13692___(shell)___ERROR___Server response status code for comp_name:'UNIPER' is code:404 for url:'https://live.solique.ch/uniper/de/'.
2021-10-26T20-37-11___13692___(shell)___INFO___For comp_name:'UNIPER' with url:'https://live.solique.ch/uniper/de/' the following log is written: No encoding found, defaulting to UTF-8
2021-10-26T20-37-11___13692___(shell)___INFO___[INFO] Invalid encoding NA: defaulting to UTF-8.Compact call stack:  1 tryCatchLog(expr = rvestScraping(response = response, scraper = scraper, name = name, date_today = date_today), er  2 scheduled_Scraping_rvest.R#392: response %>% httr::content(type = "text", encoding = encoding)
2021-10-26T20-37-11___13692___(shell)___ERROR___Amount nodes for comp_name:'UNIPER' is amount_nodes:0 for url:'https://live.solique.ch/uniper/de/'.
2021-10-26T20-37-11___13692___(shell)___ERROR___Server response status code for comp_name:'TALANX' is code:404 for url:'https://stellenangebote.talanx.com/de/mitarbeiter_karriere/jobs_und_bewerbungen/stellenangebote/stellentool.jsp'.
2021-10-26T20-37-11___13692___(shell)___ERROR___Amount nodes for comp_name:'TALANX' is amount_nodes:0 for url:'https://stellenangebote.talanx.com/de/mitarbeiter_karriere/jobs_und_bewerbungen/stellenangebote/stellentool.jsp'.
2021-10-26T20-37-11___13692___(shell)___INFO___Server response status code for comp_name:'NUERNBERGER-VERSICHERUNG' is code:200 for url:'https://www.nuernberger.de/ueber-uns/karriere/stellenangebote/'.
2021-10-26T20-37-11___13692___(shell)___INFO___For comp_name:'NUERNBERGER-VERSICHERUNG' with url:'https://www.nuernberger.de/ueber-uns/karriere/stellenangebote/' the following log is written: No encoding found, defaulting to UTF-8
2021-10-26T20-37-11___13692___(shell)___INFO___[INFO] Invalid encoding NA: defaulting to UTF-8.Compact call stack:  1 tryCatchLog(expr = rvestScraping(response = response, scraper = scraper, name = name, date_today = date_today), er  2 scheduled_Scraping_rvest.R#392: response %>% httr::content(type = "text", encoding = encoding)
2021-10-26T20-37-12___13692___(shell)___ERROR___Amount nodes for comp_name:'NUERNBERGER-VERSICHERUNG' is amount_nodes:0 for url:'https://www.nuernberger.de/ueber-uns/karriere/stellenangebote/'.
2021-10-26T20-37-12___13692___(shell)___INFO___Server response status code for comp_name:'HERMES-MODE' is code:200 for url:'http://www.hermesemployeur.com/en/opportunities'.
2021-10-26T20-37-12___13692___(shell)___INFO___For comp_name:'HERMES-MODE' with url:'http://www.hermesemployeur.com/en/opportunities' the following log is written: No encoding found, defaulting to UTF-8
2021-10-26T20-37-12___13692___(shell)___INFO___[INFO] Invalid encoding NA: defaulting to UTF-8.Compact call stack:  1 tryCatchLog(expr = rvestScraping(response = response, scraper = scraper, name = name, date_today = date_today), er  2 scheduled_Scraping_rvest.R#392: response %>% httr::content(type = "text", encoding = encoding)
2021-10-26T20-37-13___13692___(shell)___ERROR___Amount nodes for comp_name:'HERMES-MODE' is amount_nodes:0 for url:'http://www.hermesemployeur.com/en/opportunities'.
2021-10-26T20-37-13___13692___(shell)___INFO___Server response status code for comp_name:'PEUGOT' is code:200 for url:'https://recruiting-services.dvinci.de/de/p/KARRIERE_PEUGEOT/jobs/iframe'.
2021-10-26T20-37-13___13692___(shell)___ERROR___Amount nodes for comp_name:'PEUGOT' is amount_nodes:0 for url:'https://recruiting-services.dvinci.de/de/p/KARRIERE_PEUGEOT/jobs/iframe'.
2021-10-26T20-37-13___13692___(shell)___INFO___Server response status code for comp_name:'PEUGOT-DTLD' is code:200 for url:'https://recruiting-services.dvinci.de/de/p/KARRIERE_PEUGEOT/jobs/iframe'.
2021-10-26T20-37-13___13692___(shell)___ERROR___Amount nodes for comp_name:'PEUGOT-DTLD' is amount_nodes:0 for url:'https://recruiting-services.dvinci.de/de/p/KARRIERE_PEUGEOT/jobs/iframe'.
2021-10-26T20-37-13___13692___(shell)___INFO___Server response status code for comp_name:'VIVENDI-DTLD' is code:200 for url:'https://www.connext.de/connext/karriere/stellenangebote.aspx'.
2021-10-26T20-37-13___13692___(shell)___INFO___Amount nodes for comp_name:'VIVENDI-DTLD' is amount_nodes:45 for url:'https://www.connext.de/connext/karriere/stellenangebote.aspx'.
2021-10-26T20-37-13___13692___(shell)___ERROR___For comp_name:'VIVENDI-DTLD' with url:'https://www.connext.de/connext/karriere/stellenangebote.aspx' the following error was recorded: Lengths of jobNames and links differ. Jobnames: 'StellenbezeichnungVeranstaltungskaufmann (m/w/d)Kaufmann für IT-Systemmanagement (m/w/d)' and links: 'NA'
2021-10-26T20-37-13___13692___(shell)___INFO___For comp_name:'VIVENDI-DTLD' with url:'https://www.connext.de/connext/karriere/stellenangebote.aspx' the following log is written: no new content to insert in data base. Updating time info if necessary Proceeeding,...
2021-10-26T20-37-13___13692___(shell)___WARN___For comp_name:'VIVENDI-DTLD' with url:'https://www.connext.de/connext/karriere/stellenangebote.aspx' the following log is written: 0 new job titles for the time database for the given day: 18926.
2021-10-26T20-37-13___13692___(shell)___INFO___For comp_name:'VIVENDI-DTLD' with url:'https://www.connext.de/connext/karriere/stellenangebote.aspx' the following log is written: 39 new jobs were updated in multi_time data base. 6 of it are duplicates.
2021-10-26T20-37-14___13692___(shell)___INFO___Server response status code for comp_name:'RIGHTMOVE' is code:200 for url:'https://plc.rightmove.co.uk/careers/current-vacancies.aspx'.
2021-10-26T20-37-14___13692___(shell)___ERROR___Amount nodes for comp_name:'RIGHTMOVE' is amount_nodes:0 for url:'https://plc.rightmove.co.uk/careers/current-vacancies.aspx'.
2021-10-26T20-37-14___13692___(shell)___ERROR___[ERROR] The provided response is not of type xml document, but of type character. The download might have failed, check the downloaded doument for validity.Compact call stack:  1 tryCatchLog(expr = rvestScraping(response = response, scraper = scraper, name = name, date_today = date_today), er  2 scheduled_Scraping_rvest.R#363: stop("The provided response is not of type xml document, but of type character. Th
2021-10-26T20-37-14___13692___(shell)___ERROR___For comp_name:'APLANT' with url:'https://www.aplant.com/careers/job-search?show=all&view=all' the following error was recorded: Scrape for comp_name:'APLANT' failed for url:'https://www.aplant.com/careers/job-search?show=all&view=all'. The error reads: Error in rvestScraping(response = response, scraper = scraper, name = name, : The provided response is not of type xml document, but of type character. The download might have failed, check the downloaded doument for validity..
2021-10-26T20-37-14___13692___(shell)___INFO___Server response status code for comp_name:'INTERTEK-UK' is code:200 for url:'https://www.intertek.com/careers/uk-jobs/'.
2021-10-26T20-37-14___13692___(shell)___INFO___Amount nodes for comp_name:'INTERTEK-UK' is amount_nodes:47 for url:'https://www.intertek.com/careers/uk-jobs/'.
2021-10-26T20-37-14___13692___(shell)___INFO___For comp_name:'INTERTEK-UK' with url:'https://www.intertek.com/careers/uk-jobs/' the following log is written: no new content to insert in data base. Updating time info if necessary Proceeeding,...
2021-10-26T20-37-14___13692___(shell)___WARN___For comp_name:'INTERTEK-UK' with url:'https://www.intertek.com/careers/uk-jobs/' the following log is written: 0 new job titles for the time database for the given day: 18926.
2021-10-26T20-37-15___13692___(shell)___INFO___For comp_name:'INTERTEK-UK' with url:'https://www.intertek.com/careers/uk-jobs/' the following log is written: 45 new jobs were updated in multi_time data base. 2 of it are duplicates.
2021-10-26T20-37-15___13692___(shell)___INFO___Server response status code for comp_name:'British-land' is code:200 for url:'https://www.britishland.com/careers/opportunities/current-opportunities'.
2021-10-26T20-37-16___13692___(shell)___ERROR___Amount nodes for comp_name:'British-land' is amount_nodes:0 for url:'https://www.britishland.com/careers/opportunities/current-opportunities'.
2021-10-26T20-37-16___13692___(shell)___INFO___Server response status code for comp_name:'HELLA' is code:200 for url:'https://hella-jobs.dvinci.de/cgi-bin/appl/selfservice.pl?action=search;resultsize=10000;reload=1'.
2021-10-26T20-37-16___13692___(shell)___INFO___Amount nodes for comp_name:'HELLA' is amount_nodes:246 for url:'https://hella-jobs.dvinci.de/cgi-bin/appl/selfservice.pl?action=search;resultsize=10000;reload=1'.
2021-10-26T20-37-17___13692___(shell)___INFO___For comp_name:'HELLA' with url:'https://hella-jobs.dvinci.de/cgi-bin/appl/selfservice.pl?action=search;resultsize=10000;reload=1' the following log is written: no new content to insert in data base. Updating time info if necessary Proceeeding,...
2021-10-26T20-37-17___13692___(shell)___WARN___For comp_name:'HELLA' with url:'https://hella-jobs.dvinci.de/cgi-bin/appl/selfservice.pl?action=search;resultsize=10000;reload=1' the following log is written: 0 new job titles for the time database for the given day: 18926.
2021-10-26T20-37-17___13692___(shell)___INFO___For comp_name:'HELLA' with url:'https://hella-jobs.dvinci.de/cgi-bin/appl/selfservice.pl?action=search;resultsize=10000;reload=1' the following log is written: 235 new jobs were updated in multi_time data base. 11 of it are duplicates.
