[1] TRUE
Got permission denied while trying to connect to the Docker daemon socket at unix:///var/run/docker.sock: Get http://%2Fvar%2Frun%2Fdocker.sock/v1.29/containers/json?all=1: dial unix /var/run/docker.sock: connect: permission denied
"docker rm" requires at least 1 argument(s).
See 'docker rm --help'.

Usage:  docker rm [OPTIONS] CONTAINER [CONTAINER...]

Remove one or more containers
Got permission denied while trying to connect to the Docker daemon socket at unix:///var/run/docker.sock: Get http://%2Fvar%2Frun%2Fdocker.sock/v1.29/containers/json?all=1: dial unix /var/run/docker.sock: connect: permission denied
[sudo] password for rstudio: "docker rm" requires at least 1 argument(s).
See 'docker rm --help'.

Usage:  docker rm [OPTIONS] CONTAINER [CONTAINER...]

Remove one or more containers
Registered S3 method overwritten by 'Rcpp':
  method      from   
  print.bytes openssl
[sudo] password for rstudio: e4dd9bfdd38e197c66ba53ae8124d84203a5ad6179aaf0101a740fad00f77169
[1] "Connecting to remote server"
$applicationCacheEnabled
[1] TRUE

$rotatable
[1] FALSE

$handlesAlerts
[1] TRUE

$databaseEnabled
[1] TRUE

$version
[1] "45.0.2"

$platform
[1] "LINUX"

$nativeEvents
[1] FALSE

$acceptSslCerts
[1] TRUE

$webdriver.remote.sessionid
[1] "66ee2720-80e2-4917-8673-34ba3388dd89"

$webStorageEnabled
[1] TRUE

$locationContextEnabled
[1] TRUE

$browserName
[1] "firefox"

$takesScreenshot
[1] TRUE

$javascriptEnabled
[1] TRUE

$cssSelectorsEnabled
[1] TRUE

$id
[1] "66ee2720-80e2-4917-8673-34ba3388dd89"

[1] "QIOPTIC"

Selenium message:arguments[0].click is not a function
Build info: version: '2.53.1', revision: 'a36b8b1', time: '2016-06-30 17:37:03'
System info: host: 'e4dd9bfdd38e', ip: '172.17.0.2', os.name: 'Linux', os.arch: 'amd64', os.version: '4.15.0-1048-aws', java.version: '1.8.0_91'
Driver info: driver.version: unknown

[1] "nr: 2"
<simpleError: 	 Summary: UnknownError
 	 Detail: An unknown server-side error occurred while processing the command.
 	 class: org.openqa.selenium.WebDriverException
	 Further Details: run errorDetails method>
[1] "BANKSAPI"
[1] "WIRECARD"
[1] "FLIXBUS"
[1] "QIAGEN"
[1] 1
[1] 2
[1] 3
[1] 4
[1] 5
[1] 6
[1] 7
[1] 8
[1] 9
[1] 10
[1] 11
[1] 12
[1] 13
[1] 14
[1] 15
[1] 16
[1] 17
[1] "SCHNEIDERLE"
[1] 1
[1] "METRO-AG"

Selenium message:Unable to locate element: {"method":"xpath","selector":"/html/body/div[1]/div/div[1]/div/div[4]/div[2]/button"}
For documentation on this error, please visit: http://seleniumhq.org/exceptions/no_such_element.html
Build info: version: '2.53.1', revision: 'a36b8b1', time: '2016-06-30 17:37:03'
System info: host: 'e4dd9bfdd38e', ip: '172.17.0.2', os.name: 'Linux', os.arch: 'amd64', os.version: '4.15.0-1048-aws', java.version: '1.8.0_91'
Driver info: driver.version: unknown

[1] "nr: 3"
<simpleError: 	 Summary: NoSuchElement
 	 Detail: An element could not be located on the page using the given search parameters.
 	 class: org.openqa.selenium.NoSuchElementException
	 Further Details: run errorDetails method>
[1] "CELONIS"
[1] "MEDIAMARKT-SATURN"
[1] 1
[1] "ENBW"
[1] 1
[1] 2
[1] 3
[1] 4
[1] 5
[1] 6
[1] 7
[1] 8
[1] 9
[1] 10
[1] 11
[1] 12
[1] 13
[1] 14
[1] 15
[1] 16
[1] 17
[1] 18
[1] 19
[1] 20
[1] 21
[1] 22
[1] 23
[1] 24
[1] 25
[1] 26
[1] 27
[1] "SCHNEIDERELE"
[1] 1
[1] 2
[1] 3
[1] 4
[1] 5
[1] 6
[1] "nr: 4"
<simpleError in (function (..., row.names = NULL, check.rows = FALSE, check.names = TRUE,     fix.empty.names = TRUE, stringsAsFactors = default.stringsAsFactors()) {    data.row.names <- if (check.rows && is.null(row.names))         function(current, new, i) {            if (is.character(current))                 new <- as.character(new)            if (is.character(new))                 current <- as.character(current)            if (anyDuplicated(new))                 return(current)            if (is.null(current))                 return(new)            if (all(current == new) || all(current == ""))                 return(new)            stop(gettextf("mismatch of row names in arguments of 'data.frame', item %d",                 i), domain = NA)        }    else function(current, new, i) {        if (is.null(current)) {            if (anyDuplicated(new)) {                warning(gettextf("some row.names duplicated: %s --> row.names NOT used",                   paste(which(duplicated(new)), collapse = ",")),                   domain = NA)                current            }            else new        }        else current    }    object <- as.list(substitute(list(...)))[-1L]    mirn <- missing(row.names)    mrn <- is.null(row.names)    x <- list(...)    n <- length(x)    if (n < 1L) {        if (!mrn) {            if (is.object(row.names) || !is.integer(row.names))                 row.names <- as.character(row.names)            if (anyNA(row.names))                 stop("row names contain missing values")            if (anyDuplicated(row.names))                 stop(gettextf("duplicate row.names: %s", paste(unique(row.names[duplicated(row.names)]),                   collapse = ", ")), domain = NA)        }        else row.names <- integer()        return(structure(list(), names = character(), row.names = row.names,             class = "data.frame"))    }    vnames <- names(x)    if (length(vnames) != n)         vnames <- character(n)    no.vn <- !nzchar(vnames)    vlist <- vnames <- as.list(vnames)    nrows <- ncols <- integer(n)    for (i in seq_len(n)) {        xi <- if (is.character(x[[i]]) || is.list(x[[i]]))             as.data.frame(x[[i]], optional = TRUE, stringsAsFactors = stringsAsFactors)        else as.data.frame(x[[i]], optional = TRUE)        nrows[i] <- .row_names_info(xi)        ncols[i] <- length(xi)        namesi <- names(xi)        if (ncols[i] > 1L) {            if (length(namesi) == 0L)                 namesi <- seq_len(ncols[i])            vnames[[i]] <- if (no.vn[i])                 namesi            else paste(vnames[[i]], namesi, sep = ".")        }        else if (length(namesi)) {            vnames[[i]] <- namesi        }        else if (fix.empty.names && no.vn[[i]]) {            tmpname <- deparse(object[[i]], nlines = 1L)[1L]            if (substr(tmpname, 1L, 2L) == "I(") {                ntmpn <- nchar(tmpname, "c")                if (substr(tmpname, ntmpn, ntmpn) == ")")                   tmpname <- substr(tmpname, 3L, ntmpn - 1L)            }            vnames[[i]] <- tmpname        }        if (mirn && nrows[i] > 0L) {            rowsi <- attr(xi, "row.names")            if (any(nzchar(rowsi)))                 row.names <- data.row.names(row.names, rowsi,                   i)        }        nrows[i] <- abs(nrows[i])        vlist[[i]] <- xi    }    nr <- max(nrows)    for (i in seq_len(n)[nrows < nr]) {        xi <- vlist[[i]]        if (nrows[i] > 0L && (nr%%nrows[i] == 0L)) {            xi <- unclass(xi)            fixed <- TRUE            for (j in seq_along(xi)) {                xi1 <- xi[[j]]                if (is.vector(xi1) || is.factor(xi1))                   xi[[j]] <- rep(xi1, length.out = nr)                else if (is.character(xi1) && inherits(xi1, "AsIs"))                   xi[[j]] <- structure(rep(xi1, length.out = nr),                     class = class(xi1))                else if (inherits(xi1, "Date") || inherits(xi1,                   "POSIXct"))                   xi[[j]] <- rep(xi1, length.out = nr)                else {                  fixed <- FALSE                  break                }            }            if (fixed) {                vlist[[i]] <- xi                next            }        }        stop(gettextf("arguments imply differing number of rows: %s",             paste(unique(nrows), collapse = ", ")), domain = NA)    }    value <- unlist(vlist, recursive = FALSE, use.names = FALSE)    vnames <- unlist(vnames[ncols > 0L])    if (fix.empty.names && any(noname <- !nzchar(vnames)))         vnames[noname] <- paste0("Var.", seq_along(vnames))[noname]    if (check.names) {        if (fix.empty.names)             vnames <- make.names(vnames, unique = TRUE)        else {            nz <- nzchar(vnames)            vnames[nz] <- make.names(vnames[nz], unique = TRUE)        }    }    names(value) <- vnames    if (!mrn) {        if (length(row.names) == 1L && nr != 1L) {            if (is.character(row.names))                 row.names <- match(row.names, vnames, 0L)            if (length(row.names) != 1L || row.names < 1L ||                 row.names > length(vnames))                 stop("'row.names' should specify one of the variables")            i <- row.names            row.names <- value[[i]]            value <- value[-i]        }        else if (!is.null(row.names) && length(row.names) !=             nr)             stop("row names supplied are of the wrong length")    }    else if (!is.null(row.names) && length(row.names) != nr) {        warning("row names were found from a short variable and have been discarded")        row.names <- NULL    }    class(value) <- "data.frame"    if (is.null(row.names))         attr(value, "row.names") <- .set_row_names(nr)    else {        if (is.object(row.names) || !is.integer(row.names))             row.names <- as.character(row.names)        if (anyNA(row.names))             stop("row names contain missing values")        if (anyDuplicated(row.names))             stop(gettextf("duplicate row.names: %s", paste(unique(row.names[duplicated(row.names)]),                 collapse = ", ")), domain = NA)        row.names(value) <- row.names    }    value})(c("CH-Zürich-Horgen", "DE-Baden-Württemberg", "DE-Bayern-Marktheidenfeld", "DE-Baden-Württemberg-Neuenstadt am Kocher", "DE-Nordrhein-Westfalen; DE-Nordrhein-Westfalen-Düsseldorf; DE-Nordrhein-Westfalen-DortmundMehr...", "DE-Nordrhein-Westfalen-Ratingen", "DE-Berlin; DE-Berlin-Berlin", "DE-Hessen-Seligenstadt", "DE-Berlin-Berlin", "DE-Berlin; Deutschland; DE-BrandenburgMehr...", "CH-Zürich-Horgen", "DE-Baden-Württemberg-Lahr", "DE-Sachsen Anhalt; DE-Brandenburg; DE-SachsenMehr...", "DE-Baden-Württemberg-Stuttgart", "DE-Baden-Württemberg-Neuenstadt am Kocher", "DE-Bayern-Marktheidenfeld; DE-Bayern", "DE-Bayern-Marktheidenfeld; DE-Bayern", "AT-Wien-Wien", "CH-Zürich-Horgen", "AT-Wien-Wien", "DE-Bayern-Marktheidenfeld; DE-Bayern", "DE-Nordrhein-Westfalen-Ratingen", "Deutschland", "DE-Berlin-Berlin; DE-Hessen-Frankfurt am Main; DE-Home OfficeMehr...", "DE-Home Office; DE-Hessen; DE-Nordrhein-WestfalenMehr..."),     c("DE-Hessen-Seligenstadt; DE-Nordrhein-Westfalen-Ratingen; DE-Nordrhein-Westfalen-Wiehl",     "DE-Nordrhein-Westfalen-Ratingen", "DE-Bayern-München",     "CH-Aargau-Aargau-Wettingen; CH-Basel-Stadt-Basel; CH-Bern-BernMehr...",     "Deutschland", "Deutschland; DE-Berlin; DE-Baden-Württemberg-StuttgartMehr...",     "DE-Bayern-Marktheidenfeld", "DE-Hessen-Seligenstadt", "DE-Bayern-Marktheidenfeld",     "CH-Waadt-Waadt-Renens; Schweiz; CH-FreiburgMehr...", "DE-Berlin; DE-Sachsen-Dresden; DE-Sachsen-LeipzigMehr...",     "DE-Nordrhein-Westfalen-Ratingen", "CH-Zürich-Horgen", "CH-Aargau-Aargau-Wettingen",     "AT-Wien-Wien", "AT-Wien-Wien", "CH-Aargau-Aargau-Wettingen",     "Deutschland", "DE-Baden-Württemberg-Lahr", "DE-Baden-Württemberg-Lahr",     "DE-Baden-Württemberg-Neuenstadt am Kocher", "DE-Hessen-Seligenstadt",     "DE-Bayern-München; DE-Home Office-Home Office", "DE-Bayern-München",     "DE-Sachsen Anhalt-Magdeburg; DE-Sachsen Anhalt; DE-ThüringenMehr..."    ), c("DE-Baden-Württemberg-Lahr", "DE-Baden-Württemberg-Stuttgart; DE-Baden-Württemberg",     "DE-Baden-Württemberg-Lahr", "CH-Zürich-Horgen; CH-Bern; CH-Aargau-Aargau",     "CH-Zürich-Horgen", "CH-Bern-Ittigen; CH-Freiburg; CH-GenfMehr...",     "DE-Baden-Württemberg-Lahr", "DE-Baden-Württemberg-Lahr",     "CH-Aargau-Aargau-Wettingen", "CH-Aargau-Aargau-Wettingen",     "DE-Bayern-München; DE-Bayern", "DE-Hessen-Frankfurt am Main; DE-Hessen-Seligenstadt; DE-Frankfurt am MainMehr...",     "DE-Hessen-Seligenstadt", "CH-Zürich-Horgen", "DE-Nordrhein-Westfalen-Ratingen",     "DE-Baden-Württemberg-Stuttgart", "CH-Zürich-Horgen", "CH-Zürich-Horgen",     "CH-Zürich-Horgen; CH-Waadt-Waadt-Renens", "DE-Baden-Württemberg-Mannheim; DE-Baden-Württemberg-Stuttgart; DE-Bayern-NürnbergMehr...",     "DE-Nordrhein-Westfalen-Ratingen", "DE-Bayern-Nürnberg",     "DE-Bayern-München; DE-Bayern", "DE-Berlin; DE-Brandenburg; DE-Berlin-BerlinMehr...",     "DE-Baden-Württemberg"), c("CH-Bern-Ittigen; Schweiz; CH-Zürich-HorgenMehr...",     "CH-Aargau-Aargau-Wettingen", "CH-Bern-Ittigen", "DE-Nordrhein-Westfalen-Düsseldorf",     "Deutschland", "CH-Zürich; Schweiz", "AT-Wien", "CH-St. Gallen-Rorschach",     "DE-Bayern; DE-Bayern-Nürnberg", "DE-Home Office-Home Office; DE-Bayern; DE-Bayern-NürnbergMehr...",     "AT-Wien-Wien", "CH-Zürich-Horgen", "DE-Home Office; DE-Bayern; DE-Baden-Württemberg-StuttgartMehr...",     "AT-Wien", "DE-Nordrhein-Westfalen-Wiehl", "DE-Bayern-Marktheidenfeld",     "DE-Bayern-Marktheidenfeld", "DE-Bayern-Marktheidenfeld",     "DE-Nordrhein-Westfalen-Ratingen", "DE-Baden-Württemberg-Mannheim",     "AT-Wien-Wien", "DE-Hessen; DE-Home Office; DE-Hessen-SeligenstadtMehr...",     "DE-Sachsen-Dresden; DE-Hessen; DE-SachsenMehr...", "DE-Home Office",     "AT-Wien-Wien"), c("DE-Nordrhein-Westfalen-Düsseldorf",     "DE-Home Office; DE-Bayern", "Deutschland; DE-Berlin-Berlin; DE-Baden-Württemberg-StuttgartMehr...",     "DE-Nordrhein-Westfalen-Ratingen", "DE-Berlin", "DE-Bayern-Marktheidenfeld; DE-Bayern; AT-WienMehr...",     "DE-Hessen-Seligenstadt", "CH-Aargau-Aargau-Wettingen", "DE-Bayern-Regensburg",     "CH-Aargau-Aargau-Wettingen", "DE-Bayern-Marktheidenfeld; DE-Baden-Württemberg-Lahr",     "DE-Nordrhein-Westfalen-Wiehl", "DE-Home Office-Home Office; DE-Baden-Württemberg; DE-Baden-Württemberg-Stuttgart",     "DE-Bayern-Marktheidenfeld; DE-Baden-Württemberg-Lahr; DE-Nordrhein-Westfalen-RatingenMehr...",     "DE-Bayern-Marktheidenfeld", "DE-Baden-Württemberg-Stuttgart",     "DE-Bayern-Marktheidenfeld", "DE-Bayern-Marktheidenfeld",     "DE-Bayern-Marktheidenfeld", "CH-Zürich-Horgen", "CH-Aargau-Aargau-Wettingen",     "DE-Niedersachsen-Hannover", "DE-Baden-Württemberg-Lahr; DE-Bayern-Marktheidenfeld",     "DE-Bayern-Marktheidenfeld", "DE-Hessen-Seligenstadt"), c("DE-Nordrhein-Westfalen-Wiehl",     "DE-Bayern-Marktheidenfeld", "DE-Baden-Württemberg-Lahr",     "DE-Nordrhein-Westfalen-Ratingen", "CH-Zürich-Horgen", "AT-Oberösterreich-Linz",     "DE-Bayern; DE-Bayern-Nürnberg; DE-Bayern-RegensburgMehr...",     "Deutschland", "CH-Zürich-Horgen", "DE-Berlin-Berlin; DE-Berlin; DE-Brandenburg",     "CH-St. Gallen-Rorschach", "CH-Zürich-Horgen"), check.names = FALSE,     fix.empty.names = TRUE, stringsAsFactors = TRUE): arguments imply differing number of rows: 25, 12>
[1] "ASM-SMT-EUROPE"
[1] "CYNORA"
[1] 1
[1] "CRIF-BUERGEL"
[1] 1
[1] 2
[1] "SENACOR"
[1] 1
[1] 2
[1] 3
[1] 4
[1] 5
[1] 6
[1] 7
[1] "CEWE"
[1] 1
[1] "SAINT-GOBAIN"
[1] 1
[1] 2
[1] 3
[1] 4
[1] 5
[1] 6
[1] 7
[1] 8
[1] 9
[1] 10
[1] 11
[1] 12
[1] 13
[1] 14
[1] 15
[1] 16
[1] "THALES"
[1] 1
[1] 2
[1] "BFFT"
[1] "HILTI"
[1] 1
[1] 2
[1] 3
[1] 4
[1] 5
[1] 6
[1] 7
[1] 8
[1] 9
[1] 10
[1] 11
[1] "DEVOTEAM"
[1] 1
[1] 2
[1] 3
[1] 4
[1] 5
[1] 6
[1] 7
[1] 8
[1] 9
[1] 10
[1] 11
[1] 12
[1] 13
[1] 14
[1] 15
[1] "ALNATURA"
[1] 1
[1] 2
[1] "LINDT"
[1] 1
[1] 2
[1] 3
[1] 4
[1] 5
[1] 6
[1] 7
[1] 8
[1] 9
[1] 10
[1] 11
[1] 12
[1] "BARCLAYS"
[1] "trying: 20"

Selenium message:Element is not currently visible and so may not be interacted with
Build info: version: '2.53.1', revision: 'a36b8b1', time: '2016-06-30 17:37:03'
System info: host: 'e4dd9bfdd38e', ip: '172.17.0.2', os.name: 'Linux', os.arch: 'amd64', os.version: '4.15.0-1048-aws', java.version: '1.8.0_91'
Driver info: driver.version: unknown

[1] "25, 50, 75,... not successful"
[1] 1
[1] 2
[1] 3
[1] 4
[1] 5
[1] 6
[1] 7
[1] 8
[1] 9
[1] 10
[1] 11
[1] 12
[1] 13
[1] 14
[1] 15
[1] 16
[1] 17
[1] 18
[1] 19
[1] 20
[1] 21
[1] 22
[1] 23
[1] 24
[1] 25
[1] 26
[1] 27
[1] 28
[1] 29
[1] 30
[1] 31
[1] 32
[1] 33
[1] 34
[1] 35
[1] 36
[1] 37
[1] 38
[1] 39
[1] 40
[1] 41
[1] 42
[1] 43
[1] 44
[1] 45
[1] "LEGO"
[1] "trying: 20"
[1] 1
[1] 2
[1] 3
[1] 4
[1] 5
[1] 6
[1] 7
[1] 8
[1] 9
[1] 10
[1] 11
[1] 12
[1] 13
[1] 14
[1] 15
[1] 16
[1] 17
[1] 18
[1] 19
[1] 20
[1] 21
[1] 22
[1] 23
[1] 24
[1] 25
[1] 26
[1] 27
[1] 28
[1] 29
[1] 30
[1] 31
[1] 32
[1] 33
[1] 34
[1] 35
[1] 36
[1] 37
[1] 38
[1] 39
[1] 40
[1] 41
[1] 42
[1] 43
[1] "KARSTADT"
[1] 1
[1] "TELEKOM"
[1] "trying: 20"
[1] 1
[1] 2
[1] "BASF"
[1] "no link to click"
[1] 1
[1] "no link to click"
[1] 0
[1] "RWE"
[1] 1
[1] 2
[1] 3
[1] 4
[1] 5
[1] 6
[1] 7
[1] 8
[1] 9
[1] "THYSSEN"
[1] "ING-DIBA"
[1] 1
[1] 2
[1] "BUNDESBANK"
[1] "trying: 20"

Selenium message:Element is not currently visible and so may not be interacted with
Build info: version: '2.53.1', revision: 'a36b8b1', time: '2016-06-30 17:37:03'
System info: host: 'e4dd9bfdd38e', ip: '172.17.0.2', os.name: 'Linux', os.arch: 'amd64', os.version: '4.15.0-1048-aws', java.version: '1.8.0_91'
Driver info: driver.version: unknown

[1] "25, 50, 75,... not successful"
[1] 1
[1] 2
[1] "SCHWARZ"
[1] 1
[1] 2
[1] 3
[1] 4
[1] 5
[1] 6
[1] 7
[1] 8
[1] 9
[1] 10
[1] 11
[1] 12
[1] 13
[1] 14
[1] 15
[1] 16
[1] 17

Selenium message:Unexpected modal dialog (text: A script on this page may be busy, or it may have stopped responding. You can stop the script now, open the script in the debugger, or let the script continue.

Script: https://www.google-analytics.com/plugins/ua/linkid.js:1): A script on this page may be busy, or it may have stopped responding. You can stop the script now, open the script in the debugger, or let the script continue.

Script: https://www.google-analytics.com/plugins/ua/linkid.js:1
Build info: version: '2.53.1', revision: 'a36b8b1', time: '2016-06-30 17:37:03'
System info: host: 'e4dd9bfdd38e', ip: '172.17.0.2', os.name: 'Linux', os.arch: 'amd64', os.version: '4.15.0-1048-aws', java.version: '1.8.0_91'
Driver info: org.openqa.selenium.firefox.FirefoxDriver
Capabilities [{applicationCacheEnabled=true, rotatable=false, handlesAlerts=true, databaseEnabled=true, version=45.0.2, platform=LINUX, nativeEvents=false, acceptSslCerts=true, webStorageEnabled=true, locationContextEnabled=true, browserName=firefox, takesScreenshot=true, javascriptEnabled=true, cssSelectorsEnabled=true}]
Session ID: 75b6b8d9-3c5f-4750-8b18-8f714939ce07
*** Element info: {Using=xpath, value=//*[text() = 19]}

[1] "nr: 5"
<simpleError: 	 Summary: UnexpectedAlertOpen
 	 Detail: A modal dialog was open, blocking this operation
 	 class: org.openqa.selenium.UnhandledAlertException
	 Further Details: run errorDetails method>
[1] "RUV"
[1] 1
[1] 20
[1] 30
[1] 40
[1] 50
[1] 60
[1] 70
[1] 80
[1] 90
[1] 100
[1] 110
[1] 120
[1] 130
[1] 140
[1] 150
[1] 160
[1] 170
[1] 180
[1] 190
[1] 200
[1] 210
[1] 220
[1] 230
[1] 240
[1] 250
[1] 260
[1] 270
[1] 280
[1] 290
[1] 300
[1] 310
[1] 320
[1] 330
[1] 340
[1] 350
[1] 360
[1] 370
[1] 380
[1] 390
[1] 400
[1] 410
[1] 420
[1] 430
[1] 440
[1] 450
[1] 460
[1] 470
[1] 480
[1] 490
[1] 500
[1] 510
[1] 520
[1] 530
[1] 540
[1] 550
[1] 560
[1] 570
[1] 580
[1] 590
[1] 600
[1] 610
[1] 620
[1] 630
[1] 640
[1] 650
[1] 660
[1] 670
[1] 680
[1] 690
[1] 700
[1] 710
[1] 720
[1] 730
[1] 740
[1] 750
[1] 760
[1] 770
[1] 780
[1] 790
[1] 800
[1] 810
[1] 820
[1] 830
[1] 840
[1] 850
[1] 860
[1] 870
[1] 880
[1] 890
[1] 900
[1] 910
[1] 920
[1] 930
[1] 940
[1] 950
[1] 960
[1] 970
[1] 980
[1] 990
[1] 1000
[1] 1010
[1] 1020
[1] 1030
[1] 1040
[1] 1050
[1] 1060
[1] 1070
[1] 1080
[1] 1090
[1] 1100
[1] 1110
[1] 1120
[1] 1130
[1] 1140
[1] 1150
[1] 1160
[1] 1170
[1] 1180
[1] 1190
[1] 1200
[1] 1210
[1] 1220
[1] 1230
[1] 1240
[1] 1250
[1] 1260
[1] 1270
[1] 1280
[1] 1290
[1] 1300
[1] 1310
[1] 1320
[1] 1330
[1] 1340
[1] 1350
[1] 1360
[1] 1370
[1] 1380
[1] 1390
[1] 1400
[1] 1410
[1] 1420
[1] 1430
[1] 1440
[1] 1450
[1] 1460
[1] 1470
[1] 1480
[1] 1490
[1] 1500
[1] 1510
[1] 1520
[1] 1530
[1] 1540
[1] 1550
[1] 1560
[1] 1570
[1] 1580
[1] 1590
[1] 1600
[1] 1610
[1] 1620
[1] 1630
[1] 1640
[1] 1650
[1] 1660
[1] 1670
[1] 1680
[1] 1690
[1] 1700
[1] 1710
[1] 1720
[1] "no link to click"
[1] 1724
[1] "METRO"

Selenium message:Unable to locate element: {"method":"xpath","selector":"//a[text() = 100]"}
For documentation on this error, please visit: http://seleniumhq.org/exceptions/no_such_element.html
Build info: version: '2.53.1', revision: 'a36b8b1', time: '2016-06-30 17:37:03'
System info: host: 'e4dd9bfdd38e', ip: '172.17.0.2', os.name: 'Linux', os.arch: 'amd64', os.version: '4.15.0-1048-aws', java.version: '1.8.0_91'
Driver info: driver.version: unknown

[1] "nr: 6"
<simpleError: 	 Summary: NoSuchElement
 	 Detail: An element could not be located on the page using the given search parameters.
 	 class: org.openqa.selenium.NoSuchElementException
	 Further Details: run errorDetails method>
[1] "ZALANDO"

Selenium message:Permission denied to access property "handleEvent"
Build info: version: '2.53.1', revision: 'a36b8b1', time: '2016-06-30 17:37:03'
System info: host: 'e4dd9bfdd38e', ip: '172.17.0.2', os.name: 'Linux', os.arch: 'amd64', os.version: '4.15.0-1048-aws', java.version: '1.8.0_91'
Driver info: driver.version: unknown

[1] "nr: 7"
<simpleError: 	 Summary: UnknownError
 	 Detail: An unknown server-side error occurred while processing the command.
 	 class: org.openqa.selenium.WebDriverException
	 Further Details: run errorDetails method>
[1] "BOEHRINGER"
[1] 1
[1] 2
[1] 3
[1] 4
[1] 5
[1] 6
[1] 7
[1] 8
[1] "AIRBUS"
[1] "no link to click"
[1] 1
[1] "no link to click"
[1] 0
[1] "VATTENFALL"

Selenium message:Permission denied to access property "handleEvent"
Build info: version: '2.53.1', revision: 'a36b8b1', time: '2016-06-30 17:37:03'
System info: host: 'e4dd9bfdd38e', ip: '172.17.0.2', os.name: 'Linux', os.arch: 'amd64', os.version: '4.15.0-1048-aws', java.version: '1.8.0_91'
Driver info: driver.version: unknown

[1] "25, 50, 75,... not successful"
[1] 1
[1] "OBI"
[1] "trying: 20"
[1] 1
[1] 2
[1] 3
[1] 4
[1] 5
[1] 6
[1] 7
[1] "DEUTSCHE-BÖRSE"
[1] 1
[1] 2
[1] 3
[1] 4
[1] "BEIERSDORF"
[1] "trying: 20"

Selenium message:Element is not currently visible and so may not be interacted with
Build info: version: '2.53.1', revision: 'a36b8b1', time: '2016-06-30 17:37:03'
System info: host: 'e4dd9bfdd38e', ip: '172.17.0.2', os.name: 'Linux', os.arch: 'amd64', os.version: '4.15.0-1048-aws', java.version: '1.8.0_91'
Driver info: driver.version: unknown

[1] "25, 50, 75,... not successful"
[1] 1
[1] 2
[1] 3
[1] 4
[1] 5
[1] 6
[1] 7
[1] 8
[1] 9
[1] "ROSSMANN"
[1] "trying: 20"
[1] 1
[1] 2
[1] 3
[1] 4
[1] 5
[1] 6
[1] 7
[1] 8
[1] 9
[1] 10
[1] 11
[1] 12
[1] 13
[1] 14
[1] 15
[1] 16
[1] 17
[1] 18
[1] 19
[1] 20
[1] 21
[1] 22
[1] 23
[1] 24
[1] 25
[1] 26
[1] 27
[1] 28
[1] 29
[1] 30
[1] 31
[1] 32
[1] 33
[1] 34
[1] 35
[1] 36
[1] 37
[1] 38
[1] 39
[1] 40
[1] 41
[1] 42
[1] 43
[1] 44
[1] 45
[1] 46
[1] 47
[1] 48
[1] 49
[1] 50
[1] 51
[1] 52
[1] 53
[1] 54
[1] 55
[1] 56
[1] 57
[1] 58
[1] 59
[1] 60
[1] 61
[1] 62
[1] 63
[1] 64
[1] 65
[1] 66
[1] 67
[1] 68
[1] 69
[1] 70
[1] 71
[1] 72
[1] 73
[1] 74
[1] 75
[1] 76
[1] 77
[1] 78
[1] 79
[1] 80
[1] 81
[1] 82
[1] 83
[1] 84
[1] 85
[1] 86
[1] 87
[1] 88
[1] 89
[1] 90
[1] 91
[1] 92
[1] 93
[1] 94
[1] 95
[1] 96
[1] 97
[1] 98
[1] 99
[1] "EDEKA"
[1] 1
[1] "PORSCHE"
[1] 1
[1] "Auto1"
[1] 1
[1] 2
[1] "PROCTER-G"
[1] "Dont have the link name included....please add it!"
[1] "TAKEDA"
[1] 1
[1] "BADENOCH"
[1] 1
[1] "IDNOW"
[1] 1
[1] "BABBEL-ENGIN"
[1] "SYNTERACT"
[1] "SIEMENS-DATA-SCIENCE"
[1] 1
[1] "JDA-SOFTWARE"
[1] 1
[1] "GROVER"
[1] "SIEGWERK"
[1] 1
[1] 2
[1] 3
[1] "CODECHECK"
[1] "PUBLICIS"
[1] "ABBOTT"
[1] 1
[1] 2
[1] 3
[1] "BIONTECH"
[1] "EEX"

Selenium message:Element is not currently visible and so may not be interacted with
Build info: version: '2.53.1', revision: 'a36b8b1', time: '2016-06-30 17:37:03'
System info: host: 'e4dd9bfdd38e', ip: '172.17.0.2', os.name: 'Linux', os.arch: 'amd64', os.version: '4.15.0-1048-aws', java.version: '1.8.0_91'
Driver info: driver.version: unknown

[1] "switch to click2"
[1] 1

Selenium message:Element is not currently visible and so may not be interacted with
Build info: version: '2.53.1', revision: 'a36b8b1', time: '2016-06-30 17:37:03'
System info: host: 'e4dd9bfdd38e', ip: '172.17.0.2', os.name: 'Linux', os.arch: 'amd64', os.version: '4.15.0-1048-aws', java.version: '1.8.0_91'
Driver info: driver.version: unknown

[1] "switch to click2"
[1] 2
[1] 3
[1] "SANOFI"
[1] "GBG-MANNHEIM"
[1] "AxelSpringer"
[1] 1
[1] 2
[1] 3
[1] 4
[1] 5
[1] 6
[1] 7
[1] 8
[1] 9
[1] 10
[1] 11
[1] 12
[1] 13
[1] 14
[1] 15
[1] 16
[1] 17
[1] 18
[1] 19
[1] 20
[1] 21
[1] 22
[1] 23
[1] 24
[1] 25
[1] 26
[1] 27
[1] 28
[1] 29
[1] 30
[1] 31
[1] 32
[1] 33
[1] 34
[1] 35
[1] 36
[1] 37
[1] 38
[1] 39
[1] 40
[1] 41
[1] 42
[1] 43
[1] 44
[1] 45
[1] 46
[1] 47
[1] 48
[1] 49
[1] 50
[1] 51
[1] 52
[1] 53
[1] 54
[1] 55
[1] 56
[1] 57
[1] 58
[1] 59
[1] 60
[1] 61
[1] 62
[1] 63
[1] 64
[1] 65
[1] 66
[1] 67
[1] 68
[1] 69
[1] 70
[1] 71
[1] 72
[1] 73
[1] 74
[1] 75
[1] 76
[1] 77
[1] 78
[1] 79
[1] 80
[1] 81
[1] 82
[1] 83
[1] 84
[1] 85
[1] 86
[1] 87
[1] 88
[1] "MODIS"
[1] 1
[1] "CAPGEMINI"
[1] 1
[1] "BND"
[1] "BLOOMBERG"
[1] 1
[1] 2
[1] "DATEV"
[1] 1
[1] "DIVA-E"
[1] 1
[1] "INVISION"

Selenium message:arguments[0].click is not a function
Build info: version: '2.53.1', revision: 'a36b8b1', time: '2016-06-30 17:37:03'
System info: host: 'e4dd9bfdd38e', ip: '172.17.0.2', os.name: 'Linux', os.arch: 'amd64', os.version: '4.15.0-1048-aws', java.version: '1.8.0_91'
Driver info: driver.version: unknown

[1] "nr: 8"
<simpleError: 	 Summary: UnknownError
 	 Detail: An unknown server-side error occurred while processing the command.
 	 class: org.openqa.selenium.WebDriverException
	 Further Details: run errorDetails method>
[1] "CUNDA"
[1] 1
[1] 2
[1] "HARZKLINIKUM"
[1] "JOST"
[1] 1
[1] "SPARKASSE-DTLD"
[1] 1
[1] 2
[1] 3
[1] 4
[1] 5
[1] 6
[1] 7
[1] 8
[1] 9
[1] 10
[1] 11
[1] 12
[1] 13
[1] 14
[1] 15
[1] 16
[1] 17
[1] 18
[1] 19
[1] 20
[1] 21
[1] 22
[1] 23
[1] 24
[1] 25
[1] 26
[1] "MANUFACTUM"
[1] "MYTOYS"
[1] 1
[1] 20
[1] 30
[1] 40
[1] 50
[1] 60
[1] 70
[1] 80

Selenium message:Element is not currently visible and so may not be interacted with
Build info: version: '2.53.1', revision: 'a36b8b1', time: '2016-06-30 17:37:03'
System info: host: 'e4dd9bfdd38e', ip: '172.17.0.2', os.name: 'Linux', os.arch: 'amd64', os.version: '4.15.0-1048-aws', java.version: '1.8.0_91'
Driver info: driver.version: unknown

[1] "switch to click2"
[1] 90
[1] "CRATE-BARREL"
[1] 1
[1] 2
[1] 3
[1] 4
[1] 5
[1] 6
[1] 7
[1] 8
[1] 9
[1] 10
[1] 11
[1] 12
[1] 13
[1] 14
[1] 15
[1] 16
[1] 17
[1] 18
[1] 19
[1] 20
[1] 21
[1] 22
[1] 23
[1] 24
[1] 25
[1] 26
[1] 27
[1] 28
[1] 29
[1] 30
[1] 31
[1] 32
[1] 33
[1] 34
[1] 35
[1] 36
[1] 37
[1] 38
[1] 39
[1] 40
[1] "EOS"
[1] 1
[1] 15
[1] 20
[1] 25
[1] 30
[1] 35
[1] 40
[1] 45
[1] 50
[1] 55
[1] 60
[1] 65
[1] 70
[1] 75
[1] 80
[1] 85
[1] "no link to click"
[1] 89
[1] "FRANKONIA"
[1] 1
[1] "HERMES"
[1] 1
[1] 2
[1] 3
[1] 4
[1] 5
[1] 6
[1] 7
[1] 8
[1] 9
[1] 10
[1] 11
[1] 12
[1] 13
[1] 14
[1] 15
[1] 16
[1] 17
[1] 18
[1] 19
[1] 20
[1] 21
[1] 22
[1] 23
[1] 24
[1] "HOLIDAYCHECK-POL"
[1] "RISKIDENT"
[1] "SCHWAB"
[1] "SOCIETY-GENERAL"
[1] 1
[1] "SPORTCHECK"
[1] 1
[1] "UNITO"
[1] "WITT"
[1] 1
[1] 2
[1] 3
[1] 4
[1] 5
[1] 6
[1] 7
[1] 8
[1] 9
[1] 10
[1] 11
[1] 12
[1] 13
[1] 14
[1] 15
[1] "HOCHTIEF"
[1] 1
[1] 2
[1] 3
[1] 4
[1] 5
[1] 6
[1] 7
[1] 8
[1] 9
[1] 10
[1] 11
[1] 12
[1] 13
[1] 14
[1] 15
[1] 16
[1] 17
[1] 18
[1] 19
[1] "LIMANGO"
[1] 1
[1] "MARKANT"
[1] 1
[1] 2
[1] "WEHRLE"
[1] "HVH"
[1] 1
[1] 2
[1] "COLLECT-AI"
[1] "ABOUT-YOU"
[1] 1
[1] 2
[1] 3
[1] 4
[1] 5
[1] 6
[1] 7
[1] 8
[1] 9
[1] 10
[1] 11
[1] 12
[1] 13
[1] 14
[1] "BAUR"
[1] "BONPRIX"
[1] 1
[1] 2
[1] 3
[1] 4
[1] 5
[1] 6
[1] "BMW"
[1] 1
[1] 2
[1] 3
[1] 4
[1] 5
[1] 6
[1] 7
[1] 8
[1] 9
[1] 10
[1] 11
[1] 12
[1] 13
[1] 14
[1] 15
[1] 16
[1] 17
[1] 18
[1] 19
[1] 20
[1] 21
[1] 22
[1] "PWC"
[1] 1
[1] 2
[1] 3
[1] 4
[1] 5
[1] 6
[1] "SILTRONIC"
[1] "AMG"

Selenium message:Unable to locate element: {"method":"xpath","selector":"//option[@value = 100]"}
For documentation on this error, please visit: http://seleniumhq.org/exceptions/no_such_element.html
Build info: version: '2.53.1', revision: 'a36b8b1', time: '2016-06-30 17:37:03'
System info: host: 'e4dd9bfdd38e', ip: '172.17.0.2', os.name: 'Linux', os.arch: 'amd64', os.version: '4.15.0-1048-aws', java.version: '1.8.0_91'
Driver info: driver.version: unknown

[1] "nr: 9"
<simpleError: 	 Summary: NoSuchElement
 	 Detail: An element could not be located on the page using the given search parameters.
 	 class: org.openqa.selenium.NoSuchElementException
	 Further Details: run errorDetails method>
[1] "MAHLE"
[1] "nr: 10"
<simpleError in increase[[1]]: subscript out of bounds>
[1] "VHV"
[1] 1
[1] "STADTWERK-OSNABRÜCK"
[1] "SWISSLIFE"
[1] 1
[1] 2
[1] 3
[1] 4
[1] 5
[1] 6
[1] 7
[1] 8
[1] 9
[1] "SARACUS"
[1] "ROCHE-DTLD"
[1] 1
[1] 30
[1] 45
[1] 60
[1] 75
[1] 90
[1] 105
[1] 120
[1] 135
[1] 150
[1] 165
[1] 180
[1] 195
[1] "no link to click"
[1] 209
[1] "REHAU"
[1] 1
[1] 2
[1] 3
[1] 4
[1] "KAUFLAND-IT"
[1] 1
[1] 2
[1] 3
[1] 4
[1] 5
[1] 6
[1] 7
[1] 8
[1] 9
[1] 10
[1] 11
[1] 12
[1] 13
[1] 14
[1] 15
[1] "INOVEX"
[1] 1
[1] "FUCHS-DTLD"
[1] "FOCKE"
[1] 1
[1] 2
[1] "EVONIK"
[1] 1
[1] 2
[1] 3
[1] 4
[1] 5
[1] 6
[1] 7
[1] 8
[1] 9
[1] "EISENMANN"
[1] 1
[1] "CIMPA"
[1] 1
[1] "CID"
[1] "BOSCH"

Selenium message:Element is not clickable at point (1390.5, 22.23333740234375). Other element would receive the click: <div tabindex="-1" class="BoschPrivacySettingsV2__overlay"></div>
Command duration or timeout: 62.41 seconds
Build info: version: '2.53.1', revision: 'a36b8b1', time: '2016-06-30 17:37:03'
System info: host: 'e4dd9bfdd38e', ip: '172.17.0.2', os.name: 'Linux', os.arch: 'amd64', os.version: '4.15.0-1048-aws', java.version: '1.8.0_91'
Driver info: org.openqa.selenium.firefox.FirefoxDriver
Capabilities [{applicationCacheEnabled=true, rotatable=false, handlesAlerts=true, databaseEnabled=true, version=45.0.2, platform=LINUX, nativeEvents=false, acceptSslCerts=true, webStorageEnabled=true, locationContextEnabled=true, browserName=firefox, takesScreenshot=true, javascriptEnabled=true, cssSelectorsEnabled=true}]
Session ID: 75b6b8d9-3c5f-4750-8b18-8f714939ce07

[1] "switch to click2"
[1] 1

Selenium message:Element is not clickable at point (1441.5, 1330.433349609375). Other element would receive the click: <div role="dialog" aria-modal="true" aria-labelledby="privacy-settings-iydewgfvb-title" class="BoschPrivacySettingsV2__container"></div>
Command duration or timeout: 11.69 seconds
Build info: version: '2.53.1', revision: 'a36b8b1', time: '2016-06-30 17:37:03'
System info: host: 'e4dd9bfdd38e', ip: '172.17.0.2', os.name: 'Linux', os.arch: 'amd64', os.version: '4.15.0-1048-aws', java.version: '1.8.0_91'
Driver info: org.openqa.selenium.firefox.FirefoxDriver
Capabilities [{applicationCacheEnabled=true, rotatable=false, handlesAlerts=true, databaseEnabled=true, version=45.0.2, platform=LINUX, nativeEvents=false, acceptSslCerts=true, webStorageEnabled=true, locationContextEnabled=true, browserName=firefox, takesScreenshot=true, javascriptEnabled=true, cssSelectorsEnabled=true}]
Session ID: 75b6b8d9-3c5f-4750-8b18-8f714939ce07

[1] "switch to click2"
[1] 18

Selenium message:Element is not clickable at point (1441.5, 2648.63330078125). Other element would receive the click: <div tabindex="-1" class="BoschPrivacySettingsV2__overlay"></div>
Command duration or timeout: 54.86 seconds
Build info: version: '2.53.1', revision: 'a36b8b1', time: '2016-06-30 17:37:03'
System info: host: 'e4dd9bfdd38e', ip: '172.17.0.2', os.name: 'Linux', os.arch: 'amd64', os.version: '4.15.0-1048-aws', java.version: '1.8.0_91'
Driver info: org.openqa.selenium.firefox.FirefoxDriver
Capabilities [{applicationCacheEnabled=true, rotatable=false, handlesAlerts=true, databaseEnabled=true, version=45.0.2, platform=LINUX, nativeEvents=false, acceptSslCerts=true, webStorageEnabled=true, locationContextEnabled=true, browserName=firefox, takesScreenshot=true, javascriptEnabled=true, cssSelectorsEnabled=true}]
Session ID: 75b6b8d9-3c5f-4750-8b18-8f714939ce07

[1] "switch to click2"
[1] 27

Selenium message:Element is not clickable at point (1441.5, 12.433334350585938). Other element would receive the click: <div tabindex="-1" class="BoschPrivacySettingsV2__overlay"></div>
Command duration or timeout: 238.90 seconds
Build info: version: '2.53.1', revision: 'a36b8b1', time: '2016-06-30 17:37:03'
System info: host: 'e4dd9bfdd38e', ip: '172.17.0.2', os.name: 'Linux', os.arch: 'amd64', os.version: '4.15.0-1048-aws', java.version: '1.8.0_91'
Driver info: org.openqa.selenium.firefox.FirefoxDriver
Capabilities [{applicationCacheEnabled=true, rotatable=false, handlesAlerts=true, databaseEnabled=true, version=45.0.2, platform=LINUX, nativeEvents=false, acceptSslCerts=true, webStorageEnabled=true, locationContextEnabled=true, browserName=firefox, takesScreenshot=true, javascriptEnabled=true, cssSelectorsEnabled=true}]
Session ID: 75b6b8d9-3c5f-4750-8b18-8f714939ce07

[1] "switch to click2"
[1] 36
[1] "no link to click"
[1] 42
[1] "BOSCH-ANALYTICS"

Selenium message:Build info: version: '2.53.1', revision: 'a36b8b1', time: '2016-06-30 17:37:03'
System info: host: 'e4dd9bfdd38e', ip: '172.17.0.2', os.name: 'Linux', os.arch: 'amd64', os.version: '4.15.0-1048-aws', java.version: '1.8.0_91'
Driver info: driver.version: unknown

[1] "nr: 11"
<simpleError: 	 Summary: UnknownError
 	 Detail: An unknown server-side error occurred while processing the command.
 	 class: org.openqa.selenium.remote.SessionNotFoundException
	 Further Details: run errorDetails method>
[1] "BOERSE-STUTTGART"

Selenium message:Build info: version: '2.53.1', revision: 'a36b8b1', time: '2016-06-30 17:37:03'
System info: host: 'e4dd9bfdd38e', ip: '172.17.0.2', os.name: 'Linux', os.arch: 'amd64', os.version: '4.15.0-1048-aws', java.version: '1.8.0_91'
Driver info: driver.version: unknown

[sudo] password for rstudio: 9ee537cc5bc59615c7ed09be1c8aa03f92c0987b2c264a67af2280f9432c7003
[1] "Connecting to remote server"

Selenium message:Unable to connect to host localhost on port 7055 after 45000 ms. Firefox console output:


[1] "nr: 12"
<simpleError: 	 Summary: UnknownError
 	 Detail: An unknown server-side error occurred while processing the command.
 	 class: org.openqa.selenium.firefox.NotConnectedException
	 Further Details: run errorDetails method>
[1] "APOBANK"
[1] "Connecting to remote server"
[1] "nr: 13"
<simpleError in checkError(res): Undefined error in httr call. httr output: Failed to connect to localhost port 40557: Connection refused>
[1] "21-SPORTS"
[1] "Connecting to remote server"
[1] "nr: 14"
<simpleError in checkError(res): Undefined error in httr call. httr output: Failed to connect to localhost port 44680: Connection refused>
[1] "ALPENVEREIN"
[1] "Connecting to remote server"
[1] "nr: 15"
<simpleError in checkError(res): Undefined error in httr call. httr output: Failed to connect to localhost port 40017: Connection refused>
[1] "APTIV"
[1] "Connecting to remote server"
[1] "nr: 16"
<simpleError in checkError(res): Undefined error in httr call. httr output: Failed to connect to localhost port 44882: Connection refused>
[1] "AUDI"
[1] "Connecting to remote server"
[1] "nr: 17"
<simpleError in checkError(res): Undefined error in httr call. httr output: Failed to connect to localhost port 43452: Connection refused>
[1] "BIOTRONIK"
[1] "Connecting to remote server"
[1] "nr: 18"
<simpleError in checkError(res): Undefined error in httr call. httr output: Failed to connect to localhost port 45722: Connection refused>
[1] "DELOITTE-DATA"
[1] "Connecting to remote server"
[1] "nr: 19"
<simpleError in checkError(res): Undefined error in httr call. httr output: Failed to connect to localhost port 38879: Connection refused>
[1] "FERCHAU-DATA-SCIENCE"
[1] "Connecting to remote server"
[1] "nr: 20"
<simpleError in checkError(res): Undefined error in httr call. httr output: Failed to connect to localhost port 44108: Connection refused>
[1] "GASTROLINE"
[1] "Connecting to remote server"
[1] "nr: 21"
<simpleError in checkError(res): Undefined error in httr call. httr output: Failed to connect to localhost port 39622: Connection refused>
[1] "GENERALI"
[1] "Connecting to remote server"
[1] "nr: 22"
<simpleError in checkError(res): Undefined error in httr call. httr output: Failed to connect to localhost port 40957: Connection refused>
[1] "GVB"
[1] "Connecting to remote server"
[1] "nr: 23"
<simpleError in checkError(res): Undefined error in httr call. httr output: Failed to connect to localhost port 38920: Connection refused>
[1] "GVWE"
[1] "Connecting to remote server"
[1] "nr: 24"
<simpleError in checkError(res): Undefined error in httr call. httr output: Failed to connect to localhost port 40751: Connection refused>
[1] "HAUFE"
[1] "Connecting to remote server"
[1] "nr: 25"
<simpleError in checkError(res): Undefined error in httr call. httr output: Failed to connect to localhost port 38560: Connection refused>
[1] "HFG"
[1] "Connecting to remote server"
[1] "nr: 26"
<simpleError in checkError(res): Undefined error in httr call. httr output: Failed to connect to localhost port 42443: Connection refused>
[1] "HIGH-TECH"
[1] "Connecting to remote server"
[1] "nr: 27"
<simpleError in checkError(res): Undefined error in httr call. httr output: Failed to connect to localhost port 39517: Connection refused>
[1] "IAV"
[1] "Connecting to remote server"
[1] "nr: 28"
<simpleError in checkError(res): Undefined error in httr call. httr output: Failed to connect to localhost port 47476: Connection refused>
[1] "MEINDL"
[1] "Connecting to remote server"
[1] "nr: 29"
<simpleError in checkError(res): Undefined error in httr call. httr output: Failed to connect to localhost port 39376: Connection refused>
[1] "MTU"
[1] "Connecting to remote server"
[1] "nr: 30"
<simpleError in checkError(res): Undefined error in httr call. httr output: Failed to connect to localhost port 38914: Connection refused>
[1] "MUENCH-HYP-ENTWICKLUNG"
[1] "Connecting to remote server"
[1] "nr: 31"
<simpleError in checkError(res): Undefined error in httr call. httr output: Failed to connect to localhost port 44883: Connection refused>
[1] "MUENCH-HYP-IMMO"
[1] "Connecting to remote server"
[1] "nr: 32"
<simpleError in checkError(res): Undefined error in httr call. httr output: Failed to connect to localhost port 41327: Connection refused>
[1] "MUENCH-HYP-IMMOBEWERT"
[1] "Connecting to remote server"
[1] "nr: 33"
<simpleError in checkError(res): Undefined error in httr call. httr output: Failed to connect to localhost port 39380: Connection refused>
[1] "MUENCH-HYP-IT"
[1] "Connecting to remote server"
[1] "nr: 34"
<simpleError in checkError(res): Undefined error in httr call. httr output: Failed to connect to localhost port 45826: Connection refused>
[1] "MUENCH-HYP-KAPITALMARKT"
[1] "Connecting to remote server"
[1] "nr: 35"
<simpleError in checkError(res): Undefined error in httr call. httr output: Failed to connect to localhost port 40579: Connection refused>
[1] "MUENCH-HYP-PRIVATIMMO"
[1] "Connecting to remote server"
[1] "nr: 36"
<simpleError in checkError(res): Undefined error in httr call. httr output: Failed to connect to localhost port 47618: Connection refused>
[1] "MUENCH-HYP-ZENTRALE"
[1] "Connecting to remote server"
[1] "nr: 37"
<simpleError in checkError(res): Undefined error in httr call. httr output: Failed to connect to localhost port 39127: Connection refused>
[1] "NAMICS"
[1] "Connecting to remote server"
[1] "nr: 38"
<simpleError in checkError(res): Undefined error in httr call. httr output: Failed to connect to localhost port 47674: Connection refused>
[1] "ONMAX"
[1] "Connecting to remote server"
[1] "nr: 39"
<simpleError in checkError(res): Undefined error in httr call. httr output: Failed to connect to localhost port 47808: Connection refused>
[1] "P3"
[1] "Connecting to remote server"
[1] "nr: 40"
<simpleError in checkError(res): Undefined error in httr call. httr output: Failed to connect to localhost port 38227: Connection refused>
[1] "PHILIPS"
[1] "Connecting to remote server"
[1] "nr: 41"
<simpleError in checkError(res): Undefined error in httr call. httr output: Failed to connect to localhost port 45781: Connection refused>
[1] "PSD-BANK"
[1] "Connecting to remote server"
[1] "nr: 42"
<simpleError in checkError(res): Undefined error in httr call. httr output: Failed to connect to localhost port 45396: Connection refused>
[1] "RAIFEISEN"
[1] "Connecting to remote server"
[1] "nr: 43"
<simpleError in checkError(res): Undefined error in httr call. httr output: Failed to connect to localhost port 38957: Connection refused>
[1] "RATIOPHARM-TEVA"
[1] "Connecting to remote server"
[1] "nr: 44"
<simpleError in checkError(res): Undefined error in httr call. httr output: Failed to connect to localhost port 42745: Connection refused>
[1] "SPARDA-BANK"
[1] "Connecting to remote server"
[1] "nr: 45"
<simpleError in checkError(res): Undefined error in httr call. httr output: Failed to connect to localhost port 46779: Connection refused>
[1] "TALANX"
[1] "Connecting to remote server"
[1] "nr: 46"
<simpleError in checkError(res): Undefined error in httr call. httr output: Failed to connect to localhost port 39727: Connection refused>
[1] "TRUMPF"
[1] "Connecting to remote server"
[1] "nr: 47"
<simpleError in checkError(res): Undefined error in httr call. httr output: Failed to connect to localhost port 44505: Connection refused>
[1] "USU"
[1] "Connecting to remote server"
[1] "nr: 48"
<simpleError in checkError(res): Undefined error in httr call. httr output: Failed to connect to localhost port 45159: Connection refused>
[1] "VANDERLANDE"
[1] "Connecting to remote server"
[1] "nr: 49"
<simpleError in checkError(res): Undefined error in httr call. httr output: Failed to connect to localhost port 38941: Connection refused>
[1] "VERBAND-REGIONEN"
[1] "Connecting to remote server"
[1] "nr: 50"
<simpleError in checkError(res): Undefined error in httr call. httr output: Failed to connect to localhost port 43546: Connection refused>
[1] "VODAFONE-DIGITAL "
[1] "Connecting to remote server"
[1] "nr: 51"
<simpleError in checkError(res): Undefined error in httr call. httr output: Failed to connect to localhost port 38686: Connection refused>
[1] "COMDIREKT"
[1] "Connecting to remote server"
[1] "nr: 52"
<simpleError in checkError(res): Undefined error in httr call. httr output: Failed to connect to localhost port 40429: Connection refused>
[1] "PERKIN"
[1] "Connecting to remote server"
[1] "nr: 53"
<simpleError in checkError(res): Undefined error in httr call. httr output: Failed to connect to localhost port 47856: Connection refused>
[1] "FLASCHENPOST"
[sudo] password for rstudio: f74e407c94f4a674d3f1120a7d804e146330480514cfe02b8621c4f747a9e263
docker: Error response from daemon: grpc: the connection is unavailable.
[1] "Connecting to remote server"
[1] "nr: 54"
<simpleError in checkError(res): Undefined error in httr call. httr output: Failed to connect to localhost port 39824: Connection refused>
[1] "ERPWERK"
[1] "Connecting to remote server"
[1] "nr: 55"
<simpleError in checkError(res): Undefined error in httr call. httr output: Failed to connect to localhost port 47538: Connection refused>
[1] "MY-TAXI"
[1] "Connecting to remote server"
[1] "nr: 56"
<simpleError in checkError(res): Undefined error in httr call. httr output: Failed to connect to localhost port 38903: Connection refused>
[1] "MICOBO"
[1] "Connecting to remote server"
[1] "nr: 57"
<simpleError in checkError(res): Undefined error in httr call. httr output: Failed to connect to localhost port 38521: Connection refused>
[1] "ON-AG"
[1] "Connecting to remote server"
[1] "nr: 58"
<simpleError in checkError(res): Undefined error in httr call. httr output: Failed to connect to localhost port 38896: Connection refused>
[1] "FIDUCIA"
[sudo] password for rstudio: dc504007cb2b013bd4cd08ab6734897b4e54aa0c1f13455c33a7a3cc0628f177
[1] "Connecting to remote server"
[1] "nr: 59"
<simpleError in checkError(res): Undefined error in httr call. httr output: Recv failure: Connection reset by peer>
[1] "DEUTSCHE-BAHN-DIGITAL"
[1] "Connecting to remote server"
[1] "nr: 60"
<simpleError in checkError(res): Undefined error in httr call. httr output: Failed to connect to localhost port 41945: Connection refused>
[1] "BRUNEL"
[1] "Connecting to remote server"
[1] "nr: 61"
<simpleError in checkError(res): Undefined error in httr call. httr output: Failed to connect to localhost port 45316: Connection refused>
[1] "CARESYNTAX"
[1] "Connecting to remote server"
[1] "nr: 62"
<simpleError in checkError(res): Undefined error in httr call. httr output: Failed to connect to localhost port 42111: Connection refused>
[1] "AAREAL"
[1] "Connecting to remote server"
[1] "nr: 63"
<simpleError in checkError(res): Undefined error in httr call. httr output: Failed to connect to localhost port 43841: Connection refused>
[1] "CARGONEXX"
[1] "Connecting to remote server"
[1] "nr: 64"
<simpleError in checkError(res): Undefined error in httr call. httr output: Failed to connect to localhost port 38610: Connection refused>
[1] "CEGEKA"
[1] "Connecting to remote server"
[1] "nr: 65"
<simpleError in checkError(res): Undefined error in httr call. httr output: Failed to connect to localhost port 46814: Connection refused>
[1] "CELANESE"
[1] "Connecting to remote server"
[1] "nr: 66"
<simpleError in checkError(res): Undefined error in httr call. httr output: Failed to connect to localhost port 39039: Connection refused>
[1] "CELERAONE"
[1] "Connecting to remote server"
[1] "nr: 67"
<simpleError in checkError(res): Undefined error in httr call. httr output: Failed to connect to localhost port 38365: Connection refused>
[1] "CETOGENE"
[1] "Connecting to remote server"
[1] "nr: 68"
<simpleError in checkError(res): Undefined error in httr call. httr output: Failed to connect to localhost port 47102: Connection refused>
[1] "CLARANET"
[1] "Connecting to remote server"
[1] "nr: 69"
<simpleError in checkError(res): Undefined error in httr call. httr output: Failed to connect to localhost port 45069: Connection refused>
[1] "COYO"
[1] "Connecting to remote server"
[1] "nr: 70"
<simpleError in checkError(res): Undefined error in httr call. httr output: Failed to connect to localhost port 42007: Connection refused>
[1] "CRITEO"
[1] "Connecting to remote server"
[1] "nr: 71"
<simpleError in checkError(res): Undefined error in httr call. httr output: Failed to connect to localhost port 39799: Connection refused>
[1] "CONTIAMO"
[1] "Connecting to remote server"
[1] "nr: 72"
<simpleError in checkError(res): Undefined error in httr call. httr output: Failed to connect to localhost port 45811: Connection refused>
[1] "CTS-EVENTIM"
[1] "Connecting to remote server"
[1] "nr: 73"
<simpleError in checkError(res): Undefined error in httr call. httr output: Failed to connect to localhost port 45507: Connection refused>
[1] "DELIVERO-HERO"
[1] "Connecting to remote server"
[1] "nr: 74"
<simpleError in checkError(res): Undefined error in httr call. httr output: Failed to connect to localhost port 47862: Connection refused>
[1] "DELPHI"
[1] "Connecting to remote server"
[1] "nr: 75"
<simpleError in checkError(res): Undefined error in httr call. httr output: Failed to connect to localhost port 44796: Connection refused>
[1] "DEUTSCHE-LEASING"
[1] "Connecting to remote server"
[1] "nr: 76"
<simpleError in checkError(res): Undefined error in httr call. httr output: Failed to connect to localhost port 41609: Connection refused>
[1] "DFINE"
[1] "Connecting to remote server"
[1] "nr: 77"
<simpleError in checkError(res): Undefined error in httr call. httr output: Failed to connect to localhost port 42184: Connection refused>
[1] "DKB"
[1] "Connecting to remote server"
[1] "nr: 78"
<simpleError in checkError(res): Undefined error in httr call. httr output: Failed to connect to localhost port 43053: Connection refused>
[1] "DM-TECH"
[1] "Connecting to remote server"
[1] "nr: 79"
<simpleError in checkError(res): Undefined error in httr call. httr output: Failed to connect to localhost port 43848: Connection refused>
[1] "DOEHLER"
[1] "Connecting to remote server"
[1] "nr: 80"
<simpleError in checkError(res): Undefined error in httr call. httr output: Failed to connect to localhost port 40282: Connection refused>
[1] "DOUGLAS"
[1] "Connecting to remote server"
[1] "nr: 81"
<simpleError in checkError(res): Undefined error in httr call. httr output: Failed to connect to localhost port 43239: Connection refused>
[1] "DZBANK"
[1] "Connecting to remote server"
[1] "nr: 82"
<simpleError in checkError(res): Undefined error in httr call. httr output: Failed to connect to localhost port 43739: Connection refused>
[1] "ALLDUS"
[1] "Connecting to remote server"
[1] "nr: 83"
<simpleError in checkError(res): Undefined error in httr call. httr output: Failed to connect to localhost port 39189: Connection refused>
[1] "ASC-JOBS"
[1] "Connecting to remote server"
[1] "nr: 84"
<simpleError in checkError(res): Undefined error in httr call. httr output: Failed to connect to localhost port 40628: Connection refused>
[1] "AUTOMATION-ANYWHERE"
[1] "Connecting to remote server"
[1] "nr: 85"
<simpleError in checkError(res): Undefined error in httr call. httr output: Failed to connect to localhost port 46293: Connection refused>
[1] "AVANADE"
[1] "Connecting to remote server"
[1] "nr: 86"
<simpleError in checkError(res): Undefined error in httr call. httr output: Failed to connect to localhost port 39728: Connection refused>
[1] "BALOISE"
[1] "Connecting to remote server"
[1] "nr: 87"
<simpleError in checkError(res): Undefined error in httr call. httr output: Failed to connect to localhost port 39683: Connection refused>
[1] "BCG-DIGITAL"
[1] "Connecting to remote server"
[1] "nr: 88"
<simpleError in checkError(res): Undefined error in httr call. httr output: Failed to connect to localhost port 42050: Connection refused>
[1] "BD4TRAVEL"
[1] "Connecting to remote server"
[1] "nr: 89"
<simpleError in checkError(res): Undefined error in httr call. httr output: Failed to connect to localhost port 38306: Connection refused>
[1] "BITBURGER"
[1] "Connecting to remote server"
[1] "nr: 90"
<simpleError in checkError(res): Undefined error in httr call. httr output: Failed to connect to localhost port 44173: Connection refused>
[1] "BREUNINGER"
[1] "Connecting to remote server"
[1] "nr: 91"
<simpleError in checkError(res): Undefined error in httr call. httr output: Failed to connect to localhost port 45968: Connection refused>
[1] "COBIBIKE"
[1] "Connecting to remote server"
[1] "nr: 92"
<simpleError in checkError(res): Undefined error in httr call. httr output: Failed to connect to localhost port 42204: Connection refused>
[1] "EQUENSWORDLINE"
[1] "Connecting to remote server"
[1] "nr: 93"
<simpleError in checkError(res): Undefined error in httr call. httr output: Failed to connect to localhost port 40035: Connection refused>
[1] "EXASOL"
[1] "Connecting to remote server"
[1] "nr: 94"
<simpleError in checkError(res): Undefined error in httr call. httr output: Failed to connect to localhost port 40222: Connection refused>
[1] "ADAC"
[1] "Connecting to remote server"
[1] "nr: 95"
<simpleError in checkError(res): Undefined error in httr call. httr output: Failed to connect to localhost port 46127: Connection refused>
[1] NA
[1] "Connecting to remote server"
[1] "nr: 96"
<simpleError in checkError(res): Undefined error in httr call. httr output: Failed to connect to localhost port 47253: Connection refused>
[1] NA
[1] "Connecting to remote server"
[1] "nr: 97"
<simpleError in checkError(res): Undefined error in httr call. httr output: Failed to connect to localhost port 39861: Connection refused>
[1] NA
[1] "Connecting to remote server"
[1] "nr: 98"
<simpleError in checkError(res): Undefined error in httr call. httr output: Failed to connect to localhost port 44604: Connection refused>
[1] NA
[1] "Connecting to remote server"
[1] "nr: 99"
<simpleError in checkError(res): Undefined error in httr call. httr output: Failed to connect to localhost port 40140: Connection refused>
[1] NA
[1] "Connecting to remote server"
[1] "nr: 100"
<simpleError in checkError(res): Undefined error in httr call. httr output: Failed to connect to localhost port 46858: Connection refused>
[1] NA
[1] "Connecting to remote server"
[1] "nr: 101"
<simpleError in checkError(res): Undefined error in httr call. httr output: Failed to connect to localhost port 46307: Connection refused>
[1] NA
[1] "Connecting to remote server"
[1] "nr: 102"
<simpleError in checkError(res): Undefined error in httr call. httr output: Failed to connect to localhost port 39055: Connection refused>
[1] NA
[1] "Connecting to remote server"
[1] "nr: 103"
<simpleError in checkError(res): Undefined error in httr call. httr output: Failed to connect to localhost port 47158: Connection refused>
[1] NA
[1] "Connecting to remote server"
[1] "nr: 104"
<simpleError in checkError(res): Undefined error in httr call. httr output: Failed to connect to localhost port 39185: Connection refused>
[1] NA
[1] "Connecting to remote server"
[1] "nr: 105"
<simpleError in checkError(res): Undefined error in httr call. httr output: Failed to connect to localhost port 46243: Connection refused>
[1] NA
[1] "Connecting to remote server"
[1] "nr: 106"
<simpleError in checkError(res): Undefined error in httr call. httr output: Failed to connect to localhost port 44429: Connection refused>
[1] NA
[1] "Connecting to remote server"
[1] "nr: 107"
<simpleError in checkError(res): Undefined error in httr call. httr output: Failed to connect to localhost port 39690: Connection refused>
[1] NA
[1] "Connecting to remote server"
[1] "nr: 108"
<simpleError in checkError(res): Undefined error in httr call. httr output: Failed to connect to localhost port 39990: Connection refused>
[1] NA
[1] "Connecting to remote server"
[1] "nr: 109"
<simpleError in checkError(res): Undefined error in httr call. httr output: Failed to connect to localhost port 40459: Connection refused>
[1] NA
[1] "Connecting to remote server"
[1] "nr: 110"
<simpleError in checkError(res): Undefined error in httr call. httr output: Failed to connect to localhost port 40628: Connection refused>
[1] NA
[1] "Connecting to remote server"
[1] "nr: 111"
<simpleError in checkError(res): Undefined error in httr call. httr output: Failed to connect to localhost port 43815: Connection refused>
[1] NA
[1] "Connecting to remote server"
[1] "nr: 112"
<simpleError in checkError(res): Undefined error in httr call. httr output: Failed to connect to localhost port 43240: Connection refused>
[1] NA
[1] "Connecting to remote server"
[1] "nr: 113"
<simpleError in checkError(res): Undefined error in httr call. httr output: Failed to connect to localhost port 42739: Connection refused>
[1] NA
[1] "Connecting to remote server"
[1] "nr: 114"
<simpleError in checkError(res): Undefined error in httr call. httr output: Failed to connect to localhost port 42083: Connection refused>
[1] NA
[1] "Connecting to remote server"
[1] "nr: 115"
<simpleError in checkError(res): Undefined error in httr call. httr output: Failed to connect to localhost port 39152: Connection refused>
[1] NA
[1] "Connecting to remote server"
[1] "nr: 116"
<simpleError in checkError(res): Undefined error in httr call. httr output: Failed to connect to localhost port 44944: Connection refused>
[1] NA
[1] "Connecting to remote server"
[1] "nr: 117"
<simpleError in checkError(res): Undefined error in httr call. httr output: Failed to connect to localhost port 45399: Connection refused>
[1] NA
[1] "Connecting to remote server"
[1] "nr: 118"
<simpleError in checkError(res): Undefined error in httr call. httr output: Failed to connect to localhost port 47673: Connection refused>
[1] NA
[1] "Connecting to remote server"
[1] "nr: 119"
<simpleError in checkError(res): Undefined error in httr call. httr output: Failed to connect to localhost port 39752: Connection refused>
[1] NA
[1] "Connecting to remote server"
[1] "nr: 120"
<simpleError in checkError(res): Undefined error in httr call. httr output: Failed to connect to localhost port 39859: Connection refused>
[1] NA
[1] "Connecting to remote server"
[1] "nr: 121"
<simpleError in checkError(res): Undefined error in httr call. httr output: Failed to connect to localhost port 38492: Connection refused>
[1] NA
[1] "Connecting to remote server"
[1] "nr: 122"
<simpleError in checkError(res): Undefined error in httr call. httr output: Failed to connect to localhost port 40093: Connection refused>
[1] NA
[1] "Connecting to remote server"
[1] "nr: 123"
<simpleError in checkError(res): Undefined error in httr call. httr output: Failed to connect to localhost port 46017: Connection refused>
[1] NA
[1] "Connecting to remote server"
[1] "nr: 124"
<simpleError in checkError(res): Undefined error in httr call. httr output: Failed to connect to localhost port 43816: Connection refused>
[1] NA
[1] "Connecting to remote server"
[1] "nr: 125"
<simpleError in checkError(res): Undefined error in httr call. httr output: Failed to connect to localhost port 41775: Connection refused>
[1] NA
[1] "Connecting to remote server"
[1] "nr: 126"
<simpleError in checkError(res): Undefined error in httr call. httr output: Failed to connect to localhost port 42506: Connection refused>
[1] NA
[1] "Connecting to remote server"
[1] "nr: 127"
<simpleError in checkError(res): Undefined error in httr call. httr output: Failed to connect to localhost port 47072: Connection refused>
[1] NA
[1] "Connecting to remote server"
[1] "nr: 128"
<simpleError in checkError(res): Undefined error in httr call. httr output: Failed to connect to localhost port 43177: Connection refused>
[1] NA
[1] "Connecting to remote server"
[1] "nr: 129"
<simpleError in checkError(res): Undefined error in httr call. httr output: Failed to connect to localhost port 44572: Connection refused>
[1] NA
[1] "Connecting to remote server"
[1] "nr: 130"
<simpleError in checkError(res): Undefined error in httr call. httr output: Failed to connect to localhost port 47654: Connection refused>
[1] NA
[1] "Connecting to remote server"
[1] "nr: 131"
<simpleError in checkError(res): Undefined error in httr call. httr output: Failed to connect to localhost port 39925: Connection refused>
[1] NA
[1] "Connecting to remote server"
[1] "nr: 132"
<simpleError in checkError(res): Undefined error in httr call. httr output: Failed to connect to localhost port 47644: Connection refused>
[1] NA
[1] "Connecting to remote server"
[1] "nr: 133"
<simpleError in checkError(res): Undefined error in httr call. httr output: Failed to connect to localhost port 44821: Connection refused>
[1] NA
[1] "Connecting to remote server"
[1] "nr: 134"
<simpleError in checkError(res): Undefined error in httr call. httr output: Failed to connect to localhost port 40654: Connection refused>
[1] NA
[1] "Connecting to remote server"
[1] "nr: 135"
<simpleError in checkError(res): Undefined error in httr call. httr output: Failed to connect to localhost port 38607: Connection refused>
[1] NA
[1] "Connecting to remote server"
[1] "nr: 136"
<simpleError in checkError(res): Undefined error in httr call. httr output: Failed to connect to localhost port 41876: Connection refused>
[1] NA
[1] "Connecting to remote server"
[1] "nr: 137"
<simpleError in checkError(res): Undefined error in httr call. httr output: Failed to connect to localhost port 41481: Connection refused>
[1] NA
[1] "Connecting to remote server"
[1] "nr: 138"
<simpleError in checkError(res): Undefined error in httr call. httr output: Failed to connect to localhost port 43256: Connection refused>
[1] NA
[1] "Connecting to remote server"
[1] "nr: 139"
<simpleError in checkError(res): Undefined error in httr call. httr output: Failed to connect to localhost port 39292: Connection refused>
[1] NA
[1] "Connecting to remote server"
[1] "nr: 140"
<simpleError in checkError(res): Undefined error in httr call. httr output: Failed to connect to localhost port 41034: Connection refused>
[1] NA
[1] "Connecting to remote server"
[1] "nr: 141"
<simpleError in checkError(res): Undefined error in httr call. httr output: Failed to connect to localhost port 42522: Connection refused>
[1] NA
[1] "Connecting to remote server"
[1] "nr: 142"
<simpleError in checkError(res): Undefined error in httr call. httr output: Failed to connect to localhost port 45444: Connection refused>
[1] NA
[1] "Connecting to remote server"
[1] "nr: 143"
<simpleError in checkError(res): Undefined error in httr call. httr output: Failed to connect to localhost port 41736: Connection refused>
[1] NA
[1] "Connecting to remote server"
[1] "nr: 144"
<simpleError in checkError(res): Undefined error in httr call. httr output: Failed to connect to localhost port 47038: Connection refused>
[1] NA
[1] "Connecting to remote server"
[1] "nr: 145"
<simpleError in checkError(res): Undefined error in httr call. httr output: Failed to connect to localhost port 42290: Connection refused>
[1] NA
[sudo] password for rstudio: 111bfe9dcbb3727ee7170789fdf4ff5db6ef4a24981b4536ab060122e2cfef22
docker: Error response from daemon: grpc: the connection is unavailable.
[1] "Connecting to remote server"
[1] "nr: 146"
<simpleError in checkError(res): Undefined error in httr call. httr output: Failed to connect to localhost port 41222: Connection refused>
[1] NA
[sudo] password for rstudio: 79f210958a1f284bb72a53f44ccc7f37303a9e43d851b63a1bf80499d1021c45
[1] "Connecting to remote server"
[1] "nr: 147"
<simpleError in checkError(res): Undefined error in httr call. httr output: Recv failure: Connection reset by peer>
[1] NA
[1] "Connecting to remote server"
[1] "nr: 148"
<simpleError in checkError(res): Undefined error in httr call. httr output: Failed to connect to localhost port 40883: Connection refused>
[1] NA
[1] "Connecting to remote server"
[1] "nr: 149"
<simpleError in checkError(res): Undefined error in httr call. httr output: Failed to connect to localhost port 43250: Connection refused>
[1] NA
[1] "Connecting to remote server"
[1] "nr: 150"
<simpleError in checkError(res): Undefined error in httr call. httr output: Failed to connect to localhost port 45402: Connection refused>
[1] NA
[1] "Connecting to remote server"
[1] "nr: 151"
<simpleError in checkError(res): Undefined error in httr call. httr output: Failed to connect to localhost port 41742: Connection refused>
[1] NA
[1] "Connecting to remote server"
[1] "nr: 152"
<simpleError in checkError(res): Undefined error in httr call. httr output: Failed to connect to localhost port 42353: Connection refused>
[1] NA
[1] "Connecting to remote server"
[1] "nr: 153"
<simpleError in checkError(res): Undefined error in httr call. httr output: Failed to connect to localhost port 44435: Connection refused>
[1] NA
[1] "Connecting to remote server"
[1] "nr: 154"
<simpleError in checkError(res): Undefined error in httr call. httr output: Failed to connect to localhost port 39803: Connection refused>
[1] NA
[1] "Connecting to remote server"
[1] "nr: 155"
<simpleError in checkError(res): Undefined error in httr call. httr output: Failed to connect to localhost port 38384: Connection refused>
[1] NA
[1] "Connecting to remote server"
[1] "nr: 156"
<simpleError in checkError(res): Undefined error in httr call. httr output: Failed to connect to localhost port 44352: Connection refused>
[1] NA
[1] "Connecting to remote server"
[1] "nr: 157"
<simpleError in checkError(res): Undefined error in httr call. httr output: Failed to connect to localhost port 47036: Connection refused>
[1] NA
[1] "Connecting to remote server"
[1] "nr: 158"
<simpleError in checkError(res): Undefined error in httr call. httr output: Failed to connect to localhost port 41205: Connection refused>
[1] NA
[1] "Connecting to remote server"
[1] "nr: 159"
<simpleError in checkError(res): Undefined error in httr call. httr output: Failed to connect to localhost port 38216: Connection refused>
[1] NA
[1] "Connecting to remote server"
[1] "nr: 160"
<simpleError in checkError(res): Undefined error in httr call. httr output: Failed to connect to localhost port 40351: Connection refused>
[1] NA
[1] "Connecting to remote server"
[1] "nr: 161"
<simpleError in checkError(res): Undefined error in httr call. httr output: Failed to connect to localhost port 40720: Connection refused>
[1] NA
[1] "Connecting to remote server"
[1] "nr: 162"
<simpleError in checkError(res): Undefined error in httr call. httr output: Failed to connect to localhost port 41119: Connection refused>
[1] NA
[1] "Connecting to remote server"
[1] "nr: 163"
<simpleError in checkError(res): Undefined error in httr call. httr output: Failed to connect to localhost port 39670: Connection refused>
[1] NA
[1] "Connecting to remote server"
[1] "nr: 164"
<simpleError in checkError(res): Undefined error in httr call. httr output: Failed to connect to localhost port 45686: Connection refused>
[1] NA
[1] "Connecting to remote server"
[1] "nr: 165"
<simpleError in checkError(res): Undefined error in httr call. httr output: Failed to connect to localhost port 47570: Connection refused>
[1] NA
[1] "Connecting to remote server"
[1] "nr: 166"
<simpleError in checkError(res): Undefined error in httr call. httr output: Failed to connect to localhost port 42946: Connection refused>
[1] NA
[1] "Connecting to remote server"
[1] "nr: 167"
<simpleError in checkError(res): Undefined error in httr call. httr output: Failed to connect to localhost port 43135: Connection refused>
[1] NA
[1] "Connecting to remote server"
[1] "nr: 168"
<simpleError in checkError(res): Undefined error in httr call. httr output: Failed to connect to localhost port 47481: Connection refused>
[1] NA
[1] "Connecting to remote server"
[1] "nr: 169"
<simpleError in checkError(res): Undefined error in httr call. httr output: Failed to connect to localhost port 42511: Connection refused>
[1] NA
[1] "Connecting to remote server"
[1] "nr: 170"
<simpleError in checkError(res): Undefined error in httr call. httr output: Failed to connect to localhost port 44675: Connection refused>
[1] NA
[1] "Connecting to remote server"
[1] "nr: 171"
<simpleError in checkError(res): Undefined error in httr call. httr output: Failed to connect to localhost port 38780: Connection refused>
[1] NA
[1] "Connecting to remote server"
[1] "nr: 172"
<simpleError in checkError(res): Undefined error in httr call. httr output: Failed to connect to localhost port 42372: Connection refused>
[1] NA
[1] "Connecting to remote server"
[1] "nr: 173"
<simpleError in checkError(res): Undefined error in httr call. httr output: Failed to connect to localhost port 43363: Connection refused>
[1] NA
[1] "Connecting to remote server"
[1] "nr: 174"
<simpleError in checkError(res): Undefined error in httr call. httr output: Failed to connect to localhost port 45363: Connection refused>
[1] NA
[1] "Connecting to remote server"
[1] "nr: 175"
<simpleError in checkError(res): Undefined error in httr call. httr output: Failed to connect to localhost port 40355: Connection refused>
[1] NA
[1] "Connecting to remote server"
[1] "nr: 176"
<simpleError in checkError(res): Undefined error in httr call. httr output: Failed to connect to localhost port 46948: Connection refused>
[1] NA
[1] "Connecting to remote server"
[1] "nr: 177"
<simpleError in checkError(res): Undefined error in httr call. httr output: Failed to connect to localhost port 40801: Connection refused>
[1] NA
[1] "Connecting to remote server"
[1] "nr: 178"
<simpleError in checkError(res): Undefined error in httr call. httr output: Failed to connect to localhost port 39328: Connection refused>
[1] NA
[1] "Connecting to remote server"
[1] "nr: 179"
<simpleError in checkError(res): Undefined error in httr call. httr output: Failed to connect to localhost port 45433: Connection refused>
[1] NA
[1] "Connecting to remote server"
[1] "nr: 180"
<simpleError in checkError(res): Undefined error in httr call. httr output: Failed to connect to localhost port 45535: Connection refused>
[1] NA
[1] "Connecting to remote server"
[1] "nr: 181"
<simpleError in checkError(res): Undefined error in httr call. httr output: Failed to connect to localhost port 43203: Connection refused>
[1] NA
[1] "Connecting to remote server"
[1] "nr: 182"
<simpleError in checkError(res): Undefined error in httr call. httr output: Failed to connect to localhost port 44986: Connection refused>
[1] NA
[1] "Connecting to remote server"
[1] "nr: 183"
<simpleError in checkError(res): Undefined error in httr call. httr output: Failed to connect to localhost port 43023: Connection refused>
[1] NA
[1] "Connecting to remote server"
[1] "nr: 184"
<simpleError in checkError(res): Undefined error in httr call. httr output: Failed to connect to localhost port 44173: Connection refused>
[1] NA
[1] "Connecting to remote server"
[1] "nr: 185"
<simpleError in checkError(res): Undefined error in httr call. httr output: Failed to connect to localhost port 43760: Connection refused>
[1] NA
[1] "Connecting to remote server"
[1] "nr: 186"
<simpleError in checkError(res): Undefined error in httr call. httr output: Failed to connect to localhost port 40735: Connection refused>
[1] NA
[1] "Connecting to remote server"
[1] "nr: 187"
<simpleError in checkError(res): Undefined error in httr call. httr output: Failed to connect to localhost port 42277: Connection refused>
[1] NA
[1] "Connecting to remote server"
[1] "nr: 188"
<simpleError in checkError(res): Undefined error in httr call. httr output: Failed to connect to localhost port 39043: Connection refused>
[1] NA
[1] "Connecting to remote server"
[1] "nr: 189"
<simpleError in checkError(res): Undefined error in httr call. httr output: Failed to connect to localhost port 39361: Connection refused>
[1] NA
[1] "Connecting to remote server"
[1] "nr: 190"
<simpleError in checkError(res): Undefined error in httr call. httr output: Failed to connect to localhost port 42361: Connection refused>
[1] NA
[1] "Connecting to remote server"
[1] "nr: 191"
<simpleError in checkError(res): Undefined error in httr call. httr output: Failed to connect to localhost port 45150: Connection refused>
[1] NA
[1] "Connecting to remote server"
[1] "nr: 192"
<simpleError in checkError(res): Undefined error in httr call. httr output: Failed to connect to localhost port 44389: Connection refused>
[1] NA
[1] "Connecting to remote server"
[1] "nr: 193"
<simpleError in checkError(res): Undefined error in httr call. httr output: Failed to connect to localhost port 40829: Connection refused>
[1] NA
[1] "Connecting to remote server"
[1] "nr: 194"
<simpleError in checkError(res): Undefined error in httr call. httr output: Failed to connect to localhost port 43248: Connection refused>
[1] NA
[1] "Connecting to remote server"
[1] "nr: 195"
<simpleError in checkError(res): Undefined error in httr call. httr output: Failed to connect to localhost port 47968: Connection refused>
[1] NA
[1] "Connecting to remote server"
[1] "nr: 196"
<simpleError in checkError(res): Undefined error in httr call. httr output: Failed to connect to localhost port 42703: Connection refused>
[1] NA
[1] "Connecting to remote server"
[1] "nr: 197"
<simpleError in checkError(res): Undefined error in httr call. httr output: Failed to connect to localhost port 44430: Connection refused>
[1] NA
[1] "Connecting to remote server"
[1] "nr: 198"
<simpleError in checkError(res): Undefined error in httr call. httr output: Failed to connect to localhost port 45672: Connection refused>
[1] NA
[1] "Connecting to remote server"
[1] "nr: 199"
<simpleError in checkError(res): Undefined error in httr call. httr output: Failed to connect to localhost port 42128: Connection refused>
[1] NA
[1] "Connecting to remote server"
[1] "nr: 200"
<simpleError in checkError(res): Undefined error in httr call. httr output: Failed to connect to localhost port 46331: Connection refused>
[1] NA
[1] "Connecting to remote server"
[1] "nr: 201"
<simpleError in checkError(res): Undefined error in httr call. httr output: Failed to connect to localhost port 45277: Connection refused>
[1] NA
[1] "Connecting to remote server"
[1] "nr: 202"
<simpleError in checkError(res): Undefined error in httr call. httr output: Failed to connect to localhost port 43902: Connection refused>
[1] NA
[1] "Connecting to remote server"
[1] "nr: 203"
<simpleError in checkError(res): Undefined error in httr call. httr output: Failed to connect to localhost port 45114: Connection refused>
[1] NA
[1] "Connecting to remote server"
[1] "nr: 204"
<simpleError in checkError(res): Undefined error in httr call. httr output: Failed to connect to localhost port 45313: Connection refused>
[1] NA
[1] "Connecting to remote server"
[1] "nr: 205"
<simpleError in checkError(res): Undefined error in httr call. httr output: Failed to connect to localhost port 46687: Connection refused>
[1] NA
[1] "Connecting to remote server"
[1] "nr: 206"
<simpleError in checkError(res): Undefined error in httr call. httr output: Failed to connect to localhost port 47754: Connection refused>
[1] NA
[1] "Connecting to remote server"
[1] "nr: 207"
<simpleError in checkError(res): Undefined error in httr call. httr output: Failed to connect to localhost port 45897: Connection refused>
[1] NA
[1] "Connecting to remote server"
[1] "nr: 208"
<simpleError in checkError(res): Undefined error in httr call. httr output: Failed to connect to localhost port 39897: Connection refused>
[1] NA
[1] "Connecting to remote server"
[1] "nr: 209"
<simpleError in checkError(res): Undefined error in httr call. httr output: Failed to connect to localhost port 39553: Connection refused>
[1] NA
[1] "Connecting to remote server"
[1] "nr: 210"
<simpleError in checkError(res): Undefined error in httr call. httr output: Failed to connect to localhost port 44443: Connection refused>
[1] NA
[1] "Connecting to remote server"
[1] "nr: 211"
<simpleError in checkError(res): Undefined error in httr call. httr output: Failed to connect to localhost port 41150: Connection refused>
[1] NA
[1] "Connecting to remote server"
[1] "nr: 212"
<simpleError in checkError(res): Undefined error in httr call. httr output: Failed to connect to localhost port 40198: Connection refused>
[1] NA
[1] "Connecting to remote server"
[1] "nr: 213"
<simpleError in checkError(res): Undefined error in httr call. httr output: Failed to connect to localhost port 44669: Connection refused>
[1] NA
[1] "Connecting to remote server"
[1] "nr: 214"
<simpleError in checkError(res): Undefined error in httr call. httr output: Failed to connect to localhost port 46649: Connection refused>
[1] NA
[1] "Connecting to remote server"
[1] "nr: 215"
<simpleError in checkError(res): Undefined error in httr call. httr output: Failed to connect to localhost port 42015: Connection refused>
[1] NA
[1] "Connecting to remote server"
[1] "nr: 216"
<simpleError in checkError(res): Undefined error in httr call. httr output: Failed to connect to localhost port 48031: Connection refused>
[1] NA
[1] "Connecting to remote server"
[1] "nr: 217"
<simpleError in checkError(res): Undefined error in httr call. httr output: Failed to connect to localhost port 40059: Connection refused>
[1] NA
[1] "Connecting to remote server"
[1] "nr: 218"
<simpleError in checkError(res): Undefined error in httr call. httr output: Failed to connect to localhost port 44330: Connection refused>
[1] NA
[1] "Connecting to remote server"
[1] "nr: 219"
<simpleError in checkError(res): Undefined error in httr call. httr output: Failed to connect to localhost port 42898: Connection refused>
[1] NA
[1] "Connecting to remote server"
[1] "nr: 220"
<simpleError in checkError(res): Undefined error in httr call. httr output: Failed to connect to localhost port 46661: Connection refused>
[1] NA
[1] "Connecting to remote server"
[1] "nr: 221"
<simpleError in checkError(res): Undefined error in httr call. httr output: Failed to connect to localhost port 45356: Connection refused>
[1] NA
[1] "Connecting to remote server"
[1] "nr: 222"
<simpleError in checkError(res): Undefined error in httr call. httr output: Failed to connect to localhost port 40867: Connection refused>
[1] NA
[1] "Connecting to remote server"
[1] "nr: 223"
<simpleError in checkError(res): Undefined error in httr call. httr output: Failed to connect to localhost port 39010: Connection refused>
[1] NA
[1] "Connecting to remote server"
[1] "nr: 224"
<simpleError in checkError(res): Undefined error in httr call. httr output: Failed to connect to localhost port 38278: Connection refused>
[1] NA
[1] "Connecting to remote server"
[1] "nr: 225"
<simpleError in checkError(res): Undefined error in httr call. httr output: Failed to connect to localhost port 45002: Connection refused>
[1] NA
[1] "Connecting to remote server"
[1] "nr: 226"
<simpleError in checkError(res): Undefined error in httr call. httr output: Failed to connect to localhost port 39796: Connection refused>
[1] NA
[1] "Connecting to remote server"
[1] "nr: 227"
<simpleError in checkError(res): Undefined error in httr call. httr output: Failed to connect to localhost port 43430: Connection refused>
[1] NA
[1] "Connecting to remote server"
[1] "nr: 228"
<simpleError in checkError(res): Undefined error in httr call. httr output: Failed to connect to localhost port 42798: Connection refused>
There were 50 or more warnings (use warnings() to see the first 50)
Warning messages:
1: In system("docker rm $(docker ps -a)") :
  system call failed: Cannot allocate memory
2: In system("docker rm $(docker ps -a)") : error in running command
Loading required package: xml2
Registered S3 method overwritten by 'rvest':
  method            from
  read_xml.response xml2
[1] "2019-09-13 07:33:05 UTC"
[1] "CREDITPLUS"
[1] "CHECK24"
[1] "EFSAUTO"
[1] "PROSIEBENSAT1"
[1] "BAYER"
[1] "TRIVAGO"
[1] "IDEALO"
[1] "CLOUDMADE"
[1] "TOUR-RADAR"
[1] "SPECTOS"
[1] "Deutsche-RUECK"
[1] "COFINPRO"
[1] "GRUENDERSZENE"
[1] 13
[1] "GRUENDERSZENE"
<simpleError in data.frame(x = rvestLink, jobName = rvestOut, comp = name, date = Sys.Date(),     location = "", eingestelltAm = "", bereich = ""): arguments imply differing number of rows: 0, 1>
[1] "HEINE"
[1] "HOLIDAYCHECK-ITENG"
[1] "HOLIDAYCHECK-CONTCUST"
[1] "HOLIDAYCHECK-MARKBUSI"
[1] "HOLIDAYCHECK-OPEXC"
[1] "HOLIDAYCHECK-PRODDEV"
[1] "HOLIDAYCHECK-STUD"
[1] "HOLIDAYCHECK-SAL"
[1] 21
[1] "HOLIDAYCHECK-SAL"
<simpleError in data.frame(x = rvestLink, jobName = rvestOut, comp = name, date = Sys.Date(),     location = "", eingestelltAm = "", bereich = ""): arguments imply differing number of rows: 0, 1>
[1] "OSP"
[1] "OTTO-MEDIA"
[1] "PROJECT-A-ENGINEERING"
[1] "SHOPPING24"
[1] "PD"
[1] "CB2"
[1] "DILAX"
[1] "HUK-AUSSEN"
[1] "HUK-ZENTRALE"
[1] "VBG"
[1] "TOP-IT"
[1] "TEAM-FACT"
[1] "MEDPEX-TECH"
[1] "MEDPEX-MARK"
[1] "CONCEPT"
[1] "IMPLICO"
[1] "ARAG"
[1] 38
[1] "ARAG"
<simpleError in open.connection(x, "rb"): HTTP error 404.>
[1] "DZ-PRIVATBANK"
[1] "GP-CONSULT"
[1] "JENZ"
[1] "RATIODATA"
[1] "SCHMETZ"
[1] 43
[1] "SCHMETZ"
<simpleError in data.frame(x = rvestLink, jobName = rvestOut, comp = name, date = Sys.Date(),     location = "", eingestelltAm = "", bereich = ""): arguments imply differing number of rows: 0, 1>
[1] "SCHWAEBISCH-HALL"
[1] "KÖRBER"
[1] 45
[1] "KÖRBER"
<simpleError in data.frame(x = rvestLink, jobName = rvestOut, comp = name, date = Sys.Date(),     location = "", eingestelltAm = "", bereich = ""): arguments imply differing number of rows: 0, 1>
[1] "EOS-UPTRADE"
[1] "KRUSS"
[1] "NOVOMIND"
[1] "DEGUSSA"
[1] "DFL"
[1] "PFANDBRIEFBANK"
[1] "BUSCH"
[1] "CHEMMEDIA"
[1] "CROWDSTRIKE"
[1] 54
[1] "CROWDSTRIKE"
<simpleError in data.frame(x = rvestLink, jobName = rvestOut, comp = name, date = Sys.Date(),     location = "", eingestelltAm = "", bereich = ""): arguments imply differing number of rows: 0, 1>
[1] "CONRAD-CONNECT"
[1] "DATAIKU"
[1] "DEEP-MIND"
[1] 57
[1] "DEEP-MIND"
<simpleError in data.frame(x = rvestLink, jobName = rvestOut, comp = name, date = Sys.Date(),     location = "", eingestelltAm = "", bereich = ""): arguments imply differing number of rows: 0, 1>
[1] "DEFINIENS"
[1] 58
[1] "DEFINIENS"
<simpleError in data.frame(x = rvestLink, jobName = rvestOut, comp = name, date = Sys.Date(),     location = "", eingestelltAm = "", bereich = ""): arguments imply differing number of rows: 0, 1>
[1] "DHL-CONSULTING"
[1] "365FARMNET"
[1] 60
[1] "365FARMNET"
<simpleError in data.frame(x = rvestLink, jobName = rvestOut, comp = name, date = Sys.Date(),     location = "", eingestelltAm = "", bereich = ""): arguments imply differing number of rows: 0, 1>
[1] "COCUS"
[1] "EUFINGER"
[1] "AAI"
[1] "STABILO"
[1] "NETTO"
[1] "TENGELMANN"
[1] "BLOCKHOUSE"
[1] "SOLOACTIVE"
[1] "UNIVERSAL-INVEST-FRANKFURT"
[1] 69
[1] "UNIVERSAL-INVEST-FRANKFURT"
<simpleError in data.frame(x = rvestLink, jobName = rvestOut, comp = name, date = Sys.Date(),     location = "", eingestelltAm = "", bereich = ""): arguments imply differing number of rows: 0, 1>
[1] "UNIVERSAL-INVEST-LUXEMBURG"
[1] 70
[1] "UNIVERSAL-INVEST-LUXEMBURG"
<simpleError in data.frame(x = rvestLink, jobName = rvestOut, comp = name, date = Sys.Date(),     location = "", eingestelltAm = "", bereich = ""): arguments imply differing number of rows: 0, 1>
[1] "CPS"
[1] 71
[1] "CPS"
<simpleError in data.frame(x = rvestLink, jobName = rvestOut, comp = name, date = Sys.Date(),     location = "", eingestelltAm = "", bereich = ""): arguments imply differing number of rows: 0, 1>
[1] "SCHWAEBISCH-MEDIA"
[1] "SUPERMERCATO24"
[1] "CLARK"
[1] "ING-DIBA"
[1] "AMERICAN-TOWER"
[1] "UPS-DTLD"
[1] 77
[1] "UPS-DTLD"
<simpleError in data.frame(x = rvestLink, jobName = rvestOut, comp = name, date = Sys.Date(),     location = "", eingestelltAm = "", bereich = ""): arguments imply differing number of rows: 252, 0, 1>
[1] "OPEN-TABLE"
[1] 78
[1] "OPEN-TABLE"
<simpleError in open.connection(x, "rb"): HTTP error 403.>
[1] "TEXAS-INSTRUMENTS"
[1] 79
[1] "TEXAS-INSTRUMENTS"
<simpleError in UseMethod("read_xml"): no applicable method for 'read_xml' applied to an object of class "NULL">
[1] "MASTERCARD"
[1] "SWISSCOM"
[1] "KLETT"
[1] "PHILLIPS66"
[1] 83
[1] "PHILLIPS66"
<simpleError in make_selector(css, xpath): `xpath` must be a string>
[1] "AGAP2"
[1] 84
[1] "AGAP2"
<simpleError in make_selector(css, xpath): `xpath` must be a string>
[1] "WALLGREENS"
[1] 85
[1] "WALLGREENS"
<simpleError in open.connection(x, "rb"): SSL certificate problem: unable to get local issuer certificate>
[1] "TENNET"
[1] 86
[1] "TENNET"
<simpleError in make_selector(css, xpath): `xpath` must be a string>
[1] "BRENNTAG"
[1] "SALZGITTER"
[1] 88
[1] "SALZGITTER"
<simpleError in make_selector(css, xpath): `xpath` must be a string>
[1] "FIDA"
[1] 89
[1] "FIDA"
<simpleError in make_selector(css, xpath): `xpath` must be a string>
[1] "EWE"
[1] 90
[1] "EWE"
<simpleError in make_selector(css, xpath): `xpath` must be a string>
[1] "50HERTZ"
[1] 91
[1] "50HERTZ"
<simpleError in make_selector(css, xpath): `xpath` must be a string>
[1] "UNIPER"
[1] 92
[1] "UNIPER"
<simpleError in make_selector(css, xpath): `xpath` must be a string>
[1] "TALANX"
[1] 93
[1] "TALANX"
<simpleError in make_selector(css, xpath): `xpath` must be a string>
[1] "NUERNBERGER-VERSICHERUNG"
[1] 94
[1] "NUERNBERGER-VERSICHERUNG"
<simpleError in make_selector(css, xpath): `xpath` must be a string>
[1] "HERMES-MODE"
[1] "PEUGOT"
[1] "PEUGOT-DTLD"
[1] "VIVENDI-DTLD"
Warning message:
In match(x, table, nomatch = 0L) :
  closing unused connection 3 (https://www.opentable.com/careers/alljobs/)

Attaching package: ‘urltools’

The following object is masked from ‘package:xml2’:

    url_parse

[1] "scraperNr: 1"
[1] "IQVIA"
[1] TRUE
[1] 1
[1] TRUE
[1] 2
[1] TRUE
[1] 3
[1] TRUE
[1] 4
[1] TRUE
[1] 5
[1] TRUE
[1] 6
[1] TRUE
[1] 7
[1] TRUE
[1] 8
[1] TRUE
[1] 9
[1] TRUE
[1] 10
[1] TRUE
[1] 11
[1] TRUE
[1] 12
[1] TRUE
[1] 13
[1] TRUE
[1] 14
[1] TRUE
[1] 15
[1] TRUE
[1] 16
[1] TRUE
[1] 17
[1] TRUE
[1] 18
[1] TRUE
[1] 19
[1] TRUE
[1] 20
[1] TRUE
[1] 21
[1] TRUE
[1] 22
[1] TRUE
[1] 23
[1] TRUE
[1] 24
[1] TRUE
[1] 25
[1] TRUE
[1] 26
[1] TRUE
[1] 27
[1] TRUE
[1] 28
[1] TRUE
[1] "error"
[1] 1
[1] "IQVIA"
<simpleError in open.connection(x, "rb"): Timeout was reached: Operation timed out after 13906 milliseconds with 0 out of 0 bytes received>
[1] "scraperNr: 2"
[1] "FRAUNHOFER"
[1] TRUE
[1] 1
[1] TRUE
[1] 2
[1] TRUE
[1] 3
[1] TRUE
[1] 4
[1] TRUE
[1] 5
[1] TRUE
[1] 6
[1] TRUE
[1] 7
[1] TRUE
[1] "error"
[1] 1
[1] "FRAUNHOFER"
<simpleError in open.connection(x, "rb"): Timeout was reached: SSL connection timeout>
[1] "scraperNr: 3"
[1] "REWE"
[1] TRUE
[1] 1
[1] TRUE
[1] 2
[1] TRUE
[1] 3
[1] TRUE
