[1] TRUE
Got permission denied while trying to connect to the Docker daemon socket at unix:///var/run/docker.sock: Get http://%2Fvar%2Frun%2Fdocker.sock/v1.29/containers/json?all=1: dial unix /var/run/docker.sock: connect: permission denied
"docker rm" requires at least 1 argument(s).
See 'docker rm --help'.

Usage:  docker rm [OPTIONS] CONTAINER [CONTAINER...]

Remove one or more containers
Registered S3 method overwritten by 'Rcpp':
  method      from   
  print.bytes openssl
[sudo] password for rstudio: a4c2533d854a84237f2a71560eeb3a3b74aa55151debf4110501151a6feabb49
[1] "Connecting to remote server"
$applicationCacheEnabled
[1] TRUE

$rotatable
[1] FALSE

$handlesAlerts
[1] TRUE

$databaseEnabled
[1] TRUE

$version
[1] "45.0.2"

$platform
[1] "LINUX"

$nativeEvents
[1] FALSE

$acceptSslCerts
[1] TRUE

$webdriver.remote.sessionid
[1] "861dc56f-e5d9-413f-a08e-95d356596acc"

$webStorageEnabled
[1] TRUE

$locationContextEnabled
[1] TRUE

$browserName
[1] "firefox"

$takesScreenshot
[1] TRUE

$javascriptEnabled
[1] TRUE

$cssSelectorsEnabled
[1] TRUE

$id
[1] "861dc56f-e5d9-413f-a08e-95d356596acc"

[1] "QIOPTIC"

Selenium message:arguments[0].click is not a function
Build info: version: '2.53.1', revision: 'a36b8b1', time: '2016-06-30 17:37:03'
System info: host: 'a4c2533d854a', ip: '172.17.0.2', os.name: 'Linux', os.arch: 'amd64', os.version: '4.15.0-1043-aws', java.version: '1.8.0_91'
Driver info: driver.version: unknown

[1] "nr: 2"
<simpleError: 	 Summary: UnknownError
 	 Detail: An unknown server-side error occurred while processing the command.
 	 class: org.openqa.selenium.WebDriverException
	 Further Details: run errorDetails method>
[1] "BANKSAPI"
[1] "WIRECARD"
[1] "FLIXBUS"
[1] "QIAGEN"
[1] 1
[1] 2
[1] 3
[1] 4
[1] 5
[1] 6
[1] 7
[1] 8
[1] 9
[1] 10
[1] 11
[1] 12
[1] 13
[1] 14
[1] 15
[1] 16
[1] 17
[1] 18
[1] 19
[1] 20
[1] 21
[1] 22
[1] 23
[1] 24
[1] 25
[1] 26
[1] 27
[1] 28
[1] 29
[1] "SCHNEIDERLE"
[1] 1
[1] "METRO-AG"

Selenium message:Unable to locate element: {"method":"xpath","selector":"/html/body/div[1]/div/div[1]/div/div[4]/div[2]/button"}
For documentation on this error, please visit: http://seleniumhq.org/exceptions/no_such_element.html
Build info: version: '2.53.1', revision: 'a36b8b1', time: '2016-06-30 17:37:03'
System info: host: 'a4c2533d854a', ip: '172.17.0.2', os.name: 'Linux', os.arch: 'amd64', os.version: '4.15.0-1043-aws', java.version: '1.8.0_91'
Driver info: driver.version: unknown

[1] "nr: 3"
<simpleError: 	 Summary: NoSuchElement
 	 Detail: An element could not be located on the page using the given search parameters.
 	 class: org.openqa.selenium.NoSuchElementException
	 Further Details: run errorDetails method>
[1] "CELONIS"
[1] "CREDITPLUS"

Selenium message:Permission denied to access property "handleEvent"
Build info: version: '2.53.1', revision: 'a36b8b1', time: '2016-06-30 17:37:03'
System info: host: 'a4c2533d854a', ip: '172.17.0.2', os.name: 'Linux', os.arch: 'amd64', os.version: '4.15.0-1043-aws', java.version: '1.8.0_91'
Driver info: driver.version: unknown

[1] "nr: 4"
<simpleError: 	 Summary: UnknownError
 	 Detail: An unknown server-side error occurred while processing the command.
 	 class: org.openqa.selenium.WebDriverException
	 Further Details: run errorDetails method>
[1] "MEDIAMARKT-SATURN"
[1] 1
[1] "ENBW"
[1] 1
[1] 2
[1] 3
[1] 4
[1] 5
[1] 6
[1] 7
[1] 8
[1] 9
[1] 10
[1] 11
[1] 12
[1] 13
[1] 14
[1] 15
[1] 16
[1] 17
[1] 18
[1] 19
[1] 20
[1] 21
[1] 22
[1] 23
[1] 24
[1] 25
[1] 26
[1] 27
[1] "CHECK24"
[1] "SCHNEIDERELE"
[1] 1
[1] "ASM-SMT-GERMANY"
[1] "ASM-SMT-EUROPE"
[1] "CYNORA"
[1] 1
[1] "CRIF-BUERGEL"
[1] 1
[1] 2
[1] "SENACOR"
[1] 1
[1] 2
[1] 3
[1] 4
[1] 5
[1] 6
[1] 7
[1] "CEWE"
[1] 1
[1] "FRAUNHOFER"
[1] 1
[1] 2
[1] 3
[1] 4
[1] 5
[1] 6
[1] 7
[1] 8
[1] 9
[1] 10
[1] 11
[1] 12
[1] 13
[1] 14
[1] 15
[1] 16
[1] 17
[1] 18
[1] 19
[1] 20
[1] 21
[1] 22
[1] 23
[1] 24
[1] 25
[1] 26
[1] 27
[1] 28
[1] 29
[1] 30
[1] 31
[1] 32
[1] 33
[1] 34
[1] 35
[1] 36
[1] 37
[1] 38
[1] 39
[1] 40
[1] 41
[1] 42
[1] 43
[1] 44
[1] 45
[1] 46
[1] 47
[1] 48
[1] 49
[1] 50
[1] 51
[1] 52
[1] 53
[1] 54
[1] 55
[1] 56
[1] 57
[1] 58
[1] 59
[1] 60
[1] 61
[1] 62
[1] 63
[1] 64
[1] 65
[1] 66
[1] 67
[1] 68
[1] 69
[1] 70
[1] 71
[1] 72
[1] 73
[1] 74
[1] 75
[1] 76
[1] 77
[1] 78
[1] 79
[1] 80
[1] 81
[1] 82
[1] 83
[1] 84
[1] 85
[1] 86
[1] 87
[1] 88
[1] 89
[1] 90
[1] 91
[1] 92
[1] 93
[1] 94
[1] 95
[1] 96
[1] 97
[1] 98
[1] 99
[1] "SAINT-GOBAIN"
[1] 1
[1] 2
[1] 3
[1] 4
[1] 5
[1] 6
[1] 7
[1] 8
[1] 9
[1] 10
[1] 11
[1] 12
[1] 13
[1] "THALES"
[1] 1
[1] 2
[1] "BFFT"
[1] "HILTI"
[1] 1
[1] 2
[1] 3
[1] 4
[1] 5
[1] 6
[1] 7
[1] 8
[1] 9
[1] 10
[1] "EFSAUTO"
[1] "4FLOW"

Selenium message:Element is no longer attached to the DOM
For documentation on this error, please visit: http://seleniumhq.org/exceptions/stale_element_reference.html
Build info: version: '2.53.1', revision: 'a36b8b1', time: '2016-06-30 17:37:03'
System info: host: 'a4c2533d854a', ip: '172.17.0.2', os.name: 'Linux', os.arch: 'amd64', os.version: '4.15.0-1043-aws', java.version: '1.8.0_91'
Driver info: driver.version: unknown

[1] "nr: 5"
<simpleError: 	 Summary: StaleElementReference
 	 Detail: An element command failed because the referenced element is no longer attached to the DOM.
 	 class: org.openqa.selenium.StaleElementReferenceException
	 Further Details: run errorDetails method>
[1] "DEVOTEAM"
[1] 1
[1] 2
[1] 3
[1] 4
[1] 5
[1] 6
[1] 7
[1] 8
[1] 9
[1] 10
[1] 11
[1] 12
[1] 13
[1] 14
[1] "PROSIEBENSAT1"
[1] "ALNATURA"
[1] 1
[1] 2
[1] 3
[1] "BAYER"
[1] "DEKA"
[1] 1
[1] "LINDT"
[1] 1
[1] 2
[1] 3
[1] 4
[1] 5
[1] 6
[1] 7
[1] 8
[1] 9
[1] 10
[1] 11
[1] "IQVIA"
[1] 1
[1] 2
[1] 3
[1] 4
[1] 5
[1] 6
[1] 7
[1] 8
[1] 9
[1] 10
[1] 11
[1] 12
[1] 13
[1] 14
[1] 15
[1] 16
[1] 17
[1] 18
[1] 19
[1] 20
[1] 21
[1] 22
[1] 23
[1] 24
[1] 25
[1] 26
[1] 27
[1] 28
[1] 29
[1] 30
[1] 31
[1] 32
[1] 33
[1] 34
[1] 35
[1] 36
[1] 37
[1] 38
[1] 39
[1] 40
[1] 41
[1] 42
[1] 43
[1] 44
[1] 45
[1] 46
[1] 47
[1] "BARCLAYS"
[1] "trying: 20"

Selenium message:Element is not currently visible and so may not be interacted with
Build info: version: '2.53.1', revision: 'a36b8b1', time: '2016-06-30 17:37:03'
System info: host: 'a4c2533d854a', ip: '172.17.0.2', os.name: 'Linux', os.arch: 'amd64', os.version: '4.15.0-1043-aws', java.version: '1.8.0_91'
Driver info: driver.version: unknown

[1] "25, 50, 75,... not successful"
[1] 1
[1] 2
[1] 3
[1] 4
[1] 5
[1] 6
[1] 7
[1] 8
[1] 9
[1] 10
[1] 11
[1] 12
[1] 13
[1] 14
[1] 15
[1] 16
[1] 17
[1] 18
[1] 19
[1] 20
[1] 21
[1] 22
[1] 23
[1] 24
[1] 25
[1] 26
[1] 27
[1] 28
[1] 29
[1] 30
[1] 31
[1] 32
[1] 33
[1] 34
[1] 35
[1] 36
[1] 37
[1] 38
[1] 39
[1] 40
[1] 41
[1] 42
[1] 43
[1] 44
[1] 45
[1] 46
[1] 47
[1] "CREDIT-SUISSE"
[1] 1
[1] 2
[1] 3
[1] 4
[1] 5
[1] 6
[1] 7
[1] 8
[1] 9
[1] 10
[1] 11
[1] 12
[1] 13
[1] 14
[1] 15
[1] 16
[1] 17
[1] 18
[1] 19
[1] 20
[1] 21
[1] 22
[1] 23
[1] 24
[1] 25
[1] 26
[1] 27
[1] 28
[1] 29
[1] 30
[1] 31
[1] 32
[1] 33
[1] 34
[1] 35
[1] 36
[1] 37
[1] 38
[1] 39
[1] 40
[1] 41
[1] 42
[1] 43
[1] 44
[1] 45
[1] 46
[1] 47
[1] 48
[1] 49
[1] 50
[1] 51
[1] 52
[1] 53
[1] 54
[1] 55
[1] 56
[1] "LEGO"
[1] "trying: 20"
[1] 1
[1] 2
[1] 3
[1] 4
[1] 5
[1] 6
[1] 7
[1] 8
[1] 9
[1] 10
[1] 11
[1] 12
[1] 13
[1] 14
[1] 15
[1] 16
[1] 17
[1] 18
[1] 19
[1] 20
[1] 21
[1] 22
[1] 23
[1] 24
[1] 25
[1] 26
[1] 27
[1] 28
[1] 29
[1] 30
[1] 31
[1] 32
[1] 33
[1] 34
[1] 35
[1] 36
[1] 37
[1] 38
[1] 39
[1] "KARSTADT"
[1] 1
[1] 2
[1] 3
[1] 4
[1] 5
[1] 6
[1] 7
[1] 8
[1] 9
[1] 10
[1] 11
[1] 12
[1] 13
[1] 14
[1] 15
[1] 16
[1] 17
[1] 18
[1] 19
[1] 20
[1] 21
[1] 22
[1] 23
[1] 24
[1] "TELEKOM"
[1] "trying: 20"
[1] 1
[1] 2
[1] "BASF"
[1] "no link to click"
[1] 1
[1] "no link to click"
[1] 0
[1] "RWE"
[1] 1
[1] 2
[1] 3
[1] 4
[1] 5
[1] 6
[1] 7
[1] 8
[1] "THYSSEN"
[1] "ING-DIBA"
[1] 1
[1] 2
[1] "BUNDESBANK"
[1] "trying: 20"

Selenium message:Element is not currently visible and so may not be interacted with
Build info: version: '2.53.1', revision: 'a36b8b1', time: '2016-06-30 17:37:03'
System info: host: 'a4c2533d854a', ip: '172.17.0.2', os.name: 'Linux', os.arch: 'amd64', os.version: '4.15.0-1043-aws', java.version: '1.8.0_91'
Driver info: driver.version: unknown

[1] "25, 50, 75,... not successful"
[1] 1
[1] 2
[1] 3
[1] 4
[1] 5
[1] 6
[1] 7
[1] "SCHWARZ"
[1] 1
[1] 2
[1] 3
[1] 4
[1] 5
[1] 6
[1] 7
[1] 8
[1] 9
[1] 10
[1] 11
[1] 12
[1] 13
[1] 14
[1] 15
[1] 16
[1] 17
[1] 18
[1] 19
[1] 20
[1] 21
[1] "SWISSRE"
[1] 1
[1] 2
[1] 3
[1] 4
[1] 5
[1] 6
[1] 7
[1] 8
[1] 9
[1] 10
[1] 11
[1] 12
[1] 13
[1] 14
[1] 15
[1] 16
[1] 17
[1] "RUV"
[1] 1
[1] 20
[1] 30
[1] 40
[1] 50
[1] 60
[1] 70
[1] 80
[1] 90
[1] 100
[1] 110
[1] 120
[1] 130
[1] 140
[1] 150
[1] 160
[1] 170
[1] 180
[1] 190
[1] 200
[1] 210
[1] 220
[1] 230
[1] 240
[1] 250
[1] 260
[1] 270
[1] 280
[1] 290
[1] 300
[1] 310
[1] 320
[1] 330
[1] 340
[1] 350
[1] 360
[1] 370
[1] 380
[1] 390
[1] 400
[1] 410
[1] 420
[1] 430
[1] 440
[1] 450
[1] 460
[1] 470
[1] 480
[1] 490
[1] 500
[1] 510
[1] 520
[1] 530
[1] 540
[1] 550
[1] 560
[1] 570
[1] 580
[1] 590
[1] 600
[1] 610
[1] 620
[1] 630
[1] 640
[1] 650
[1] 660
[1] 670
[1] 680
[1] 690
[1] 700
[1] 710
[1] 720
[1] 730
[1] 740
[1] 750
[1] 760
[1] 770
[1] 780
[1] 790
[1] 800
[1] 810
[1] 820
[1] 830
[1] 840
[1] 850
[1] 860
[1] 870
[1] 880
[1] 890
[1] 900
[1] 910
[1] 920
[1] 930
[1] 940
[1] 950
[1] 960
[1] 970
[1] 980
[1] 990
[1] 1000
[1] 1010
[1] 1020
[1] 1030
[1] 1040
[1] 1050
[1] 1060
[1] 1070
[1] 1080
[1] 1090
[1] 1100
[1] 1110
[1] 1120
[1] 1130
[1] 1140
[1] 1150
[1] 1160
[1] 1170
[1] 1180
[1] 1190
[1] 1200
[1] 1210
[1] 1220
[1] 1230
[1] 1240
[1] 1250
[1] 1260
[1] 1270
[1] 1280
[1] 1290
[1] 1300
[1] 1310
[1] 1320
[1] 1330
[1] 1340
[1] 1350
[1] 1360
[1] 1370
[1] 1380
[1] 1390
[1] 1400
[1] 1410
[1] 1420
[1] 1430
[1] 1440
[1] 1450
[1] 1460
[1] 1470
[1] 1480
[1] 1490
[1] 1500
[1] 1510
[1] 1520
[1] 1530
[1] 1540
[1] 1550
[1] 1560
[1] 1570
[1] 1580
[1] 1590
[1] 1600
[1] 1610
[1] "no link to click"
[1] 1619
[1] "METRO"
[1] 1
[1] "ZALANDO"

Selenium message:Permission denied to access property "handleEvent"
Build info: version: '2.53.1', revision: 'a36b8b1', time: '2016-06-30 17:37:03'
System info: host: 'a4c2533d854a', ip: '172.17.0.2', os.name: 'Linux', os.arch: 'amd64', os.version: '4.15.0-1043-aws', java.version: '1.8.0_91'
Driver info: driver.version: unknown

[1] "nr: 6"
<simpleError: 	 Summary: UnknownError
 	 Detail: An unknown server-side error occurred while processing the command.
 	 class: org.openqa.selenium.WebDriverException
	 Further Details: run errorDetails method>
[1] "BOEHRINGER"
[1] 1
[1] 2
[1] 3
[1] 4
[1] 5
[1] 6
[1] 7
[1] 8
[1] "AIRBUS"
[1] "no link to click"
[1] 1
[1] "no link to click"
[1] 0
[1] "VATTENFALL"
[1] "trying: 20"

Selenium message:Element is not currently visible and so may not be interacted with
Build info: version: '2.53.1', revision: 'a36b8b1', time: '2016-06-30 17:37:03'
System info: host: 'a4c2533d854a', ip: '172.17.0.2', os.name: 'Linux', os.arch: 'amd64', os.version: '4.15.0-1043-aws', java.version: '1.8.0_91'
Driver info: driver.version: unknown

[1] "25, 50, 75,... not successful"
[1] 1
[1] "EON"
[1] 1
[1] "OBI"
[1] "trying: 20"
[1] 1
[1] 2
[1] 3
[1] 4
[1] 5
[1] 6
[1] 7
[1] 8
[1] 9
[1] 10
[1] 11
[1] 12
[1] 13
[1] 14
[1] 15
[1] 16
[1] 17
[1] 18
[1] 19
[1] 20
[1] 21
[1] 22
[1] 23
[1] 24
[1] 25
[1] 26
[1] 27
[1] 28
[1] 29
[1] 30
[1] 31
[1] 32
[1] 33
[1] 34
[1] 35
[1] 36
[1] 37
[1] 38
[1] 39
[1] 40
[1] 41
[1] 42
[1] 43
[1] 44
[1] 45
[1] "DEUTSCHE-BÖRSE"
[1] 1
[1] 2
[1] 3
[1] 4
[1] 5
[1] "BEIERSDORF"
[1] "trying: 20"

Selenium message:Element is not currently visible and so may not be interacted with
Build info: version: '2.53.1', revision: 'a36b8b1', time: '2016-06-30 17:37:03'
System info: host: 'a4c2533d854a', ip: '172.17.0.2', os.name: 'Linux', os.arch: 'amd64', os.version: '4.15.0-1043-aws', java.version: '1.8.0_91'
Driver info: driver.version: unknown

[1] "25, 50, 75,... not successful"
[1] 1
[1] 2
[1] 3
[1] 4
[1] 5
[1] 6
[1] 7
[1] 8
[1] 9
[1] 10
[1] 11
[1] "ROSSMANN"
[1] "trying: 20"
[1] 1
[1] 2
[1] 3
[1] 4
[1] 5
[1] 6
[1] 7
[1] 8
[1] 9
[1] 10
[1] 11
[1] 12
[1] 13
[1] 14
[1] 15
[1] 16
[1] 17
[1] 18
[1] 19
[1] 20
[1] 21
[1] 22
[1] 23
[1] 24
[1] 25
[1] 26
[1] 27
[1] 28
[1] 29
[1] 30
[1] 31
[1] 32
[1] 33
[1] 34
[1] 35
[1] 36
[1] 37
[1] 38
[1] 39
[1] 40
[1] 41
[1] 42
[1] 43
[1] 44
[1] 45
[1] 46
[1] 47
[1] 48
[1] 49
[1] 50
[1] 51
[1] 52
[1] 53
[1] 54
[1] 55
[1] 56
[1] 57
[1] 58
[1] 59
[1] 60
[1] 61
[1] 62
[1] 63
[1] 64
[1] 65
[1] 66
[1] 67
[1] 68
[1] 69
[1] 70
[1] 71
[1] 72
[1] 73
[1] 74
[1] 75
[1] 76
[1] 77
[1] 78
[1] 79
[1] 80
[1] 81
[1] 82
[1] 83
[1] 84
[1] 85
[1] 86
[1] 87
[1] 88
[1] 89
[1] 90
[1] 91
[1] "EDEKA"
[1] 1
[1] "PORSCHE"
[1] "trying: 20"
[1] 1
[1] 2
[1] 3
[1] 4
[1] 5
[1] 6
[1] 7
[1] 8
[1] 9
[1] 10
[1] 11
[1] 12
[1] 13
[1] 14
[1] 15
[1] 16
[1] 17
[1] 18
[1] 19
[1] 20
[1] 21
[1] 22
[1] 23
[1] 24
[1] 25
[1] 26
[1] 27
[1] 28
[1] 29
[1] 30
[1] 31
[1] 32
[1] 33
[1] 34
[1] 35
[1] 36
[1] 37
[1] 38
[1] 39
[1] 40
[1] 41
[1] 42
[1] 43
[1] 44
[1] 45
[1] 46
[1] 47
[1] 48
[1] 49
[1] 50
[1] 51
[1] 52
[1] 53
[1] 54
[1] 55
[1] 56
[1] 57
[1] 58
[1] 59
[1] 60
[1] 61
[1] 62
[1] 63
[1] 64
[1] 65
[1] 66
[1] 67
[1] 68
[1] 69
[1] 70
[1] 71
[1] 72
[1] 73
[1] 74
[1] 75
[1] 76
[1] 77
[1] 78
[1] 79
[1] 80
[1] 81
[1] 82
[1] 83
[1] 84
[1] 85
[1] 86
[1] 87
[1] 88
[1] 89
[1] 90
[1] 91
[1] 92
[1] 93
[1] 94
[1] 95
[1] 96
[1] 97
[1] 98
[1] 99
[1] "REWE"
[1] 1
[1] 2
[1] 3
[1] 4
[1] 5
[1] 6
[1] 7
[1] 8
[1] 9
[1] 10
[1] 11
[1] 12
[1] 13
[1] 14
[1] 15
[1] 16
[1] 17
[1] 18
[1] 19
[1] 20
[1] 21
[1] 22
[1] 23
[1] 24
[1] 25
[1] 26
[1] 27
[1] 28
[1] 29
[1] 30
[1] 31
[1] "Auto1"
[1] 1
[1] 2
[1] "PROCTER-G"
[1] "Dont have the link name included....please add it!"
[1] "TAKEDA"
[1] 1
[1] "BADENOCH"
[1] 1
[1] "IDNOW"
[1] 1
[1] 2
[1] 3
[1] "TRIVAGO"
[1] "IDEALO"
[1] "one more time,.."
[1] "one more time,.."
[1] "one more time,.."
[1] "CLOUDMADE"
[1] "BABBEL-ENGIN"
[1] "TOUR-RADAR"
[1] "SYNTERACT"
[1] "SIEMENS-DATA-SCIENCE"
[1] 1
[1] "JDA-SOFTWARE"
[1] 1
[1] "GROVER"
[1] "SIEGWERK"
[1] 1
[1] 2
[1] 3
[1] "CODECHECK"
[1] "PUBLICIS"
[1] "ABBOTT"
[1] 1
[1] 2
[1] "BIONTECH"
[1] "EEX"

Selenium message:Element is not currently visible and so may not be interacted with
Build info: version: '2.53.1', revision: 'a36b8b1', time: '2016-06-30 17:37:03'
System info: host: 'a4c2533d854a', ip: '172.17.0.2', os.name: 'Linux', os.arch: 'amd64', os.version: '4.15.0-1043-aws', java.version: '1.8.0_91'
Driver info: driver.version: unknown

[1] "switch to click2"
[1] 1

Selenium message:Element is not currently visible and so may not be interacted with
Build info: version: '2.53.1', revision: 'a36b8b1', time: '2016-06-30 17:37:03'
System info: host: 'a4c2533d854a', ip: '172.17.0.2', os.name: 'Linux', os.arch: 'amd64', os.version: '4.15.0-1043-aws', java.version: '1.8.0_91'
Driver info: driver.version: unknown

[1] "switch to click2"
[1] 2
[1] 3
[1] "SANOFI"
[1] "SPECTOS"
[1] "GBG-MANNHEIM"
[1] "AxelSpringer"
[1] 1
[1] 2
[1] 3
[1] 4
[1] 5
[1] 6
[1] 7
[1] 8
[1] 9
[1] 10
[1] 11
[1] 12
[1] 13
[1] 14
[1] 15
[1] 16
[1] 17
[1] 18
[1] 19
[1] 20
[1] 21
[1] 22
[1] 23
[1] 24
[1] 25
[1] 26
[1] 27
[1] 28
[1] 29
[1] 30
[1] 31
[1] 32
[1] 33
[1] 34
[1] 35
[1] 36
[1] 37
[1] 38
[1] 39
[1] 40
[1] 41
[1] 42
[1] 43
[1] 44
[1] 45
[1] 46
[1] 47
[1] 48
[1] 49
[1] 50
[1] 51
[1] 52
[1] 53
[1] 54
[1] 55
[1] 56
[1] 57
[1] 58
[1] 59
[1] 60
[1] 61
[1] 62
[1] 63
[1] 64
[1] 65
[1] 66
[1] 67
[1] 68
[1] 69
[1] 70
[1] 71
[1] 72
[1] 73
[1] 74
[1] 75
[1] 76
[1] 77
[1] 78
[1] 79
[1] 80
[1] 81
[1] 82
[1] 83
[1] 84
[1] 85
[1] 86
[1] 87
[1] 88
[1] 89
[1] 90
[1] 91
[1] "Deutsche-RUECK"
[1] "MODIS"
[1] 1
[1] "COFINPRO"
[1] "CAPGEMINI"
[1] 1
[1] "BND"
[1] "BLOOMBERG"
[1] 1
[1] 2
[1] "DATEV"
[1] 1
[1] "DIVA-E"
[1] 1
[1] "INVISION"

Selenium message:arguments[0].click is not a function
Build info: version: '2.53.1', revision: 'a36b8b1', time: '2016-06-30 17:37:03'
System info: host: 'a4c2533d854a', ip: '172.17.0.2', os.name: 'Linux', os.arch: 'amd64', os.version: '4.15.0-1043-aws', java.version: '1.8.0_91'
Driver info: driver.version: unknown

[1] "nr: 7"
<simpleError: 	 Summary: UnknownError
 	 Detail: An unknown server-side error occurred while processing the command.
 	 class: org.openqa.selenium.WebDriverException
	 Further Details: run errorDetails method>
[1] "CUNDA"
[1] 1
[1] 2
[1] "GRUENDERSZENE"
[1] "HARZKLINIKUM"
[1] "JOST"
[1] 1
[1] "SPARKASSE-DTLD"
[1] 1
[1] 2
[1] 3
[1] 4
[1] 5
[1] 6
[1] 7
[1] 8
[1] 9
[1] 10
[1] 11
[1] 12
[1] 13
[1] 14
[1] 15
[1] 16
[1] 17
[1] 18
[1] 19
[1] 20
[1] 21
[1] 22
[1] 23
[1] 24
[1] 25
[1] 26
[1] 27
[1] 28
[1] 29
[1] "MANUFACTUM"
[1] "MYTOYS"
[1] 1
[1] 20
[1] 30
[1] 40
[1] 50
[1] 60
[1] 70
[1] 80

Selenium message:Element is not currently visible and so may not be interacted with
Build info: version: '2.53.1', revision: 'a36b8b1', time: '2016-06-30 17:37:03'
System info: host: 'a4c2533d854a', ip: '172.17.0.2', os.name: 'Linux', os.arch: 'amd64', os.version: '4.15.0-1043-aws', java.version: '1.8.0_91'
Driver info: driver.version: unknown

[1] "switch to click2"
[1] 82
[1] "HEINE"
[1] "CRATE-BARREL"
[1] 1
[1] 2
[1] 3
[1] 4
[1] 5
[1] 6
[1] 7
[1] 8
[1] 9
[1] 10
[1] 11
[1] 12
[1] 13
[1] 14
[1] 15
[1] 16
[1] 17
[1] 18
[1] 19
[1] 20
[1] 21
[1] 22
[1] 23
[1] 24
[1] 25
[1] 26
[1] 27
[1] 28
[1] 29
[1] 30
[1] 31
[1] 32
[1] "EOS"
[1] "no link to click"
[1] 1
[1] 10
[1] 15

Selenium message:Element is not clickable at point (1344.25, 3097.61669921875). Other element would receive the click: <span class="show_desktop"></span>
Command duration or timeout: 329 milliseconds
Build info: version: '2.53.1', revision: 'a36b8b1', time: '2016-06-30 17:37:03'
System info: host: 'a4c2533d854a', ip: '172.17.0.2', os.name: 'Linux', os.arch: 'amd64', os.version: '4.15.0-1043-aws', java.version: '1.8.0_91'
Driver info: org.openqa.selenium.firefox.FirefoxDriver
Capabilities [{applicationCacheEnabled=true, rotatable=false, handlesAlerts=true, databaseEnabled=true, version=45.0.2, platform=LINUX, nativeEvents=false, acceptSslCerts=true, webStorageEnabled=true, locationContextEnabled=true, browserName=firefox, takesScreenshot=true, javascriptEnabled=true, cssSelectorsEnabled=true}]
Session ID: 70def2a4-555d-426e-aea2-5cf87b504237

[1] "switch to click2"
[1] 20
[1] 25
[1] 30
[1] 35
[1] 40
[1] 45
[1] 50
[1] 55
[1] 60
[1] 65
[1] 70
[1] 75
[1] 80
[1] 85
[1] "no link to click"
[1] 86
[1] "FRANKONIA"
[1] 1
[1] 2
[1] "HERMES"
[1] 1
[1] 2
[1] 3
[1] 4
[1] 5
[1] 6
[1] 7
[1] 8
[1] 9
[1] 10
[1] 11
[1] 12
[1] 13
[1] 14
[1] 15
[1] 16
[1] 17
[1] 18
[1] 19
[1] 20
[1] 21
[1] "HOLIDAYCHECK-ITENG"
[1] "HOLIDAYCHECK-CONTCUST"
[1] "HOLIDAYCHECK-MARKBUSI"
[1] "HOLIDAYCHECK-OPEXC"
[1] "HOLIDAYCHECK-PRODDEV"
[1] "HOLIDAYCHECK-STUD"
[1] "HOLIDAYCHECK-POL"
[1] "HOLIDAYCHECK-SAL"
[1] "OSP"
[1] "OTTO-MEDIA"
[1] "PROJECT-A-ENGINEERING"
[1] "RISKIDENT"
[1] "SCHWAB"
[1] "SHOPPING24"
[1] "SOCIETY-GENERAL"
[1] 1
[1] "SPORTCHECK"
[1] 1
[1] 2
[1] "UNITO"
[1] "WITT"
[1] 1
[1] 2
[1] 3
[1] 4
[1] 5
[1] 6
[1] 7
[1] 8
[1] 9
[1] 10
[1] 11
[1] 12
[1] 13
[1] 14
[1] "HOCHTIEF"
[1] 1
[1] 2
[1] 3
[1] 4
[1] 5
[1] 6
[1] 7
[1] 8
[1] 9
[1] 10
[1] 11
[1] 12
[1] 13
[1] 14
[1] 15
[1] 16
[1] 17
[1] 18
[1] 19
[1] "LIMANGO"
[1] 1
[1] "MARKANT"
[1] 1
[1] 2
[1] "WEHRLE"
[1] "PD"
[1] "HVH"
[1] 1
[1] 2
[1] "COLLECT-AI"
[1] "ABOUT-YOU"
[1] 1
[1] 2
[1] 3
[1] 4
[1] 5
[1] 6
[1] 7
[1] 8
[1] 9
[1] 10
[1] 11
[1] 12
[1] 13
[1] 14
[1] "BAUR"
[1] "BONPRIX"
[1] 1
[1] 2
[1] 3
[1] 4
[1] 5
[1] 6
[1] 7
[1] "CB2"
[1] "nr: 8"
<simpleError in param$func(remDr): attempt to apply non-function>
[1] "BMW"
[1] 1
[1] 2
[1] 3
[1] 4
[1] 5
[1] 6
[1] 7
[1] 8
[1] 9
[1] 10
[1] 11
[1] 12
[1] 13
[1] 14
[1] 15
[1] 16
[1] 17
[1] 18
[1] 19
[1] 20
[1] 21
[1] 22
[1] 23
[1] 24
[1] "DILAX"
[1] "HUK-AUSSEN"
[1] "HUK-ZENTRALE"
[1] "PWC"
[1] 1
[1] 2
[1] 3
[1] 4
[1] 5
[1] 6
[1] "SILTRONIC"
[1] "AMG"
[1] 1
[1] "MAHLE"
[1] "VHV"
[1] 1
[1] 2
[1] 3
[1] 4
[1] 5
[1] 6
[1] 7
[1] 8
[1] 9
[1] "VBG"
[1] "TOP-IT"
[1] "TEAM-FACT"
[1] "STADTWERK-OSNABRÜCK"
[1] "SWISSLIFE"
[1] 1
[1] 2
[1] 3
[1] 4
[1] 5
[1] 6
[1] 7
[1] 8
[1] "SARACUS"
[1] "ROCHE-DTLD"
[1] 1
[1] 30
[1] 45
[1] 60
[1] 75
[1] 90
[1] 105
[1] 120
[1] 135
[1] 150
[1] 165
[1] 180
[1] 195
[1] 210
[1] 225
[1] "no link to click"
[1] 232
[1] "REHAU"
[1] 1
[1] 2
[1] 3
[1] 4
[1] "MEDPEX-TECH"
[1] "MEDPEX-MARK"
[1] "KAUFLAND-IT"
[1] 1
[1] "INOVEX"
[1] 1
[1] "FUCHS-DTLD"
[1] "FOCKE"
[1] 1
[1] 2
[1] "EVONIK"
[1] 1
[1] 2
[1] 3
[1] "EISENMANN"
[1] 1
[1] 2
[1] "CONCEPT"
[1] "CIMPA"
[1] 1
[1] "CID"
[1] "BOSCH"

Selenium message:Element is not clickable at point (1441.5, 3036.033447265625). Other element would receive the click: <div tabindex="-1" class="BoschPrivacySettingsV2__overlay"></div>
Command duration or timeout: 443 milliseconds
Build info: version: '2.53.1', revision: 'a36b8b1', time: '2016-06-30 17:37:03'
System info: host: 'a4c2533d854a', ip: '172.17.0.2', os.name: 'Linux', os.arch: 'amd64', os.version: '4.15.0-1043-aws', java.version: '1.8.0_91'
Driver info: org.openqa.selenium.firefox.FirefoxDriver
Capabilities [{applicationCacheEnabled=true, rotatable=false, handlesAlerts=true, databaseEnabled=true, version=45.0.2, platform=LINUX, nativeEvents=false, acceptSslCerts=true, webStorageEnabled=true, locationContextEnabled=true, browserName=firefox, takesScreenshot=true, javascriptEnabled=true, cssSelectorsEnabled=true}]
Session ID: 70def2a4-555d-426e-aea2-5cf87b504237

[1] "switch to click2"
[1] 1

Selenium message:Element is not clickable at point (1441.5, 11.633331298828125). Other element would receive the click: <div tabindex="-1" class="BoschPrivacySettingsV2__overlay"></div>
Command duration or timeout: 14.73 seconds
Build info: version: '2.53.1', revision: 'a36b8b1', time: '2016-06-30 17:37:03'
System info: host: 'a4c2533d854a', ip: '172.17.0.2', os.name: 'Linux', os.arch: 'amd64', os.version: '4.15.0-1043-aws', java.version: '1.8.0_91'
Driver info: org.openqa.selenium.firefox.FirefoxDriver
Capabilities [{applicationCacheEnabled=true, rotatable=false, handlesAlerts=true, databaseEnabled=true, version=45.0.2, platform=LINUX, nativeEvents=false, acceptSslCerts=true, webStorageEnabled=true, locationContextEnabled=true, browserName=firefox, takesScreenshot=true, javascriptEnabled=true, cssSelectorsEnabled=true}]
Session ID: 70def2a4-555d-426e-aea2-5cf87b504237

[1] "switch to click2"
[1] 18

Selenium message:Element is not clickable at point (1441.5, 1262.63330078125). Other element would receive the click: <div tabindex="-1" class="BoschPrivacySettingsV2__overlay"></div>
Command duration or timeout: 319 milliseconds
Build info: version: '2.53.1', revision: 'a36b8b1', time: '2016-06-30 17:37:03'
System info: host: 'a4c2533d854a', ip: '172.17.0.2', os.name: 'Linux', os.arch: 'amd64', os.version: '4.15.0-1043-aws', java.version: '1.8.0_91'
Driver info: org.openqa.selenium.firefox.FirefoxDriver
Capabilities [{applicationCacheEnabled=true, rotatable=false, handlesAlerts=true, databaseEnabled=true, version=45.0.2, platform=LINUX, nativeEvents=false, acceptSslCerts=true, webStorageEnabled=true, locationContextEnabled=true, browserName=firefox, takesScreenshot=true, javascriptEnabled=true, cssSelectorsEnabled=true}]
Session ID: 70def2a4-555d-426e-aea2-5cf87b504237

[1] "switch to click2"
[1] 27

Selenium message:Element is not clickable at point (1441.5, 2460.833251953125). Other element would receive the click: <div tabindex="-1" class="BoschPrivacySettingsV2__overlay"></div>
Command duration or timeout: 349 milliseconds
Build info: version: '2.53.1', revision: 'a36b8b1', time: '2016-06-30 17:37:03'
System info: host: 'a4c2533d854a', ip: '172.17.0.2', os.name: 'Linux', os.arch: 'amd64', os.version: '4.15.0-1043-aws', java.version: '1.8.0_91'
Driver info: org.openqa.selenium.firefox.FirefoxDriver
Capabilities [{applicationCacheEnabled=true, rotatable=false, handlesAlerts=true, databaseEnabled=true, version=45.0.2, platform=LINUX, nativeEvents=false, acceptSslCerts=true, webStorageEnabled=true, locationContextEnabled=true, browserName=firefox, takesScreenshot=true, javascriptEnabled=true, cssSelectorsEnabled=true}]
Session ID: 70def2a4-555d-426e-aea2-5cf87b504237

[1] "switch to click2"
[1] 36

Selenium message:Element is not clickable at point (1441.5, 11.833328247070312). Other element would receive the click: <div tabindex="-1" class="BoschPrivacySettingsV2__overlay"></div>
Command duration or timeout: 13.91 seconds
Build info: version: '2.53.1', revision: 'a36b8b1', time: '2016-06-30 17:37:03'
System info: host: 'a4c2533d854a', ip: '172.17.0.2', os.name: 'Linux', os.arch: 'amd64', os.version: '4.15.0-1043-aws', java.version: '1.8.0_91'
Driver info: org.openqa.selenium.firefox.FirefoxDriver
Capabilities [{applicationCacheEnabled=true, rotatable=false, handlesAlerts=true, databaseEnabled=true, version=45.0.2, platform=LINUX, nativeEvents=false, acceptSslCerts=true, webStorageEnabled=true, locationContextEnabled=true, browserName=firefox, takesScreenshot=true, javascriptEnabled=true, cssSelectorsEnabled=true}]
Session ID: 70def2a4-555d-426e-aea2-5cf87b504237

[1] "switch to click2"
[1] 45

Selenium message:Element is not clickable at point (1441.5, 1330.0333251953125). Other element would receive the click: <div role="dialog" aria-modal="true" aria-labelledby="privacy-settings-9mdplnn2y-title" class="BoschPrivacySettingsV2__container"></div>
Command duration or timeout: 246 milliseconds
Build info: version: '2.53.1', revision: 'a36b8b1', time: '2016-06-30 17:37:03'
System info: host: 'a4c2533d854a', ip: '172.17.0.2', os.name: 'Linux', os.arch: 'amd64', os.version: '4.15.0-1043-aws', java.version: '1.8.0_91'
Driver info: org.openqa.selenium.firefox.FirefoxDriver
Capabilities [{applicationCacheEnabled=true, rotatable=false, handlesAlerts=true, databaseEnabled=true, version=45.0.2, platform=LINUX, nativeEvents=false, acceptSslCerts=true, webStorageEnabled=true, locationContextEnabled=true, browserName=firefox, takesScreenshot=true, javascriptEnabled=true, cssSelectorsEnabled=true}]
Session ID: 70def2a4-555d-426e-aea2-5cf87b504237

[1] "switch to click2"
[1] 54
[1] "no link to click"
[1] 55
[1] "BOSCH-ANALYTICS"

Selenium message:Element is not clickable at point (1441.5, 3036.033447265625). Other element would receive the click: <div tabindex="-1" class="BoschPrivacySettingsV2__overlay"></div>
Command duration or timeout: 82 milliseconds
Build info: version: '2.53.1', revision: 'a36b8b1', time: '2016-06-30 17:37:03'
System info: host: 'a4c2533d854a', ip: '172.17.0.2', os.name: 'Linux', os.arch: 'amd64', os.version: '4.15.0-1043-aws', java.version: '1.8.0_91'
Driver info: org.openqa.selenium.firefox.FirefoxDriver
Capabilities [{applicationCacheEnabled=true, rotatable=false, handlesAlerts=true, databaseEnabled=true, version=45.0.2, platform=LINUX, nativeEvents=false, acceptSslCerts=true, webStorageEnabled=true, locationContextEnabled=true, browserName=firefox, takesScreenshot=true, javascriptEnabled=true, cssSelectorsEnabled=true}]
Session ID: 70def2a4-555d-426e-aea2-5cf87b504237

[1] "switch to click2"
[1] 1

Selenium message:Element is not clickable at point (1441.5, 11.633331298828125). Other element would receive the click: <div tabindex="-1" class="BoschPrivacySettingsV2__overlay"></div>
Command duration or timeout: 25.60 seconds
Build info: version: '2.53.1', revision: 'a36b8b1', time: '2016-06-30 17:37:03'
System info: host: 'a4c2533d854a', ip: '172.17.0.2', os.name: 'Linux', os.arch: 'amd64', os.version: '4.15.0-1043-aws', java.version: '1.8.0_91'
Driver info: org.openqa.selenium.firefox.FirefoxDriver
Capabilities [{applicationCacheEnabled=true, rotatable=false, handlesAlerts=true, databaseEnabled=true, version=45.0.2, platform=LINUX, nativeEvents=false, acceptSslCerts=true, webStorageEnabled=true, locationContextEnabled=true, browserName=firefox, takesScreenshot=true, javascriptEnabled=true, cssSelectorsEnabled=true}]
Session ID: 70def2a4-555d-426e-aea2-5cf87b504237

[1] "switch to click2"
[1] 18

Selenium message:Element is not clickable at point (1441.5, 1262.63330078125). Other element would receive the click: <div tabindex="-1" class="BoschPrivacySettingsV2__overlay"></div>
Command duration or timeout: 367 milliseconds
Build info: version: '2.53.1', revision: 'a36b8b1', time: '2016-06-30 17:37:03'
System info: host: 'a4c2533d854a', ip: '172.17.0.2', os.name: 'Linux', os.arch: 'amd64', os.version: '4.15.0-1043-aws', java.version: '1.8.0_91'
Driver info: org.openqa.selenium.firefox.FirefoxDriver
Capabilities [{applicationCacheEnabled=true, rotatable=false, handlesAlerts=true, databaseEnabled=true, version=45.0.2, platform=LINUX, nativeEvents=false, acceptSslCerts=true, webStorageEnabled=true, locationContextEnabled=true, browserName=firefox, takesScreenshot=true, javascriptEnabled=true, cssSelectorsEnabled=true}]
Session ID: 70def2a4-555d-426e-aea2-5cf87b504237

[1] "switch to click2"
[1] 27

Selenium message:Element is not clickable at point (1441.5, 2460.833251953125). Other element would receive the click: <div tabindex="-1" class="BoschPrivacySettingsV2__overlay"></div>
Command duration or timeout: 340 milliseconds
Build info: version: '2.53.1', revision: 'a36b8b1', time: '2016-06-30 17:37:03'
System info: host: 'a4c2533d854a', ip: '172.17.0.2', os.name: 'Linux', os.arch: 'amd64', os.version: '4.15.0-1043-aws', java.version: '1.8.0_91'
Driver info: org.openqa.selenium.firefox.FirefoxDriver
Capabilities [{applicationCacheEnabled=true, rotatable=false, handlesAlerts=true, databaseEnabled=true, version=45.0.2, platform=LINUX, nativeEvents=false, acceptSslCerts=true, webStorageEnabled=true, locationContextEnabled=true, browserName=firefox, takesScreenshot=true, javascriptEnabled=true, cssSelectorsEnabled=true}]
Session ID: 70def2a4-555d-426e-aea2-5cf87b504237

[1] "switch to click2"
[1] 36

Selenium message:Element is not clickable at point (1441.5, 11.833328247070312). Other element would receive the click: <div tabindex="-1" class="BoschPrivacySettingsV2__overlay"></div>
Command duration or timeout: 11.81 seconds
Build info: version: '2.53.1', revision: 'a36b8b1', time: '2016-06-30 17:37:03'
System info: host: 'a4c2533d854a', ip: '172.17.0.2', os.name: 'Linux', os.arch: 'amd64', os.version: '4.15.0-1043-aws', java.version: '1.8.0_91'
Driver info: org.openqa.selenium.firefox.FirefoxDriver
Capabilities [{applicationCacheEnabled=true, rotatable=false, handlesAlerts=true, databaseEnabled=true, version=45.0.2, platform=LINUX, nativeEvents=false, acceptSslCerts=true, webStorageEnabled=true, locationContextEnabled=true, browserName=firefox, takesScreenshot=true, javascriptEnabled=true, cssSelectorsEnabled=true}]
Session ID: 70def2a4-555d-426e-aea2-5cf87b504237

[1] "switch to click2"
[1] 45

Selenium message:Element is not clickable at point (1441.5, 1330.0333251953125). Other element would receive the click: <div role="dialog" aria-modal="true" aria-labelledby="privacy-settings-kejub8ev0-title" class="BoschPrivacySettingsV2__container"></div>
Command duration or timeout: 279 milliseconds
Build info: version: '2.53.1', revision: 'a36b8b1', time: '2016-06-30 17:37:03'
System info: host: 'a4c2533d854a', ip: '172.17.0.2', os.name: 'Linux', os.arch: 'amd64', os.version: '4.15.0-1043-aws', java.version: '1.8.0_91'
Driver info: org.openqa.selenium.firefox.FirefoxDriver
Capabilities [{applicationCacheEnabled=true, rotatable=false, handlesAlerts=true, databaseEnabled=true, version=45.0.2, platform=LINUX, nativeEvents=false, acceptSslCerts=true, webStorageEnabled=true, locationContextEnabled=true, browserName=firefox, takesScreenshot=true, javascriptEnabled=true, cssSelectorsEnabled=true}]
Session ID: 70def2a4-555d-426e-aea2-5cf87b504237

[1] "switch to click2"
[1] 54
[1] "no link to click"
[1] 55
[1] "BOERSE-STUTTGART"
[1] "APOBANK"
[1] 1
[1] 2
[1] 3
[1] 4
[1] 5
[1] 6
[1] "IMPLICO"
[1] "21-SPORTS"
[1] 1
[1] 2
[1] "ALPENVEREIN"
[1] 1
[1] 2
[1] 3
[1] 4
[1] 5
[1] "APTIV"

Selenium message:Element is not clickable at point (1623.4833984375, 2829). Other element would receive the click: <div style="z-index: 7000; display: block;" id="optanon-popup-bg"></div>
Command duration or timeout: 444 milliseconds
Build info: version: '2.53.1', revision: 'a36b8b1', time: '2016-06-30 17:37:03'
System info: host: 'a4c2533d854a', ip: '172.17.0.2', os.name: 'Linux', os.arch: 'amd64', os.version: '4.15.0-1043-aws', java.version: '1.8.0_91'
Driver info: org.openqa.selenium.firefox.FirefoxDriver
Capabilities [{applicationCacheEnabled=true, rotatable=false, handlesAlerts=true, databaseEnabled=true, version=45.0.2, platform=LINUX, nativeEvents=false, acceptSslCerts=true, webStorageEnabled=true, locationContextEnabled=true, browserName=firefox, takesScreenshot=true, javascriptEnabled=true, cssSelectorsEnabled=true}]
Session ID: 70def2a4-555d-426e-aea2-5cf87b504237

[1] "switch to click2"
[1] 1

Selenium message:Element is not clickable at point (1638.4833984375, 2800). Other element would receive the click: <div style="z-index: 7000; display: block;" id="optanon-popup-bg"></div>
Command duration or timeout: 452 milliseconds
Build info: version: '2.53.1', revision: 'a36b8b1', time: '2016-06-30 17:37:03'
System info: host: 'a4c2533d854a', ip: '172.17.0.2', os.name: 'Linux', os.arch: 'amd64', os.version: '4.15.0-1043-aws', java.version: '1.8.0_91'
Driver info: org.openqa.selenium.firefox.FirefoxDriver
Capabilities [{applicationCacheEnabled=true, rotatable=false, handlesAlerts=true, databaseEnabled=true, version=45.0.2, platform=LINUX, nativeEvents=false, acceptSslCerts=true, webStorageEnabled=true, locationContextEnabled=true, browserName=firefox, takesScreenshot=true, javascriptEnabled=true, cssSelectorsEnabled=true}]
Session ID: 70def2a4-555d-426e-aea2-5cf87b504237

[1] "switch to click2"
[1] 2

Selenium message:Element is not clickable at point (1653.4833984375, 2800). Other element would receive the click: <div style="z-index: 7000; display: block;" id="optanon-popup-bg"></div>
Command duration or timeout: 490 milliseconds
Build info: version: '2.53.1', revision: 'a36b8b1', time: '2016-06-30 17:37:03'
System info: host: 'a4c2533d854a', ip: '172.17.0.2', os.name: 'Linux', os.arch: 'amd64', os.version: '4.15.0-1043-aws', java.version: '1.8.0_91'
Driver info: org.openqa.selenium.firefox.FirefoxDriver
Capabilities [{applicationCacheEnabled=true, rotatable=false, handlesAlerts=true, databaseEnabled=true, version=45.0.2, platform=LINUX, nativeEvents=false, acceptSslCerts=true, webStorageEnabled=true, locationContextEnabled=true, browserName=firefox, takesScreenshot=true, javascriptEnabled=true, cssSelectorsEnabled=true}]
Session ID: 70def2a4-555d-426e-aea2-5cf87b504237

[1] "switch to click2"
[1] 3

Selenium message:Element is not clickable at point (1668.9833984375, 2858). Other element would receive the click: <div style="z-index: 7000; display: block;" id="optanon-popup-bg"></div>
Command duration or timeout: 326 milliseconds
Build info: version: '2.53.1', revision: 'a36b8b1', time: '2016-06-30 17:37:03'
System info: host: 'a4c2533d854a', ip: '172.17.0.2', os.name: 'Linux', os.arch: 'amd64', os.version: '4.15.0-1043-aws', java.version: '1.8.0_91'
Driver info: org.openqa.selenium.firefox.FirefoxDriver
Capabilities [{applicationCacheEnabled=true, rotatable=false, handlesAlerts=true, databaseEnabled=true, version=45.0.2, platform=LINUX, nativeEvents=false, acceptSslCerts=true, webStorageEnabled=true, locationContextEnabled=true, browserName=firefox, takesScreenshot=true, javascriptEnabled=true, cssSelectorsEnabled=true}]
Session ID: 70def2a4-555d-426e-aea2-5cf87b504237

[1] "switch to click2"
[1] 4

Selenium message:Element is not clickable at point (1684.4833984375, 2800). Other element would receive the click: <div style="z-index: 7000; display: block;" id="optanon-popup-bg"></div>
Command duration or timeout: 366 milliseconds
Build info: version: '2.53.1', revision: 'a36b8b1', time: '2016-06-30 17:37:03'
System info: host: 'a4c2533d854a', ip: '172.17.0.2', os.name: 'Linux', os.arch: 'amd64', os.version: '4.15.0-1043-aws', java.version: '1.8.0_91'
Driver info: org.openqa.selenium.firefox.FirefoxDriver
Capabilities [{applicationCacheEnabled=true, rotatable=false, handlesAlerts=true, databaseEnabled=true, version=45.0.2, platform=LINUX, nativeEvents=false, acceptSslCerts=true, webStorageEnabled=true, locationContextEnabled=true, browserName=firefox, takesScreenshot=true, javascriptEnabled=true, cssSelectorsEnabled=true}]
Session ID: 70def2a4-555d-426e-aea2-5cf87b504237

[1] "switch to click2"
[1] 5

Selenium message:Element is not clickable at point (1674.4833984375, 2800). Other element would receive the click: <div style="z-index: 7000; display: block;" id="optanon-popup-bg"></div>
Command duration or timeout: 251 milliseconds
Build info: version: '2.53.1', revision: 'a36b8b1', time: '2016-06-30 17:37:03'
System info: host: 'a4c2533d854a', ip: '172.17.0.2', os.name: 'Linux', os.arch: 'amd64', os.version: '4.15.0-1043-aws', java.version: '1.8.0_91'
Driver info: org.openqa.selenium.firefox.FirefoxDriver
Capabilities [{applicationCacheEnabled=true, rotatable=false, handlesAlerts=true, databaseEnabled=true, version=45.0.2, platform=LINUX, nativeEvents=false, acceptSslCerts=true, webStorageEnabled=true, locationContextEnabled=true, browserName=firefox, takesScreenshot=true, javascriptEnabled=true, cssSelectorsEnabled=true}]
Session ID: 70def2a4-555d-426e-aea2-5cf87b504237

[1] "switch to click2"
[1] 6

Selenium message:Element is not clickable at point (1674.4833984375, 2800). Other element would receive the click: <div style="z-index: 7000; display: block;" id="optanon-popup-bg"></div>
Command duration or timeout: 288 milliseconds
Build info: version: '2.53.1', revision: 'a36b8b1', time: '2016-06-30 17:37:03'
System info: host: 'a4c2533d854a', ip: '172.17.0.2', os.name: 'Linux', os.arch: 'amd64', os.version: '4.15.0-1043-aws', java.version: '1.8.0_91'
Driver info: org.openqa.selenium.firefox.FirefoxDriver
Capabilities [{applicationCacheEnabled=true, rotatable=false, handlesAlerts=true, databaseEnabled=true, version=45.0.2, platform=LINUX, nativeEvents=false, acceptSslCerts=true, webStorageEnabled=true, locationContextEnabled=true, browserName=firefox, takesScreenshot=true, javascriptEnabled=true, cssSelectorsEnabled=true}]
Session ID: 70def2a4-555d-426e-aea2-5cf87b504237

[1] "switch to click2"
[1] 7

Selenium message:Element is not clickable at point (1669.4833984375, 2829). Other element would receive the click: <div style="z-index: 7000; display: block;" id="optanon-popup-bg"></div>
Command duration or timeout: 288 milliseconds
Build info: version: '2.53.1', revision: 'a36b8b1', time: '2016-06-30 17:37:03'
System info: host: 'a4c2533d854a', ip: '172.17.0.2', os.name: 'Linux', os.arch: 'amd64', os.version: '4.15.0-1043-aws', java.version: '1.8.0_91'
Driver info: org.openqa.selenium.firefox.FirefoxDriver
Capabilities [{applicationCacheEnabled=true, rotatable=false, handlesAlerts=true, databaseEnabled=true, version=45.0.2, platform=LINUX, nativeEvents=false, acceptSslCerts=true, webStorageEnabled=true, locationContextEnabled=true, browserName=firefox, takesScreenshot=true, javascriptEnabled=true, cssSelectorsEnabled=true}]
Session ID: 70def2a4-555d-426e-aea2-5cf87b504237

[1] "switch to click2"
[1] 8

Selenium message:Element is not clickable at point (1670.4833984375, 2800). Other element would receive the click: <div style="z-index: 7000; display: block;" id="optanon-popup-bg"></div>
Command duration or timeout: 77 milliseconds
Build info: version: '2.53.1', revision: 'a36b8b1', time: '2016-06-30 17:37:03'
System info: host: 'a4c2533d854a', ip: '172.17.0.2', os.name: 'Linux', os.arch: 'amd64', os.version: '4.15.0-1043-aws', java.version: '1.8.0_91'
Driver info: org.openqa.selenium.firefox.FirefoxDriver
Capabilities [{applicationCacheEnabled=true, rotatable=false, handlesAlerts=true, databaseEnabled=true, version=45.0.2, platform=LINUX, nativeEvents=false, acceptSslCerts=true, webStorageEnabled=true, locationContextEnabled=true, browserName=firefox, takesScreenshot=true, javascriptEnabled=true, cssSelectorsEnabled=true}]
Session ID: 70def2a4-555d-426e-aea2-5cf87b504237

[1] "switch to click2"
[1] 9

Selenium message:Element is not clickable at point (1674.9833984375, 2800). Other element would receive the click: <div style="z-index: 7000; display: block;" id="optanon-popup-bg"></div>
Command duration or timeout: 70 milliseconds
Build info: version: '2.53.1', revision: 'a36b8b1', time: '2016-06-30 17:37:03'
System info: host: 'a4c2533d854a', ip: '172.17.0.2', os.name: 'Linux', os.arch: 'amd64', os.version: '4.15.0-1043-aws', java.version: '1.8.0_91'
Driver info: org.openqa.selenium.firefox.FirefoxDriver
Capabilities [{applicationCacheEnabled=true, rotatable=false, handlesAlerts=true, databaseEnabled=true, version=45.0.2, platform=LINUX, nativeEvents=false, acceptSslCerts=true, webStorageEnabled=true, locationContextEnabled=true, browserName=firefox, takesScreenshot=true, javascriptEnabled=true, cssSelectorsEnabled=true}]
Session ID: 70def2a4-555d-426e-aea2-5cf87b504237

[1] "switch to click2"
[1] 10

Selenium message:Element is not clickable at point (1678.4833984375, 2800). Other element would receive the click: <div style="z-index: 7000; display: block;" id="optanon-popup-bg"></div>
Command duration or timeout: 329 milliseconds
Build info: version: '2.53.1', revision: 'a36b8b1', time: '2016-06-30 17:37:03'
System info: host: 'a4c2533d854a', ip: '172.17.0.2', os.name: 'Linux', os.arch: 'amd64', os.version: '4.15.0-1043-aws', java.version: '1.8.0_91'
Driver info: org.openqa.selenium.firefox.FirefoxDriver
Capabilities [{applicationCacheEnabled=true, rotatable=false, handlesAlerts=true, databaseEnabled=true, version=45.0.2, platform=LINUX, nativeEvents=false, acceptSslCerts=true, webStorageEnabled=true, locationContextEnabled=true, browserName=firefox, takesScreenshot=true, javascriptEnabled=true, cssSelectorsEnabled=true}]
Session ID: 70def2a4-555d-426e-aea2-5cf87b504237

[1] "switch to click2"
[1] 11

Selenium message:Element is not clickable at point (1682.9833984375, 2800). Other element would receive the click: <div style="z-index: 7000; display: block;" id="optanon-popup-bg"></div>
Command duration or timeout: 899 milliseconds
Build info: version: '2.53.1', revision: 'a36b8b1', time: '2016-06-30 17:37:03'
System info: host: 'a4c2533d854a', ip: '172.17.0.2', os.name: 'Linux', os.arch: 'amd64', os.version: '4.15.0-1043-aws', java.version: '1.8.0_91'
Driver info: org.openqa.selenium.firefox.FirefoxDriver
Capabilities [{applicationCacheEnabled=true, rotatable=false, handlesAlerts=true, databaseEnabled=true, version=45.0.2, platform=LINUX, nativeEvents=false, acceptSslCerts=true, webStorageEnabled=true, locationContextEnabled=true, browserName=firefox, takesScreenshot=true, javascriptEnabled=true, cssSelectorsEnabled=true}]
Session ID: 70def2a4-555d-426e-aea2-5cf87b504237

[1] "switch to click2"
[1] 12

Selenium message:Element is not clickable at point (1682.4833984375, 2800). Other element would receive the click: <div style="z-index: 7000; display: block;" id="optanon-popup-bg"></div>
Command duration or timeout: 326 milliseconds
Build info: version: '2.53.1', revision: 'a36b8b1', time: '2016-06-30 17:37:03'
System info: host: 'a4c2533d854a', ip: '172.17.0.2', os.name: 'Linux', os.arch: 'amd64', os.version: '4.15.0-1043-aws', java.version: '1.8.0_91'
Driver info: org.openqa.selenium.firefox.FirefoxDriver
Capabilities [{applicationCacheEnabled=true, rotatable=false, handlesAlerts=true, databaseEnabled=true, version=45.0.2, platform=LINUX, nativeEvents=false, acceptSslCerts=true, webStorageEnabled=true, locationContextEnabled=true, browserName=firefox, takesScreenshot=true, javascriptEnabled=true, cssSelectorsEnabled=true}]
Session ID: 70def2a4-555d-426e-aea2-5cf87b504237

[1] "switch to click2"
[1] 13

Selenium message:Element is not clickable at point (1683.4833984375, 2800). Other element would receive the click: <div style="z-index: 7000; display: block;" id="optanon-popup-bg"></div>
Command duration or timeout: 368 milliseconds
Build info: version: '2.53.1', revision: 'a36b8b1', time: '2016-06-30 17:37:03'
System info: host: 'a4c2533d854a', ip: '172.17.0.2', os.name: 'Linux', os.arch: 'amd64', os.version: '4.15.0-1043-aws', java.version: '1.8.0_91'
Driver info: org.openqa.selenium.firefox.FirefoxDriver
Capabilities [{applicationCacheEnabled=true, rotatable=false, handlesAlerts=true, databaseEnabled=true, version=45.0.2, platform=LINUX, nativeEvents=false, acceptSslCerts=true, webStorageEnabled=true, locationContextEnabled=true, browserName=firefox, takesScreenshot=true, javascriptEnabled=true, cssSelectorsEnabled=true}]
Session ID: 70def2a4-555d-426e-aea2-5cf87b504237

[1] "switch to click2"
[1] 14

Selenium message:Element is not clickable at point (1683.9833984375, 2800). Other element would receive the click: <div style="z-index: 7000; display: block;" id="optanon-popup-bg"></div>
Command duration or timeout: 367 milliseconds
Build info: version: '2.53.1', revision: 'a36b8b1', time: '2016-06-30 17:37:03'
System info: host: 'a4c2533d854a', ip: '172.17.0.2', os.name: 'Linux', os.arch: 'amd64', os.version: '4.15.0-1043-aws', java.version: '1.8.0_91'
Driver info: org.openqa.selenium.firefox.FirefoxDriver
Capabilities [{applicationCacheEnabled=true, rotatable=false, handlesAlerts=true, databaseEnabled=true, version=45.0.2, platform=LINUX, nativeEvents=false, acceptSslCerts=true, webStorageEnabled=true, locationContextEnabled=true, browserName=firefox, takesScreenshot=true, javascriptEnabled=true, cssSelectorsEnabled=true}]
Session ID: 70def2a4-555d-426e-aea2-5cf87b504237

[1] "switch to click2"
[1] 15

Selenium message:Element is not clickable at point (1683.9833984375, 2800). Other element would receive the click: <div style="z-index: 7000; display: block;" id="optanon-popup-bg"></div>
Command duration or timeout: 331 milliseconds
Build info: version: '2.53.1', revision: 'a36b8b1', time: '2016-06-30 17:37:03'
System info: host: 'a4c2533d854a', ip: '172.17.0.2', os.name: 'Linux', os.arch: 'amd64', os.version: '4.15.0-1043-aws', java.version: '1.8.0_91'
Driver info: org.openqa.selenium.firefox.FirefoxDriver
Capabilities [{applicationCacheEnabled=true, rotatable=false, handlesAlerts=true, databaseEnabled=true, version=45.0.2, platform=LINUX, nativeEvents=false, acceptSslCerts=true, webStorageEnabled=true, locationContextEnabled=true, browserName=firefox, takesScreenshot=true, javascriptEnabled=true, cssSelectorsEnabled=true}]
Session ID: 70def2a4-555d-426e-aea2-5cf87b504237

[1] "switch to click2"
[1] 16

Selenium message:Element is not clickable at point (1682.9833984375, 2800). Other element would receive the click: <div style="z-index: 7000; display: block;" id="optanon-popup-bg"></div>
Command duration or timeout: 367 milliseconds
Build info: version: '2.53.1', revision: 'a36b8b1', time: '2016-06-30 17:37:03'
System info: host: 'a4c2533d854a', ip: '172.17.0.2', os.name: 'Linux', os.arch: 'amd64', os.version: '4.15.0-1043-aws', java.version: '1.8.0_91'
Driver info: org.openqa.selenium.firefox.FirefoxDriver
Capabilities [{applicationCacheEnabled=true, rotatable=false, handlesAlerts=true, databaseEnabled=true, version=45.0.2, platform=LINUX, nativeEvents=false, acceptSslCerts=true, webStorageEnabled=true, locationContextEnabled=true, browserName=firefox, takesScreenshot=true, javascriptEnabled=true, cssSelectorsEnabled=true}]
Session ID: 70def2a4-555d-426e-aea2-5cf87b504237

[1] "switch to click2"
[1] 17

Selenium message:Element is not clickable at point (1681.9833984375, 2858). Other element would receive the click: <div style="z-index: 7000; display: block;" id="optanon-popup-bg"></div>
Command duration or timeout: 368 milliseconds
Build info: version: '2.53.1', revision: 'a36b8b1', time: '2016-06-30 17:37:03'
System info: host: 'a4c2533d854a', ip: '172.17.0.2', os.name: 'Linux', os.arch: 'amd64', os.version: '4.15.0-1043-aws', java.version: '1.8.0_91'
Driver info: org.openqa.selenium.firefox.FirefoxDriver
Capabilities [{applicationCacheEnabled=true, rotatable=false, handlesAlerts=true, databaseEnabled=true, version=45.0.2, platform=LINUX, nativeEvents=false, acceptSslCerts=true, webStorageEnabled=true, locationContextEnabled=true, browserName=firefox, takesScreenshot=true, javascriptEnabled=true, cssSelectorsEnabled=true}]
Session ID: 70def2a4-555d-426e-aea2-5cf87b504237

[1] "switch to click2"
[1] 18

Selenium message:Element is not clickable at point (1682.9833984375, 2800). Other element would receive the click: <div style="z-index: 7000; display: block;" id="optanon-popup-bg"></div>
Command duration or timeout: 331 milliseconds
Build info: version: '2.53.1', revision: 'a36b8b1', time: '2016-06-30 17:37:03'
System info: host: 'a4c2533d854a', ip: '172.17.0.2', os.name: 'Linux', os.arch: 'amd64', os.version: '4.15.0-1043-aws', java.version: '1.8.0_91'
Driver info: org.openqa.selenium.firefox.FirefoxDriver
Capabilities [{applicationCacheEnabled=true, rotatable=false, handlesAlerts=true, databaseEnabled=true, version=45.0.2, platform=LINUX, nativeEvents=false, acceptSslCerts=true, webStorageEnabled=true, locationContextEnabled=true, browserName=firefox, takesScreenshot=true, javascriptEnabled=true, cssSelectorsEnabled=true}]
Session ID: 70def2a4-555d-426e-aea2-5cf87b504237

[1] "switch to click2"
[1] 19

Selenium message:Element is not clickable at point (1683.4833984375, 2858). Other element would receive the click: <div style="z-index: 7000; display: block;" id="optanon-popup-bg"></div>
Command duration or timeout: 331 milliseconds
Build info: version: '2.53.1', revision: 'a36b8b1', time: '2016-06-30 17:37:03'
System info: host: 'a4c2533d854a', ip: '172.17.0.2', os.name: 'Linux', os.arch: 'amd64', os.version: '4.15.0-1043-aws', java.version: '1.8.0_91'
Driver info: org.openqa.selenium.firefox.FirefoxDriver
Capabilities [{applicationCacheEnabled=true, rotatable=false, handlesAlerts=true, databaseEnabled=true, version=45.0.2, platform=LINUX, nativeEvents=false, acceptSslCerts=true, webStorageEnabled=true, locationContextEnabled=true, browserName=firefox, takesScreenshot=true, javascriptEnabled=true, cssSelectorsEnabled=true}]
Session ID: 70def2a4-555d-426e-aea2-5cf87b504237

[1] "switch to click2"
[1] 20

Selenium message:Element is not clickable at point (1683.9833984375, 3032). Other element would receive the click: <div style="z-index: 7000; display: block;" id="optanon-popup-bg"></div>
Command duration or timeout: 406 milliseconds
Build info: version: '2.53.1', revision: 'a36b8b1', time: '2016-06-30 17:37:03'
System info: host: 'a4c2533d854a', ip: '172.17.0.2', os.name: 'Linux', os.arch: 'amd64', os.version: '4.15.0-1043-aws', java.version: '1.8.0_91'
Driver info: org.openqa.selenium.firefox.FirefoxDriver
Capabilities [{applicationCacheEnabled=true, rotatable=false, handlesAlerts=true, databaseEnabled=true, version=45.0.2, platform=LINUX, nativeEvents=false, acceptSslCerts=true, webStorageEnabled=true, locationContextEnabled=true, browserName=firefox, takesScreenshot=true, javascriptEnabled=true, cssSelectorsEnabled=true}]
Session ID: 70def2a4-555d-426e-aea2-5cf87b504237

[1] "switch to click2"
[1] 21

Selenium message:Element is not clickable at point (1684.4833984375, 2800). Other element would receive the click: <div style="z-index: 7000; display: block;" id="optanon-popup-bg"></div>
Command duration or timeout: 367 milliseconds
Build info: version: '2.53.1', revision: 'a36b8b1', time: '2016-06-30 17:37:03'
System info: host: 'a4c2533d854a', ip: '172.17.0.2', os.name: 'Linux', os.arch: 'amd64', os.version: '4.15.0-1043-aws', java.version: '1.8.0_91'
Driver info: org.openqa.selenium.firefox.FirefoxDriver
Capabilities [{applicationCacheEnabled=true, rotatable=false, handlesAlerts=true, databaseEnabled=true, version=45.0.2, platform=LINUX, nativeEvents=false, acceptSslCerts=true, webStorageEnabled=true, locationContextEnabled=true, browserName=firefox, takesScreenshot=true, javascriptEnabled=true, cssSelectorsEnabled=true}]
Session ID: 70def2a4-555d-426e-aea2-5cf87b504237

[1] "switch to click2"
[1] 22

Selenium message:Element is not clickable at point (1683.9833984375, 2829). Other element would receive the click: <div style="z-index: 7000; display: block;" id="optanon-popup-bg"></div>
Command duration or timeout: 370 milliseconds
Build info: version: '2.53.1', revision: 'a36b8b1', time: '2016-06-30 17:37:03'
System info: host: 'a4c2533d854a', ip: '172.17.0.2', os.name: 'Linux', os.arch: 'amd64', os.version: '4.15.0-1043-aws', java.version: '1.8.0_91'
Driver info: org.openqa.selenium.firefox.FirefoxDriver
Capabilities [{applicationCacheEnabled=true, rotatable=false, handlesAlerts=true, databaseEnabled=true, version=45.0.2, platform=LINUX, nativeEvents=false, acceptSslCerts=true, webStorageEnabled=true, locationContextEnabled=true, browserName=firefox, takesScreenshot=true, javascriptEnabled=true, cssSelectorsEnabled=true}]
Session ID: 70def2a4-555d-426e-aea2-5cf87b504237

[1] "switch to click2"
[1] 23

Selenium message:Element is not clickable at point (1671.4833984375, 2858). Other element would receive the click: <div style="z-index: 7000; display: block;" id="optanon-popup-bg"></div>
Command duration or timeout: 63 milliseconds
Build info: version: '2.53.1', revision: 'a36b8b1', time: '2016-06-30 17:37:03'
System info: host: 'a4c2533d854a', ip: '172.17.0.2', os.name: 'Linux', os.arch: 'amd64', os.version: '4.15.0-1043-aws', java.version: '1.8.0_91'
Driver info: org.openqa.selenium.firefox.FirefoxDriver
Capabilities [{applicationCacheEnabled=true, rotatable=false, handlesAlerts=true, databaseEnabled=true, version=45.0.2, platform=LINUX, nativeEvents=false, acceptSslCerts=true, webStorageEnabled=true, locationContextEnabled=true, browserName=firefox, takesScreenshot=true, javascriptEnabled=true, cssSelectorsEnabled=true}]
Session ID: 70def2a4-555d-426e-aea2-5cf87b504237

[1] "switch to click2"
[1] 24

Selenium message:Element is not clickable at point (1691.4833984375, 2800). Other element would receive the click: <div style="z-index: 7000; display: block;" id="optanon-popup-bg"></div>
Command duration or timeout: 71 milliseconds
Build info: version: '2.53.1', revision: 'a36b8b1', time: '2016-06-30 17:37:03'
System info: host: 'a4c2533d854a', ip: '172.17.0.2', os.name: 'Linux', os.arch: 'amd64', os.version: '4.15.0-1043-aws', java.version: '1.8.0_91'
Driver info: org.openqa.selenium.firefox.FirefoxDriver
Capabilities [{applicationCacheEnabled=true, rotatable=false, handlesAlerts=true, databaseEnabled=true, version=45.0.2, platform=LINUX, nativeEvents=false, acceptSslCerts=true, webStorageEnabled=true, locationContextEnabled=true, browserName=firefox, takesScreenshot=true, javascriptEnabled=true, cssSelectorsEnabled=true}]
Session ID: 70def2a4-555d-426e-aea2-5cf87b504237

[1] "switch to click2"
[1] 25

Selenium message:Element is not clickable at point (1710.4833984375, 2800). Other element would receive the click: <div style="z-index: 7000; display: block;" id="optanon-popup-bg"></div>
Command duration or timeout: 135 milliseconds
Build info: version: '2.53.1', revision: 'a36b8b1', time: '2016-06-30 17:37:03'
System info: host: 'a4c2533d854a', ip: '172.17.0.2', os.name: 'Linux', os.arch: 'amd64', os.version: '4.15.0-1043-aws', java.version: '1.8.0_91'
Driver info: org.openqa.selenium.firefox.FirefoxDriver
Capabilities [{applicationCacheEnabled=true, rotatable=false, handlesAlerts=true, databaseEnabled=true, version=45.0.2, platform=LINUX, nativeEvents=false, acceptSslCerts=true, webStorageEnabled=true, locationContextEnabled=true, browserName=firefox, takesScreenshot=true, javascriptEnabled=true, cssSelectorsEnabled=true}]
Session ID: 70def2a4-555d-426e-aea2-5cf87b504237

[1] "switch to click2"
[1] 26

Selenium message:Element is not clickable at point (1730.4833984375, 2887). Other element would receive the click: <div style="z-index: 7000; display: block;" id="optanon-popup-bg"></div>
Command duration or timeout: 454 milliseconds
Build info: version: '2.53.1', revision: 'a36b8b1', time: '2016-06-30 17:37:03'
System info: host: 'a4c2533d854a', ip: '172.17.0.2', os.name: 'Linux', os.arch: 'amd64', os.version: '4.15.0-1043-aws', java.version: '1.8.0_91'
Driver info: org.openqa.selenium.firefox.FirefoxDriver
Capabilities [{applicationCacheEnabled=true, rotatable=false, handlesAlerts=true, databaseEnabled=true, version=45.0.2, platform=LINUX, nativeEvents=false, acceptSslCerts=true, webStorageEnabled=true, locationContextEnabled=true, browserName=firefox, takesScreenshot=true, javascriptEnabled=true, cssSelectorsEnabled=true}]
Session ID: 70def2a4-555d-426e-aea2-5cf87b504237

[1] "switch to click2"
[1] 27
[1] 28
[1] "ARAG"
[1] "AUDI"
[1] "no link to click"
[1] 1
[1] "no link to click"
[1] 0
[1] 20
[1] 40
[1] 60
[1] 80
[1] 100
[1] 120
[1] 140
[1] 160
[1] 180
[1] 200
[1] 220
[1] 240
[1] 260
[1] 280
[1] 300
[1] 320
[1] 340
[1] 360
[1] 380
[1] 400
[1] 420

Selenium message:Element is not currently visible and so may not be interacted with
Build info: version: '2.53.1', revision: 'a36b8b1', time: '2016-06-30 17:37:03'
System info: host: 'a4c2533d854a', ip: '172.17.0.2', os.name: 'Linux', os.arch: 'amd64', os.version: '4.15.0-1043-aws', java.version: '1.8.0_91'
Driver info: driver.version: unknown

[1] "switch to click2"
[1] 435
[1] "BIOTRONIK"
[1] 1
[1] 2
[1] "DELOITTE-DATA"
[1] 1
[1] 2
[1] 3
[1] 4
[1] 5
[1] 6
[1] 7
[1] 8
[1] 9
[1] 10
[1] 11
[1] 12
[1] 13
[1] 14
[1] 15
[1] 16
[1] 17
[1] 18
[1] 19
[1] 20
[1] "DZ-PRIVATBANK"
[1] "FERCHAU-DATA-SCIENCE"
[1] 1
[1] 20
[1] 30
[1] 40
[1] 50
[1] 60
[1] "no link to click"
[1] 61
[1] "GASTROLINE"
[1] 1
[1] 2
[1] "GENERALI"
[1] 1
[1] "GP-CONSULT"
[1] "GVB"
[1] 1

Selenium message:Element is not currently visible and so may not be interacted with
Build info: version: '2.53.1', revision: 'a36b8b1', time: '2016-06-30 17:37:03'
System info: host: 'a4c2533d854a', ip: '172.17.0.2', os.name: 'Linux', os.arch: 'amd64', os.version: '4.15.0-1043-aws', java.version: '1.8.0_91'
Driver info: driver.version: unknown

[1] "switch to click2"
[1] 2

Selenium message:Element is not currently visible and so may not be interacted with
Build info: version: '2.53.1', revision: 'a36b8b1', time: '2016-06-30 17:37:03'
System info: host: 'a4c2533d854a', ip: '172.17.0.2', os.name: 'Linux', os.arch: 'amd64', os.version: '4.15.0-1043-aws', java.version: '1.8.0_91'
Driver info: driver.version: unknown

[1] "switch to click2"
[1] 3
[1] 4
[1] "GVWE"
[1] 1
[1] "HAUFE"
[1] 1
[1] 2
[1] 3
[1] 4
[1] 5
[1] 6
[1] 7
[1] 8
[1] 9
[1] 10
[1] "HFG"
[1] 1
[1] "HIGH-TECH"
[1] "IAV"
[1] 1
[1] "JENZ"
[1] "MEINDL"
[1] "MTU"
[1] 1
[1] 40
[1] 60
[1] 80
[1] 100
[1] 120
[1] 140
[1] 160
[1] 180
[1] 200
[1] 220
[1] 240
[1] 260
[1] 280

Selenium message:Element is not currently visible and so may not be interacted with
Build info: version: '2.53.1', revision: 'a36b8b1', time: '2016-06-30 17:37:03'
System info: host: 'a4c2533d854a', ip: '172.17.0.2', os.name: 'Linux', os.arch: 'amd64', os.version: '4.15.0-1043-aws', java.version: '1.8.0_91'
Driver info: driver.version: unknown

[1] "switch to click2"
[1] 291
[1] "MUENCH-HYP-ENTWICKLUNG"
[1] "MUENCH-HYP-IMMO"
[1] "MUENCH-HYP-IMMOBEWERT"
[1] "MUENCH-HYP-IT"
[1] "MUENCH-HYP-KAPITALMARKT"
[1] "MUENCH-HYP-PRIVATIMMO"
[1] "MUENCH-HYP-ZENTRALE"
[1] "NAMICS"
[1] "ONMAX"
[1] 1
[1] "P3"
[1] 1
[1] 2
[1] 3
[1] 4
[1] "PHILIPS"
[1] 1
[1] 2
[1] "PSD-BANK"
[1] "RAIFEISEN"
[1] 1
[1] 2
[1] 3
[1] 4
[1] 5
[1] 6
[1] "RATIODATA"
[1] "RATIOPHARM-TEVA"
[1] 1
[1] 2
[1] 3
[1] 4
[1] 5
[1] 6
[1] 7
[1] 8
[1] 9
[1] 10
[1] "SCHMETZ"
[1] "SCHWAEBISCH-HALL"
[1] "SPARDA-BANK"
[1] "TALANX"
[1] "TRUMPF"

Selenium message:Element is not clickable at point (1209.5, 2267.333251953125). Other element would receive the click: <div class="langLead is-visible"></div>
Command duration or timeout: 341 milliseconds
Build info: version: '2.53.1', revision: 'a36b8b1', time: '2016-06-30 17:37:03'
System info: host: 'a4c2533d854a', ip: '172.17.0.2', os.name: 'Linux', os.arch: 'amd64', os.version: '4.15.0-1043-aws', java.version: '1.8.0_91'
Driver info: org.openqa.selenium.firefox.FirefoxDriver
Capabilities [{applicationCacheEnabled=true, rotatable=false, handlesAlerts=true, databaseEnabled=true, version=45.0.2, platform=LINUX, nativeEvents=false, acceptSslCerts=true, webStorageEnabled=true, locationContextEnabled=true, browserName=firefox, takesScreenshot=true, javascriptEnabled=true, cssSelectorsEnabled=true}]
Session ID: 70def2a4-555d-426e-aea2-5cf87b504237

[1] "switch to click2"
[1] 1

Selenium message:Element is not clickable at point (1201.5, 2303.89990234375). Other element would receive the click: <div class="langLead is-visible"></div>
Command duration or timeout: 1.59 seconds
Build info: version: '2.53.1', revision: 'a36b8b1', time: '2016-06-30 17:37:03'
System info: host: 'a4c2533d854a', ip: '172.17.0.2', os.name: 'Linux', os.arch: 'amd64', os.version: '4.15.0-1043-aws', java.version: '1.8.0_91'
Driver info: org.openqa.selenium.firefox.FirefoxDriver
Capabilities [{applicationCacheEnabled=true, rotatable=false, handlesAlerts=true, databaseEnabled=true, version=45.0.2, platform=LINUX, nativeEvents=false, acceptSslCerts=true, webStorageEnabled=true, locationContextEnabled=true, browserName=firefox, takesScreenshot=true, javascriptEnabled=true, cssSelectorsEnabled=true}]
Session ID: 70def2a4-555d-426e-aea2-5cf87b504237

[1] "switch to click2"
[1] 20

Selenium message:Element is not clickable at point (1201.5, 2303.89990234375). Other element would receive the click: <div class="langLead is-visible"></div>
Command duration or timeout: 694 milliseconds
Build info: version: '2.53.1', revision: 'a36b8b1', time: '2016-06-30 17:37:03'
System info: host: 'a4c2533d854a', ip: '172.17.0.2', os.name: 'Linux', os.arch: 'amd64', os.version: '4.15.0-1043-aws', java.version: '1.8.0_91'
Driver info: org.openqa.selenium.firefox.FirefoxDriver
Capabilities [{applicationCacheEnabled=true, rotatable=false, handlesAlerts=true, databaseEnabled=true, version=45.0.2, platform=LINUX, nativeEvents=false, acceptSslCerts=true, webStorageEnabled=true, locationContextEnabled=true, browserName=firefox, takesScreenshot=true, javascriptEnabled=true, cssSelectorsEnabled=true}]
Session ID: 70def2a4-555d-426e-aea2-5cf87b504237

[1] "switch to click2"
[1] 30

Selenium message:Element is not clickable at point (1201.5, 2303.89990234375). Other element would receive the click: <div class="langLead is-visible"></div>
Command duration or timeout: 647 milliseconds
Build info: version: '2.53.1', revision: 'a36b8b1', time: '2016-06-30 17:37:03'
System info: host: 'a4c2533d854a', ip: '172.17.0.2', os.name: 'Linux', os.arch: 'amd64', os.version: '4.15.0-1043-aws', java.version: '1.8.0_91'
Driver info: org.openqa.selenium.firefox.FirefoxDriver
Capabilities [{applicationCacheEnabled=true, rotatable=false, handlesAlerts=true, databaseEnabled=true, version=45.0.2, platform=LINUX, nativeEvents=false, acceptSslCerts=true, webStorageEnabled=true, locationContextEnabled=true, browserName=firefox, takesScreenshot=true, javascriptEnabled=true, cssSelectorsEnabled=true}]
Session ID: 70def2a4-555d-426e-aea2-5cf87b504237

[1] "switch to click2"
[1] 40

Selenium message:Element is not clickable at point (1201.5, 2303.89990234375). Other element would receive the click: <div class="langLead is-visible"></div>
Command duration or timeout: 660 milliseconds
Build info: version: '2.53.1', revision: 'a36b8b1', time: '2016-06-30 17:37:03'
System info: host: 'a4c2533d854a', ip: '172.17.0.2', os.name: 'Linux', os.arch: 'amd64', os.version: '4.15.0-1043-aws', java.version: '1.8.0_91'
Driver info: org.openqa.selenium.firefox.FirefoxDriver
Capabilities [{applicationCacheEnabled=true, rotatable=false, handlesAlerts=true, databaseEnabled=true, version=45.0.2, platform=LINUX, nativeEvents=false, acceptSslCerts=true, webStorageEnabled=true, locationContextEnabled=true, browserName=firefox, takesScreenshot=true, javascriptEnabled=true, cssSelectorsEnabled=true}]
Session ID: 70def2a4-555d-426e-aea2-5cf87b504237

[1] "switch to click2"
[1] 50

Selenium message:Element is not clickable at point (1201.5, 2303.89990234375). Other element would receive the click: <div class="langLead is-visible"></div>
Command duration or timeout: 784 milliseconds
Build info: version: '2.53.1', revision: 'a36b8b1', time: '2016-06-30 17:37:03'
System info: host: 'a4c2533d854a', ip: '172.17.0.2', os.name: 'Linux', os.arch: 'amd64', os.version: '4.15.0-1043-aws', java.version: '1.8.0_91'
Driver info: org.openqa.selenium.firefox.FirefoxDriver
Capabilities [{applicationCacheEnabled=true, rotatable=false, handlesAlerts=true, databaseEnabled=true, version=45.0.2, platform=LINUX, nativeEvents=false, acceptSslCerts=true, webStorageEnabled=true, locationContextEnabled=true, browserName=firefox, takesScreenshot=true, javascriptEnabled=true, cssSelectorsEnabled=true}]
Session ID: 70def2a4-555d-426e-aea2-5cf87b504237

[1] "switch to click2"
[1] 60

Selenium message:Element is not clickable at point (1201.5, 2303.89990234375). Other element would receive the click: <div class="langLead is-visible"></div>
Command duration or timeout: 575 milliseconds
Build info: version: '2.53.1', revision: 'a36b8b1', time: '2016-06-30 17:37:03'
System info: host: 'a4c2533d854a', ip: '172.17.0.2', os.name: 'Linux', os.arch: 'amd64', os.version: '4.15.0-1043-aws', java.version: '1.8.0_91'
Driver info: org.openqa.selenium.firefox.FirefoxDriver
Capabilities [{applicationCacheEnabled=true, rotatable=false, handlesAlerts=true, databaseEnabled=true, version=45.0.2, platform=LINUX, nativeEvents=false, acceptSslCerts=true, webStorageEnabled=true, locationContextEnabled=true, browserName=firefox, takesScreenshot=true, javascriptEnabled=true, cssSelectorsEnabled=true}]
Session ID: 70def2a4-555d-426e-aea2-5cf87b504237

[1] "switch to click2"
[1] 70

Selenium message:Element is not clickable at point (1201.5, 2303.89990234375). Other element would receive the click: <div class="langLead is-visible"></div>
Command duration or timeout: 553 milliseconds
Build info: version: '2.53.1', revision: 'a36b8b1', time: '2016-06-30 17:37:03'
System info: host: 'a4c2533d854a', ip: '172.17.0.2', os.name: 'Linux', os.arch: 'amd64', os.version: '4.15.0-1043-aws', java.version: '1.8.0_91'
Driver info: org.openqa.selenium.firefox.FirefoxDriver
Capabilities [{applicationCacheEnabled=true, rotatable=false, handlesAlerts=true, databaseEnabled=true, version=45.0.2, platform=LINUX, nativeEvents=false, acceptSslCerts=true, webStorageEnabled=true, locationContextEnabled=true, browserName=firefox, takesScreenshot=true, javascriptEnabled=true, cssSelectorsEnabled=true}]
Session ID: 70def2a4-555d-426e-aea2-5cf87b504237

[1] "switch to click2"
[1] 80

Selenium message:Element is not clickable at point (1201.5, 2303.89990234375). Other element would receive the click: <div class="langLead is-visible"></div>
Command duration or timeout: 610 milliseconds
Build info: version: '2.53.1', revision: 'a36b8b1', time: '2016-06-30 17:37:03'
System info: host: 'a4c2533d854a', ip: '172.17.0.2', os.name: 'Linux', os.arch: 'amd64', os.version: '4.15.0-1043-aws', java.version: '1.8.0_91'
Driver info: org.openqa.selenium.firefox.FirefoxDriver
Capabilities [{applicationCacheEnabled=true, rotatable=false, handlesAlerts=true, databaseEnabled=true, version=45.0.2, platform=LINUX, nativeEvents=false, acceptSslCerts=true, webStorageEnabled=true, locationContextEnabled=true, browserName=firefox, takesScreenshot=true, javascriptEnabled=true, cssSelectorsEnabled=true}]
Session ID: 70def2a4-555d-426e-aea2-5cf87b504237

[1] "switch to click2"
[1] 90

Selenium message:Element is not clickable at point (1201.5, 2303.89990234375). Other element would receive the click: <div class="langLead is-visible"></div>
Command duration or timeout: 528 milliseconds
Build info: version: '2.53.1', revision: 'a36b8b1', time: '2016-06-30 17:37:03'
System info: host: 'a4c2533d854a', ip: '172.17.0.2', os.name: 'Linux', os.arch: 'amd64', os.version: '4.15.0-1043-aws', java.version: '1.8.0_91'
Driver info: org.openqa.selenium.firefox.FirefoxDriver
Capabilities [{applicationCacheEnabled=true, rotatable=false, handlesAlerts=true, databaseEnabled=true, version=45.0.2, platform=LINUX, nativeEvents=false, acceptSslCerts=true, webStorageEnabled=true, locationContextEnabled=true, browserName=firefox, takesScreenshot=true, javascriptEnabled=true, cssSelectorsEnabled=true}]
Session ID: 70def2a4-555d-426e-aea2-5cf87b504237

[1] "switch to click2"
[1] 100

Selenium message:Element is not clickable at point (1201.5, 2303.89990234375). Other element would receive the click: <div class="langLead is-visible"></div>
Command duration or timeout: 570 milliseconds
Build info: version: '2.53.1', revision: 'a36b8b1', time: '2016-06-30 17:37:03'
System info: host: 'a4c2533d854a', ip: '172.17.0.2', os.name: 'Linux', os.arch: 'amd64', os.version: '4.15.0-1043-aws', java.version: '1.8.0_91'
Driver info: org.openqa.selenium.firefox.FirefoxDriver
Capabilities [{applicationCacheEnabled=true, rotatable=false, handlesAlerts=true, databaseEnabled=true, version=45.0.2, platform=LINUX, nativeEvents=false, acceptSslCerts=true, webStorageEnabled=true, locationContextEnabled=true, browserName=firefox, takesScreenshot=true, javascriptEnabled=true, cssSelectorsEnabled=true}]
Session ID: 70def2a4-555d-426e-aea2-5cf87b504237

[1] "switch to click2"
[1] 110

Selenium message:Element is not clickable at point (1201.5, 2303.89990234375). Other element would receive the click: <div class="langLead is-visible"></div>
Command duration or timeout: 616 milliseconds
Build info: version: '2.53.1', revision: 'a36b8b1', time: '2016-06-30 17:37:03'
System info: host: 'a4c2533d854a', ip: '172.17.0.2', os.name: 'Linux', os.arch: 'amd64', os.version: '4.15.0-1043-aws', java.version: '1.8.0_91'
Driver info: org.openqa.selenium.firefox.FirefoxDriver
Capabilities [{applicationCacheEnabled=true, rotatable=false, handlesAlerts=true, databaseEnabled=true, version=45.0.2, platform=LINUX, nativeEvents=false, acceptSslCerts=true, webStorageEnabled=true, locationContextEnabled=true, browserName=firefox, takesScreenshot=true, javascriptEnabled=true, cssSelectorsEnabled=true}]
Session ID: 70def2a4-555d-426e-aea2-5cf87b504237

[1] "switch to click2"
[1] 120

Selenium message:Element is not clickable at point (1201.5, 2303.89990234375). Other element would receive the click: <div class="langLead is-visible"></div>
Command duration or timeout: 740 milliseconds
Build info: version: '2.53.1', revision: 'a36b8b1', time: '2016-06-30 17:37:03'
System info: host: 'a4c2533d854a', ip: '172.17.0.2', os.name: 'Linux', os.arch: 'amd64', os.version: '4.15.0-1043-aws', java.version: '1.8.0_91'
Driver info: org.openqa.selenium.firefox.FirefoxDriver
Capabilities [{applicationCacheEnabled=true, rotatable=false, handlesAlerts=true, databaseEnabled=true, version=45.0.2, platform=LINUX, nativeEvents=false, acceptSslCerts=true, webStorageEnabled=true, locationContextEnabled=true, browserName=firefox, takesScreenshot=true, javascriptEnabled=true, cssSelectorsEnabled=true}]
Session ID: 70def2a4-555d-426e-aea2-5cf87b504237

[1] "switch to click2"
[1] 130

Selenium message:Element is not currently visible and so may not be interacted with
Build info: version: '2.53.1', revision: 'a36b8b1', time: '2016-06-30 17:37:03'
System info: host: 'a4c2533d854a', ip: '172.17.0.2', os.name: 'Linux', os.arch: 'amd64', os.version: '4.15.0-1043-aws', java.version: '1.8.0_91'
Driver info: driver.version: unknown

[1] "switch to click2"
[1] 139
[1] "USU"
[1] 1
[1] 2
[1] "VANDERLANDE"
[1] 1
[1] "VERBAND-REGIONEN"
[1] "nr: 9"
<simpleError in iframes[[1]]: subscript out of bounds>
[1] "VODAFONE-DIGITAL "
[1] "KÖRBER"
[1] "EOS-UPTRADE"
[1] "COMDIREKT"
[1] 1
[1] 2
[1] 3
[1] 4
[1] 5
[1] 6
[1] 7
[1] "KRUSS"
[1] "PERKIN"
[1] 1
[1] 2
[1] 3
[1] 4
[1] 5
[1] 6
[1] 7
[1] 8
[1] 9
[1] 10
[1] 11
[1] 12
[1] 13
[1] 14
[1] 15
[1] 16
[1] 17
[1] 18
[1] 19
[1] 20
[1] 21
[1] 22
[1] "NOVOMIND"
[1] "FLASCHENPOST"
[1] "ERPWERK"
[1] 1
[1] 2
[1] "MY-TAXI"
[1] 1
[1] 2
[1] 3
[1] 4
[1] 5
[1] 6
[1] 7
[1] 8
[1] 9
[1] "DEGUSSA"
[1] "MICOBO"
[1] "DFL"
[1] "PFANDBRIEFBANK"
[1] "ON-AG"
[1] "FIDUCIA"
[1] "DEUTSCHE-BAHN-DIGITAL"
[1] 1
[1] 2
[1] "BRUNEL"
[1] 1
[1] 2
[1] "BUSCH"
[1] "CARESYNTAX"
[1] "AAREAL"
[1] 1
[1] 2
[1] 3
[1] "CARGONEXX"
[1] "CEGEKA"
[1] "CELANESE"
[1] 1

Selenium message:Element is not currently visible and so may not be interacted with
Build info: version: '2.53.1', revision: 'a36b8b1', time: '2016-06-30 17:37:03'
System info: host: 'a4c2533d854a', ip: '172.17.0.2', os.name: 'Linux', os.arch: 'amd64', os.version: '4.15.0-1043-aws', java.version: '1.8.0_91'
Driver info: driver.version: unknown

[1] "switch to click2"
[1] 2
[1] 3
[1] "CELERAONE"
[1] "CETOGENE"
[1] "CHEMMEDIA"
[1] "CLARANET"
[1] "CLARK"
[1] 1
[1] 2
[1] "COYO"
[1] "CRITEO"
[1] "CROWDSTRIKE"
[1] "CONRAD-CONNECT"
[1] "CONTIAMO"
[1] "CTS-EVENTIM"
[1] 1
[1] 2
[1] 3
[1] 4
[1] 5
[1] 6
[1] 7
[1] 8
[1] 9
[1] 10
[1] "DATAIKU"
[1] "DEEP-MIND"
[1] "DEFINIENS"
[1] "DELIVERO-HERO"
[1] "DELPHI"
[1] 1
[1] 2
[1] 3
[1] 4
[1] "DEUTSCHE-LEASING"
[1] 1
[1] 2
[1] 3
[1] 4
[1] "DFINE"
[1] "DHL-CONSULTING"
[1] "DKB"
[1] "nr: 10"
<simpleError in iframes[[1]]: subscript out of bounds>
[1] "DM-TECH"
[1] 1
[1] "DOEHLER"
[1] 1
[1] "nr: 11"
<simpleError in checkError(res): Undefined error in httr call. httr output: Recv failure: Connection reset by peer>
[1] "DOUGLAS"
[sudo] password for rstudio: docker: error during connect: Post http://%2Fvar%2Frun%2Fdocker.sock/v1.29/containers/create: read unix @->/var/run/docker.sock: read: connection reset by peer.
See 'docker run --help'.
[1] "Connecting to remote server"
[1] "nr: 12"
<simpleError in checkError(res): Undefined error in httr call. httr output: Failed to connect to localhost port 44118: Connection refused>
[1] "DZBANK"
sudo: unable to resolve host ip-172-31-34-202: Resource temporarily unavailable
[sudo] password for rstudio: docker: Cannot connect to the Docker daemon at unix:///var/run/docker.sock. Is the docker daemon running?.
See 'docker run --help'.
[1] "Connecting to remote server"
[1] "nr: 13"
<simpleError in checkError(res): Undefined error in httr call. httr output: Failed to connect to localhost port 40830: Connection refused>
[1] "365FARMNET"
sudo: unable to resolve host ip-172-31-34-202: Resource temporarily unavailable
[sudo] password for rstudio: docker: Cannot connect to the Docker daemon at unix:///var/run/docker.sock. Is the docker daemon running?.
See 'docker run --help'.
[1] "Connecting to remote server"
[1] "nr: 14"
<simpleError in checkError(res): Undefined error in httr call. httr output: Failed to connect to localhost port 39756: Connection refused>
[1] "ALLDUS"
sudo: unable to resolve host ip-172-31-34-202: Resource temporarily unavailable
[sudo] password for rstudio: docker: Cannot connect to the Docker daemon at unix:///var/run/docker.sock. Is the docker daemon running?.
See 'docker run --help'.
[1] "Connecting to remote server"
[1] "nr: 15"
<simpleError in checkError(res): Undefined error in httr call. httr output: Failed to connect to localhost port 43349: Connection refused>
[1] "ASC-JOBS"
sudo: unable to resolve host ip-172-31-34-202: Resource temporarily unavailable
[sudo] password for rstudio: docker: Cannot connect to the Docker daemon at unix:///var/run/docker.sock. Is the docker daemon running?.
See 'docker run --help'.
[1] "Connecting to remote server"
[1] "nr: 16"
<simpleError in checkError(res): Undefined error in httr call. httr output: Failed to connect to localhost port 41582: Connection refused>
[1] "AUTOMATION-ANYWHERE"
sudo: unable to resolve host ip-172-31-34-202: Resource temporarily unavailable
[sudo] password for rstudio: docker: Cannot connect to the Docker daemon at unix:///var/run/docker.sock. Is the docker daemon running?.
See 'docker run --help'.
[1] "Connecting to remote server"
[1] "nr: 17"
<simpleError in checkError(res): Undefined error in httr call. httr output: Failed to connect to localhost port 46592: Connection refused>
[1] "AVANADE"
sudo: unable to resolve host ip-172-31-34-202: Resource temporarily unavailable
[sudo] password for rstudio: docker: Cannot connect to the Docker daemon at unix:///var/run/docker.sock. Is the docker daemon running?.
See 'docker run --help'.
[1] "Connecting to remote server"
[1] "nr: 18"
<simpleError in checkError(res): Undefined error in httr call. httr output: Failed to connect to localhost port 48082: Connection refused>
[1] "BALOISE"
sudo: unable to resolve host ip-172-31-34-202: Resource temporarily unavailable
[sudo] password for rstudio: docker: Cannot connect to the Docker daemon at unix:///var/run/docker.sock. Is the docker daemon running?.
See 'docker run --help'.
[1] "Connecting to remote server"
[1] "nr: 19"
<simpleError in checkError(res): Undefined error in httr call. httr output: Failed to connect to localhost port 42447: Connection refused>
[1] "BCG-DIGITAL"
sudo: unable to resolve host ip-172-31-34-202: Resource temporarily unavailable
[sudo] password for rstudio: docker: Cannot connect to the Docker daemon at unix:///var/run/docker.sock. Is the docker daemon running?.
See 'docker run --help'.
[1] "Connecting to remote server"
[1] "nr: 20"
<simpleError in checkError(res): Undefined error in httr call. httr output: Failed to connect to localhost port 44779: Connection refused>
[1] "BD4TRAVEL"
sudo: unable to resolve host ip-172-31-34-202: Resource temporarily unavailable
[sudo] password for rstudio: docker: Cannot connect to the Docker daemon at unix:///var/run/docker.sock. Is the docker daemon running?.
See 'docker run --help'.
[1] "Connecting to remote server"
[1] "nr: 21"
<simpleError in checkError(res): Undefined error in httr call. httr output: Failed to connect to localhost port 42480: Connection refused>
[1] "BITBURGER"
sudo: unable to resolve host ip-172-31-34-202: Resource temporarily unavailable
[sudo] password for rstudio: docker: Cannot connect to the Docker daemon at unix:///var/run/docker.sock. Is the docker daemon running?.
See 'docker run --help'.
[1] "Connecting to remote server"
[1] "nr: 22"
<simpleError in checkError(res): Undefined error in httr call. httr output: Failed to connect to localhost port 41744: Connection refused>
[1] "BREUNINGER"
sudo: unable to resolve host ip-172-31-34-202: Resource temporarily unavailable
[sudo] password for rstudio: docker: Cannot connect to the Docker daemon at unix:///var/run/docker.sock. Is the docker daemon running?.
See 'docker run --help'.
[1] "Connecting to remote server"
[1] "nr: 23"
<simpleError in checkError(res): Undefined error in httr call. httr output: Failed to connect to localhost port 41797: Connection refused>
[1] "COBIBIKE"
sudo: unable to resolve host ip-172-31-34-202: Resource temporarily unavailable
[sudo] password for rstudio: docker: Cannot connect to the Docker daemon at unix:///var/run/docker.sock. Is the docker daemon running?.
See 'docker run --help'.
[1] "Connecting to remote server"
[1] "nr: 24"
<simpleError in checkError(res): Undefined error in httr call. httr output: Failed to connect to localhost port 39593: Connection refused>
[1] "COCUS"
sudo: unable to resolve host ip-172-31-34-202: Resource temporarily unavailable
[sudo] password for rstudio: docker: Cannot connect to the Docker daemon at unix:///var/run/docker.sock. Is the docker daemon running?.
See 'docker run --help'.
[1] "Connecting to remote server"
[1] "nr: 25"
<simpleError in checkError(res): Undefined error in httr call. httr output: Failed to connect to localhost port 40831: Connection refused>
[1] "EQUENSWORDLINE"
sudo: unable to resolve host ip-172-31-34-202: Resource temporarily unavailable
[sudo] password for rstudio: docker: Cannot connect to the Docker daemon at unix:///var/run/docker.sock. Is the docker daemon running?.
See 'docker run --help'.
[1] "Connecting to remote server"
[1] "nr: 26"
<simpleError in checkError(res): Undefined error in httr call. httr output: Failed to connect to localhost port 43138: Connection refused>
[1] "EUFINGER"
sudo: unable to resolve host ip-172-31-34-202: Resource temporarily unavailable
[sudo] password for rstudio: docker: Cannot connect to the Docker daemon at unix:///var/run/docker.sock. Is the docker daemon running?.
See 'docker run --help'.
[1] "Connecting to remote server"
[1] "nr: 27"
<simpleError in checkError(res): Undefined error in httr call. httr output: Failed to connect to localhost port 43649: Connection refused>
[1] "EXASOL"
sudo: unable to resolve host ip-172-31-34-202: Resource temporarily unavailable
[sudo] password for rstudio: docker: Cannot connect to the Docker daemon at unix:///var/run/docker.sock. Is the docker daemon running?.
See 'docker run --help'.
[1] "Connecting to remote server"
[1] "nr: 28"
<simpleError in checkError(res): Undefined error in httr call. httr output: Failed to connect to localhost port 47587: Connection refused>
[1] "AAI"
sudo: unable to resolve host ip-172-31-34-202: Resource temporarily unavailable
[sudo] password for rstudio: docker: Cannot connect to the Docker daemon at unix:///var/run/docker.sock. Is the docker daemon running?.
See 'docker run --help'.
[1] "Connecting to remote server"
[1] "nr: 29"
<simpleError in checkError(res): Undefined error in httr call. httr output: Failed to connect to localhost port 38129: Connection refused>
[1] "ADAC"
sudo: unable to resolve host ip-172-31-34-202: Resource temporarily unavailable
[sudo] password for rstudio: docker: Cannot connect to the Docker daemon at unix:///var/run/docker.sock. Is the docker daemon running?.
See 'docker run --help'.
[1] "Connecting to remote server"
[1] "nr: 30"
<simpleError in checkError(res): Undefined error in httr call. httr output: Failed to connect to localhost port 47802: Connection refused>
[1] "UBS"
sudo: unable to resolve host ip-172-31-34-202: Resource temporarily unavailable
[sudo] password for rstudio: docker: Cannot connect to the Docker daemon at unix:///var/run/docker.sock. Is the docker daemon running?.
See 'docker run --help'.
[1] "Connecting to remote server"
[1] "nr: 31"
<simpleError in checkError(res): Undefined error in httr call. httr output: Failed to connect to localhost port 45649: Connection refused>
[1] NA
sudo: unable to resolve host ip-172-31-34-202: Resource temporarily unavailable
[sudo] password for rstudio: docker: Cannot connect to the Docker daemon at unix:///var/run/docker.sock. Is the docker daemon running?.
See 'docker run --help'.
[1] "Connecting to remote server"
[1] "nr: 32"
<simpleError in checkError(res): Undefined error in httr call. httr output: Failed to connect to localhost port 42094: Connection refused>
[1] NA
sudo: unable to resolve host ip-172-31-34-202: Resource temporarily unavailable
[sudo] password for rstudio: docker: Cannot connect to the Docker daemon at unix:///var/run/docker.sock. Is the docker daemon running?.
See 'docker run --help'.
[1] "Connecting to remote server"
[1] "nr: 33"
<simpleError in checkError(res): Undefined error in httr call. httr output: Failed to connect to localhost port 39656: Connection refused>
[1] NA
sudo: unable to resolve host ip-172-31-34-202: Resource temporarily unavailable
[sudo] password for rstudio: docker: Cannot connect to the Docker daemon at unix:///var/run/docker.sock. Is the docker daemon running?.
See 'docker run --help'.
[1] "Connecting to remote server"
[1] "nr: 34"
<simpleError in checkError(res): Undefined error in httr call. httr output: Failed to connect to localhost port 47078: Connection refused>
[1] NA
sudo: unable to resolve host ip-172-31-34-202: Resource temporarily unavailable
[sudo] password for rstudio: docker: Cannot connect to the Docker daemon at unix:///var/run/docker.sock. Is the docker daemon running?.
See 'docker run --help'.
[1] "Connecting to remote server"
[1] "nr: 35"
<simpleError in checkError(res): Undefined error in httr call. httr output: Failed to connect to localhost port 42836: Connection refused>
[1] NA
sudo: unable to resolve host ip-172-31-34-202: Resource temporarily unavailable
[sudo] password for rstudio: docker: Cannot connect to the Docker daemon at unix:///var/run/docker.sock. Is the docker daemon running?.
See 'docker run --help'.
[1] "Connecting to remote server"
[1] "nr: 36"
<simpleError in checkError(res): Undefined error in httr call. httr output: Failed to connect to localhost port 38210: Connection refused>
[1] NA
sudo: unable to resolve host ip-172-31-34-202: Resource temporarily unavailable
[sudo] password for rstudio: docker: Cannot connect to the Docker daemon at unix:///var/run/docker.sock. Is the docker daemon running?.
See 'docker run --help'.
[1] "Connecting to remote server"
[1] "nr: 37"
<simpleError in checkError(res): Undefined error in httr call. httr output: Failed to connect to localhost port 43689: Connection refused>
[1] NA
sudo: unable to resolve host ip-172-31-34-202: Resource temporarily unavailable
[sudo] password for rstudio: docker: Cannot connect to the Docker daemon at unix:///var/run/docker.sock. Is the docker daemon running?.
See 'docker run --help'.
[1] "Connecting to remote server"
[1] "nr: 38"
<simpleError in checkError(res): Undefined error in httr call. httr output: Failed to connect to localhost port 39536: Connection refused>
[1] NA
sudo: unable to resolve host ip-172-31-34-202: Resource temporarily unavailable
[sudo] password for rstudio: docker: Cannot connect to the Docker daemon at unix:///var/run/docker.sock. Is the docker daemon running?.
See 'docker run --help'.
[1] "Connecting to remote server"
[1] "nr: 39"
<simpleError in checkError(res): Undefined error in httr call. httr output: Failed to connect to localhost port 38704: Connection refused>
[1] NA
sudo: unable to resolve host ip-172-31-34-202: Resource temporarily unavailable
[sudo] password for rstudio: docker: Cannot connect to the Docker daemon at unix:///var/run/docker.sock. Is the docker daemon running?.
See 'docker run --help'.
[1] "Connecting to remote server"
[1] "nr: 40"
<simpleError in checkError(res): Undefined error in httr call. httr output: Failed to connect to localhost port 48079: Connection refused>
[1] NA
sudo: unable to resolve host ip-172-31-34-202: Resource temporarily unavailable
[sudo] password for rstudio: docker: Cannot connect to the Docker daemon at unix:///var/run/docker.sock. Is the docker daemon running?.
See 'docker run --help'.
[1] "Connecting to remote server"
[1] "nr: 41"
<simpleError in checkError(res): Undefined error in httr call. httr output: Failed to connect to localhost port 45281: Connection refused>
[1] NA
