[sudo] password for rstudio: [sudo] password for rstudio: [sudo] password for rstudio: [sudo] password for rstudio: [sudo] password for rstudio: [sudo] password for rstudio: [sudo] password for rstudio: [sudo] password for rstudio: [sudo] password for rstudio: [sudo] password for rstudio: [sudo] password for rstudio: [sudo] password for rstudio: [sudo] password for rstudio: [sudo] password for rstudio: [sudo] password for rstudio: [sudo] password for rstudio: [sudo] password for rstudio: [sudo] password for rstudio: [sudo] password for rstudio: [sudo] password for rstudio: [sudo] password for rstudio: [sudo] password for rstudio: [sudo] password for rstudio: [sudo] password for rstudio: [sudo] password for rstudio: [sudo] password for rstudio: [sudo] password for rstudio: [sudo] password for rstudio: [sudo] password for rstudio: [sudo] password for rstudio: [sudo] password for rstudio: [sudo] password for rstudio: [sudo] password for rstudio: [sudo] password for rstudio: [sudo] password for rstudio: [sudo] password for rstudio: [sudo] password for rstudio: [sudo] password for rstudio: [sudo] password for rstudio: [sudo] password for rstudio: [sudo] password for rstudio: [sudo] password for rstudio: [sudo] password for rstudio: [sudo] password for rstudio: [sudo] password for rstudio: [sudo] password for rstudio: [sudo] password for rstudio: [sudo] password for rstudio: [sudo] password for rstudio: [sudo] password for rstudio: [sudo] password for rstudio: [sudo] password for rstudio: [sudo] password for rstudio: [sudo] password for rstudio: [sudo] password for rstudio: [sudo] password for rstudio: [sudo] password for rstudio: [sudo] password for rstudio: [sudo] password for rstudio: [sudo] password for rstudio: [sudo] password for rstudio: [sudo] password for rstudio: [sudo] password for rstudio: [sudo] password for rstudio: [sudo] password for rstudio: [sudo] password for rstudio: [sudo] password for rstudio: [sudo] password for rstudio: [sudo] password for rstudio: [sudo] password for rstudio: [sudo] password for rstudio: [sudo] password for rstudio: [sudo] password for rstudio: [sudo] password for rstudio: [sudo] password for rstudio: [sudo] password for rstudio: [sudo] password for rstudio: [sudo] password for rstudio: [sudo] password for rstudio: [sudo] password for rstudio: [sudo] password for rstudio: [sudo] password for rstudio: [sudo] password for rstudio: [sudo] password for rstudio: [sudo] password for rstudio: [sudo] password for rstudio: [sudo] password for rstudio: [sudo] password for rstudio: [sudo] password for rstudio: [sudo] password for rstudio: [sudo] password for rstudio: [sudo] password for rstudio: [sudo] password for rstudio: [sudo] password for rstudio: [sudo] password for rstudio: [sudo] password for rstudio: [sudo] password for rstudio: [sudo] password for rstudio: [sudo] password for rstudio: [sudo] password for rstudio: [sudo] password for rstudio: [sudo] password for rstudio: [sudo] password for rstudio: [sudo] password for rstudio: [sudo] password for rstudio: [sudo] password for rstudio: [sudo] password for rstudio: [sudo] password for rstudio: [sudo] password for rstudio: [sudo] password for rstudio: [sudo] password for rstudio: [sudo] password for rstudio: [sudo] password for rstudio: [sudo] password for rstudio: [sudo] password for rstudio: [sudo] password for rstudio: [sudo] password for rstudio: [sudo] password for rstudio: [sudo] password for rstudio: [sudo] password for rstudio: [sudo] password for rstudio: [sudo] password for rstudio: [sudo] password for rstudio: [sudo] password for rstudio: [sudo] password for rstudio: [sudo] password for rstudio: [sudo] password for rstudio: [sudo] password for rstudio: [sudo] password for rstudio: [sudo] password for rstudio: [sudo] password for rstudio: [sudo] password for rstudio: [sudo] password for rstudio: [sudo] password for rstudio: [sudo] password for rstudio: [sudo] password for rstudio: [sudo] password for rstudio: [sudo] password for rstudio: [sudo] password for rstudio: [sudo] password for rstudio: [sudo] password for rstudio: [sudo] password for rstudio: [sudo] password for rstudio: [sudo] password for rstudio: [sudo] password for rstudio: [sudo] password for rstudio: [sudo] password for rstudio: [sudo] password for rstudio: [sudo] password for rstudio: [sudo] password for rstudio: [sudo] password for rstudio: [sudo] password for rstudio: [sudo] password for rstudio: [sudo] password for rstudio: [sudo] password for rstudio: [sudo] password for rstudio: [sudo] password for rstudio: [sudo] password for rstudio: [sudo] password for rstudio: [sudo] password for rstudio: [sudo] password for rstudio: [sudo] password for rstudio: [sudo] password for rstudio: [sudo] password for rstudio: [sudo] password for rstudio: [sudo] password for rstudio: [sudo] password for rstudio: [sudo] password for rstudio: [sudo] password for rstudio: [sudo] password for rstudio: [sudo] password for rstudio: [sudo] password for rstudio: [sudo] password for rstudio: [sudo] password for rstudio: [sudo] password for rstudio: [sudo] password for rstudio: [sudo] password for rstudio: [sudo] password for rstudio: [sudo] password for rstudio: [sudo] password for rstudio: [sudo] password for rstudio: [sudo] password for rstudio: [sudo] password for rstudio: [sudo] password for rstudio: [sudo] password for rstudio: [sudo] password for rstudio: [sudo] password for rstudio: [sudo] password for rstudio: [sudo] password for rstudio: [sudo] password for rstudio: [sudo] password for rstudio: [sudo] password for rstudio: [sudo] password for rstudio: [sudo] password for rstudio: [sudo] password for rstudio: [sudo] password for rstudio: [sudo] password for rstudio: [sudo] password for rstudio: [sudo] password for rstudio: [sudo] password for rstudio: [sudo] password for rstudio: [sudo] password for rstudio: [sudo] password for rstudio: [sudo] password for rstudio: [sudo] password for rstudio: [sudo] password for rstudio: [sudo] password for rstudio: [sudo] password for rstudio: [sudo] password for rstudio: [sudo] password for rstudio: [sudo] password for rstudio: [sudo] password for rstudio: [sudo] password for rstudio: [sudo] password for rstudio: [sudo] password for rstudio: [sudo] password for rstudio: [sudo] password for rstudio: [sudo] password for rstudio: [sudo] password for rstudio: [sudo] password for rstudio: [sudo] password for rstudio: [sudo] password for rstudio: [sudo] password for rstudio: [sudo] password for rstudio: [sudo] password for rstudio: [sudo] password for rstudio: [sudo] password for rstudio: [sudo] password for rstudio: [sudo] password for rstudio: 
Warning message:
In close.connection(con) :
  Problem closing connection:  No space left on device
[sudo] password for rstudio: [sudo] password for rstudio: [sudo] password for rstudio: [sudo] password for rstudio: [sudo] password for rstudio: [sudo] password for rstudio: [sudo] password for rstudio: [sudo] password for rstudio: [sudo] password for rstudio: Fatal error: cannot create 'R_TempDir'
Fatal error: cannot create 'R_TempDir'
Fatal error: cannot create 'R_TempDir'
Fatal error: cannot create 'R_TempDir'
Fatal error: cannot create 'R_TempDir'
[sudo] password for rstudio: [sudo] password for rstudio: [sudo] password for rstudio: [sudo] password for rstudio: [sudo] password for rstudio: [sudo] password for rstudio: [sudo] password for rstudio: [sudo] password for rstudio: [sudo] password for rstudio: Fatal error: cannot create 'R_TempDir'
Fatal error: cannot create 'R_TempDir'
Fatal error: cannot create 'R_TempDir'
[sudo] password for rstudio: Fatal error: cannot create 'R_TempDir'
Fatal error: cannot create 'R_TempDir'
Fatal error: cannot create 'R_TempDir'
Fatal error: cannot create 'R_TempDir'
Fatal error: cannot create 'R_TempDir'
Fatal error: cannot create 'R_TempDir'
Fatal error: cannot create 'R_TempDir'
Fatal error: cannot create 'R_TempDir'
Fatal error: cannot create 'R_TempDir'
Fatal error: cannot create 'R_TempDir'
Fatal error: cannot create 'R_TempDir'
Fatal error: cannot create 'R_TempDir'
[sudo] password for rstudio: [sudo] password for rstudio: [sudo] password for rstudio: [sudo] password for rstudio: [sudo] password for rstudio: [sudo] password for rstudio: [sudo] password for rstudio: [sudo] password for rstudio: [sudo] password for rstudio: [sudo] password for rstudio: [sudo] password for rstudio: [sudo] password for rstudio: [sudo] password for rstudio: [sudo] password for rstudio: [sudo] password for rstudio: [sudo] password for rstudio: [sudo] password for rstudio: [sudo] password for rstudio: [sudo] password for rstudio: [sudo] password for rstudio: [sudo] password for rstudio: [sudo] password for rstudio: [sudo] password for rstudio: [sudo] password for rstudio: [sudo] password for rstudio: [sudo] password for rstudio: [sudo] password for rstudio: [sudo] password for rstudio: [sudo] password for rstudio: [sudo] password for rstudio: [sudo] password for rstudio: [sudo] password for rstudio: [sudo] password for rstudio: [sudo] password for rstudio: Fatal error: cannot create 'R_TempDir'
Fatal error: cannot create 'R_TempDir'
Fatal error: cannot create 'R_TempDir'
Fatal error: cannot create 'R_TempDir'
Fatal error: cannot create 'R_TempDir'
Fatal error: cannot create 'R_TempDir'
Fatal error: cannot create 'R_TempDir'
Fatal error: cannot create 'R_TempDir'
Fatal error: cannot create 'R_TempDir'
Fatal error: cannot create 'R_TempDir'
Fatal error: cannot create 'R_TempDir'
Fatal error: cannot create 'R_TempDir'
Fatal error: cannot create 'R_TempDir'
Fatal error: cannot create 'R_TempDir'
Fatal error: cannot create 'R_TempDir'
Fatal error: cannot create 'R_TempDir'
Fatal error: cannot create 'R_TempDir'
Fatal error: cannot create 'R_TempDir'
Fatal error: cannot create 'R_TempDir'
Fatal error: cannot create 'R_TempDir'
Fatal error: cannot create 'R_TempDir'
Fatal error: cannot create 'R_TempDir'
Fatal error: cannot create 'R_TempDir'
Fatal error: cannot create 'R_TempDir'
Fatal error: cannot create 'R_TempDir'
Fatal error: cannot create 'R_TempDir'
Fatal error: cannot create 'R_TempDir'
Fatal error: cannot create 'R_TempDir'
Fatal error: cannot create 'R_TempDir'
Fatal error: cannot create 'R_TempDir'
Fatal error: cannot create 'R_TempDir'
Fatal error: cannot create 'R_TempDir'
Fatal error: cannot create 'R_TempDir'
Fatal error: cannot create 'R_TempDir'
Fatal error: cannot create 'R_TempDir'
Fatal error: cannot create 'R_TempDir'
Fatal error: cannot create 'R_TempDir'
Fatal error: cannot create 'R_TempDir'
Fatal error: cannot create 'R_TempDir'
Fatal error: cannot create 'R_TempDir'
Fatal error: cannot create 'R_TempDir'
Fatal error: cannot create 'R_TempDir'
Fatal error: cannot create 'R_TempDir'
Fatal error: cannot create 'R_TempDir'
Fatal error: cannot create 'R_TempDir'
Fatal error: cannot create 'R_TempDir'
Fatal error: cannot create 'R_TempDir'
Fatal error: cannot create 'R_TempDir'
Fatal error: cannot create 'R_TempDir'
Fatal error: cannot create 'R_TempDir'
Fatal error: cannot create 'R_TempDir'
Fatal error: cannot create 'R_TempDir'
Fatal error: cannot create 'R_TempDir'
Fatal error: cannot create 'R_TempDir'
Fatal error: cannot create 'R_TempDir'
Fatal error: cannot create 'R_TempDir'
Fatal error: cannot create 'R_TempDir'
Fatal error: cannot create 'R_TempDir'
Fatal error: cannot create 'R_TempDir'
Fatal error: cannot create 'R_TempDir'
Fatal error: cannot create 'R_TempDir'
