2020-12-26T15-47-40___3392___(shell)___ERROR___[ERROR] nicht-numerisches Argument für binären OperatorCompact call stack:  1 tryCatchLog("a" * 2, error = function(e) e)
2020-12-26T15-49-40___3392___(shell)___WARN___Server response status code for comp_name:'name' is code:status for url:'url'.
2020-12-26T15-53-22___3392___(shell)___WARN___[WARN] NAs durch Umwandlung erzeugtCompact call stack:  1 SteveAI::run()  2 scheduled_Scraping_rvest.R#459: tryCatchLog(expr = scraper$url %>%   3 scheduled_Scraping_rvest.R#459: scraper$url %>% httr::GET()
2020-12-26T15-53-28___3392___(shell)___ERROR___[ERROR] schannel: next InitializeSecurityContext failed: SEC_E_CERT_EXPIRED (0x80090328) - Das empfangene Zertifikat ist abgelaufen.Compact call stack:  1 SteveAI::run()  2 scheduled_Scraping_rvest.R#459: tryCatchLog(expr = scraper$url %>%   3 scheduled_Scraping_rvest.R#459: scraper$url %>% httr::GET()
2020-12-26T15-53-28___3392___(shell)___ERROR___For comp_name:'DEFINIENS' with url:'https://jobs.definiens.com/search/?createNewAlert=false&q=&locationsearch=&optionsFacetsDD_country=&optionsFacetsDD_department=&optionsFacetsDD_customfield1=' the following error was recorded: Error in curl::curl_fetch_memory(url, handle = handle): schannel: next InitializeSecurityContext failed: SEC_E_CERT_EXPIRED (0x80090328) - Das empfangene Zertifikat ist abgelaufen.
2020-12-26T15-53-50___3392___(shell)___ERROR___[ERROR] Must specify at least one of url or handleCompact call stack:  1 SteveAI::run()  2 scheduled_Scraping_rvest.R#459: tryCatchLog(expr = scraper$url %>%   3 scheduled_Scraping_rvest.R#459: scraper$url %>% httr::GET()
2020-12-26T15-53-50___3392___(shell)___ERROR___Missing url for comp_name:'TEXAS-INSTRUMENTS' Provided url is NULL - please provide a valid url.
2020-12-26T15-54-03___3392___(shell)___ERROR___[ERROR] schannel: next InitializeSecurityContext failed: SEC_E_UNTRUSTED_ROOT (0x80090325) - Die Zertifikatkette wurde von einer nicht vertrauenswürdigen Zertifizierungsstelle ausgestCompact call stack:  1 SteveAI::run()  2 scheduled_Scraping_rvest.R#459: tryCatchLog(expr = scraper$url %>%   3 scheduled_Scraping_rvest.R#459: scraper$url %>% httr::GET()
2020-12-26T15-54-03___3392___(shell)___ERROR___For comp_name:'BRENNTAG' with url:'https://bewerbung.brenntag-jobs.de/de/?filter[land][1]=1' the following error was recorded: Error in curl::curl_fetch_memory(url, handle = handle): schannel: next InitializeSecurityContext failed: SEC_E_UNTRUSTED_ROOT (0x80090325) - Die Zertifikatkette wurde von einer nicht vertrauenswürdigen Zertifizierungsstelle ausgest
2020-12-26T15-54-11___3392___(shell)___ERROR___[ERROR] schannel: SNI or certificate check failed: SEC_E_WRONG_PRINCIPAL (0x80090322) - Der Zielprinzipalname ist falsch.Compact call stack:  1 SteveAI::run()  2 scheduled_Scraping_rvest.R#459: tryCatchLog(expr = scraper$url %>%   3 scheduled_Scraping_rvest.R#459: scraper$url %>% httr::GET()
2020-12-26T15-54-11___3392___(shell)___ERROR___For comp_name:'APLANT' with url:'https://www.aplant.com/careers/job-search?show=all&view=all' the following error was recorded: Error in curl::curl_fetch_memory(url, handle = handle): schannel: SNI or certificate check failed: SEC_E_WRONG_PRINCIPAL (0x80090322) - Der Zielprinzipalname ist falsch.
2020-12-26T15-54-15___3392___(shell)___INFO___Server response status code for comp_name:'CREDITPLUS' is code:200 for url:'https://www.creditplus.de/ueber-creditplus/karriere/job-angebote/'.
2020-12-26T15-54-15___3392___(shell)___INFO___For comp_name:'CREDITPLUS' with url:'https://www.creditplus.de/ueber-creditplus/karriere/job-angebote/' the following log is written: No encoding found, defaulting to UTF-8
2020-12-26T15-54-15___3392___(shell)___INFO___[INFO] Invalid encoding NA: defaulting to UTF-8.Compact call stack:  1 SteveAI::run()  2 scheduled_Scraping_rvest.R#506: tryCatchLog(expr = rvestScraping(re  3 scheduled_Scraping_rvest.R#506: rvestScraping(response = response,   4 scheduled_Scraping_rvest.R#359: response %>% httr::content(type = "
2020-12-26T15-54-16___3392___(shell)___INFO___Amount nodes for comp_name:'CREDITPLUS' is amount_nodes:39 for url:'https://www.creditplus.de/ueber-creditplus/karriere/job-angebote/'.
2020-12-26T15-54-16___3392___(shell)___INFO___For comp_name:'CREDITPLUS' with url:'https://www.creditplus.de/ueber-creditplus/karriere/job-angebote/' the following log is written: no new content to insert in data base. Updating time info if necessary Proceeeding,...
2020-12-26T15-54-16___3392___(shell)___WARN___For comp_name:'CREDITPLUS' with url:'https://www.creditplus.de/ueber-creditplus/karriere/job-angebote/' the following log is written: 0 new job titles for the time database for the given day: 2020-12-26.
2020-12-26T15-54-16___3392___(shell)___INFO___For comp_name:'CREDITPLUS' with url:'https://www.creditplus.de/ueber-creditplus/karriere/job-angebote/' the following log is written: 39 new jobs were updated in multi_time data base. 0 of it are duplicates.
2020-12-26T15-54-16___3392___(shell)___INFO___Server response status code for comp_name:'CHECK24' is code:200 for url:'https://jobs.check24.de/search/?search=&initial=true'.
2020-12-26T15-54-16___3392___(shell)___INFO___Amount nodes for comp_name:'CHECK24' is amount_nodes:194 for url:'https://jobs.check24.de/search/?search=&initial=true'.
2020-12-26T15-54-16___3392___(shell)___INFO___For comp_name:'CHECK24' with url:'https://jobs.check24.de/search/?search=&initial=true' the following log is written: no new content to insert in data base. Updating time info if necessary Proceeeding,...
2020-12-26T15-54-16___3392___(shell)___WARN___For comp_name:'CHECK24' with url:'https://jobs.check24.de/search/?search=&initial=true' the following log is written: 0 new job titles for the time database for the given day: 2020-12-26.
2020-12-26T15-54-16___3392___(shell)___INFO___For comp_name:'CHECK24' with url:'https://jobs.check24.de/search/?search=&initial=true' the following log is written: 189 new jobs were updated in multi_time data base. 5 of it are duplicates.
2020-12-26T15-54-16___3392___(shell)___INFO___Server response status code for comp_name:'EFSAUTO' is code:200 for url:'https://www.efs-auto.com/karriere/stellenangebote/'.
2020-12-26T15-54-16___3392___(shell)___INFO___Amount nodes for comp_name:'EFSAUTO' is amount_nodes:52 for url:'https://www.efs-auto.com/karriere/stellenangebote/'.
2020-12-26T15-54-16___3392___(shell)___INFO___For comp_name:'EFSAUTO' with url:'https://www.efs-auto.com/karriere/stellenangebote/' the following log is written: no new content to insert in data base. Updating time info if necessary Proceeeding,...
2020-12-26T15-54-17___3392___(shell)___WARN___For comp_name:'EFSAUTO' with url:'https://www.efs-auto.com/karriere/stellenangebote/' the following log is written: 0 new job titles for the time database for the given day: 2020-12-26.
2020-12-26T15-54-17___3392___(shell)___INFO___For comp_name:'EFSAUTO' with url:'https://www.efs-auto.com/karriere/stellenangebote/' the following log is written: 48 new jobs were updated in multi_time data base. 4 of it are duplicates.
2020-12-26T15-54-17___3392___(shell)___INFO___Server response status code for comp_name:'PROSIEBENSAT1' is code:200 for url:'https://jobs.union-investment.de/Jobboerse/Stellenangebote'.
2020-12-26T15-54-17___3392___(shell)___INFO___Amount nodes for comp_name:'PROSIEBENSAT1' is amount_nodes:10 for url:'https://jobs.union-investment.de/Jobboerse/Stellenangebote'.
2020-12-26T15-54-17___3392___(shell)___INFO___For comp_name:'PROSIEBENSAT1' with url:'https://jobs.union-investment.de/Jobboerse/Stellenangebote' the following log is written: no new content to insert in data base. Updating time info if necessary Proceeeding,...
2020-12-26T15-54-17___3392___(shell)___WARN___For comp_name:'PROSIEBENSAT1' with url:'https://jobs.union-investment.de/Jobboerse/Stellenangebote' the following log is written: 0 new job titles for the time database for the given day: 2020-12-26.
2020-12-26T15-54-17___3392___(shell)___INFO___For comp_name:'PROSIEBENSAT1' with url:'https://jobs.union-investment.de/Jobboerse/Stellenangebote' the following log is written: 10 new jobs were updated in multi_time data base. 0 of it are duplicates.
2020-12-26T15-54-17___3392___(shell)___ERROR___Server response status code for comp_name:'BAYER' is code:404 for url:'https://karriere.bayer.de/de/job-search'.
2020-12-26T15-54-17___3392___(shell)___ERROR___Amount nodes for comp_name:'BAYER' is amount_nodes:0 for url:'https://karriere.bayer.de/de/job-search'.
2020-12-26T15-54-17___3392___(shell)___INFO___Server response status code for comp_name:'TRIVAGO' is code:200 for url:'https://company.trivago.com/careers/open-positions/'.
2020-12-26T15-54-17___3392___(shell)___ERROR___Amount nodes for comp_name:'TRIVAGO' is amount_nodes:0 for url:'https://company.trivago.com/careers/open-positions/'.
2020-12-26T15-54-17___3392___(shell)___ERROR___Server response status code for comp_name:'IDEALO' is code:404 for url:'https://idealo.jobbase.io/'.
2020-12-26T15-54-17___3392___(shell)___ERROR___Amount nodes for comp_name:'IDEALO' is amount_nodes:0 for url:'https://idealo.jobbase.io/'.
2020-12-26T15-54-17___3392___(shell)___INFO___Server response status code for comp_name:'CLOUDMADE' is code:200 for url:'https://cloudmade.com/careers/'.
2020-12-26T15-54-17___3392___(shell)___ERROR___Amount nodes for comp_name:'CLOUDMADE' is amount_nodes:0 for url:'https://cloudmade.com/careers/'.
2020-12-26T15-54-17___3392___(shell)___ERROR___Server response status code for comp_name:'TOUR-RADAR' is code:404 for url:'https://jobs.lever.co/tourradar'.
2020-12-26T15-54-17___3392___(shell)___ERROR___Amount nodes for comp_name:'TOUR-RADAR' is amount_nodes:0 for url:'https://jobs.lever.co/tourradar'.
2020-12-26T15-54-17___3392___(shell)___INFO___Server response status code for comp_name:'SPECTOS' is code:200 for url:'https://www.spectos.com/de/unternehmen/karriere/'.
2020-12-26T15-54-18___3392___(shell)___INFO___Amount nodes for comp_name:'SPECTOS' is amount_nodes:1 for url:'https://www.spectos.com/de/unternehmen/karriere/'.
2020-12-26T15-54-18___3392___(shell)___INFO___For comp_name:'SPECTOS' with url:'https://www.spectos.com/de/unternehmen/karriere/' the following log is written: no new content to insert in data base. Updating time info if necessary Proceeeding,...
2020-12-26T15-54-18___3392___(shell)___WARN___For comp_name:'SPECTOS' with url:'https://www.spectos.com/de/unternehmen/karriere/' the following log is written: 0 new job titles for the time database for the given day: 2020-12-26.
2020-12-26T15-54-18___3392___(shell)___INFO___For comp_name:'SPECTOS' with url:'https://www.spectos.com/de/unternehmen/karriere/' the following log is written: 1 new jobs were updated in multi_time data base. 0 of it are duplicates.
2020-12-26T15-54-18___3392___(shell)___INFO___Server response status code for comp_name:'Deutsche-RUECK' is code:200 for url:'https://www.deutscherueck.de/karriere/'.
2020-12-26T15-54-18___3392___(shell)___INFO___Amount nodes for comp_name:'Deutsche-RUECK' is amount_nodes:5 for url:'https://www.deutscherueck.de/karriere/'.
2020-12-26T15-54-18___3392___(shell)___INFO___For comp_name:'Deutsche-RUECK' with url:'https://www.deutscherueck.de/karriere/' the following log is written: no new content to insert in data base. Updating time info if necessary Proceeeding,...
2020-12-26T15-54-18___3392___(shell)___WARN___For comp_name:'Deutsche-RUECK' with url:'https://www.deutscherueck.de/karriere/' the following log is written: 0 new job titles for the time database for the given day: 2020-12-26.
2020-12-26T15-54-18___3392___(shell)___INFO___For comp_name:'Deutsche-RUECK' with url:'https://www.deutscherueck.de/karriere/' the following log is written: 5 new jobs were updated in multi_time data base. 0 of it are duplicates.
2020-12-26T15-54-18___3392___(shell)___INFO___Server response status code for comp_name:'COFINPRO' is code:200 for url:'https://www.cofinpro.de/karriere/jobs'.
2020-12-26T15-54-18___3392___(shell)___INFO___For comp_name:'COFINPRO' with url:'https://www.cofinpro.de/karriere/jobs' the following log is written: No encoding found, defaulting to UTF-8
2020-12-26T15-54-18___3392___(shell)___INFO___[INFO] Invalid encoding NA: defaulting to UTF-8.Compact call stack:  1 SteveAI::run()  2 scheduled_Scraping_rvest.R#506: tryCatchLog(expr = rvestScraping(re  3 scheduled_Scraping_rvest.R#506: rvestScraping(response = response,   4 scheduled_Scraping_rvest.R#359: response %>% httr::content(type = "
2020-12-26T15-54-18___3392___(shell)___INFO___Amount nodes for comp_name:'COFINPRO' is amount_nodes:10 for url:'https://www.cofinpro.de/karriere/jobs'.
2020-12-26T15-54-18___3392___(shell)___INFO___For comp_name:'COFINPRO' with url:'https://www.cofinpro.de/karriere/jobs' the following log is written: no new content to insert in data base. Updating time info if necessary Proceeeding,...
2020-12-26T15-54-18___3392___(shell)___WARN___For comp_name:'COFINPRO' with url:'https://www.cofinpro.de/karriere/jobs' the following log is written: 0 new job titles for the time database for the given day: 2020-12-26.
2020-12-26T15-54-18___3392___(shell)___INFO___For comp_name:'COFINPRO' with url:'https://www.cofinpro.de/karriere/jobs' the following log is written: 10 new jobs were updated in multi_time data base. 0 of it are duplicates.
2020-12-26T15-54-18___3392___(shell)___WARN___Server response status code for comp_name:'GRUENDERSZENE' is code:503 for url:'https://www.gruenderszene.de/jobboerse/top-arbeitgeber/vertical-media-gmbh/?ref=footer'.
2020-12-26T15-54-19___3392___(shell)___ERROR___Amount nodes for comp_name:'GRUENDERSZENE' is amount_nodes:0 for url:'https://www.gruenderszene.de/jobboerse/top-arbeitgeber/vertical-media-gmbh/?ref=footer'.
2020-12-26T15-54-19___3392___(shell)___INFO___Server response status code for comp_name:'HEINE' is code:200 for url:'https://www.heine.de/corporate/karriere/jobs-bewerbung/jobsuche/'.
2020-12-26T15-54-19___3392___(shell)___INFO___Amount nodes for comp_name:'HEINE' is amount_nodes:21 for url:'https://www.heine.de/corporate/karriere/jobs-bewerbung/jobsuche/'.
2020-12-26T15-54-19___3392___(shell)___INFO___For comp_name:'HEINE' with url:'https://www.heine.de/corporate/karriere/jobs-bewerbung/jobsuche/' the following log is written: no new content to insert in data base. Updating time info if necessary Proceeeding,...
2020-12-26T15-54-19___3392___(shell)___WARN___For comp_name:'HEINE' with url:'https://www.heine.de/corporate/karriere/jobs-bewerbung/jobsuche/' the following log is written: 0 new job titles for the time database for the given day: 2020-12-26.
2020-12-26T15-54-19___3392___(shell)___INFO___For comp_name:'HEINE' with url:'https://www.heine.de/corporate/karriere/jobs-bewerbung/jobsuche/' the following log is written: 21 new jobs were updated in multi_time data base. 0 of it are duplicates.
2020-12-26T15-54-19___3392___(shell)___INFO___Server response status code for comp_name:'HOLIDAYCHECK-ITENG' is code:200 for url:'https://www.holidaycheckgroup.com/jobs/it-engineering/'.
2020-12-26T15-54-19___3392___(shell)___INFO___Amount nodes for comp_name:'HOLIDAYCHECK-ITENG' is amount_nodes:4 for url:'https://www.holidaycheckgroup.com/jobs/it-engineering/'.
2020-12-26T15-54-19___3392___(shell)___INFO___For comp_name:'HOLIDAYCHECK-ITENG' with url:'https://www.holidaycheckgroup.com/jobs/it-engineering/' the following log is written: no new content to insert in data base. Updating time info if necessary Proceeeding,...
2020-12-26T15-54-19___3392___(shell)___WARN___For comp_name:'HOLIDAYCHECK-ITENG' with url:'https://www.holidaycheckgroup.com/jobs/it-engineering/' the following log is written: 0 new job titles for the time database for the given day: 2020-12-26.
2020-12-26T15-54-19___3392___(shell)___INFO___For comp_name:'HOLIDAYCHECK-ITENG' with url:'https://www.holidaycheckgroup.com/jobs/it-engineering/' the following log is written: 4 new jobs were updated in multi_time data base. 0 of it are duplicates.
2020-12-26T15-54-19___3392___(shell)___INFO___Server response status code for comp_name:'HOLIDAYCHECK-CONTCUST' is code:200 for url:'https://www.holidaycheckgroup.com/jobs/it-engineering/?department=21035'.
2020-12-26T15-54-19___3392___(shell)___ERROR___Amount nodes for comp_name:'HOLIDAYCHECK-CONTCUST' is amount_nodes:0 for url:'https://www.holidaycheckgroup.com/jobs/it-engineering/?department=21035'.
2020-12-26T15-54-19___3392___(shell)___INFO___Server response status code for comp_name:'HOLIDAYCHECK-MARKBUSI' is code:200 for url:'https://www.holidaycheckgroup.com/jobs/it-engineering/?department=20292'.
2020-12-26T15-54-19___3392___(shell)___INFO___Amount nodes for comp_name:'HOLIDAYCHECK-MARKBUSI' is amount_nodes:3 for url:'https://www.holidaycheckgroup.com/jobs/it-engineering/?department=20292'.
2020-12-26T15-54-19___3392___(shell)___INFO___For comp_name:'HOLIDAYCHECK-MARKBUSI' with url:'https://www.holidaycheckgroup.com/jobs/it-engineering/?department=20292' the following log is written: no new content to insert in data base. Updating time info if necessary Proceeeding,...
2020-12-26T15-54-19___3392___(shell)___WARN___For comp_name:'HOLIDAYCHECK-MARKBUSI' with url:'https://www.holidaycheckgroup.com/jobs/it-engineering/?department=20292' the following log is written: 0 new job titles for the time database for the given day: 2020-12-26.
2020-12-26T15-54-20___3392___(shell)___INFO___For comp_name:'HOLIDAYCHECK-MARKBUSI' with url:'https://www.holidaycheckgroup.com/jobs/it-engineering/?department=20292' the following log is written: 3 new jobs were updated in multi_time data base. 0 of it are duplicates.
2020-12-26T15-54-20___3392___(shell)___INFO___Server response status code for comp_name:'HOLIDAYCHECK-OPEXC' is code:200 for url:'https://www.holidaycheckgroup.com/jobs/it-engineering/?department=21037'.
2020-12-26T15-54-20___3392___(shell)___ERROR___Amount nodes for comp_name:'HOLIDAYCHECK-OPEXC' is amount_nodes:0 for url:'https://www.holidaycheckgroup.com/jobs/it-engineering/?department=21037'.
2020-12-26T15-54-20___3392___(shell)___INFO___Server response status code for comp_name:'HOLIDAYCHECK-PRODDEV' is code:200 for url:'https://www.holidaycheckgroup.com/jobs/it-engineering/?department=21024'.
2020-12-26T15-54-20___3392___(shell)___ERROR___Amount nodes for comp_name:'HOLIDAYCHECK-PRODDEV' is amount_nodes:0 for url:'https://www.holidaycheckgroup.com/jobs/it-engineering/?department=21024'.
2020-12-26T15-54-20___3392___(shell)___INFO___Server response status code for comp_name:'HOLIDAYCHECK-STUD' is code:200 for url:'https://www.holidaycheckgroup.com/jobs/it-engineering/?department=21248'.
2020-12-26T15-54-20___3392___(shell)___ERROR___Amount nodes for comp_name:'HOLIDAYCHECK-STUD' is amount_nodes:0 for url:'https://www.holidaycheckgroup.com/jobs/it-engineering/?department=21248'.
2020-12-26T15-54-20___3392___(shell)___INFO___Server response status code for comp_name:'HOLIDAYCHECK-SAL' is code:200 for url:'https://www.holidaycheckgroup.com/jobs/it-engineering/?department=21036'.
2020-12-26T15-54-20___3392___(shell)___INFO___Amount nodes for comp_name:'HOLIDAYCHECK-SAL' is amount_nodes:1 for url:'https://www.holidaycheckgroup.com/jobs/it-engineering/?department=21036'.
2020-12-26T15-54-20___3392___(shell)___INFO___For comp_name:'HOLIDAYCHECK-SAL' with url:'https://www.holidaycheckgroup.com/jobs/it-engineering/?department=21036' the following log is written: no new content to insert in data base. Updating time info if necessary Proceeeding,...
2020-12-26T15-54-20___3392___(shell)___WARN___For comp_name:'HOLIDAYCHECK-SAL' with url:'https://www.holidaycheckgroup.com/jobs/it-engineering/?department=21036' the following log is written: 0 new job titles for the time database for the given day: 2020-12-26.
2020-12-26T15-54-21___3392___(shell)___INFO___For comp_name:'HOLIDAYCHECK-SAL' with url:'https://www.holidaycheckgroup.com/jobs/it-engineering/?department=21036' the following log is written: 1 new jobs were updated in multi_time data base. 0 of it are duplicates.
2020-12-26T15-54-21___3392___(shell)___INFO___Server response status code for comp_name:'OSP' is code:200 for url:'https://www.osp.de/karriere/jobs/'.
2020-12-26T15-54-21___3392___(shell)___INFO___Amount nodes for comp_name:'OSP' is amount_nodes:15 for url:'https://www.osp.de/karriere/jobs/'.
2020-12-26T15-54-21___3392___(shell)___INFO___For comp_name:'OSP' with url:'https://www.osp.de/karriere/jobs/' the following log is written: no new content to insert in data base. Updating time info if necessary Proceeeding,...
2020-12-26T15-54-21___3392___(shell)___WARN___For comp_name:'OSP' with url:'https://www.osp.de/karriere/jobs/' the following log is written: 0 new job titles for the time database for the given day: 2020-12-26.
2020-12-26T15-54-21___3392___(shell)___INFO___For comp_name:'OSP' with url:'https://www.osp.de/karriere/jobs/' the following log is written: 15 new jobs were updated in multi_time data base. 0 of it are duplicates.
2020-12-26T15-54-21___3392___(shell)___ERROR___Server response status code for comp_name:'OTTO-MEDIA' is code:404 for url:'https://ottogroup.media/unternehmen/jobs/'.
2020-12-26T15-54-21___3392___(shell)___ERROR___Amount nodes for comp_name:'OTTO-MEDIA' is amount_nodes:0 for url:'https://ottogroup.media/unternehmen/jobs/'.
2020-12-26T15-54-21___3392___(shell)___INFO___Server response status code for comp_name:'PROJECT-A-ENGINEERING' is code:200 for url:'https://www.project-a.com/de/karriere/jobs?filter=Engineering'.
2020-12-26T15-54-22___3392___(shell)___ERROR___Amount nodes for comp_name:'PROJECT-A-ENGINEERING' is amount_nodes:0 for url:'https://www.project-a.com/de/karriere/jobs?filter=Engineering'.
2020-12-26T15-54-22___3392___(shell)___INFO___Server response status code for comp_name:'SHOPPING24' is code:200 for url:'https://www.s24.com/karriere/'.
2020-12-26T15-54-22___3392___(shell)___ERROR___Amount nodes for comp_name:'SHOPPING24' is amount_nodes:0 for url:'https://www.s24.com/karriere/'.
2020-12-26T15-54-22___3392___(shell)___INFO___Server response status code for comp_name:'PD' is code:200 for url:'https://www.pd-karriere.de/stellenangebote.html'.
2020-12-26T15-54-22___3392___(shell)___INFO___For comp_name:'PD' with url:'https://www.pd-karriere.de/stellenangebote.html' the following log is written: No encoding found, defaulting to UTF-8
2020-12-26T15-54-22___3392___(shell)___INFO___[INFO] Invalid encoding NA: defaulting to UTF-8.Compact call stack:  1 SteveAI::run()  2 scheduled_Scraping_rvest.R#506: tryCatchLog(expr = rvestScraping(re  3 scheduled_Scraping_rvest.R#506: rvestScraping(response = response,   4 scheduled_Scraping_rvest.R#359: response %>% httr::content(type = "
2020-12-26T15-54-22___3392___(shell)___INFO___Amount nodes for comp_name:'PD' is amount_nodes:51 for url:'https://www.pd-karriere.de/stellenangebote.html'.
2020-12-26T15-54-22___3392___(shell)___INFO___For comp_name:'PD' with url:'https://www.pd-karriere.de/stellenangebote.html' the following log is written: no new content to insert in data base. Updating time info if necessary Proceeeding,...
2020-12-26T15-54-22___3392___(shell)___WARN___For comp_name:'PD' with url:'https://www.pd-karriere.de/stellenangebote.html' the following log is written: 0 new job titles for the time database for the given day: 2020-12-26.
2020-12-26T15-54-22___3392___(shell)___INFO___For comp_name:'PD' with url:'https://www.pd-karriere.de/stellenangebote.html' the following log is written: 51 new jobs were updated in multi_time data base. 0 of it are duplicates.
2020-12-26T15-54-22___3392___(shell)___INFO___Server response status code for comp_name:'CB2' is code:200 for url:'https://jobs.cb2.com/search-jobs?fl=6252001,6251999'.
2020-12-26T15-54-22___3392___(shell)___INFO___Amount nodes for comp_name:'CB2' is amount_nodes:15 for url:'https://jobs.cb2.com/search-jobs?fl=6252001,6251999'.
2020-12-26T15-54-22___3392___(shell)___INFO___For comp_name:'CB2' with url:'https://jobs.cb2.com/search-jobs?fl=6252001,6251999' the following log is written: no new content to insert in data base. Updating time info if necessary Proceeeding,...
2020-12-26T15-54-23___3392___(shell)___WARN___For comp_name:'CB2' with url:'https://jobs.cb2.com/search-jobs?fl=6252001,6251999' the following log is written: 0 new job titles for the time database for the given day: 2020-12-26.
2020-12-26T15-54-23___3392___(shell)___INFO___For comp_name:'CB2' with url:'https://jobs.cb2.com/search-jobs?fl=6252001,6251999' the following log is written: 7 new jobs were updated in multi_time data base. 8 of it are duplicates.
2020-12-26T15-54-23___3392___(shell)___INFO___Server response status code for comp_name:'DILAX' is code:200 for url:'https://www.dilax.com/de/dilax-group/karriere/'.
2020-12-26T15-54-23___3392___(shell)___ERROR___Amount nodes for comp_name:'DILAX' is amount_nodes:0 for url:'https://www.dilax.com/de/dilax-group/karriere/'.
2020-12-26T15-54-23___3392___(shell)___INFO___Server response status code for comp_name:'HUK-AUSSEN' is code:200 for url:'https://www.huk.de/karriere/stellen-praktika/stellenangebote-aussenstellen.html'.
2020-12-26T15-54-23___3392___(shell)___INFO___Amount nodes for comp_name:'HUK-AUSSEN' is amount_nodes:53 for url:'https://www.huk.de/karriere/stellen-praktika/stellenangebote-aussenstellen.html'.
2020-12-26T15-54-23___3392___(shell)___INFO___For comp_name:'HUK-AUSSEN' with url:'https://www.huk.de/karriere/stellen-praktika/stellenangebote-aussenstellen.html' the following log is written: no new content to insert in data base. Updating time info if necessary Proceeeding,...
2020-12-26T15-54-23___3392___(shell)___WARN___For comp_name:'HUK-AUSSEN' with url:'https://www.huk.de/karriere/stellen-praktika/stellenangebote-aussenstellen.html' the following log is written: 0 new job titles for the time database for the given day: 2020-12-26.
2020-12-26T15-54-24___3392___(shell)___INFO___For comp_name:'HUK-AUSSEN' with url:'https://www.huk.de/karriere/stellen-praktika/stellenangebote-aussenstellen.html' the following log is written: 51 new jobs were updated in multi_time data base. 2 of it are duplicates.
2020-12-26T15-54-24___3392___(shell)___INFO___Server response status code for comp_name:'HUK-ZENTRALE' is code:200 for url:'https://www.huk.de/karriere/stellen-praktika/stellenangebote-aussenstellen.html'.
2020-12-26T15-54-24___3392___(shell)___INFO___Amount nodes for comp_name:'HUK-ZENTRALE' is amount_nodes:53 for url:'https://www.huk.de/karriere/stellen-praktika/stellenangebote-aussenstellen.html'.
2020-12-26T15-54-24___3392___(shell)___INFO___For comp_name:'HUK-ZENTRALE' with url:'https://www.huk.de/karriere/stellen-praktika/stellenangebote-aussenstellen.html' the following log is written: no new content to insert in data base. Updating time info if necessary Proceeeding,...
2020-12-26T15-54-24___3392___(shell)___WARN___For comp_name:'HUK-ZENTRALE' with url:'https://www.huk.de/karriere/stellen-praktika/stellenangebote-aussenstellen.html' the following log is written: 0 new job titles for the time database for the given day: 2020-12-26.
2020-12-26T15-54-24___3392___(shell)___INFO___For comp_name:'HUK-ZENTRALE' with url:'https://www.huk.de/karriere/stellen-praktika/stellenangebote-aussenstellen.html' the following log is written: 51 new jobs were updated in multi_time data base. 2 of it are duplicates.
2020-12-26T15-54-24___3392___(shell)___INFO___Server response status code for comp_name:'VBG' is code:200 for url:'http://www.vbg.de/DE/Header/3_Karriere/3_Stellenboerse/Stellenboerse_node.html'.
2020-12-26T15-54-24___3392___(shell)___INFO___Amount nodes for comp_name:'VBG' is amount_nodes:9 for url:'http://www.vbg.de/DE/Header/3_Karriere/3_Stellenboerse/Stellenboerse_node.html'.
2020-12-26T15-54-24___3392___(shell)___INFO___For comp_name:'VBG' with url:'http://www.vbg.de/DE/Header/3_Karriere/3_Stellenboerse/Stellenboerse_node.html' the following log is written: no new content to insert in data base. Updating time info if necessary Proceeeding,...
2020-12-26T15-54-24___3392___(shell)___WARN___For comp_name:'VBG' with url:'http://www.vbg.de/DE/Header/3_Karriere/3_Stellenboerse/Stellenboerse_node.html' the following log is written: 0 new job titles for the time database for the given day: 2020-12-26.
2020-12-26T15-54-24___3392___(shell)___INFO___For comp_name:'VBG' with url:'http://www.vbg.de/DE/Header/3_Karriere/3_Stellenboerse/Stellenboerse_node.html' the following log is written: 5 new jobs were updated in multi_time data base. 4 of it are duplicates.
2020-12-26T15-54-24___3392___(shell)___INFO___Server response status code for comp_name:'TOP-IT' is code:200 for url:'https://www.top-itservices.com/fuer-bewerber/interne-karriere-bei-top-itservices/offene-stellen/'.
2020-12-26T15-54-24___3392___(shell)___INFO___Amount nodes for comp_name:'TOP-IT' is amount_nodes:74 for url:'https://www.top-itservices.com/fuer-bewerber/interne-karriere-bei-top-itservices/offene-stellen/'.
2020-12-26T15-54-25___3392___(shell)___INFO___For comp_name:'TOP-IT' with url:'https://www.top-itservices.com/fuer-bewerber/interne-karriere-bei-top-itservices/offene-stellen/' the following log is written: no new content to insert in data base. Updating time info if necessary Proceeeding,...
2020-12-26T15-54-25___3392___(shell)___WARN___For comp_name:'TOP-IT' with url:'https://www.top-itservices.com/fuer-bewerber/interne-karriere-bei-top-itservices/offene-stellen/' the following log is written: 0 new job titles for the time database for the given day: 2020-12-26.
2020-12-26T15-54-25___3392___(shell)___INFO___For comp_name:'TOP-IT' with url:'https://www.top-itservices.com/fuer-bewerber/interne-karriere-bei-top-itservices/offene-stellen/' the following log is written: 37 new jobs were updated in multi_time data base. 37 of it are duplicates.
2020-12-26T15-54-25___3392___(shell)___INFO___Server response status code for comp_name:'TEAM-FACT' is code:200 for url:'https://www.teamfact.com/de/karriere/stellenausschreibungen/'.
2020-12-26T15-54-25___3392___(shell)___INFO___Amount nodes for comp_name:'TEAM-FACT' is amount_nodes:6 for url:'https://www.teamfact.com/de/karriere/stellenausschreibungen/'.
2020-12-26T15-54-25___3392___(shell)___INFO___For comp_name:'TEAM-FACT' with url:'https://www.teamfact.com/de/karriere/stellenausschreibungen/' the following log is written: no new content to insert in data base. Updating time info if necessary Proceeeding,...
2020-12-26T15-54-25___3392___(shell)___WARN___For comp_name:'TEAM-FACT' with url:'https://www.teamfact.com/de/karriere/stellenausschreibungen/' the following log is written: 0 new job titles for the time database for the given day: 2020-12-26.
2020-12-26T15-54-25___3392___(shell)___INFO___For comp_name:'TEAM-FACT' with url:'https://www.teamfact.com/de/karriere/stellenausschreibungen/' the following log is written: 6 new jobs were updated in multi_time data base. 0 of it are duplicates.
2020-12-26T15-54-25___3392___(shell)___INFO___Server response status code for comp_name:'MEDPEX-TECH' is code:200 for url:'https://tech.medpex.de/#jobs'.
2020-12-26T15-54-25___3392___(shell)___INFO___Amount nodes for comp_name:'MEDPEX-TECH' is amount_nodes:18 for url:'https://tech.medpex.de/#jobs'.
2020-12-26T15-54-25___3392___(shell)___INFO___For comp_name:'MEDPEX-TECH' with url:'https://tech.medpex.de/#jobs' the following log is written: no new content to insert in data base. Updating time info if necessary Proceeeding,...
2020-12-26T15-54-26___3392___(shell)___WARN___For comp_name:'MEDPEX-TECH' with url:'https://tech.medpex.de/#jobs' the following log is written: 0 new job titles for the time database for the given day: 2020-12-26.
2020-12-26T15-54-26___3392___(shell)___INFO___For comp_name:'MEDPEX-TECH' with url:'https://tech.medpex.de/#jobs' the following log is written: 18 new jobs were updated in multi_time data base. 0 of it are duplicates.
2020-12-26T15-54-26___3392___(shell)___INFO___Server response status code for comp_name:'MEDPEX-MARK' is code:200 for url:'https://jobs.medpex.de/marketing/'.
2020-12-26T15-54-26___3392___(shell)___INFO___Amount nodes for comp_name:'MEDPEX-MARK' is amount_nodes:6 for url:'https://jobs.medpex.de/marketing/'.
2020-12-26T15-54-26___3392___(shell)___INFO___For comp_name:'MEDPEX-MARK' with url:'https://jobs.medpex.de/marketing/' the following log is written: no new content to insert in data base. Updating time info if necessary Proceeeding,...
2020-12-26T15-54-26___3392___(shell)___WARN___For comp_name:'MEDPEX-MARK' with url:'https://jobs.medpex.de/marketing/' the following log is written: 0 new job titles for the time database for the given day: 2020-12-26.
2020-12-26T15-54-27___3392___(shell)___INFO___For comp_name:'MEDPEX-MARK' with url:'https://jobs.medpex.de/marketing/' the following log is written: 6 new jobs were updated in multi_time data base. 0 of it are duplicates.
2020-12-26T15-54-27___3392___(shell)___INFO___Server response status code for comp_name:'CONCEPT' is code:200 for url:'https://concept.ag/karriere/'.
2020-12-26T15-54-27___3392___(shell)___INFO___Amount nodes for comp_name:'CONCEPT' is amount_nodes:10 for url:'https://concept.ag/karriere/'.
2020-12-26T15-54-27___3392___(shell)___INFO___For comp_name:'CONCEPT' with url:'https://concept.ag/karriere/' the following log is written: no new content to insert in data base. Updating time info if necessary Proceeeding,...
2020-12-26T15-54-27___3392___(shell)___WARN___For comp_name:'CONCEPT' with url:'https://concept.ag/karriere/' the following log is written: 0 new job titles for the time database for the given day: 2020-12-26.
2020-12-26T15-54-28___3392___(shell)___INFO___For comp_name:'CONCEPT' with url:'https://concept.ag/karriere/' the following log is written: 10 new jobs were updated in multi_time data base. 0 of it are duplicates.
2020-12-26T15-54-28___3392___(shell)___INFO___Server response status code for comp_name:'IMPLICO' is code:200 for url:'https://jobs.implico.com/'.
2020-12-26T15-54-28___3392___(shell)___ERROR___Amount nodes for comp_name:'IMPLICO' is amount_nodes:0 for url:'https://jobs.implico.com/'.
2020-12-26T15-54-28___3392___(shell)___INFO___Server response status code for comp_name:'ARAG' is code:200 for url:'https://www.arag.com/de/karriere/stellenangebote/'.
2020-12-26T15-54-28___3392___(shell)___ERROR___Amount nodes for comp_name:'ARAG' is amount_nodes:0 for url:'https://www.arag.com/de/karriere/stellenangebote/'.
2020-12-26T15-54-28___3392___(shell)___INFO___Server response status code for comp_name:'DZ-PRIVATBANK' is code:200 for url:'https://www.dz-privatbank.com/dzpb/de/karriere-32.html'.
2020-12-26T15-54-28___3392___(shell)___INFO___Amount nodes for comp_name:'DZ-PRIVATBANK' is amount_nodes:26 for url:'https://www.dz-privatbank.com/dzpb/de/karriere-32.html'.
2020-12-26T15-54-28___3392___(shell)___INFO___For comp_name:'DZ-PRIVATBANK' with url:'https://www.dz-privatbank.com/dzpb/de/karriere-32.html' the following log is written: no new content to insert in data base. Updating time info if necessary Proceeeding,...
2020-12-26T15-54-28___3392___(shell)___WARN___For comp_name:'DZ-PRIVATBANK' with url:'https://www.dz-privatbank.com/dzpb/de/karriere-32.html' the following log is written: 0 new job titles for the time database for the given day: 2020-12-26.
2020-12-26T15-54-28___3392___(shell)___INFO___For comp_name:'DZ-PRIVATBANK' with url:'https://www.dz-privatbank.com/dzpb/de/karriere-32.html' the following log is written: 26 new jobs were updated in multi_time data base. 0 of it are duplicates.
2020-12-26T15-54-29___3392___(shell)___INFO___Server response status code for comp_name:'GP-CONSULT' is code:200 for url:'https://vr.mein-check-in.de/gpconsult'.
2020-12-26T15-54-29___3392___(shell)___INFO___Amount nodes for comp_name:'GP-CONSULT' is amount_nodes:11 for url:'https://vr.mein-check-in.de/gpconsult'.
2020-12-26T15-54-29___3392___(shell)___INFO___For comp_name:'GP-CONSULT' with url:'https://vr.mein-check-in.de/gpconsult' the following log is written: no new content to insert in data base. Updating time info if necessary Proceeeding,...
2020-12-26T15-54-29___3392___(shell)___WARN___For comp_name:'GP-CONSULT' with url:'https://vr.mein-check-in.de/gpconsult' the following log is written: 0 new job titles for the time database for the given day: 2020-12-26.
2020-12-26T15-54-29___3392___(shell)___INFO___For comp_name:'GP-CONSULT' with url:'https://vr.mein-check-in.de/gpconsult' the following log is written: 11 new jobs were updated in multi_time data base. 0 of it are duplicates.
2020-12-26T15-54-29___3392___(shell)___INFO___Server response status code for comp_name:'JENZ' is code:200 for url:'https://www.jenz.de/karriere/offene-stellen/'.
2020-12-26T15-54-29___3392___(shell)___INFO___Amount nodes for comp_name:'JENZ' is amount_nodes:1 for url:'https://www.jenz.de/karriere/offene-stellen/'.
2020-12-26T15-54-29___3392___(shell)___INFO___For comp_name:'JENZ' with url:'https://www.jenz.de/karriere/offene-stellen/' the following log is written: no new content to insert in data base. Updating time info if necessary Proceeeding,...
2020-12-26T15-54-29___3392___(shell)___WARN___For comp_name:'JENZ' with url:'https://www.jenz.de/karriere/offene-stellen/' the following log is written: 0 new job titles for the time database for the given day: 2020-12-26.
2020-12-26T15-54-30___3392___(shell)___INFO___For comp_name:'JENZ' with url:'https://www.jenz.de/karriere/offene-stellen/' the following log is written: 1 new jobs were updated in multi_time data base. 0 of it are duplicates.
2020-12-26T15-54-30___3392___(shell)___INFO___Server response status code for comp_name:'RATIODATA' is code:200 for url:'https://vr.mein-check-in.de/ratiodata/x/stellenangebote'.
2020-12-26T15-54-30___3392___(shell)___INFO___Amount nodes for comp_name:'RATIODATA' is amount_nodes:32 for url:'https://vr.mein-check-in.de/ratiodata/x/stellenangebote'.
2020-12-26T15-54-30___3392___(shell)___INFO___For comp_name:'RATIODATA' with url:'https://vr.mein-check-in.de/ratiodata/x/stellenangebote' the following log is written: no new content to insert in data base. Updating time info if necessary Proceeeding,...
2020-12-26T15-54-30___3392___(shell)___WARN___For comp_name:'RATIODATA' with url:'https://vr.mein-check-in.de/ratiodata/x/stellenangebote' the following log is written: 0 new job titles for the time database for the given day: 2020-12-26.
2020-12-26T15-54-30___3392___(shell)___INFO___For comp_name:'RATIODATA' with url:'https://vr.mein-check-in.de/ratiodata/x/stellenangebote' the following log is written: 32 new jobs were updated in multi_time data base. 0 of it are duplicates.
2020-12-26T15-54-30___3392___(shell)___INFO___Server response status code for comp_name:'SCHMETZ' is code:200 for url:'https://www.schmetz.de/ueber-uns/karriere.html'.
2020-12-26T15-54-30___3392___(shell)___INFO___Amount nodes for comp_name:'SCHMETZ' is amount_nodes:6 for url:'https://www.schmetz.de/ueber-uns/karriere.html'.
2020-12-26T15-54-30___3392___(shell)___INFO___For comp_name:'SCHMETZ' with url:'https://www.schmetz.de/ueber-uns/karriere.html' the following log is written: no new content to insert in data base. Updating time info if necessary Proceeeding,...
2020-12-26T15-54-31___3392___(shell)___WARN___For comp_name:'SCHMETZ' with url:'https://www.schmetz.de/ueber-uns/karriere.html' the following log is written: 0 new job titles for the time database for the given day: 2020-12-26.
2020-12-26T15-54-31___3392___(shell)___INFO___For comp_name:'SCHMETZ' with url:'https://www.schmetz.de/ueber-uns/karriere.html' the following log is written: 6 new jobs were updated in multi_time data base. 0 of it are duplicates.
2020-12-26T15-54-31___3392___(shell)___INFO___Server response status code for comp_name:'SCHWAEBISCH-HALL' is code:200 for url:'https://www.schwaebisch-hall.de/karriere/stellenangebote/stellenangebote-bausparkasse-schwaebisch-hall.html#'.
2020-12-26T15-54-31___3392___(shell)___INFO___For comp_name:'SCHWAEBISCH-HALL' with url:'https://www.schwaebisch-hall.de/karriere/stellenangebote/stellenangebote-bausparkasse-schwaebisch-hall.html#' the following log is written: No encoding found, defaulting to UTF-8
2020-12-26T15-54-31___3392___(shell)___INFO___[INFO] Invalid encoding NA: defaulting to UTF-8.Compact call stack:  1 SteveAI::run()  2 scheduled_Scraping_rvest.R#506: tryCatchLog(expr = rvestScraping(re  3 scheduled_Scraping_rvest.R#506: rvestScraping(response = response,   4 scheduled_Scraping_rvest.R#359: response %>% httr::content(type = "
2020-12-26T15-54-31___3392___(shell)___ERROR___Amount nodes for comp_name:'SCHWAEBISCH-HALL' is amount_nodes:0 for url:'https://www.schwaebisch-hall.de/karriere/stellenangebote/stellenangebote-bausparkasse-schwaebisch-hall.html#'.
2020-12-26T15-54-31___3392___(shell)___INFO___Server response status code for comp_name:'KÖRBER' is code:200 for url:'https://koerber.digital/#jobs'.
2020-12-26T15-54-31___3392___(shell)___ERROR___Amount nodes for comp_name:'KÖRBER' is amount_nodes:0 for url:'https://koerber.digital/#jobs'.
2020-12-26T15-54-31___3392___(shell)___INFO___Server response status code for comp_name:'EOS-UPTRADE' is code:200 for url:'https://www.eos-uptrade.de/de/offene-stellen'.
2020-12-26T15-54-31___3392___(shell)___INFO___Amount nodes for comp_name:'EOS-UPTRADE' is amount_nodes:19 for url:'https://www.eos-uptrade.de/de/offene-stellen'.
2020-12-26T15-54-31___3392___(shell)___INFO___For comp_name:'EOS-UPTRADE' with url:'https://www.eos-uptrade.de/de/offene-stellen' the following log is written: no new content to insert in data base. Updating time info if necessary Proceeeding,...
2020-12-26T15-54-31___3392___(shell)___WARN___For comp_name:'EOS-UPTRADE' with url:'https://www.eos-uptrade.de/de/offene-stellen' the following log is written: 0 new job titles for the time database for the given day: 2020-12-26.
2020-12-26T15-54-31___3392___(shell)___INFO___For comp_name:'EOS-UPTRADE' with url:'https://www.eos-uptrade.de/de/offene-stellen' the following log is written: 10 new jobs were updated in multi_time data base. 9 of it are duplicates.
2020-12-26T15-54-31___3392___(shell)___INFO___Server response status code for comp_name:'KRUSS' is code:200 for url:'https://www.kruss-scientific.com/de/firma/karriere/'.
2020-12-26T15-54-32___3392___(shell)___ERROR___Amount nodes for comp_name:'KRUSS' is amount_nodes:0 for url:'https://www.kruss-scientific.com/de/firma/karriere/'.
2020-12-26T15-54-32___3392___(shell)___INFO___Server response status code for comp_name:'NOVOMIND' is code:200 for url:'https://www.novomind.com/de/karriere-und-jobs-java-entwickler/'.
2020-12-26T15-54-32___3392___(shell)___INFO___Amount nodes for comp_name:'NOVOMIND' is amount_nodes:11 for url:'https://www.novomind.com/de/karriere-und-jobs-java-entwickler/'.
2020-12-26T15-54-32___3392___(shell)___INFO___For comp_name:'NOVOMIND' with url:'https://www.novomind.com/de/karriere-und-jobs-java-entwickler/' the following log is written: no new content to insert in data base. Updating time info if necessary Proceeeding,...
2020-12-26T15-54-33___3392___(shell)___WARN___For comp_name:'NOVOMIND' with url:'https://www.novomind.com/de/karriere-und-jobs-java-entwickler/' the following log is written: 0 new job titles for the time database for the given day: 2020-12-26.
2020-12-26T15-54-33___3392___(shell)___INFO___For comp_name:'NOVOMIND' with url:'https://www.novomind.com/de/karriere-und-jobs-java-entwickler/' the following log is written: 11 new jobs were updated in multi_time data base. 0 of it are duplicates.
2020-12-26T15-54-33___3392___(shell)___INFO___Server response status code for comp_name:'DEGUSSA' is code:200 for url:'https://www.degussa-bank.de/karriere'.
2020-12-26T15-54-33___3392___(shell)___ERROR___Amount nodes for comp_name:'DEGUSSA' is amount_nodes:0 for url:'https://www.degussa-bank.de/karriere'.
2020-12-26T15-54-33___3392___(shell)___INFO___Server response status code for comp_name:'DFL' is code:200 for url:'https://www.dfl.de/de/jobs/'.
2020-12-26T15-54-33___3392___(shell)___ERROR___Amount nodes for comp_name:'DFL' is amount_nodes:0 for url:'https://www.dfl.de/de/jobs/'.
2020-12-26T15-54-33___3392___(shell)___INFO___Server response status code for comp_name:'PFANDBRIEFBANK' is code:200 for url:'https://www.pfandbriefbank.com/karriere/stellenangebote/professionals.html'.
2020-12-26T15-54-33___3392___(shell)___INFO___Amount nodes for comp_name:'PFANDBRIEFBANK' is amount_nodes:13 for url:'https://www.pfandbriefbank.com/karriere/stellenangebote/professionals.html'.
2020-12-26T15-54-33___3392___(shell)___INFO___For comp_name:'PFANDBRIEFBANK' with url:'https://www.pfandbriefbank.com/karriere/stellenangebote/professionals.html' the following log is written: no new content to insert in data base. Updating time info if necessary Proceeeding,...
2020-12-26T15-54-33___3392___(shell)___WARN___For comp_name:'PFANDBRIEFBANK' with url:'https://www.pfandbriefbank.com/karriere/stellenangebote/professionals.html' the following log is written: 0 new job titles for the time database for the given day: 2020-12-26.
2020-12-26T15-54-33___3392___(shell)___INFO___For comp_name:'PFANDBRIEFBANK' with url:'https://www.pfandbriefbank.com/karriere/stellenangebote/professionals.html' the following log is written: 13 new jobs were updated in multi_time data base. 0 of it are duplicates.
2020-12-26T15-54-33___3392___(shell)___INFO___Server response status code for comp_name:'BUSCH' is code:200 for url:'https://www.buschvacuum.com/de/de/company/careers/jobs'.
2020-12-26T15-54-38___3392___(shell)___INFO___Amount nodes for comp_name:'BUSCH' is amount_nodes:33 for url:'https://www.buschvacuum.com/de/de/company/careers/jobs'.
2020-12-26T15-54-39___3392___(shell)___INFO___For comp_name:'BUSCH' with url:'https://www.buschvacuum.com/de/de/company/careers/jobs' the following log is written: no new content to insert in data base. Updating time info if necessary Proceeeding,...
2020-12-26T15-54-39___3392___(shell)___WARN___For comp_name:'BUSCH' with url:'https://www.buschvacuum.com/de/de/company/careers/jobs' the following log is written: 0 new job titles for the time database for the given day: 2020-12-26.
2020-12-26T15-54-39___3392___(shell)___INFO___For comp_name:'BUSCH' with url:'https://www.buschvacuum.com/de/de/company/careers/jobs' the following log is written: 30 new jobs were updated in multi_time data base. 3 of it are duplicates.
2020-12-26T15-54-39___3392___(shell)___INFO___Server response status code for comp_name:'CHEMMEDIA' is code:200 for url:'https://www.chemmedia.de/jobs/'.
2020-12-26T15-54-39___3392___(shell)___INFO___For comp_name:'CHEMMEDIA' with url:'https://www.chemmedia.de/jobs/' the following log is written: No encoding found, defaulting to UTF-8
2020-12-26T15-54-39___3392___(shell)___INFO___[INFO] Invalid encoding NA: defaulting to UTF-8.Compact call stack:  1 SteveAI::run()  2 scheduled_Scraping_rvest.R#506: tryCatchLog(expr = rvestScraping(re  3 scheduled_Scraping_rvest.R#506: rvestScraping(response = response,   4 scheduled_Scraping_rvest.R#359: response %>% httr::content(type = "
2020-12-26T15-54-39___3392___(shell)___INFO___Amount nodes for comp_name:'CHEMMEDIA' is amount_nodes:9 for url:'https://www.chemmedia.de/jobs/'.
2020-12-26T15-54-39___3392___(shell)___INFO___For comp_name:'CHEMMEDIA' with url:'https://www.chemmedia.de/jobs/' the following log is written: no new content to insert in data base. Updating time info if necessary Proceeeding,...
2020-12-26T15-54-39___3392___(shell)___WARN___For comp_name:'CHEMMEDIA' with url:'https://www.chemmedia.de/jobs/' the following log is written: 0 new job titles for the time database for the given day: 2020-12-26.
2020-12-26T15-54-39___3392___(shell)___INFO___For comp_name:'CHEMMEDIA' with url:'https://www.chemmedia.de/jobs/' the following log is written: 9 new jobs were updated in multi_time data base. 0 of it are duplicates.
2020-12-26T15-54-39___3392___(shell)___INFO___Server response status code for comp_name:'CROWDSTRIKE' is code:200 for url:'https://www.crowdstrike.com/careers/'.
2020-12-26T15-54-39___3392___(shell)___ERROR___Amount nodes for comp_name:'CROWDSTRIKE' is amount_nodes:0 for url:'https://www.crowdstrike.com/careers/'.
2020-12-26T15-54-39___3392___(shell)___INFO___Server response status code for comp_name:'CONRAD-CONNECT' is code:200 for url:'https://conradconnect.de/de/jobs'.
2020-12-26T15-54-39___3392___(shell)___ERROR___Amount nodes for comp_name:'CONRAD-CONNECT' is amount_nodes:0 for url:'https://conradconnect.de/de/jobs'.
2020-12-26T15-54-39___3392___(shell)___INFO___Server response status code for comp_name:'DATAIKU' is code:200 for url:'https://www.dataiku.com/company/careers/'.
2020-12-26T15-54-39___3392___(shell)___ERROR___Amount nodes for comp_name:'DATAIKU' is amount_nodes:0 for url:'https://www.dataiku.com/company/careers/'.
2020-12-26T15-54-39___3392___(shell)___INFO___Server response status code for comp_name:'DEEP-MIND' is code:200 for url:'https://deepmind.com/careers/'.
2020-12-26T15-54-39___3392___(shell)___ERROR___Amount nodes for comp_name:'DEEP-MIND' is amount_nodes:0 for url:'https://deepmind.com/careers/'.
2020-12-26T15-54-39___3392___(shell)___ERROR___[ERROR] The provided response is not of type xml document, but of type character. The download might have failed, check the downloaded doument for validity.Compact call stack:  1 SteveAI::run()  2 scheduled_Scraping_rvest.R#506: tryCatchLog(expr = rvestScraping(re  3 scheduled_Scraping_rvest.R#506: rvestScraping(response = response,   4 scheduled_Scraping_rvest.R#330: stop("The provided response is not 
2020-12-26T15-54-39___3392___(shell)___ERROR___For comp_name:'DEFINIENS' with url:'https://jobs.definiens.com/search/?createNewAlert=false&q=&locationsearch=&optionsFacetsDD_country=&optionsFacetsDD_department=&optionsFacetsDD_customfield1=' the following error was recorded: Scrape for comp_name:'DEFINIENS' failed for url:'https://jobs.definiens.com/search/?createNewAlert=false&q=&locationsearch=&optionsFacetsDD_country=&optionsFacetsDD_department=&optionsFacetsDD_customfield1='. The error reads: Error in rvestScraping(response = response, scraper = scraper, name = name): The provided response is not of type xml document, but of type character. The download might have failed, check the downloaded doument for validity..
2020-12-26T15-54-39___3392___(shell)___ERROR___Server response status code for comp_name:'DHL-CONSULTING' is code:404 for url:'https://dhl-consulting.com/careers/join-us/job-offers/#'.
2020-12-26T15-54-39___3392___(shell)___ERROR___Amount nodes for comp_name:'DHL-CONSULTING' is amount_nodes:0 for url:'https://dhl-consulting.com/careers/join-us/job-offers/#'.
2020-12-26T15-54-39___3392___(shell)___INFO___Server response status code for comp_name:'365FARMNET' is code:200 for url:'https://www.365farmnet.com/unternehmen/karriere/'.
2020-12-26T15-54-45___3392___(shell)___ERROR___Amount nodes for comp_name:'365FARMNET' is amount_nodes:0 for url:'https://www.365farmnet.com/unternehmen/karriere/'.
2020-12-26T15-54-45___3392___(shell)___ERROR___Server response status code for comp_name:'COCUS' is code:404 for url:'https://www.cocus.de/de/ueber-cocus/karriere/aktuelle-stellenausschreibungen/'.
2020-12-26T15-54-46___3392___(shell)___ERROR___Amount nodes for comp_name:'COCUS' is amount_nodes:0 for url:'https://www.cocus.de/de/ueber-cocus/karriere/aktuelle-stellenausschreibungen/'.
2020-12-26T15-54-46___3392___(shell)___INFO___Server response status code for comp_name:'EUFINGER' is code:200 for url:'https://www.eufinger.de/karriere/stellenangebote'.
2020-12-26T15-54-46___3392___(shell)___INFO___Amount nodes for comp_name:'EUFINGER' is amount_nodes:2 for url:'https://www.eufinger.de/karriere/stellenangebote'.
2020-12-26T15-54-46___3392___(shell)___INFO___For comp_name:'EUFINGER' with url:'https://www.eufinger.de/karriere/stellenangebote' the following log is written: no new content to insert in data base. Updating time info if necessary Proceeeding,...
2020-12-26T15-54-46___3392___(shell)___WARN___For comp_name:'EUFINGER' with url:'https://www.eufinger.de/karriere/stellenangebote' the following log is written: 0 new job titles for the time database for the given day: 2020-12-26.
2020-12-26T15-54-46___3392___(shell)___INFO___For comp_name:'EUFINGER' with url:'https://www.eufinger.de/karriere/stellenangebote' the following log is written: 2 new jobs were updated in multi_time data base. 0 of it are duplicates.
2020-12-26T15-54-46___3392___(shell)___INFO___Server response status code for comp_name:'AAI' is code:200 for url:'https://jobs.lever.co/automotive-ai'.
2020-12-26T15-54-46___3392___(shell)___INFO___Amount nodes for comp_name:'AAI' is amount_nodes:2 for url:'https://jobs.lever.co/automotive-ai'.
2020-12-26T15-54-46___3392___(shell)___INFO___For comp_name:'AAI' with url:'https://jobs.lever.co/automotive-ai' the following log is written: no new content to insert in data base. Updating time info if necessary Proceeeding,...
2020-12-26T15-54-46___3392___(shell)___WARN___For comp_name:'AAI' with url:'https://jobs.lever.co/automotive-ai' the following log is written: 0 new job titles for the time database for the given day: 2020-12-26.
2020-12-26T15-54-46___3392___(shell)___INFO___For comp_name:'AAI' with url:'https://jobs.lever.co/automotive-ai' the following log is written: 2 new jobs were updated in multi_time data base. 0 of it are duplicates.
2020-12-26T15-54-46___3392___(shell)___INFO___Server response status code for comp_name:'STABILO' is code:200 for url:'https://www.stabilo.com/de/ueber-stabilo/karriere/offene-stellen/'.
2020-12-26T15-54-46___3392___(shell)___INFO___Amount nodes for comp_name:'STABILO' is amount_nodes:33 for url:'https://www.stabilo.com/de/ueber-stabilo/karriere/offene-stellen/'.
2020-12-26T15-54-46___3392___(shell)___INFO___For comp_name:'STABILO' with url:'https://www.stabilo.com/de/ueber-stabilo/karriere/offene-stellen/' the following log is written: no new content to insert in data base. Updating time info if necessary Proceeeding,...
2020-12-26T15-54-46___3392___(shell)___WARN___For comp_name:'STABILO' with url:'https://www.stabilo.com/de/ueber-stabilo/karriere/offene-stellen/' the following log is written: 0 new job titles for the time database for the given day: 2020-12-26.
2020-12-26T15-54-46___3392___(shell)___INFO___For comp_name:'STABILO' with url:'https://www.stabilo.com/de/ueber-stabilo/karriere/offene-stellen/' the following log is written: 25 new jobs were updated in multi_time data base. 8 of it are duplicates.
2020-12-26T15-54-46___3392___(shell)___INFO___Server response status code for comp_name:'NETTO' is code:200 for url:'https://www.netto-online.de/karriere/Stellenangebote.chtm'.
2020-12-26T15-54-46___3392___(shell)___ERROR___Amount nodes for comp_name:'NETTO' is amount_nodes:0 for url:'https://www.netto-online.de/karriere/Stellenangebote.chtm'.
2020-12-26T15-54-46___3392___(shell)___INFO___Server response status code for comp_name:'TENGELMANN' is code:200 for url:'https://www.currenta.de/karriere/jobboerse.html'.
2020-12-26T15-54-46___3392___(shell)___INFO___Amount nodes for comp_name:'TENGELMANN' is amount_nodes:38 for url:'https://www.currenta.de/karriere/jobboerse.html'.
2020-12-26T15-54-46___3392___(shell)___INFO___For comp_name:'TENGELMANN' with url:'https://www.currenta.de/karriere/jobboerse.html' the following log is written: no new content to insert in data base. Updating time info if necessary Proceeeding,...
2020-12-26T15-54-46___3392___(shell)___WARN___For comp_name:'TENGELMANN' with url:'https://www.currenta.de/karriere/jobboerse.html' the following log is written: 0 new job titles for the time database for the given day: 2020-12-26.
2020-12-26T15-54-47___3392___(shell)___INFO___For comp_name:'TENGELMANN' with url:'https://www.currenta.de/karriere/jobboerse.html' the following log is written: 38 new jobs were updated in multi_time data base. 0 of it are duplicates.
2020-12-26T15-54-47___3392___(shell)___INFO___Server response status code for comp_name:'BLOCKHOUSE' is code:200 for url:'https://karriere.block-gruppe.de/stellenangebote.html?L=6.'.
2020-12-26T15-54-47___3392___(shell)___INFO___Amount nodes for comp_name:'BLOCKHOUSE' is amount_nodes:22 for url:'https://karriere.block-gruppe.de/stellenangebote.html?L=6.'.
2020-12-26T15-54-47___3392___(shell)___INFO___For comp_name:'BLOCKHOUSE' with url:'https://karriere.block-gruppe.de/stellenangebote.html?L=6.' the following log is written: no new content to insert in data base. Updating time info if necessary Proceeeding,...
2020-12-26T15-54-47___3392___(shell)___WARN___For comp_name:'BLOCKHOUSE' with url:'https://karriere.block-gruppe.de/stellenangebote.html?L=6.' the following log is written: 0 new job titles for the time database for the given day: 2020-12-26.
2020-12-26T15-54-47___3392___(shell)___INFO___For comp_name:'BLOCKHOUSE' with url:'https://karriere.block-gruppe.de/stellenangebote.html?L=6.' the following log is written: 11 new jobs were updated in multi_time data base. 11 of it are duplicates.
2020-12-26T15-54-47___3392___(shell)___INFO___Server response status code for comp_name:'SOLOACTIVE' is code:200 for url:'https://www.solactive.com/career/'.
2020-12-26T15-54-47___3392___(shell)___INFO___Amount nodes for comp_name:'SOLOACTIVE' is amount_nodes:23 for url:'https://www.solactive.com/career/'.
2020-12-26T15-54-47___3392___(shell)___INFO___For comp_name:'SOLOACTIVE' with url:'https://www.solactive.com/career/' the following log is written: no new content to insert in data base. Updating time info if necessary Proceeeding,...
2020-12-26T15-54-47___3392___(shell)___WARN___For comp_name:'SOLOACTIVE' with url:'https://www.solactive.com/career/' the following log is written: 0 new job titles for the time database for the given day: 2020-12-26.
2020-12-26T15-54-47___3392___(shell)___INFO___For comp_name:'SOLOACTIVE' with url:'https://www.solactive.com/career/' the following log is written: 23 new jobs were updated in multi_time data base. 0 of it are duplicates.
2020-12-26T15-54-47___3392___(shell)___INFO___Server response status code for comp_name:'UNIVERSAL-INVEST-FRANKFURT' is code:200 for url:'https://www.universal-investment.com/de/themen/karriere/jobs-in-frankfurt'.
2020-12-26T15-54-47___3392___(shell)___ERROR___Amount nodes for comp_name:'UNIVERSAL-INVEST-FRANKFURT' is amount_nodes:0 for url:'https://www.universal-investment.com/de/themen/karriere/jobs-in-frankfurt'.
2020-12-26T15-54-47___3392___(shell)___INFO___Server response status code for comp_name:'UNIVERSAL-INVEST-LUXEMBURG' is code:200 for url:'https://www.universal-investment.com/de/themen/karriere/jobs-in-luxemburg'.
2020-12-26T15-54-47___3392___(shell)___ERROR___Amount nodes for comp_name:'UNIVERSAL-INVEST-LUXEMBURG' is amount_nodes:0 for url:'https://www.universal-investment.com/de/themen/karriere/jobs-in-luxemburg'.
2020-12-26T15-54-47___3392___(shell)___INFO___Server response status code for comp_name:'CPS' is code:200 for url:'https://c-p-s.de/karriere/stellenangebote/'.
2020-12-26T15-54-48___3392___(shell)___ERROR___Amount nodes for comp_name:'CPS' is amount_nodes:0 for url:'https://c-p-s.de/karriere/stellenangebote/'.
2020-12-26T15-54-48___3392___(shell)___INFO___Server response status code for comp_name:'SCHWAEBISCH-MEDIA' is code:200 for url:'https://www.schwaebisch-media.de/karriere/offene-stellen'.
2020-12-26T15-54-48___3392___(shell)___INFO___Amount nodes for comp_name:'SCHWAEBISCH-MEDIA' is amount_nodes:18 for url:'https://www.schwaebisch-media.de/karriere/offene-stellen'.
2020-12-26T15-54-48___3392___(shell)___INFO___For comp_name:'SCHWAEBISCH-MEDIA' with url:'https://www.schwaebisch-media.de/karriere/offene-stellen' the following log is written: no new content to insert in data base. Updating time info if necessary Proceeeding,...
2020-12-26T15-54-48___3392___(shell)___WARN___For comp_name:'SCHWAEBISCH-MEDIA' with url:'https://www.schwaebisch-media.de/karriere/offene-stellen' the following log is written: 0 new job titles for the time database for the given day: 2020-12-26.
2020-12-26T15-54-48___3392___(shell)___INFO___For comp_name:'SCHWAEBISCH-MEDIA' with url:'https://www.schwaebisch-media.de/karriere/offene-stellen' the following log is written: 18 new jobs were updated in multi_time data base. 0 of it are duplicates.
2020-12-26T15-54-48___3392___(shell)___INFO___Server response status code for comp_name:'SUPERMERCATO24' is code:200 for url:'https://supermercato24.recruitee.com/'.
2020-12-26T15-54-48___3392___(shell)___ERROR___Amount nodes for comp_name:'SUPERMERCATO24' is amount_nodes:0 for url:'https://supermercato24.recruitee.com/'.
2020-12-26T15-54-48___3392___(shell)___INFO___Server response status code for comp_name:'CLARK' is code:200 for url:'https://boards.greenhouse.io/embed/job_board?for=clark71&b=https%3A%2F%2Fwww.clark.de%2Fde%2Fjobs'.
2020-12-26T15-54-48___3392___(shell)___INFO___Amount nodes for comp_name:'CLARK' is amount_nodes:25 for url:'https://boards.greenhouse.io/embed/job_board?for=clark71&b=https%3A%2F%2Fwww.clark.de%2Fde%2Fjobs'.
2020-12-26T15-54-48___3392___(shell)___INFO___For comp_name:'CLARK' with url:'https://boards.greenhouse.io/embed/job_board?for=clark71&b=https%3A%2F%2Fwww.clark.de%2Fde%2Fjobs' the following log is written: no new content to insert in data base. Updating time info if necessary Proceeeding,...
2020-12-26T15-54-48___3392___(shell)___WARN___For comp_name:'CLARK' with url:'https://boards.greenhouse.io/embed/job_board?for=clark71&b=https%3A%2F%2Fwww.clark.de%2Fde%2Fjobs' the following log is written: 0 new job titles for the time database for the given day: 2020-12-26.
2020-12-26T15-54-48___3392___(shell)___INFO___For comp_name:'CLARK' with url:'https://boards.greenhouse.io/embed/job_board?for=clark71&b=https%3A%2F%2Fwww.clark.de%2Fde%2Fjobs' the following log is written: 25 new jobs were updated in multi_time data base. 0 of it are duplicates.
2020-12-26T15-54-48___3392___(shell)___INFO___Server response status code for comp_name:'ING-DIBA' is code:200 for url:'https://www.ing.jobs/Deutschland/Stellenangebote.htm?numberOfExtraItems=2000#anchor2000'.
2020-12-26T15-54-48___3392___(shell)___ERROR___Amount nodes for comp_name:'ING-DIBA' is amount_nodes:0 for url:'https://www.ing.jobs/Deutschland/Stellenangebote.htm?numberOfExtraItems=2000#anchor2000'.
2020-12-26T15-54-48___3392___(shell)___INFO___Server response status code for comp_name:'AMERICAN-TOWER' is code:200 for url:'http://www.americantower.com.de/de/karriere/offene-stellen/index.htm'.
2020-12-26T15-54-48___3392___(shell)___INFO___For comp_name:'AMERICAN-TOWER' with url:'http://www.americantower.com.de/de/karriere/offene-stellen/index.htm' the following log is written: No encoding found, defaulting to UTF-8
2020-12-26T15-54-48___3392___(shell)___INFO___[INFO] Invalid encoding NA: defaulting to UTF-8.Compact call stack:  1 SteveAI::run()  2 scheduled_Scraping_rvest.R#506: tryCatchLog(expr = rvestScraping(re  3 scheduled_Scraping_rvest.R#506: rvestScraping(response = response,   4 scheduled_Scraping_rvest.R#359: response %>% httr::content(type = "
2020-12-26T15-54-48___3392___(shell)___ERROR___Amount nodes for comp_name:'AMERICAN-TOWER' is amount_nodes:0 for url:'http://www.americantower.com.de/de/karriere/offene-stellen/index.htm'.
2020-12-26T15-54-48___3392___(shell)___INFO___Server response status code for comp_name:'UPS-DTLD' is code:200 for url:'https://www.ups-job.de/Stellenboerse_AlleJobs.asp'.
2020-12-26T15-54-48___3392___(shell)___INFO___For comp_name:'UPS-DTLD' with url:'https://www.ups-job.de/Stellenboerse_AlleJobs.asp' the following log is written: No encoding found, defaulting to UTF-8
2020-12-26T15-54-48___3392___(shell)___INFO___[INFO] Invalid encoding NA: defaulting to UTF-8.Compact call stack:  1 SteveAI::run()  2 scheduled_Scraping_rvest.R#506: tryCatchLog(expr = rvestScraping(re  3 scheduled_Scraping_rvest.R#506: rvestScraping(response = response,   4 scheduled_Scraping_rvest.R#359: response %>% httr::content(type = "
2020-12-26T15-54-48___3392___(shell)___ERROR___[ERROR] 'NA' does not exist in current working directory ('C:/Users/User11/Documents').Compact call stack:  1 SteveAI::run()  2 scheduled_Scraping_rvest.R#506: tryCatchLog(expr = rvestScraping(re  3 scheduled_Scraping_rvest.R#506: rvestScraping(response = response,   4 scheduled_Scraping_rvest.R#362: content %>% xml2::read_html() %>% r
2020-12-26T15-54-48___3392___(shell)___ERROR___For comp_name:'UPS-DTLD' with url:'https://www.ups-job.de/Stellenboerse_AlleJobs.asp' the following error was recorded: Scrape for comp_name:'UPS-DTLD' failed for url:'https://www.ups-job.de/Stellenboerse_AlleJobs.asp'. The error reads: Error: 'NA' does not exist in current working directory ('C:/Users/User11/Documents')..
2020-12-26T15-54-48___3392___(shell)___INFO___Server response status code for comp_name:'OPEN-TABLE' is code:200 for url:'https://www.opentable.com/careers/alljobs/'.
2020-12-26T15-54-48___3392___(shell)___INFO___For comp_name:'OPEN-TABLE' with url:'https://www.opentable.com/careers/alljobs/' the following log is written: No encoding found, defaulting to UTF-8
2020-12-26T15-54-48___3392___(shell)___INFO___[INFO] Invalid encoding NA: defaulting to UTF-8.Compact call stack:  1 SteveAI::run()  2 scheduled_Scraping_rvest.R#506: tryCatchLog(expr = rvestScraping(re  3 scheduled_Scraping_rvest.R#506: rvestScraping(response = response,   4 scheduled_Scraping_rvest.R#359: response %>% httr::content(type = "
2020-12-26T15-54-48___3392___(shell)___ERROR___Amount nodes for comp_name:'OPEN-TABLE' is amount_nodes:0 for url:'https://www.opentable.com/careers/alljobs/'.
2020-12-26T15-54-48___3392___(shell)___ERROR___[ERROR] The provided response is not of type xml document, but of type character. The download might have failed, check the downloaded doument for validity.Compact call stack:  1 SteveAI::run()  2 scheduled_Scraping_rvest.R#506: tryCatchLog(expr = rvestScraping(re  3 scheduled_Scraping_rvest.R#506: rvestScraping(response = response,   4 scheduled_Scraping_rvest.R#330: stop("The provided response is not 
2020-12-26T15-54-48___3392___(shell)___ERROR___Missing url for comp_name:'TEXAS-INSTRUMENTS' Provided url is NULL - please provide a valid url.
2020-12-26T15-54-48___3392___(shell)___INFO___Server response status code for comp_name:'MASTERCARD' is code:200 for url:'https://mastercard.jobs/jobs/ajax/joblisting/?num_items=1200&offset=0'.
2020-12-26T15-54-48___3392___(shell)___INFO___Amount nodes for comp_name:'MASTERCARD' is amount_nodes:533 for url:'https://mastercard.jobs/jobs/ajax/joblisting/?num_items=1200&offset=0'.
2020-12-26T15-54-49___3392___(shell)___INFO___For comp_name:'MASTERCARD' with url:'https://mastercard.jobs/jobs/ajax/joblisting/?num_items=1200&offset=0' the following log is written: no new content to insert in data base. Updating time info if necessary Proceeeding,...
2020-12-26T15-54-49___3392___(shell)___WARN___For comp_name:'MASTERCARD' with url:'https://mastercard.jobs/jobs/ajax/joblisting/?num_items=1200&offset=0' the following log is written: 0 new job titles for the time database for the given day: 2020-12-26.
2020-12-26T15-54-49___3392___(shell)___INFO___For comp_name:'MASTERCARD' with url:'https://mastercard.jobs/jobs/ajax/joblisting/?num_items=1200&offset=0' the following log is written: 352 new jobs were updated in multi_time data base. 181 of it are duplicates.
2020-12-26T15-54-49___3392___(shell)___INFO___Server response status code for comp_name:'SWISSCOM' is code:200 for url:'https://swisscom-professionals.prospective.ch/?lang=de'.
2020-12-26T15-54-49___3392___(shell)___INFO___Amount nodes for comp_name:'SWISSCOM' is amount_nodes:136 for url:'https://swisscom-professionals.prospective.ch/?lang=de'.
2020-12-26T15-54-49___3392___(shell)___INFO___For comp_name:'SWISSCOM' with url:'https://swisscom-professionals.prospective.ch/?lang=de' the following log is written: no new content to insert in data base. Updating time info if necessary Proceeeding,...
2020-12-26T15-54-49___3392___(shell)___WARN___For comp_name:'SWISSCOM' with url:'https://swisscom-professionals.prospective.ch/?lang=de' the following log is written: 0 new job titles for the time database for the given day: 2020-12-26.
2020-12-26T15-54-49___3392___(shell)___INFO___For comp_name:'SWISSCOM' with url:'https://swisscom-professionals.prospective.ch/?lang=de' the following log is written: 112 new jobs were updated in multi_time data base. 24 of it are duplicates.
2020-12-26T15-54-49___3392___(shell)___INFO___Server response status code for comp_name:'KLETT' is code:200 for url:'https://www.klett-gruppe.de/karriere/stellenangebote/'.
2020-12-26T15-54-49___3392___(shell)___INFO___Amount nodes for comp_name:'KLETT' is amount_nodes:28 for url:'https://www.klett-gruppe.de/karriere/stellenangebote/'.
2020-12-26T15-54-49___3392___(shell)___INFO___For comp_name:'KLETT' with url:'https://www.klett-gruppe.de/karriere/stellenangebote/' the following log is written: no new content to insert in data base. Updating time info if necessary Proceeeding,...
2020-12-26T15-54-49___3392___(shell)___WARN___For comp_name:'KLETT' with url:'https://www.klett-gruppe.de/karriere/stellenangebote/' the following log is written: 0 new job titles for the time database for the given day: 2020-12-26.
2020-12-26T15-54-49___3392___(shell)___INFO___For comp_name:'KLETT' with url:'https://www.klett-gruppe.de/karriere/stellenangebote/' the following log is written: 27 new jobs were updated in multi_time data base. 1 of it are duplicates.
2020-12-26T15-54-49___3392___(shell)___INFO___Server response status code for comp_name:'PHILLIPS66' is code:200 for url:'https://phillips66.jobs/jobs/ajax/joblisting/?num_items=100&offset=0'.
2020-12-26T15-54-49___3392___(shell)___INFO___Amount nodes for comp_name:'PHILLIPS66' is amount_nodes:18 for url:'https://phillips66.jobs/jobs/ajax/joblisting/?num_items=100&offset=0'.
2020-12-26T15-54-49___3392___(shell)___INFO___For comp_name:'PHILLIPS66' with url:'https://phillips66.jobs/jobs/ajax/joblisting/?num_items=100&offset=0' the following log is written: no new content to insert in data base. Updating time info if necessary Proceeeding,...
2020-12-26T15-54-49___3392___(shell)___WARN___For comp_name:'PHILLIPS66' with url:'https://phillips66.jobs/jobs/ajax/joblisting/?num_items=100&offset=0' the following log is written: 0 new job titles for the time database for the given day: 2020-12-26.
2020-12-26T15-54-49___3392___(shell)___INFO___For comp_name:'PHILLIPS66' with url:'https://phillips66.jobs/jobs/ajax/joblisting/?num_items=100&offset=0' the following log is written: 18 new jobs were updated in multi_time data base. 0 of it are duplicates.
2020-12-26T15-54-49___3392___(shell)___INFO___Server response status code for comp_name:'AGAP2' is code:200 for url:'http://www.agap2.de/de/industries/karriere/stellenangebote/'.
2020-12-26T15-54-49___3392___(shell)___INFO___Amount nodes for comp_name:'AGAP2' is amount_nodes:9 for url:'http://www.agap2.de/de/industries/karriere/stellenangebote/'.
2020-12-26T15-54-49___3392___(shell)___INFO___For comp_name:'AGAP2' with url:'http://www.agap2.de/de/industries/karriere/stellenangebote/' the following log is written: no new content to insert in data base. Updating time info if necessary Proceeeding,...
2020-12-26T15-54-49___3392___(shell)___WARN___For comp_name:'AGAP2' with url:'http://www.agap2.de/de/industries/karriere/stellenangebote/' the following log is written: 0 new job titles for the time database for the given day: 2020-12-26.
2020-12-26T15-54-49___3392___(shell)___INFO___For comp_name:'AGAP2' with url:'http://www.agap2.de/de/industries/karriere/stellenangebote/' the following log is written: 9 new jobs were updated in multi_time data base. 0 of it are duplicates.
2020-12-26T15-54-49___3392___(shell)___INFO___Server response status code for comp_name:'WALLGREENS' is code:200 for url:'https://globalbrandscareers.wba.com/vacancies/'.
2020-12-26T15-54-49___3392___(shell)___ERROR___Amount nodes for comp_name:'WALLGREENS' is amount_nodes:0 for url:'https://globalbrandscareers.wba.com/vacancies/'.
2020-12-26T15-54-49___3392___(shell)___INFO___Server response status code for comp_name:'TENNET' is code:200 for url:'https://www.marquard-bahls.com/de/karriere/stellenangebote.html'.
2020-12-26T15-54-49___3392___(shell)___INFO___For comp_name:'TENNET' with url:'https://www.marquard-bahls.com/de/karriere/stellenangebote.html' the following log is written: No encoding found, defaulting to UTF-8
2020-12-26T15-54-49___3392___(shell)___INFO___[INFO] Invalid encoding NA: defaulting to UTF-8.Compact call stack:  1 SteveAI::run()  2 scheduled_Scraping_rvest.R#506: tryCatchLog(expr = rvestScraping(re  3 scheduled_Scraping_rvest.R#506: rvestScraping(response = response,   4 scheduled_Scraping_rvest.R#359: response %>% httr::content(type = "
2020-12-26T15-54-49___3392___(shell)___ERROR___Amount nodes for comp_name:'TENNET' is amount_nodes:0 for url:'https://www.marquard-bahls.com/de/karriere/stellenangebote.html'.
2020-12-26T15-54-50___3392___(shell)___ERROR___[ERROR] The provided response is not of type xml document, but of type character. The download might have failed, check the downloaded doument for validity.Compact call stack:  1 SteveAI::run()  2 scheduled_Scraping_rvest.R#506: tryCatchLog(expr = rvestScraping(re  3 scheduled_Scraping_rvest.R#506: rvestScraping(response = response,   4 scheduled_Scraping_rvest.R#330: stop("The provided response is not 
2020-12-26T15-54-50___3392___(shell)___ERROR___For comp_name:'BRENNTAG' with url:'https://bewerbung.brenntag-jobs.de/de/?filter[land][1]=1' the following error was recorded: Scrape for comp_name:'BRENNTAG' failed for url:'https://bewerbung.brenntag-jobs.de/de/?filter[land][1]=1'. The error reads: Error in rvestScraping(response = response, scraper = scraper, name = name): The provided response is not of type xml document, but of type character. The download might have failed, check the downloaded doument for validity..
2020-12-26T15-54-50___3392___(shell)___INFO___Server response status code for comp_name:'SALZGITTER' is code:200 for url:'https://www.salzgitter-ag.com/de/jobs-karriere/stellenangebote.html'.
2020-12-26T15-54-50___3392___(shell)___ERROR___Amount nodes for comp_name:'SALZGITTER' is amount_nodes:0 for url:'https://www.salzgitter-ag.com/de/jobs-karriere/stellenangebote.html'.
2020-12-26T15-54-50___3392___(shell)___INFO___Server response status code for comp_name:'FIDA' is code:200 for url:'https://www.fida.de/karriere/stellenangebote/'.
2020-12-26T15-54-50___3392___(shell)___INFO___Amount nodes for comp_name:'FIDA' is amount_nodes:16 for url:'https://www.fida.de/karriere/stellenangebote/'.
2020-12-26T15-54-50___3392___(shell)___INFO___For comp_name:'FIDA' with url:'https://www.fida.de/karriere/stellenangebote/' the following log is written: no new content to insert in data base. Updating time info if necessary Proceeeding,...
2020-12-26T15-54-50___3392___(shell)___WARN___For comp_name:'FIDA' with url:'https://www.fida.de/karriere/stellenangebote/' the following log is written: 0 new job titles for the time database for the given day: 2020-12-26.
2020-12-26T15-54-50___3392___(shell)___INFO___For comp_name:'FIDA' with url:'https://www.fida.de/karriere/stellenangebote/' the following log is written: 16 new jobs were updated in multi_time data base. 0 of it are duplicates.
2020-12-26T15-54-50___3392___(shell)___INFO___Server response status code for comp_name:'EWE' is code:200 for url:'https://www.ewe.com/de/karriere/aktuelle-stellenangebote'.
2020-12-26T15-54-50___3392___(shell)___INFO___Amount nodes for comp_name:'EWE' is amount_nodes:174 for url:'https://www.ewe.com/de/karriere/aktuelle-stellenangebote'.
2020-12-26T15-54-50___3392___(shell)___INFO___For comp_name:'EWE' with url:'https://www.ewe.com/de/karriere/aktuelle-stellenangebote' the following log is written: no new content to insert in data base. Updating time info if necessary Proceeeding,...
2020-12-26T15-54-50___3392___(shell)___WARN___For comp_name:'EWE' with url:'https://www.ewe.com/de/karriere/aktuelle-stellenangebote' the following log is written: 0 new job titles for the time database for the given day: 2020-12-26.
2020-12-26T15-54-50___3392___(shell)___INFO___For comp_name:'EWE' with url:'https://www.ewe.com/de/karriere/aktuelle-stellenangebote' the following log is written: 168 new jobs were updated in multi_time data base. 6 of it are duplicates.
2020-12-26T15-54-50___3392___(shell)___INFO___Server response status code for comp_name:'50HERTZ' is code:200 for url:'https://50hertz-portal.rexx-recruitment.com/?filter%5btaetigkeit_id%5d%5b2%5d=2&filter%5btaetigkeit_id%5d%5b3%5d=3&filter%5btaetigkeit_id%5d%5b5%5d=5'.
2020-12-26T15-54-50___3392___(shell)___INFO___Amount nodes for comp_name:'50HERTZ' is amount_nodes:42 for url:'https://50hertz-portal.rexx-recruitment.com/?filter%5btaetigkeit_id%5d%5b2%5d=2&filter%5btaetigkeit_id%5d%5b3%5d=3&filter%5btaetigkeit_id%5d%5b5%5d=5'.
2020-12-26T15-54-50___3392___(shell)___INFO___For comp_name:'50HERTZ' with url:'https://50hertz-portal.rexx-recruitment.com/?filter%5btaetigkeit_id%5d%5b2%5d=2&filter%5btaetigkeit_id%5d%5b3%5d=3&filter%5btaetigkeit_id%5d%5b5%5d=5' the following log is written: no new content to insert in data base. Updating time info if necessary Proceeeding,...
2020-12-26T15-54-50___3392___(shell)___WARN___For comp_name:'50HERTZ' with url:'https://50hertz-portal.rexx-recruitment.com/?filter%5btaetigkeit_id%5d%5b2%5d=2&filter%5btaetigkeit_id%5d%5b3%5d=3&filter%5btaetigkeit_id%5d%5b5%5d=5' the following log is written: 0 new job titles for the time database for the given day: 2020-12-26.
2020-12-26T15-54-50___3392___(shell)___INFO___For comp_name:'50HERTZ' with url:'https://50hertz-portal.rexx-recruitment.com/?filter%5btaetigkeit_id%5d%5b2%5d=2&filter%5btaetigkeit_id%5d%5b3%5d=3&filter%5btaetigkeit_id%5d%5b5%5d=5' the following log is written: 41 new jobs were updated in multi_time data base. 1 of it are duplicates.
2020-12-26T15-54-50___3392___(shell)___ERROR___Server response status code for comp_name:'UNIPER' is code:404 for url:'https://live.solique.ch/uniper/de/'.
2020-12-26T15-54-50___3392___(shell)___INFO___For comp_name:'UNIPER' with url:'https://live.solique.ch/uniper/de/' the following log is written: No encoding found, defaulting to UTF-8
2020-12-26T15-54-50___3392___(shell)___INFO___[INFO] Invalid encoding NA: defaulting to UTF-8.Compact call stack:  1 SteveAI::run()  2 scheduled_Scraping_rvest.R#506: tryCatchLog(expr = rvestScraping(re  3 scheduled_Scraping_rvest.R#506: rvestScraping(response = response,   4 scheduled_Scraping_rvest.R#359: response %>% httr::content(type = "
2020-12-26T15-54-50___3392___(shell)___ERROR___Amount nodes for comp_name:'UNIPER' is amount_nodes:0 for url:'https://live.solique.ch/uniper/de/'.
2020-12-26T15-54-50___3392___(shell)___INFO___Server response status code for comp_name:'TALANX' is code:200 for url:'https://stellenangebote.talanx.com/de/mitarbeiter_karriere/jobs_und_bewerbungen/stellenangebote/stellentool.jsp'.
2020-12-26T15-54-50___3392___(shell)___INFO___For comp_name:'TALANX' with url:'https://stellenangebote.talanx.com/de/mitarbeiter_karriere/jobs_und_bewerbungen/stellenangebote/stellentool.jsp' the following log is written: No encoding found, defaulting to UTF-8
2020-12-26T15-54-50___3392___(shell)___INFO___[INFO] Invalid encoding NA: defaulting to UTF-8.Compact call stack:  1 SteveAI::run()  2 scheduled_Scraping_rvest.R#506: tryCatchLog(expr = rvestScraping(re  3 scheduled_Scraping_rvest.R#506: rvestScraping(response = response,   4 scheduled_Scraping_rvest.R#359: response %>% httr::content(type = "
2020-12-26T15-54-50___3392___(shell)___ERROR___Amount nodes for comp_name:'TALANX' is amount_nodes:0 for url:'https://stellenangebote.talanx.com/de/mitarbeiter_karriere/jobs_und_bewerbungen/stellenangebote/stellentool.jsp'.
2020-12-26T15-54-50___3392___(shell)___INFO___Server response status code for comp_name:'NUERNBERGER-VERSICHERUNG' is code:200 for url:'https://www.nuernberger.de/ueber-uns/karriere/stellenangebote/'.
2020-12-26T15-54-50___3392___(shell)___INFO___For comp_name:'NUERNBERGER-VERSICHERUNG' with url:'https://www.nuernberger.de/ueber-uns/karriere/stellenangebote/' the following log is written: No encoding found, defaulting to UTF-8
2020-12-26T15-54-50___3392___(shell)___INFO___[INFO] Invalid encoding NA: defaulting to UTF-8.Compact call stack:  1 SteveAI::run()  2 scheduled_Scraping_rvest.R#506: tryCatchLog(expr = rvestScraping(re  3 scheduled_Scraping_rvest.R#506: rvestScraping(response = response,   4 scheduled_Scraping_rvest.R#359: response %>% httr::content(type = "
2020-12-26T15-54-50___3392___(shell)___ERROR___Amount nodes for comp_name:'NUERNBERGER-VERSICHERUNG' is amount_nodes:0 for url:'https://www.nuernberger.de/ueber-uns/karriere/stellenangebote/'.
2020-12-26T15-54-50___3392___(shell)___INFO___Server response status code for comp_name:'HERMES-MODE' is code:200 for url:'http://www.hermesemployeur.com/en/opportunities'.
2020-12-26T15-54-50___3392___(shell)___INFO___For comp_name:'HERMES-MODE' with url:'http://www.hermesemployeur.com/en/opportunities' the following log is written: No encoding found, defaulting to UTF-8
2020-12-26T15-54-50___3392___(shell)___INFO___[INFO] Invalid encoding NA: defaulting to UTF-8.Compact call stack:  1 SteveAI::run()  2 scheduled_Scraping_rvest.R#506: tryCatchLog(expr = rvestScraping(re  3 scheduled_Scraping_rvest.R#506: rvestScraping(response = response,   4 scheduled_Scraping_rvest.R#359: response %>% httr::content(type = "
2020-12-26T15-54-51___3392___(shell)___ERROR___Amount nodes for comp_name:'HERMES-MODE' is amount_nodes:0 for url:'http://www.hermesemployeur.com/en/opportunities'.
2020-12-26T15-54-51___3392___(shell)___INFO___Server response status code for comp_name:'PEUGOT' is code:200 for url:'https://recruiting-services.dvinci.de/de/p/KARRIERE_PEUGEOT/jobs/iframe'.
2020-12-26T15-54-51___3392___(shell)___ERROR___Amount nodes for comp_name:'PEUGOT' is amount_nodes:0 for url:'https://recruiting-services.dvinci.de/de/p/KARRIERE_PEUGEOT/jobs/iframe'.
2020-12-26T15-54-51___3392___(shell)___INFO___Server response status code for comp_name:'PEUGOT-DTLD' is code:200 for url:'https://recruiting-services.dvinci.de/de/p/KARRIERE_PEUGEOT/jobs/iframe'.
2020-12-26T15-54-51___3392___(shell)___ERROR___Amount nodes for comp_name:'PEUGOT-DTLD' is amount_nodes:0 for url:'https://recruiting-services.dvinci.de/de/p/KARRIERE_PEUGEOT/jobs/iframe'.
2020-12-26T15-54-51___3392___(shell)___INFO___Server response status code for comp_name:'VIVENDI-DTLD' is code:200 for url:'https://www.connext.de/connext/karriere/stellenangebote.aspx'.
2020-12-26T15-54-51___3392___(shell)___INFO___Amount nodes for comp_name:'VIVENDI-DTLD' is amount_nodes:26 for url:'https://www.connext.de/connext/karriere/stellenangebote.aspx'.
2020-12-26T15-54-51___3392___(shell)___INFO___For comp_name:'VIVENDI-DTLD' with url:'https://www.connext.de/connext/karriere/stellenangebote.aspx' the following log is written: no new content to insert in data base. Updating time info if necessary Proceeeding,...
2020-12-26T15-54-51___3392___(shell)___WARN___For comp_name:'VIVENDI-DTLD' with url:'https://www.connext.de/connext/karriere/stellenangebote.aspx' the following log is written: 0 new job titles for the time database for the given day: 2020-12-26.
2020-12-26T15-54-51___3392___(shell)___INFO___For comp_name:'VIVENDI-DTLD' with url:'https://www.connext.de/connext/karriere/stellenangebote.aspx' the following log is written: 26 new jobs were updated in multi_time data base. 0 of it are duplicates.
2020-12-26T15-54-51___3392___(shell)___INFO___Server response status code for comp_name:'RIGHTMOVE' is code:200 for url:'https://plc.rightmove.co.uk/careers/current-vacancies.aspx'.
2020-12-26T15-54-51___3392___(shell)___INFO___Amount nodes for comp_name:'RIGHTMOVE' is amount_nodes:16 for url:'https://plc.rightmove.co.uk/careers/current-vacancies.aspx'.
2020-12-26T15-54-51___3392___(shell)___INFO___For comp_name:'RIGHTMOVE' with url:'https://plc.rightmove.co.uk/careers/current-vacancies.aspx' the following log is written: no new content to insert in data base. Updating time info if necessary Proceeeding,...
2020-12-26T15-54-51___3392___(shell)___WARN___For comp_name:'RIGHTMOVE' with url:'https://plc.rightmove.co.uk/careers/current-vacancies.aspx' the following log is written: 0 new job titles for the time database for the given day: 2020-12-26.
2020-12-26T15-54-51___3392___(shell)___INFO___For comp_name:'RIGHTMOVE' with url:'https://plc.rightmove.co.uk/careers/current-vacancies.aspx' the following log is written: 16 new jobs were updated in multi_time data base. 0 of it are duplicates.
2020-12-26T15-54-51___3392___(shell)___ERROR___[ERROR] The provided response is not of type xml document, but of type character. The download might have failed, check the downloaded doument for validity.Compact call stack:  1 SteveAI::run()  2 scheduled_Scraping_rvest.R#506: tryCatchLog(expr = rvestScraping(re  3 scheduled_Scraping_rvest.R#506: rvestScraping(response = response,   4 scheduled_Scraping_rvest.R#330: stop("The provided response is not 
2020-12-26T15-54-51___3392___(shell)___ERROR___For comp_name:'APLANT' with url:'https://www.aplant.com/careers/job-search?show=all&view=all' the following error was recorded: Scrape for comp_name:'APLANT' failed for url:'https://www.aplant.com/careers/job-search?show=all&view=all'. The error reads: Error in rvestScraping(response = response, scraper = scraper, name = name): The provided response is not of type xml document, but of type character. The download might have failed, check the downloaded doument for validity..
2020-12-26T15-54-51___3392___(shell)___INFO___Server response status code for comp_name:'INTERTEK-UK' is code:200 for url:'https://www.intertek.com/careers/uk-jobs/'.
2020-12-26T15-54-51___3392___(shell)___INFO___Amount nodes for comp_name:'INTERTEK-UK' is amount_nodes:22 for url:'https://www.intertek.com/careers/uk-jobs/'.
2020-12-26T15-54-51___3392___(shell)___INFO___For comp_name:'INTERTEK-UK' with url:'https://www.intertek.com/careers/uk-jobs/' the following log is written: no new content to insert in data base. Updating time info if necessary Proceeeding,...
2020-12-26T15-54-51___3392___(shell)___WARN___For comp_name:'INTERTEK-UK' with url:'https://www.intertek.com/careers/uk-jobs/' the following log is written: 0 new job titles for the time database for the given day: 2020-12-26.
2020-12-26T15-54-51___3392___(shell)___INFO___For comp_name:'INTERTEK-UK' with url:'https://www.intertek.com/careers/uk-jobs/' the following log is written: 20 new jobs were updated in multi_time data base. 2 of it are duplicates.
2020-12-26T15-54-51___3392___(shell)___INFO___Server response status code for comp_name:'British-land' is code:200 for url:'https://www.britishland.com/careers/opportunities/current-opportunities'.
2020-12-26T15-54-51___3392___(shell)___ERROR___Amount nodes for comp_name:'British-land' is amount_nodes:0 for url:'https://www.britishland.com/careers/opportunities/current-opportunities'.
2020-12-26T15-54-51___3392___(shell)___INFO___Server response status code for comp_name:'HELLA' is code:200 for url:'https://hella-jobs.dvinci.de/cgi-bin/appl/selfservice.pl?action=search;resultsize=10000;reload=1'.
2020-12-26T15-54-51___3392___(shell)___INFO___Amount nodes for comp_name:'HELLA' is amount_nodes:303 for url:'https://hella-jobs.dvinci.de/cgi-bin/appl/selfservice.pl?action=search;resultsize=10000;reload=1'.
2020-12-26T15-54-51___3392___(shell)___INFO___For comp_name:'HELLA' with url:'https://hella-jobs.dvinci.de/cgi-bin/appl/selfservice.pl?action=search;resultsize=10000;reload=1' the following log is written: no new content to insert in data base. Updating time info if necessary Proceeeding,...
2020-12-26T15-54-52___3392___(shell)___WARN___For comp_name:'HELLA' with url:'https://hella-jobs.dvinci.de/cgi-bin/appl/selfservice.pl?action=search;resultsize=10000;reload=1' the following log is written: 0 new job titles for the time database for the given day: 2020-12-26.
2020-12-26T15-54-52___3392___(shell)___INFO___For comp_name:'HELLA' with url:'https://hella-jobs.dvinci.de/cgi-bin/appl/selfservice.pl?action=search;resultsize=10000;reload=1' the following log is written: 291 new jobs were updated in multi_time data base. 12 of it are duplicates.
